ARM GAS  /tmp/ccVEFvzq.s 			page 1


   1              		.syntax unified
   2              		.cpu cortex-m4
   3              		.eabi_attribute 27, 1
   4              		.eabi_attribute 28, 1
   5              		.fpu fpv4-sp-d16
   6              		.eabi_attribute 20, 1
   7              		.eabi_attribute 21, 1
   8              		.eabi_attribute 23, 3
   9              		.eabi_attribute 24, 1
  10              		.eabi_attribute 25, 1
  11              		.eabi_attribute 26, 1
  12              		.eabi_attribute 30, 4
  13              		.eabi_attribute 34, 1
  14              		.eabi_attribute 18, 4
  15              		.thumb
  16              		.file	"chtm.c"
  17              		.text
  18              	.Ltext0:
  19              		.cfi_sections	.debug_frame
  20              		.section	.text.chTMObjectInit,"ax",%progbits
  21              		.align	1
  22              		.global	chTMObjectInit
  23              		.thumb
  24              		.thumb_func
  25              		.type	chTMObjectInit, %function
  26              	chTMObjectInit:
  27              	.LFB248:
  28              		.file 1 "../../modules/ChibiOS/os/rt/src/chtm.c"
  29              		.loc 1 97 0
  30              		.cfi_startproc
  31              		@ args = 0, pretend = 0, frame = 0
  32              		@ frame_needed = 0, uses_anonymous_args = 0
  33              		@ link register save eliminated.
  34              	.LVL0:
  35              		.loc 1 99 0
  36 0000 4FF0FF33 		mov	r3, #-1
  37 0004 0360     		str	r3, [r0]
  38              		.loc 1 100 0
  39 0006 0023     		movs	r3, #0
  40 0008 4360     		str	r3, [r0, #4]
  41              		.loc 1 101 0
  42 000a 8360     		str	r3, [r0, #8]
  43              		.loc 1 102 0
  44 000c C360     		str	r3, [r0, #12]
  45              		.loc 1 103 0
  46 000e 0022     		movs	r2, #0
  47 0010 0023     		movs	r3, #0
  48 0012 C0E90423 		strd	r2, [r0, #16]
  49 0016 7047     		bx	lr
  50              		.cfi_endproc
  51              	.LFE248:
  52              		.size	chTMObjectInit, .-chTMObjectInit
  53              		.section	.text.chTMStartMeasurementX,"ax",%progbits
  54              		.align	1
  55              		.global	chTMStartMeasurementX
  56              		.thumb
  57              		.thumb_func
ARM GAS  /tmp/ccVEFvzq.s 			page 2


  58              		.type	chTMStartMeasurementX, %function
  59              	chTMStartMeasurementX:
  60              	.LFB249:
  61              		.loc 1 114 0
  62              		.cfi_startproc
  63              		@ args = 0, pretend = 0, frame = 0
  64              		@ frame_needed = 0, uses_anonymous_args = 0
  65              		@ link register save eliminated.
  66              	.LVL1:
  67              	.LBB8:
  68              	.LBB9:
  69              		.file 2 "../../modules/ChibiOS/os/common/ports/ARMCMx/chcore_v7m.h"
  70              		.loc 2 708 0
  71 0000 014B     		ldr	r3, .L3
  72 0002 5B68     		ldr	r3, [r3, #4]
  73              	.LBE9:
  74              	.LBE8:
  75              		.loc 1 116 0
  76 0004 8360     		str	r3, [r0, #8]
  77 0006 7047     		bx	lr
  78              	.L4:
  79              		.align	2
  80              	.L3:
  81 0008 001000E0 		.word	-536866816
  82              		.cfi_endproc
  83              	.LFE249:
  84              		.size	chTMStartMeasurementX, .-chTMStartMeasurementX
  85              		.section	.text.chTMStopMeasurementX,"ax",%progbits
  86              		.align	1
  87              		.global	chTMStopMeasurementX
  88              		.thumb
  89              		.thumb_func
  90              		.type	chTMStopMeasurementX, %function
  91              	chTMStopMeasurementX:
  92              	.LFB250:
  93              		.loc 1 127 0
  94              		.cfi_startproc
  95              		@ args = 0, pretend = 0, frame = 0
  96              		@ frame_needed = 0, uses_anonymous_args = 0
  97              	.LVL2:
  98              	.LBB14:
  99              	.LBB15:
 100              		.loc 2 708 0
 101 0000 0E4B     		ldr	r3, .L8
 102              	.LBE15:
 103              	.LBE14:
 104              	.LBB17:
 105              	.LBB18:
 106              		.loc 1 57 0
 107 0002 C168     		ldr	r1, [r0, #12]
 108              	.LBE18:
 109              	.LBE17:
 110              	.LBB20:
 111              	.LBB16:
 112              		.loc 2 708 0
 113 0004 5A68     		ldr	r2, [r3, #4]
 114              	.LBE16:
ARM GAS  /tmp/ccVEFvzq.s 			page 3


 115              	.LBE20:
 116              		.loc 1 129 0
 117 0006 0E4B     		ldr	r3, .L8+4
 118              		.loc 1 127 0
 119 0008 30B5     		push	{r4, r5, lr}
 120              		.cfi_def_cfa_offset 12
 121              		.cfi_offset 4, -12
 122              		.cfi_offset 5, -8
 123              		.cfi_offset 14, -4
 124              		.loc 1 129 0
 125 000a D3F89040 		ldr	r4, [r3, #144]
 126              	.LVL3:
 127              	.LBB21:
 128              	.LBB19:
 129              		.loc 1 58 0
 130 000e 8368     		ldr	r3, [r0, #8]
 131 0010 D31A     		subs	r3, r2, r3
 132 0012 1B1B     		subs	r3, r3, r4
 133              		.loc 1 59 0
 134 0014 D0E90445 		ldrd	r4, [r0, #16]
 135              	.LVL4:
 136              		.loc 1 60 0
 137 0018 4268     		ldr	r2, [r0, #4]
 138              	.LVL5:
 139              		.loc 1 58 0
 140 001a 8360     		str	r3, [r0, #8]
 141              		.loc 1 59 0
 142 001c E418     		adds	r4, r4, r3
 143 001e 45F10005 		adc	r5, r5, #0
 144              		.loc 1 60 0
 145 0022 9342     		cmp	r3, r2
 146              		.loc 1 63 0
 147 0024 0268     		ldr	r2, [r0]
 148              		.loc 1 61 0
 149 0026 88BF     		it	hi
 150 0028 4360     		strhi	r3, [r0, #4]
 151              		.loc 1 57 0
 152 002a 0131     		adds	r1, r1, #1
 153              		.loc 1 63 0
 154 002c 9342     		cmp	r3, r2
 155              		.loc 1 57 0
 156 002e C160     		str	r1, [r0, #12]
 157              		.loc 1 59 0
 158 0030 C0E90445 		strd	r4, [r0, #16]
 159              		.loc 1 64 0
 160 0034 38BF     		it	cc
 161 0036 0360     		strcc	r3, [r0]
 162 0038 30BD     		pop	{r4, r5, pc}
 163              	.L9:
 164 003a 00BF     		.align	2
 165              	.L8:
 166 003c 001000E0 		.word	-536866816
 167 0040 00000000 		.word	ch
 168              	.LBE19:
 169              	.LBE21:
 170              		.cfi_endproc
 171              	.LFE250:
ARM GAS  /tmp/ccVEFvzq.s 			page 4


 172              		.size	chTMStopMeasurementX, .-chTMStopMeasurementX
 173              		.section	.text._tm_init,"ax",%progbits
 174              		.align	1
 175              		.global	_tm_init
 176              		.thumb
 177              		.thumb_func
 178              		.type	_tm_init, %function
 179              	_tm_init:
 180              	.LFB247:
 181              		.loc 1 77 0
 182              		.cfi_startproc
 183              		@ args = 0, pretend = 0, frame = 24
 184              		@ frame_needed = 0, uses_anonymous_args = 0
 185 0000 10B5     		push	{r4, lr}
 186              		.cfi_def_cfa_offset 8
 187              		.cfi_offset 4, -8
 188              		.cfi_offset 14, -4
 189              		.loc 1 83 0
 190 0002 094C     		ldr	r4, .L11
 191              		.loc 1 77 0
 192 0004 86B0     		sub	sp, sp, #24
 193              		.cfi_def_cfa_offset 32
 194              		.loc 1 83 0
 195 0006 0023     		movs	r3, #0
 196              		.loc 1 84 0
 197 0008 6846     		mov	r0, sp
 198              		.loc 1 83 0
 199 000a C4F89030 		str	r3, [r4, #144]
 200              		.loc 1 84 0
 201 000e FFF7FEFF 		bl	chTMObjectInit
 202              	.LVL6:
 203              		.loc 1 85 0
 204 0012 6846     		mov	r0, sp
 205 0014 FFF7FEFF 		bl	chTMStartMeasurementX
 206              	.LVL7:
 207              		.loc 1 86 0
 208 0018 6846     		mov	r0, sp
 209 001a FFF7FEFF 		bl	chTMStopMeasurementX
 210              	.LVL8:
 211              		.loc 1 87 0
 212 001e 029B     		ldr	r3, [sp, #8]
 213 0020 C4F89030 		str	r3, [r4, #144]
 214              		.loc 1 88 0
 215 0024 06B0     		add	sp, sp, #24
 216              		.cfi_def_cfa_offset 8
 217              		@ sp needed
 218 0026 10BD     		pop	{r4, pc}
 219              	.L12:
 220              		.align	2
 221              	.L11:
 222 0028 00000000 		.word	ch
 223              		.cfi_endproc
 224              	.LFE247:
 225              		.size	_tm_init, .-_tm_init
 226              		.section	.text.chTMChainMeasurementToX,"ax",%progbits
 227              		.align	1
 228              		.global	chTMChainMeasurementToX
ARM GAS  /tmp/ccVEFvzq.s 			page 5


 229              		.thumb
 230              		.thumb_func
 231              		.type	chTMChainMeasurementToX, %function
 232              	chTMChainMeasurementToX:
 233              	.LFB251:
 234              		.loc 1 145 0
 235              		.cfi_startproc
 236              		@ args = 0, pretend = 0, frame = 0
 237              		@ frame_needed = 0, uses_anonymous_args = 0
 238              	.LVL9:
 239              	.LBB26:
 240              	.LBB27:
 241              		.loc 2 708 0
 242 0000 0C4B     		ldr	r3, .L16
 243              	.LBE27:
 244              	.LBE26:
 245              	.LBB29:
 246              	.LBB30:
 247              		.loc 1 57 0
 248 0002 C268     		ldr	r2, [r0, #12]
 249              	.LBE30:
 250              	.LBE29:
 251              	.LBB33:
 252              	.LBB28:
 253              		.loc 2 708 0
 254 0004 5B68     		ldr	r3, [r3, #4]
 255              	.LBE28:
 256              	.LBE33:
 257              		.loc 1 145 0
 258 0006 30B5     		push	{r4, r5, lr}
 259              		.cfi_def_cfa_offset 12
 260              		.cfi_offset 4, -12
 261              		.cfi_offset 5, -8
 262              		.cfi_offset 14, -4
 263              	.LBB34:
 264              	.LBB31:
 265              		.loc 1 57 0
 266 0008 0132     		adds	r2, r2, #1
 267              	.LBE31:
 268              	.LBE34:
 269              		.loc 1 148 0
 270 000a 8B60     		str	r3, [r1, #8]
 271              	.LVL10:
 272              	.LBB35:
 273              	.LBB32:
 274              		.loc 1 59 0
 275 000c D0E90445 		ldrd	r4, [r0, #16]
 276              		.loc 1 57 0
 277 0010 C260     		str	r2, [r0, #12]
 278              		.loc 1 58 0
 279 0012 8268     		ldr	r2, [r0, #8]
 280 0014 9B1A     		subs	r3, r3, r2
 281              	.LVL11:
 282              		.loc 1 60 0
 283 0016 4268     		ldr	r2, [r0, #4]
 284              		.loc 1 58 0
 285 0018 8360     		str	r3, [r0, #8]
ARM GAS  /tmp/ccVEFvzq.s 			page 6


 286              	.LVL12:
 287              		.loc 1 59 0
 288 001a E418     		adds	r4, r4, r3
 289 001c 45F10005 		adc	r5, r5, #0
 290              		.loc 1 60 0
 291 0020 9342     		cmp	r3, r2
 292              		.loc 1 63 0
 293 0022 0268     		ldr	r2, [r0]
 294              		.loc 1 61 0
 295 0024 88BF     		it	hi
 296 0026 4360     		strhi	r3, [r0, #4]
 297              		.loc 1 63 0
 298 0028 9342     		cmp	r3, r2
 299              		.loc 1 59 0
 300 002a C0E90445 		strd	r4, [r0, #16]
 301              		.loc 1 64 0
 302 002e 38BF     		it	cc
 303 0030 0360     		strcc	r3, [r0]
 304 0032 30BD     		pop	{r4, r5, pc}
 305              	.L17:
 306              		.align	2
 307              	.L16:
 308 0034 001000E0 		.word	-536866816
 309              	.LBE32:
 310              	.LBE35:
 311              		.cfi_endproc
 312              	.LFE251:
 313              		.size	chTMChainMeasurementToX, .-chTMChainMeasurementToX
 314              		.text
 315              	.Letext0:
 316              		.file 3 "/usr/include/newlib/machine/_default_types.h"
 317              		.file 4 "/usr/include/newlib/sys/_stdint.h"
 318              		.file 5 "../../modules/ChibiOS/os/common/ports/ARMCMx/compilers/GCC/chtypes.h"
 319              		.file 6 "../../modules/ChibiOS/os/rt/include/chsystypes.h"
 320              		.file 7 "../../modules/ChibiOS/os/rt/include/chschd.h"
 321              		.file 8 "../../modules/ChibiOS/os/common/ext/CMSIS/include/core_cm4.h"
 322              		.file 9 "../../modules/ChibiOS/os/common/ports/ARMCMx/chcore.h"
 323              		.file 10 "../../modules/ChibiOS/os/rt/include/chtm.h"
 324              		.file 11 "../../modules/ChibiOS/os/rt/include/chstats.h"
 325              		.file 12 "../../modules/ChibiOS/os/rt/include/chsem.h"
 326              		.file 13 "../../modules/ChibiOS/os/rt/include/chmtx.h"
 327              		.section	.debug_info,"",%progbits
 328              	.Ldebug_info0:
 329 0000 B30A0000 		.4byte	0xab3
 330 0004 0400     		.2byte	0x4
 331 0006 00000000 		.4byte	.Ldebug_abbrev0
 332 000a 04       		.byte	0x4
 333 000b 01       		.uleb128 0x1
 334 000c 32020000 		.4byte	.LASF136
 335 0010 01       		.byte	0x1
 336 0011 36000000 		.4byte	.LASF137
 337 0015 49010000 		.4byte	.LASF138
 338 0019 68000000 		.4byte	.Ldebug_ranges0+0x68
 339 001d 00000000 		.4byte	0
 340 0021 00000000 		.4byte	.Ldebug_line0
 341 0025 02       		.uleb128 0x2
 342 0026 04       		.byte	0x4
ARM GAS  /tmp/ccVEFvzq.s 			page 7


 343 0027 05       		.byte	0x5
 344 0028 696E7400 		.ascii	"int\000"
 345 002c 03       		.uleb128 0x3
 346 002d 04       		.byte	0x4
 347 002e 07       		.byte	0x7
 348 002f 25020000 		.4byte	.LASF0
 349 0033 03       		.uleb128 0x3
 350 0034 01       		.byte	0x1
 351 0035 06       		.byte	0x6
 352 0036 2F010000 		.4byte	.LASF1
 353 003a 04       		.uleb128 0x4
 354 003b 5D000000 		.4byte	.LASF5
 355 003f 03       		.byte	0x3
 356 0040 1D       		.byte	0x1d
 357 0041 45000000 		.4byte	0x45
 358 0045 03       		.uleb128 0x3
 359 0046 01       		.byte	0x1
 360 0047 08       		.byte	0x8
 361 0048 01050000 		.4byte	.LASF2
 362 004c 03       		.uleb128 0x3
 363 004d 02       		.byte	0x2
 364 004e 05       		.byte	0x5
 365 004f 44050000 		.4byte	.LASF3
 366 0053 03       		.uleb128 0x3
 367 0054 02       		.byte	0x2
 368 0055 07       		.byte	0x7
 369 0056 54030000 		.4byte	.LASF4
 370 005a 04       		.uleb128 0x4
 371 005b E0030000 		.4byte	.LASF6
 372 005f 03       		.byte	0x3
 373 0060 3F       		.byte	0x3f
 374 0061 65000000 		.4byte	0x65
 375 0065 03       		.uleb128 0x3
 376 0066 04       		.byte	0x4
 377 0067 05       		.byte	0x5
 378 0068 A9010000 		.4byte	.LASF7
 379 006c 04       		.uleb128 0x4
 380 006d CF010000 		.4byte	.LASF8
 381 0071 03       		.byte	0x3
 382 0072 41       		.byte	0x41
 383 0073 77000000 		.4byte	0x77
 384 0077 03       		.uleb128 0x3
 385 0078 04       		.byte	0x4
 386 0079 07       		.byte	0x7
 387 007a B9050000 		.4byte	.LASF9
 388 007e 03       		.uleb128 0x3
 389 007f 08       		.byte	0x8
 390 0080 05       		.byte	0x5
 391 0081 21010000 		.4byte	.LASF10
 392 0085 04       		.uleb128 0x4
 393 0086 8C040000 		.4byte	.LASF11
 394 008a 03       		.byte	0x3
 395 008b 5B       		.byte	0x5b
 396 008c 90000000 		.4byte	0x90
 397 0090 03       		.uleb128 0x3
 398 0091 08       		.byte	0x8
 399 0092 07       		.byte	0x7
ARM GAS  /tmp/ccVEFvzq.s 			page 8


 400 0093 B1000000 		.4byte	.LASF12
 401 0097 04       		.uleb128 0x4
 402 0098 59060000 		.4byte	.LASF13
 403 009c 04       		.byte	0x4
 404 009d 14       		.byte	0x14
 405 009e 3A000000 		.4byte	0x3a
 406 00a2 04       		.uleb128 0x4
 407 00a3 F9040000 		.4byte	.LASF14
 408 00a7 04       		.byte	0x4
 409 00a8 1F       		.byte	0x1f
 410 00a9 5A000000 		.4byte	0x5a
 411 00ad 04       		.uleb128 0x4
 412 00ae 8D050000 		.4byte	.LASF15
 413 00b2 04       		.byte	0x4
 414 00b3 20       		.byte	0x20
 415 00b4 6C000000 		.4byte	0x6c
 416 00b8 04       		.uleb128 0x4
 417 00b9 20000000 		.4byte	.LASF16
 418 00bd 04       		.byte	0x4
 419 00be 26       		.byte	0x26
 420 00bf 85000000 		.4byte	0x85
 421 00c3 04       		.uleb128 0x4
 422 00c4 2D060000 		.4byte	.LASF17
 423 00c8 05       		.byte	0x5
 424 00c9 39       		.byte	0x39
 425 00ca AD000000 		.4byte	0xad
 426 00ce 04       		.uleb128 0x4
 427 00cf 0E010000 		.4byte	.LASF18
 428 00d3 05       		.byte	0x5
 429 00d4 3A       		.byte	0x3a
 430 00d5 B8000000 		.4byte	0xb8
 431 00d9 04       		.uleb128 0x4
 432 00da B3030000 		.4byte	.LASF19
 433 00de 05       		.byte	0x5
 434 00df 3C       		.byte	0x3c
 435 00e0 97000000 		.4byte	0x97
 436 00e4 04       		.uleb128 0x4
 437 00e5 B2010000 		.4byte	.LASF20
 438 00e9 05       		.byte	0x5
 439 00ea 3D       		.byte	0x3d
 440 00eb 97000000 		.4byte	0x97
 441 00ef 04       		.uleb128 0x4
 442 00f0 A2040000 		.4byte	.LASF21
 443 00f4 05       		.byte	0x5
 444 00f5 3E       		.byte	0x3e
 445 00f6 97000000 		.4byte	0x97
 446 00fa 04       		.uleb128 0x4
 447 00fb DD040000 		.4byte	.LASF22
 448 00ff 05       		.byte	0x5
 449 0100 40       		.byte	0x40
 450 0101 AD000000 		.4byte	0xad
 451 0105 04       		.uleb128 0x4
 452 0106 8C030000 		.4byte	.LASF23
 453 010a 05       		.byte	0x5
 454 010b 41       		.byte	0x41
 455 010c A2000000 		.4byte	0xa2
 456 0110 04       		.uleb128 0x4
ARM GAS  /tmp/ccVEFvzq.s 			page 9


 457 0111 D4030000 		.4byte	.LASF24
 458 0115 05       		.byte	0x5
 459 0116 43       		.byte	0x43
 460 0117 AD000000 		.4byte	0xad
 461 011b 04       		.uleb128 0x4
 462 011c 10020000 		.4byte	.LASF25
 463 0120 05       		.byte	0x5
 464 0121 45       		.byte	0x45
 465 0122 A2000000 		.4byte	0xa2
 466 0126 04       		.uleb128 0x4
 467 0127 97030000 		.4byte	.LASF26
 468 012b 05       		.byte	0x5
 469 012c 46       		.byte	0x46
 470 012d AD000000 		.4byte	0xad
 471 0131 04       		.uleb128 0x4
 472 0132 00060000 		.4byte	.LASF27
 473 0136 06       		.byte	0x6
 474 0137 33       		.byte	0x33
 475 0138 AD000000 		.4byte	0xad
 476 013c 04       		.uleb128 0x4
 477 013d DD050000 		.4byte	.LASF28
 478 0141 06       		.byte	0x6
 479 0142 3F       		.byte	0x3f
 480 0143 47010000 		.4byte	0x147
 481 0147 05       		.uleb128 0x5
 482 0148 7B030000 		.4byte	.LASF47
 483 014c 60       		.byte	0x60
 484 014d 07       		.byte	0x7
 485 014e 9A       		.byte	0x9a
 486 014f 32020000 		.4byte	0x232
 487 0153 06       		.uleb128 0x6
 488 0154 43030000 		.4byte	.LASF29
 489 0158 07       		.byte	0x7
 490 0159 9B       		.byte	0x9b
 491 015a 67020000 		.4byte	0x267
 492 015e 00       		.byte	0
 493 015f 06       		.uleb128 0x6
 494 0160 7F040000 		.4byte	.LASF30
 495 0164 07       		.byte	0x7
 496 0165 9C       		.byte	0x9c
 497 0166 FA000000 		.4byte	0xfa
 498 016a 08       		.byte	0x8
 499 016b 07       		.uleb128 0x7
 500 016c 63747800 		.ascii	"ctx\000"
 501 0170 07       		.byte	0x7
 502 0171 9D       		.byte	0x9d
 503 0172 C7050000 		.4byte	0x5c7
 504 0176 0C       		.byte	0xc
 505 0177 06       		.uleb128 0x6
 506 0178 0D040000 		.4byte	.LASF31
 507 017c 07       		.byte	0x7
 508 017d 9F       		.byte	0x9f
 509 017e 3D020000 		.4byte	0x23d
 510 0182 10       		.byte	0x10
 511 0183 06       		.uleb128 0x6
 512 0184 D7050000 		.4byte	.LASF32
 513 0188 07       		.byte	0x7
ARM GAS  /tmp/ccVEFvzq.s 			page 10


 514 0189 A0       		.byte	0xa0
 515 018a 3D020000 		.4byte	0x23d
 516 018e 14       		.byte	0x14
 517 018f 06       		.uleb128 0x6
 518 0190 76030000 		.4byte	.LASF33
 519 0194 07       		.byte	0x7
 520 0195 A7       		.byte	0xa7
 521 0196 AE080000 		.4byte	0x8ae
 522 019a 18       		.byte	0x18
 523 019b 06       		.uleb128 0x6
 524 019c CB050000 		.4byte	.LASF34
 525 01a0 07       		.byte	0x7
 526 01a1 B0       		.byte	0xb0
 527 01a2 C0080000 		.4byte	0x8c0
 528 01a6 1C       		.byte	0x1c
 529 01a7 06       		.uleb128 0x6
 530 01a8 8E010000 		.4byte	.LASF35
 531 01ac 07       		.byte	0x7
 532 01ad B5       		.byte	0xb5
 533 01ae E4000000 		.4byte	0xe4
 534 01b2 20       		.byte	0x20
 535 01b3 06       		.uleb128 0x6
 536 01b4 61060000 		.4byte	.LASF36
 537 01b8 07       		.byte	0x7
 538 01b9 B9       		.byte	0xb9
 539 01ba D9000000 		.4byte	0xd9
 540 01be 21       		.byte	0x21
 541 01bf 06       		.uleb128 0x6
 542 01c0 C8040000 		.4byte	.LASF37
 543 01c4 07       		.byte	0x7
 544 01c5 BE       		.byte	0xbe
 545 01c6 EF000000 		.4byte	0xef
 546 01ca 22       		.byte	0x22
 547 01cb 08       		.uleb128 0x8
 548 01cc 7500     		.ascii	"u\000"
 549 01ce 07       		.byte	0x7
 550 01cf 0F01     		.2byte	0x10f
 551 01d1 E3070000 		.4byte	0x7e3
 552 01d5 24       		.byte	0x24
 553 01d6 09       		.uleb128 0x9
 554 01d7 F3010000 		.4byte	.LASF38
 555 01db 07       		.byte	0x7
 556 01dc 1401     		.2byte	0x114
 557 01de 43020000 		.4byte	0x243
 558 01e2 28       		.byte	0x28
 559 01e3 09       		.uleb128 0x9
 560 01e4 16020000 		.4byte	.LASF39
 561 01e8 07       		.byte	0x7
 562 01e9 1A01     		.2byte	0x11a
 563 01eb 67020000 		.4byte	0x267
 564 01ef 2C       		.byte	0x2c
 565 01f0 09       		.uleb128 0x9
 566 01f1 9E030000 		.4byte	.LASF40
 567 01f5 07       		.byte	0x7
 568 01f6 2001     		.2byte	0x120
 569 01f8 10010000 		.4byte	0x110
 570 01fc 34       		.byte	0x34
ARM GAS  /tmp/ccVEFvzq.s 			page 11


 571 01fd 09       		.uleb128 0x9
 572 01fe 85060000 		.4byte	.LASF41
 573 0202 07       		.byte	0x7
 574 0203 2701     		.2byte	0x127
 575 0205 A8080000 		.4byte	0x8a8
 576 0209 38       		.byte	0x38
 577 020a 09       		.uleb128 0x9
 578 020b 1A040000 		.4byte	.LASF42
 579 020f 07       		.byte	0x7
 580 0210 2B01     		.2byte	0x12b
 581 0212 FA000000 		.4byte	0xfa
 582 0216 3C       		.byte	0x3c
 583 0217 09       		.uleb128 0x9
 584 0218 49030000 		.4byte	.LASF43
 585 021c 07       		.byte	0x7
 586 021d 3201     		.2byte	0x132
 587 021f 1A030000 		.4byte	0x31a
 588 0223 40       		.byte	0x40
 589 0224 09       		.uleb128 0x9
 590 0225 C0010000 		.4byte	.LASF44
 591 0229 07       		.byte	0x7
 592 022a 3801     		.2byte	0x138
 593 022c 94070000 		.4byte	0x794
 594 0230 48       		.byte	0x48
 595 0231 00       		.byte	0
 596 0232 04       		.uleb128 0x4
 597 0233 2C040000 		.4byte	.LASF45
 598 0237 06       		.byte	0x6
 599 0238 44       		.byte	0x44
 600 0239 3D020000 		.4byte	0x23d
 601 023d 0A       		.uleb128 0xa
 602 023e 04       		.byte	0x4
 603 023f 3C010000 		.4byte	0x13c
 604 0243 04       		.uleb128 0x4
 605 0244 76060000 		.4byte	.LASF46
 606 0248 06       		.byte	0x6
 607 0249 49       		.byte	0x49
 608 024a 4E020000 		.4byte	0x24e
 609 024e 05       		.uleb128 0x5
 610 024f 9D050000 		.4byte	.LASF48
 611 0253 04       		.byte	0x4
 612 0254 07       		.byte	0x7
 613 0255 88       		.byte	0x88
 614 0256 67020000 		.4byte	0x267
 615 025a 06       		.uleb128 0x6
 616 025b 09010000 		.4byte	.LASF49
 617 025f 07       		.byte	0x7
 618 0260 89       		.byte	0x89
 619 0261 3D020000 		.4byte	0x23d
 620 0265 00       		.byte	0
 621 0266 00       		.byte	0
 622 0267 04       		.uleb128 0x4
 623 0268 3A060000 		.4byte	.LASF50
 624 026c 06       		.byte	0x6
 625 026d 50       		.byte	0x50
 626 026e 72020000 		.4byte	0x272
 627 0272 05       		.uleb128 0x5
ARM GAS  /tmp/ccVEFvzq.s 			page 12


 628 0273 78000000 		.4byte	.LASF51
 629 0277 08       		.byte	0x8
 630 0278 07       		.byte	0x7
 631 0279 8F       		.byte	0x8f
 632 027a 97020000 		.4byte	0x297
 633 027e 06       		.uleb128 0x6
 634 027f 09010000 		.4byte	.LASF49
 635 0283 07       		.byte	0x7
 636 0284 90       		.byte	0x90
 637 0285 3D020000 		.4byte	0x23d
 638 0289 00       		.byte	0
 639 028a 06       		.uleb128 0x6
 640 028b 67000000 		.4byte	.LASF52
 641 028f 07       		.byte	0x7
 642 0290 91       		.byte	0x91
 643 0291 3D020000 		.4byte	0x23d
 644 0295 04       		.byte	0x4
 645 0296 00       		.byte	0
 646 0297 04       		.uleb128 0x4
 647 0298 00000000 		.4byte	.LASF53
 648 029c 06       		.byte	0x6
 649 029d 57       		.byte	0x57
 650 029e A2020000 		.4byte	0x2a2
 651 02a2 0B       		.uleb128 0xb
 652 02a3 C6030000 		.4byte	.LASF54
 653 02a7 1C       		.byte	0x1c
 654 02a8 07       		.byte	0x7
 655 02a9 6A01     		.2byte	0x16a
 656 02ab FE020000 		.4byte	0x2fe
 657 02af 09       		.uleb128 0x9
 658 02b0 43030000 		.4byte	.LASF29
 659 02b4 07       		.byte	0x7
 660 02b5 6B01     		.2byte	0x16b
 661 02b7 67020000 		.4byte	0x267
 662 02bb 00       		.byte	0
 663 02bc 09       		.uleb128 0x9
 664 02bd 7F040000 		.4byte	.LASF30
 665 02c1 07       		.byte	0x7
 666 02c2 6C01     		.2byte	0x16c
 667 02c4 FA000000 		.4byte	0xfa
 668 02c8 08       		.byte	0x8
 669 02c9 08       		.uleb128 0x8
 670 02ca 63747800 		.ascii	"ctx\000"
 671 02ce 07       		.byte	0x7
 672 02cf 6E01     		.2byte	0x16e
 673 02d1 C7050000 		.4byte	0x5c7
 674 02d5 0C       		.byte	0xc
 675 02d6 09       		.uleb128 0x9
 676 02d7 0D040000 		.4byte	.LASF31
 677 02db 07       		.byte	0x7
 678 02dc 7101     		.2byte	0x171
 679 02de 3D020000 		.4byte	0x23d
 680 02e2 10       		.byte	0x10
 681 02e3 09       		.uleb128 0x9
 682 02e4 D7050000 		.4byte	.LASF32
 683 02e8 07       		.byte	0x7
 684 02e9 7201     		.2byte	0x172
ARM GAS  /tmp/ccVEFvzq.s 			page 13


 685 02eb 3D020000 		.4byte	0x23d
 686 02ef 14       		.byte	0x14
 687 02f0 09       		.uleb128 0x9
 688 02f1 84040000 		.4byte	.LASF55
 689 02f5 07       		.byte	0x7
 690 02f6 7501     		.2byte	0x175
 691 02f8 3D020000 		.4byte	0x23d
 692 02fc 18       		.byte	0x18
 693 02fd 00       		.byte	0
 694 02fe 04       		.uleb128 0x4
 695 02ff 0A060000 		.4byte	.LASF56
 696 0303 06       		.byte	0x6
 697 0304 5C       		.byte	0x5c
 698 0305 09030000 		.4byte	0x309
 699 0309 0A       		.uleb128 0xa
 700 030a 04       		.byte	0x4
 701 030b 0F030000 		.4byte	0x30f
 702 030f 0C       		.uleb128 0xc
 703 0310 1A030000 		.4byte	0x31a
 704 0314 0D       		.uleb128 0xd
 705 0315 1A030000 		.4byte	0x31a
 706 0319 00       		.byte	0
 707 031a 0E       		.uleb128 0xe
 708 031b 04       		.byte	0x4
 709 031c 04       		.uleb128 0x4
 710 031d CD040000 		.4byte	.LASF57
 711 0321 06       		.byte	0x6
 712 0322 61       		.byte	0x61
 713 0323 27030000 		.4byte	0x327
 714 0327 0B       		.uleb128 0xb
 715 0328 68050000 		.4byte	.LASF58
 716 032c 14       		.byte	0x14
 717 032d 07       		.byte	0x7
 718 032e 4501     		.2byte	0x145
 719 0330 76030000 		.4byte	0x376
 720 0334 09       		.uleb128 0x9
 721 0335 09010000 		.4byte	.LASF49
 722 0339 07       		.byte	0x7
 723 033a 4601     		.2byte	0x146
 724 033c C6080000 		.4byte	0x8c6
 725 0340 00       		.byte	0
 726 0341 09       		.uleb128 0x9
 727 0342 67000000 		.4byte	.LASF52
 728 0346 07       		.byte	0x7
 729 0347 4701     		.2byte	0x147
 730 0349 C6080000 		.4byte	0x8c6
 731 034d 04       		.byte	0x4
 732 034e 09       		.uleb128 0x9
 733 034f 13000000 		.4byte	.LASF59
 734 0353 07       		.byte	0x7
 735 0354 4801     		.2byte	0x148
 736 0356 31010000 		.4byte	0x131
 737 035a 08       		.byte	0x8
 738 035b 09       		.uleb128 0x9
 739 035c BB010000 		.4byte	.LASF60
 740 0360 07       		.byte	0x7
 741 0361 4901     		.2byte	0x149
ARM GAS  /tmp/ccVEFvzq.s 			page 14


 742 0363 FE020000 		.4byte	0x2fe
 743 0367 0C       		.byte	0xc
 744 0368 08       		.uleb128 0x8
 745 0369 70617200 		.ascii	"par\000"
 746 036d 07       		.byte	0x7
 747 036e 4B01     		.2byte	0x14b
 748 0370 1A030000 		.4byte	0x31a
 749 0374 10       		.byte	0x10
 750 0375 00       		.byte	0
 751 0376 04       		.uleb128 0x4
 752 0377 E4000000 		.4byte	.LASF61
 753 037b 06       		.byte	0x6
 754 037c 66       		.byte	0x66
 755 037d 81030000 		.4byte	0x381
 756 0381 0B       		.uleb128 0xb
 757 0382 3F040000 		.4byte	.LASF62
 758 0386 10       		.byte	0x10
 759 0387 07       		.byte	0x7
 760 0388 5501     		.2byte	0x155
 761 038a C3030000 		.4byte	0x3c3
 762 038e 09       		.uleb128 0x9
 763 038f 09010000 		.4byte	.LASF49
 764 0393 07       		.byte	0x7
 765 0394 5601     		.2byte	0x156
 766 0396 C6080000 		.4byte	0x8c6
 767 039a 00       		.byte	0
 768 039b 09       		.uleb128 0x9
 769 039c 67000000 		.4byte	.LASF52
 770 03a0 07       		.byte	0x7
 771 03a1 5801     		.2byte	0x158
 772 03a3 C6080000 		.4byte	0x8c6
 773 03a7 04       		.byte	0x4
 774 03a8 09       		.uleb128 0x9
 775 03a9 13000000 		.4byte	.LASF59
 776 03ad 07       		.byte	0x7
 777 03ae 5A01     		.2byte	0x15a
 778 03b0 31010000 		.4byte	0x131
 779 03b4 08       		.byte	0x8
 780 03b5 09       		.uleb128 0x9
 781 03b6 4E050000 		.4byte	.LASF63
 782 03ba 07       		.byte	0x7
 783 03bb 6201     		.2byte	0x162
 784 03bd 31010000 		.4byte	0x131
 785 03c1 0C       		.byte	0xc
 786 03c2 00       		.byte	0
 787 03c3 04       		.uleb128 0x4
 788 03c4 89000000 		.4byte	.LASF64
 789 03c8 06       		.byte	0x6
 790 03c9 6B       		.byte	0x6b
 791 03ca CE030000 		.4byte	0x3ce
 792 03ce 0B       		.uleb128 0xb
 793 03cf E3010000 		.4byte	.LASF65
 794 03d3 04       		.byte	0x4
 795 03d4 07       		.byte	0x7
 796 03d5 7C01     		.2byte	0x17c
 797 03d7 E9030000 		.4byte	0x3e9
 798 03db 09       		.uleb128 0x9
ARM GAS  /tmp/ccVEFvzq.s 			page 15


 799 03dc 13060000 		.4byte	.LASF66
 800 03e0 07       		.byte	0x7
 801 03e1 8401     		.2byte	0x184
 802 03e3 CC080000 		.4byte	0x8cc
 803 03e7 00       		.byte	0
 804 03e8 00       		.byte	0
 805 03e9 04       		.uleb128 0x4
 806 03ea A7030000 		.4byte	.LASF67
 807 03ee 06       		.byte	0x6
 808 03ef 70       		.byte	0x70
 809 03f0 F4030000 		.4byte	0x3f4
 810 03f4 0B       		.uleb128 0xb
 811 03f5 5E050000 		.4byte	.LASF68
 812 03f9 D0       		.byte	0xd0
 813 03fa 07       		.byte	0x7
 814 03fb 9C01     		.2byte	0x19c
 815 03fd 4F040000 		.4byte	0x44f
 816 0401 09       		.uleb128 0x9
 817 0402 53060000 		.4byte	.LASF69
 818 0406 07       		.byte	0x7
 819 0407 A001     		.2byte	0x1a0
 820 0409 97020000 		.4byte	0x297
 821 040d 00       		.byte	0
 822 040e 09       		.uleb128 0x9
 823 040f 42010000 		.4byte	.LASF70
 824 0413 07       		.byte	0x7
 825 0414 A401     		.2byte	0x1a4
 826 0416 76030000 		.4byte	0x376
 827 041a 1C       		.byte	0x1c
 828 041b 08       		.uleb128 0x8
 829 041c 64626700 		.ascii	"dbg\000"
 830 0420 07       		.byte	0x7
 831 0421 A801     		.2byte	0x1a8
 832 0423 C3030000 		.4byte	0x3c3
 833 0427 2C       		.byte	0x2c
 834 0428 09       		.uleb128 0x9
 835 0429 D1000000 		.4byte	.LASF71
 836 042d 07       		.byte	0x7
 837 042e AC01     		.2byte	0x1ac
 838 0430 3C010000 		.4byte	0x13c
 839 0434 30       		.byte	0x30
 840 0435 08       		.uleb128 0x8
 841 0436 746D00   		.ascii	"tm\000"
 842 0439 07       		.byte	0x7
 843 043a B101     		.2byte	0x1b1
 844 043c 46070000 		.4byte	0x746
 845 0440 90       		.byte	0x90
 846 0441 09       		.uleb128 0x9
 847 0442 29000000 		.4byte	.LASF72
 848 0446 07       		.byte	0x7
 849 0447 B701     		.2byte	0x1b7
 850 0449 D8070000 		.4byte	0x7d8
 851 044d 98       		.byte	0x98
 852 044e 00       		.byte	0
 853 044f 03       		.uleb128 0x3
 854 0450 04       		.byte	0x4
 855 0451 07       		.byte	0x7
ARM GAS  /tmp/ccVEFvzq.s 			page 16


 856 0452 23040000 		.4byte	.LASF73
 857 0456 0F       		.uleb128 0xf
 858 0457 AD000000 		.4byte	0xad
 859 045b 10       		.uleb128 0x10
 860 045c 56040000 		.4byte	0x456
 861 0460 11       		.uleb128 0x11
 862 0461 AD000000 		.4byte	0xad
 863 0465 70040000 		.4byte	0x470
 864 0469 12       		.uleb128 0x12
 865 046a 4F040000 		.4byte	0x44f
 866 046e 00       		.byte	0
 867 046f 00       		.byte	0
 868 0470 13       		.uleb128 0x13
 869 0471 5C       		.byte	0x5c
 870 0472 08       		.byte	0x8
 871 0473 8303     		.2byte	0x383
 872 0475 A5050000 		.4byte	0x5a5
 873 0479 09       		.uleb128 0x9
 874 047a 35060000 		.4byte	.LASF74
 875 047e 08       		.byte	0x8
 876 047f 8503     		.2byte	0x385
 877 0481 56040000 		.4byte	0x456
 878 0485 00       		.byte	0
 879 0486 09       		.uleb128 0x9
 880 0487 13040000 		.4byte	.LASF75
 881 048b 08       		.byte	0x8
 882 048c 8603     		.2byte	0x386
 883 048e 56040000 		.4byte	0x456
 884 0492 04       		.byte	0x4
 885 0493 09       		.uleb128 0x9
 886 0494 3B010000 		.4byte	.LASF76
 887 0498 08       		.byte	0x8
 888 0499 8703     		.2byte	0x387
 889 049b 56040000 		.4byte	0x456
 890 049f 08       		.byte	0x8
 891 04a0 09       		.uleb128 0x9
 892 04a1 85030000 		.4byte	.LASF77
 893 04a5 08       		.byte	0x8
 894 04a6 8803     		.2byte	0x388
 895 04a8 56040000 		.4byte	0x456
 896 04ac 0C       		.byte	0xc
 897 04ad 09       		.uleb128 0x9
 898 04ae C6010000 		.4byte	.LASF78
 899 04b2 08       		.byte	0x8
 900 04b3 8903     		.2byte	0x389
 901 04b5 56040000 		.4byte	0x456
 902 04b9 10       		.byte	0x10
 903 04ba 09       		.uleb128 0x9
 904 04bb 86050000 		.4byte	.LASF79
 905 04bf 08       		.byte	0x8
 906 04c0 8A03     		.2byte	0x38a
 907 04c2 56040000 		.4byte	0x456
 908 04c6 14       		.byte	0x14
 909 04c7 09       		.uleb128 0x9
 910 04c8 67060000 		.4byte	.LASF80
 911 04cc 08       		.byte	0x8
 912 04cd 8B03     		.2byte	0x38b
ARM GAS  /tmp/ccVEFvzq.s 			page 17


 913 04cf 56040000 		.4byte	0x456
 914 04d3 18       		.byte	0x18
 915 04d4 09       		.uleb128 0x9
 916 04d5 E5040000 		.4byte	.LASF81
 917 04d9 08       		.byte	0x8
 918 04da 8C03     		.2byte	0x38c
 919 04dc 5B040000 		.4byte	0x45b
 920 04e0 1C       		.byte	0x1c
 921 04e1 09       		.uleb128 0x9
 922 04e2 67040000 		.4byte	.LASF82
 923 04e6 08       		.byte	0x8
 924 04e7 8D03     		.2byte	0x38d
 925 04e9 56040000 		.4byte	0x456
 926 04ed 20       		.byte	0x20
 927 04ee 09       		.uleb128 0x9
 928 04ef 1F020000 		.4byte	.LASF83
 929 04f3 08       		.byte	0x8
 930 04f4 8E03     		.2byte	0x38e
 931 04f6 56040000 		.4byte	0x456
 932 04fa 24       		.byte	0x24
 933 04fb 09       		.uleb128 0x9
 934 04fc 1C050000 		.4byte	.LASF84
 935 0500 08       		.byte	0x8
 936 0501 8F03     		.2byte	0x38f
 937 0503 56040000 		.4byte	0x456
 938 0507 28       		.byte	0x28
 939 0508 09       		.uleb128 0x9
 940 0509 AA040000 		.4byte	.LASF85
 941 050d 08       		.byte	0x8
 942 050e 9003     		.2byte	0x390
 943 0510 60040000 		.4byte	0x460
 944 0514 2C       		.byte	0x2c
 945 0515 09       		.uleb128 0x9
 946 0516 6D040000 		.4byte	.LASF86
 947 051a 08       		.byte	0x8
 948 051b 9103     		.2byte	0x391
 949 051d 56040000 		.4byte	0x456
 950 0521 30       		.byte	0x30
 951 0522 09       		.uleb128 0x9
 952 0523 F3040000 		.4byte	.LASF87
 953 0527 08       		.byte	0x8
 954 0528 9203     		.2byte	0x392
 955 052a 56040000 		.4byte	0x456
 956 052e 34       		.byte	0x34
 957 052f 09       		.uleb128 0x9
 958 0530 26050000 		.4byte	.LASF88
 959 0534 08       		.byte	0x8
 960 0535 9303     		.2byte	0x393
 961 0537 56040000 		.4byte	0x456
 962 053b 38       		.byte	0x38
 963 053c 09       		.uleb128 0x9
 964 053d B4040000 		.4byte	.LASF89
 965 0541 08       		.byte	0x8
 966 0542 9403     		.2byte	0x394
 967 0544 60040000 		.4byte	0x460
 968 0548 3C       		.byte	0x3c
 969 0549 09       		.uleb128 0x9
ARM GAS  /tmp/ccVEFvzq.s 			page 18


 970 054a 73040000 		.4byte	.LASF90
 971 054e 08       		.byte	0x8
 972 054f 9503     		.2byte	0x395
 973 0551 56040000 		.4byte	0x456
 974 0555 40       		.byte	0x40
 975 0556 09       		.uleb128 0x9
 976 0557 21030000 		.4byte	.LASF91
 977 055b 08       		.byte	0x8
 978 055c 9603     		.2byte	0x396
 979 055e 56040000 		.4byte	0x456
 980 0562 44       		.byte	0x44
 981 0563 09       		.uleb128 0x9
 982 0564 30050000 		.4byte	.LASF92
 983 0568 08       		.byte	0x8
 984 0569 9703     		.2byte	0x397
 985 056b 56040000 		.4byte	0x456
 986 056f 48       		.byte	0x48
 987 0570 09       		.uleb128 0x9
 988 0571 BE040000 		.4byte	.LASF93
 989 0575 08       		.byte	0x8
 990 0576 9803     		.2byte	0x398
 991 0578 60040000 		.4byte	0x460
 992 057c 4C       		.byte	0x4c
 993 057d 09       		.uleb128 0x9
 994 057e 79040000 		.4byte	.LASF94
 995 0582 08       		.byte	0x8
 996 0583 9903     		.2byte	0x399
 997 0585 56040000 		.4byte	0x456
 998 0589 50       		.byte	0x50
 999 058a 09       		.uleb128 0x9
 1000 058b 27030000 		.4byte	.LASF95
 1001 058f 08       		.byte	0x8
 1002 0590 9A03     		.2byte	0x39a
 1003 0592 56040000 		.4byte	0x456
 1004 0596 54       		.byte	0x54
 1005 0597 09       		.uleb128 0x9
 1006 0598 3A050000 		.4byte	.LASF96
 1007 059c 08       		.byte	0x8
 1008 059d 9B03     		.2byte	0x39b
 1009 059f 56040000 		.4byte	0x456
 1010 05a3 58       		.byte	0x58
 1011 05a4 00       		.byte	0
 1012 05a5 14       		.uleb128 0x14
 1013 05a6 24060000 		.4byte	.LASF97
 1014 05aa 08       		.byte	0x8
 1015 05ab 9C03     		.2byte	0x39c
 1016 05ad 70040000 		.4byte	0x470
 1017 05b1 04       		.uleb128 0x4
 1018 05b2 DA010000 		.4byte	.LASF98
 1019 05b6 09       		.byte	0x9
 1020 05b7 65       		.byte	0x65
 1021 05b8 1A030000 		.4byte	0x31a
 1022 05bc 04       		.uleb128 0x4
 1023 05bd 02040000 		.4byte	.LASF99
 1024 05c1 09       		.byte	0x9
 1025 05c2 6D       		.byte	0x6d
 1026 05c3 B8000000 		.4byte	0xb8
ARM GAS  /tmp/ccVEFvzq.s 			page 19


 1027 05c7 05       		.uleb128 0x5
 1028 05c8 03020000 		.4byte	.LASF100
 1029 05cc 04       		.byte	0x4
 1030 05cd 09       		.byte	0x9
 1031 05ce 89       		.byte	0x89
 1032 05cf DF050000 		.4byte	0x5df
 1033 05d3 07       		.uleb128 0x7
 1034 05d4 737000   		.ascii	"sp\000"
 1035 05d7 09       		.byte	0x9
 1036 05d8 8A       		.byte	0x8a
 1037 05d9 2B070000 		.4byte	0x72b
 1038 05dd 00       		.byte	0
 1039 05de 00       		.byte	0
 1040 05df 0B       		.uleb128 0xb
 1041 05e0 6C000000 		.4byte	.LASF101
 1042 05e4 64       		.byte	0x64
 1043 05e5 02       		.byte	0x2
 1044 05e6 5901     		.2byte	0x159
 1045 05e8 2B070000 		.4byte	0x72b
 1046 05ec 08       		.uleb128 0x8
 1047 05ed 73313600 		.ascii	"s16\000"
 1048 05f1 02       		.byte	0x2
 1049 05f2 5B01     		.2byte	0x15b
 1050 05f4 B1050000 		.4byte	0x5b1
 1051 05f8 00       		.byte	0
 1052 05f9 08       		.uleb128 0x8
 1053 05fa 73313700 		.ascii	"s17\000"
 1054 05fe 02       		.byte	0x2
 1055 05ff 5C01     		.2byte	0x15c
 1056 0601 B1050000 		.4byte	0x5b1
 1057 0605 04       		.byte	0x4
 1058 0606 08       		.uleb128 0x8
 1059 0607 73313800 		.ascii	"s18\000"
 1060 060b 02       		.byte	0x2
 1061 060c 5D01     		.2byte	0x15d
 1062 060e B1050000 		.4byte	0x5b1
 1063 0612 08       		.byte	0x8
 1064 0613 08       		.uleb128 0x8
 1065 0614 73313900 		.ascii	"s19\000"
 1066 0618 02       		.byte	0x2
 1067 0619 5E01     		.2byte	0x15e
 1068 061b B1050000 		.4byte	0x5b1
 1069 061f 0C       		.byte	0xc
 1070 0620 08       		.uleb128 0x8
 1071 0621 73323000 		.ascii	"s20\000"
 1072 0625 02       		.byte	0x2
 1073 0626 5F01     		.2byte	0x15f
 1074 0628 B1050000 		.4byte	0x5b1
 1075 062c 10       		.byte	0x10
 1076 062d 08       		.uleb128 0x8
 1077 062e 73323100 		.ascii	"s21\000"
 1078 0632 02       		.byte	0x2
 1079 0633 6001     		.2byte	0x160
 1080 0635 B1050000 		.4byte	0x5b1
 1081 0639 14       		.byte	0x14
 1082 063a 08       		.uleb128 0x8
 1083 063b 73323200 		.ascii	"s22\000"
ARM GAS  /tmp/ccVEFvzq.s 			page 20


 1084 063f 02       		.byte	0x2
 1085 0640 6101     		.2byte	0x161
 1086 0642 B1050000 		.4byte	0x5b1
 1087 0646 18       		.byte	0x18
 1088 0647 08       		.uleb128 0x8
 1089 0648 73323300 		.ascii	"s23\000"
 1090 064c 02       		.byte	0x2
 1091 064d 6201     		.2byte	0x162
 1092 064f B1050000 		.4byte	0x5b1
 1093 0653 1C       		.byte	0x1c
 1094 0654 08       		.uleb128 0x8
 1095 0655 73323400 		.ascii	"s24\000"
 1096 0659 02       		.byte	0x2
 1097 065a 6301     		.2byte	0x163
 1098 065c B1050000 		.4byte	0x5b1
 1099 0660 20       		.byte	0x20
 1100 0661 08       		.uleb128 0x8
 1101 0662 73323500 		.ascii	"s25\000"
 1102 0666 02       		.byte	0x2
 1103 0667 6401     		.2byte	0x164
 1104 0669 B1050000 		.4byte	0x5b1
 1105 066d 24       		.byte	0x24
 1106 066e 08       		.uleb128 0x8
 1107 066f 73323600 		.ascii	"s26\000"
 1108 0673 02       		.byte	0x2
 1109 0674 6501     		.2byte	0x165
 1110 0676 B1050000 		.4byte	0x5b1
 1111 067a 28       		.byte	0x28
 1112 067b 08       		.uleb128 0x8
 1113 067c 73323700 		.ascii	"s27\000"
 1114 0680 02       		.byte	0x2
 1115 0681 6601     		.2byte	0x166
 1116 0683 B1050000 		.4byte	0x5b1
 1117 0687 2C       		.byte	0x2c
 1118 0688 08       		.uleb128 0x8
 1119 0689 73323800 		.ascii	"s28\000"
 1120 068d 02       		.byte	0x2
 1121 068e 6701     		.2byte	0x167
 1122 0690 B1050000 		.4byte	0x5b1
 1123 0694 30       		.byte	0x30
 1124 0695 08       		.uleb128 0x8
 1125 0696 73323900 		.ascii	"s29\000"
 1126 069a 02       		.byte	0x2
 1127 069b 6801     		.2byte	0x168
 1128 069d B1050000 		.4byte	0x5b1
 1129 06a1 34       		.byte	0x34
 1130 06a2 08       		.uleb128 0x8
 1131 06a3 73333000 		.ascii	"s30\000"
 1132 06a7 02       		.byte	0x2
 1133 06a8 6901     		.2byte	0x169
 1134 06aa B1050000 		.4byte	0x5b1
 1135 06ae 38       		.byte	0x38
 1136 06af 08       		.uleb128 0x8
 1137 06b0 73333100 		.ascii	"s31\000"
 1138 06b4 02       		.byte	0x2
 1139 06b5 6A01     		.2byte	0x16a
 1140 06b7 B1050000 		.4byte	0x5b1
ARM GAS  /tmp/ccVEFvzq.s 			page 21


 1141 06bb 3C       		.byte	0x3c
 1142 06bc 08       		.uleb128 0x8
 1143 06bd 723400   		.ascii	"r4\000"
 1144 06c0 02       		.byte	0x2
 1145 06c1 6C01     		.2byte	0x16c
 1146 06c3 B1050000 		.4byte	0x5b1
 1147 06c7 40       		.byte	0x40
 1148 06c8 08       		.uleb128 0x8
 1149 06c9 723500   		.ascii	"r5\000"
 1150 06cc 02       		.byte	0x2
 1151 06cd 6D01     		.2byte	0x16d
 1152 06cf B1050000 		.4byte	0x5b1
 1153 06d3 44       		.byte	0x44
 1154 06d4 08       		.uleb128 0x8
 1155 06d5 723600   		.ascii	"r6\000"
 1156 06d8 02       		.byte	0x2
 1157 06d9 6E01     		.2byte	0x16e
 1158 06db B1050000 		.4byte	0x5b1
 1159 06df 48       		.byte	0x48
 1160 06e0 08       		.uleb128 0x8
 1161 06e1 723700   		.ascii	"r7\000"
 1162 06e4 02       		.byte	0x2
 1163 06e5 6F01     		.2byte	0x16f
 1164 06e7 B1050000 		.4byte	0x5b1
 1165 06eb 4C       		.byte	0x4c
 1166 06ec 08       		.uleb128 0x8
 1167 06ed 723800   		.ascii	"r8\000"
 1168 06f0 02       		.byte	0x2
 1169 06f1 7001     		.2byte	0x170
 1170 06f3 B1050000 		.4byte	0x5b1
 1171 06f7 50       		.byte	0x50
 1172 06f8 08       		.uleb128 0x8
 1173 06f9 723900   		.ascii	"r9\000"
 1174 06fc 02       		.byte	0x2
 1175 06fd 7101     		.2byte	0x171
 1176 06ff B1050000 		.4byte	0x5b1
 1177 0703 54       		.byte	0x54
 1178 0704 08       		.uleb128 0x8
 1179 0705 72313000 		.ascii	"r10\000"
 1180 0709 02       		.byte	0x2
 1181 070a 7201     		.2byte	0x172
 1182 070c B1050000 		.4byte	0x5b1
 1183 0710 58       		.byte	0x58
 1184 0711 08       		.uleb128 0x8
 1185 0712 72313100 		.ascii	"r11\000"
 1186 0716 02       		.byte	0x2
 1187 0717 7301     		.2byte	0x173
 1188 0719 B1050000 		.4byte	0x5b1
 1189 071d 5C       		.byte	0x5c
 1190 071e 08       		.uleb128 0x8
 1191 071f 6C7200   		.ascii	"lr\000"
 1192 0722 02       		.byte	0x2
 1193 0723 7401     		.2byte	0x174
 1194 0725 B1050000 		.4byte	0x5b1
 1195 0729 60       		.byte	0x60
 1196 072a 00       		.byte	0
 1197 072b 0A       		.uleb128 0xa
ARM GAS  /tmp/ccVEFvzq.s 			page 22


 1198 072c 04       		.byte	0x4
 1199 072d DF050000 		.4byte	0x5df
 1200 0731 15       		.uleb128 0x15
 1201 0732 04       		.byte	0x4
 1202 0733 0A       		.byte	0xa
 1203 0734 38       		.byte	0x38
 1204 0735 46070000 		.4byte	0x746
 1205 0739 06       		.uleb128 0x6
 1206 073a 1D060000 		.4byte	.LASF102
 1207 073e 0A       		.byte	0xa
 1208 073f 3C       		.byte	0x3c
 1209 0740 C3000000 		.4byte	0xc3
 1210 0744 00       		.byte	0
 1211 0745 00       		.byte	0
 1212 0746 04       		.uleb128 0x4
 1213 0747 56040000 		.4byte	.LASF103
 1214 074b 0A       		.byte	0xa
 1215 074c 3D       		.byte	0x3d
 1216 074d 31070000 		.4byte	0x731
 1217 0751 15       		.uleb128 0x15
 1218 0752 18       		.byte	0x18
 1219 0753 0A       		.byte	0xa
 1220 0754 48       		.byte	0x48
 1221 0755 94070000 		.4byte	0x794
 1222 0759 06       		.uleb128 0x6
 1223 075a 4F030000 		.4byte	.LASF104
 1224 075e 0A       		.byte	0xa
 1225 075f 49       		.byte	0x49
 1226 0760 C3000000 		.4byte	0xc3
 1227 0764 00       		.byte	0
 1228 0765 06       		.uleb128 0x6
 1229 0766 98000000 		.4byte	.LASF105
 1230 076a 0A       		.byte	0xa
 1231 076b 4A       		.byte	0x4a
 1232 076c C3000000 		.4byte	0xc3
 1233 0770 04       		.byte	0x4
 1234 0771 06       		.uleb128 0x6
 1235 0772 92030000 		.4byte	.LASF106
 1236 0776 0A       		.byte	0xa
 1237 0777 4B       		.byte	0x4b
 1238 0778 C3000000 		.4byte	0xc3
 1239 077c 08       		.byte	0x8
 1240 077d 07       		.uleb128 0x7
 1241 077e 6E00     		.ascii	"n\000"
 1242 0780 0A       		.byte	0xa
 1243 0781 4C       		.byte	0x4c
 1244 0782 26010000 		.4byte	0x126
 1245 0786 0C       		.byte	0xc
 1246 0787 06       		.uleb128 0x6
 1247 0788 97040000 		.4byte	.LASF107
 1248 078c 0A       		.byte	0xa
 1249 078d 4D       		.byte	0x4d
 1250 078e CE000000 		.4byte	0xce
 1251 0792 10       		.byte	0x10
 1252 0793 00       		.byte	0
 1253 0794 04       		.uleb128 0x4
 1254 0795 9E000000 		.4byte	.LASF108
ARM GAS  /tmp/ccVEFvzq.s 			page 23


 1255 0799 0A       		.byte	0xa
 1256 079a 4E       		.byte	0x4e
 1257 079b 51070000 		.4byte	0x751
 1258 079f 15       		.uleb128 0x15
 1259 07a0 38       		.byte	0x38
 1260 07a1 0B       		.byte	0xb
 1261 07a2 38       		.byte	0x38
 1262 07a3 D8070000 		.4byte	0x7d8
 1263 07a7 06       		.uleb128 0x6
 1264 07a8 3D030000 		.4byte	.LASF109
 1265 07ac 0B       		.byte	0xb
 1266 07ad 39       		.byte	0x39
 1267 07ae 26010000 		.4byte	0x126
 1268 07b2 00       		.byte	0
 1269 07b3 06       		.uleb128 0x6
 1270 07b4 EA040000 		.4byte	.LASF110
 1271 07b8 0B       		.byte	0xb
 1272 07b9 3A       		.byte	0x3a
 1273 07ba 26010000 		.4byte	0x126
 1274 07be 04       		.byte	0x4
 1275 07bf 06       		.uleb128 0x6
 1276 07c0 95060000 		.4byte	.LASF111
 1277 07c4 0B       		.byte	0xb
 1278 07c5 3B       		.byte	0x3b
 1279 07c6 94070000 		.4byte	0x794
 1280 07ca 08       		.byte	0x8
 1281 07cb 06       		.uleb128 0x6
 1282 07cc BB030000 		.4byte	.LASF112
 1283 07d0 0B       		.byte	0xb
 1284 07d1 3D       		.byte	0x3d
 1285 07d2 94070000 		.4byte	0x794
 1286 07d6 20       		.byte	0x20
 1287 07d7 00       		.byte	0
 1288 07d8 04       		.uleb128 0x4
 1289 07d9 67030000 		.4byte	.LASF113
 1290 07dd 0B       		.byte	0xb
 1291 07de 3F       		.byte	0x3f
 1292 07df 9F070000 		.4byte	0x79f
 1293 07e3 16       		.uleb128 0x16
 1294 07e4 04       		.byte	0x4
 1295 07e5 07       		.byte	0x7
 1296 07e6 D2       		.byte	0xd2
 1297 07e7 46080000 		.4byte	0x846
 1298 07eb 17       		.uleb128 0x17
 1299 07ec 19000000 		.4byte	.LASF114
 1300 07f0 07       		.byte	0x7
 1301 07f1 D9       		.byte	0xd9
 1302 07f2 05010000 		.4byte	0x105
 1303 07f6 17       		.uleb128 0x17
 1304 07f7 C8000000 		.4byte	.LASF115
 1305 07fb 07       		.byte	0x7
 1306 07fc E0       		.byte	0xe0
 1307 07fd 05010000 		.4byte	0x105
 1308 0801 17       		.uleb128 0x17
 1309 0802 6F060000 		.4byte	.LASF116
 1310 0806 07       		.byte	0x7
 1311 0807 E7       		.byte	0xe7
ARM GAS  /tmp/ccVEFvzq.s 			page 24


 1312 0808 1A030000 		.4byte	0x31a
 1313 080c 17       		.uleb128 0x17
 1314 080d 0D000000 		.4byte	.LASF117
 1315 0811 07       		.byte	0x7
 1316 0812 EE       		.byte	0xee
 1317 0813 46080000 		.4byte	0x846
 1318 0817 17       		.uleb128 0x17
 1319 0818 8D060000 		.4byte	.LASF118
 1320 081c 07       		.byte	0x7
 1321 081d F3       		.byte	0xf3
 1322 081e 05010000 		.4byte	0x105
 1323 0822 17       		.uleb128 0x17
 1324 0823 2D030000 		.4byte	.LASF119
 1325 0827 07       		.byte	0x7
 1326 0828 FC       		.byte	0xfc
 1327 0829 71080000 		.4byte	0x871
 1328 082d 18       		.uleb128 0x18
 1329 082e 96050000 		.4byte	.LASF120
 1330 0832 07       		.byte	0x7
 1331 0833 0501     		.2byte	0x105
 1332 0835 A8080000 		.4byte	0x8a8
 1333 0839 18       		.uleb128 0x18
 1334 083a 57050000 		.4byte	.LASF121
 1335 083e 07       		.byte	0x7
 1336 083f 0D01     		.2byte	0x10d
 1337 0841 10010000 		.4byte	0x110
 1338 0845 00       		.byte	0
 1339 0846 0A       		.uleb128 0xa
 1340 0847 04       		.byte	0x4
 1341 0848 32020000 		.4byte	0x232
 1342 084c 05       		.uleb128 0x5
 1343 084d 79050000 		.4byte	.LASF122
 1344 0851 0C       		.byte	0xc
 1345 0852 0C       		.byte	0xc
 1346 0853 34       		.byte	0x34
 1347 0854 71080000 		.4byte	0x871
 1348 0858 06       		.uleb128 0x6
 1349 0859 43030000 		.4byte	.LASF29
 1350 085d 0C       		.byte	0xc
 1351 085e 35       		.byte	0x35
 1352 085f 67020000 		.4byte	0x267
 1353 0863 00       		.byte	0
 1354 0864 07       		.uleb128 0x7
 1355 0865 636E7400 		.ascii	"cnt\000"
 1356 0869 0C       		.byte	0xc
 1357 086a 37       		.byte	0x37
 1358 086b 1B010000 		.4byte	0x11b
 1359 086f 08       		.byte	0x8
 1360 0870 00       		.byte	0
 1361 0871 0A       		.uleb128 0xa
 1362 0872 04       		.byte	0x4
 1363 0873 4C080000 		.4byte	0x84c
 1364 0877 05       		.uleb128 0x5
 1365 0878 4A060000 		.4byte	.LASF123
 1366 087c 10       		.byte	0x10
 1367 087d 0D       		.byte	0xd
 1368 087e 39       		.byte	0x39
ARM GAS  /tmp/ccVEFvzq.s 			page 25


 1369 087f A8080000 		.4byte	0x8a8
 1370 0883 06       		.uleb128 0x6
 1371 0884 43030000 		.4byte	.LASF29
 1372 0888 0D       		.byte	0xd
 1373 0889 3A       		.byte	0x3a
 1374 088a 67020000 		.4byte	0x267
 1375 088e 00       		.byte	0
 1376 088f 06       		.uleb128 0x6
 1377 0890 AD050000 		.4byte	.LASF124
 1378 0894 0D       		.byte	0xd
 1379 0895 3C       		.byte	0x3c
 1380 0896 3D020000 		.4byte	0x23d
 1381 089a 08       		.byte	0x8
 1382 089b 06       		.uleb128 0x6
 1383 089c 09010000 		.4byte	.LASF49
 1384 08a0 0D       		.byte	0xd
 1385 08a1 3E       		.byte	0x3e
 1386 08a2 DC080000 		.4byte	0x8dc
 1387 08a6 0C       		.byte	0xc
 1388 08a7 00       		.byte	0
 1389 08a8 0A       		.uleb128 0xa
 1390 08a9 04       		.byte	0x4
 1391 08aa 77080000 		.4byte	0x877
 1392 08ae 0A       		.uleb128 0xa
 1393 08af 04       		.byte	0x4
 1394 08b0 B4080000 		.4byte	0x8b4
 1395 08b4 10       		.uleb128 0x10
 1396 08b5 B9080000 		.4byte	0x8b9
 1397 08b9 03       		.uleb128 0x3
 1398 08ba 01       		.byte	0x1
 1399 08bb 08       		.byte	0x8
 1400 08bc D2050000 		.4byte	.LASF125
 1401 08c0 0A       		.uleb128 0xa
 1402 08c1 04       		.byte	0x4
 1403 08c2 BC050000 		.4byte	0x5bc
 1404 08c6 0A       		.uleb128 0xa
 1405 08c7 04       		.byte	0x4
 1406 08c8 1C030000 		.4byte	0x31c
 1407 08cc 0F       		.uleb128 0xf
 1408 08cd AE080000 		.4byte	0x8ae
 1409 08d1 04       		.uleb128 0x4
 1410 08d2 FB010000 		.4byte	.LASF126
 1411 08d6 0D       		.byte	0xd
 1412 08d7 34       		.byte	0x34
 1413 08d8 77080000 		.4byte	0x877
 1414 08dc 0A       		.uleb128 0xa
 1415 08dd 04       		.byte	0x4
 1416 08de D1080000 		.4byte	0x8d1
 1417 08e2 03       		.uleb128 0x3
 1418 08e3 01       		.byte	0x1
 1419 08e4 02       		.byte	0x2
 1420 08e5 B3050000 		.4byte	.LASF127
 1421 08e9 19       		.uleb128 0x19
 1422 08ea E6050000 		.4byte	.LASF139
 1423 08ee 02       		.byte	0x2
 1424 08ef C202     		.2byte	0x2c2
 1425 08f1 C3000000 		.4byte	0xc3
ARM GAS  /tmp/ccVEFvzq.s 			page 26


 1426 08f5 03       		.byte	0x3
 1427 08f6 1A       		.uleb128 0x1a
 1428 08f7 FA000000 		.4byte	.LASF128
 1429 08fb 01       		.byte	0x1
 1430 08fc 61       		.byte	0x61
 1431 08fd 00000000 		.4byte	.LFB248
 1432 0901 18000000 		.4byte	.LFE248-.LFB248
 1433 0905 01       		.uleb128 0x1
 1434 0906 9C       		.byte	0x9c
 1435 0907 19090000 		.4byte	0x919
 1436 090b 1B       		.uleb128 0x1b
 1437 090c 746D7000 		.ascii	"tmp\000"
 1438 0910 01       		.byte	0x1
 1439 0911 61       		.byte	0x61
 1440 0912 19090000 		.4byte	0x919
 1441 0916 01       		.uleb128 0x1
 1442 0917 50       		.byte	0x50
 1443 0918 00       		.byte	0
 1444 0919 0A       		.uleb128 0xa
 1445 091a 04       		.byte	0x4
 1446 091b 94070000 		.4byte	0x794
 1447 091f 1A       		.uleb128 0x1a
 1448 0920 78010000 		.4byte	.LASF129
 1449 0924 01       		.byte	0x1
 1450 0925 72       		.byte	0x72
 1451 0926 00000000 		.4byte	.LFB249
 1452 092a 0C000000 		.4byte	.LFE249-.LFB249
 1453 092e 01       		.uleb128 0x1
 1454 092f 9C       		.byte	0x9c
 1455 0930 51090000 		.4byte	0x951
 1456 0934 1B       		.uleb128 0x1b
 1457 0935 746D7000 		.ascii	"tmp\000"
 1458 0939 01       		.byte	0x1
 1459 093a 72       		.byte	0x72
 1460 093b 19090000 		.4byte	0x919
 1461 093f 01       		.uleb128 0x1
 1462 0940 50       		.byte	0x50
 1463 0941 1C       		.uleb128 0x1c
 1464 0942 E9080000 		.4byte	0x8e9
 1465 0946 00000000 		.4byte	.LBB8
 1466 094a 04000000 		.4byte	.LBE8-.LBB8
 1467 094e 01       		.byte	0x1
 1468 094f 74       		.byte	0x74
 1469 0950 00       		.byte	0
 1470 0951 1D       		.uleb128 0x1d
 1471 0952 DC000000 		.4byte	.LASF140
 1472 0956 01       		.byte	0x1
 1473 0957 35       		.byte	0x35
 1474 0958 03       		.byte	0x3
 1475 0959 7F090000 		.4byte	0x97f
 1476 095d 1E       		.uleb128 0x1e
 1477 095e 746D7000 		.ascii	"tmp\000"
 1478 0962 01       		.byte	0x1
 1479 0963 35       		.byte	0x35
 1480 0964 19090000 		.4byte	0x919
 1481 0968 1E       		.uleb128 0x1e
 1482 0969 6E6F7700 		.ascii	"now\000"
ARM GAS  /tmp/ccVEFvzq.s 			page 27


 1483 096d 01       		.byte	0x1
 1484 096e 36       		.byte	0x36
 1485 096f C3000000 		.4byte	0xc3
 1486 0973 1F       		.uleb128 0x1f
 1487 0974 1D060000 		.4byte	.LASF102
 1488 0978 01       		.byte	0x1
 1489 0979 37       		.byte	0x37
 1490 097a C3000000 		.4byte	0xc3
 1491 097e 00       		.byte	0
 1492 097f 1A       		.uleb128 0x1a
 1493 0980 94010000 		.4byte	.LASF130
 1494 0984 01       		.byte	0x1
 1495 0985 7F       		.byte	0x7f
 1496 0986 00000000 		.4byte	.LFB250
 1497 098a 44000000 		.4byte	.LFE250-.LFB250
 1498 098e 01       		.uleb128 0x1
 1499 098f 9C       		.byte	0x9c
 1500 0990 DA090000 		.4byte	0x9da
 1501 0994 1B       		.uleb128 0x1b
 1502 0995 746D7000 		.ascii	"tmp\000"
 1503 0999 01       		.byte	0x1
 1504 099a 7F       		.byte	0x7f
 1505 099b 19090000 		.4byte	0x919
 1506 099f 01       		.uleb128 0x1
 1507 09a0 50       		.byte	0x50
 1508 09a1 20       		.uleb128 0x20
 1509 09a2 E9080000 		.4byte	0x8e9
 1510 09a6 00000000 		.4byte	.LBB14
 1511 09aa 00000000 		.4byte	.Ldebug_ranges0+0
 1512 09ae 01       		.byte	0x1
 1513 09af 81       		.byte	0x81
 1514 09b0 21       		.uleb128 0x21
 1515 09b1 51090000 		.4byte	0x951
 1516 09b5 02000000 		.4byte	.LBB17
 1517 09b9 18000000 		.4byte	.Ldebug_ranges0+0x18
 1518 09bd 01       		.byte	0x1
 1519 09be 81       		.byte	0x81
 1520 09bf 22       		.uleb128 0x22
 1521 09c0 73090000 		.4byte	0x973
 1522 09c4 00000000 		.4byte	.LLST0
 1523 09c8 22       		.uleb128 0x22
 1524 09c9 68090000 		.4byte	0x968
 1525 09cd 13000000 		.4byte	.LLST1
 1526 09d1 23       		.uleb128 0x23
 1527 09d2 5D090000 		.4byte	0x95d
 1528 09d6 01       		.uleb128 0x1
 1529 09d7 50       		.byte	0x50
 1530 09d8 00       		.byte	0
 1531 09d9 00       		.byte	0
 1532 09da 1A       		.uleb128 0x1a
 1533 09db 34030000 		.4byte	.LASF131
 1534 09df 01       		.byte	0x1
 1535 09e0 4D       		.byte	0x4d
 1536 09e1 00000000 		.4byte	.LFB247
 1537 09e5 2C000000 		.4byte	.LFE247-.LFB247
 1538 09e9 01       		.uleb128 0x1
 1539 09ea 9C       		.byte	0x9c
ARM GAS  /tmp/ccVEFvzq.s 			page 28


 1540 09eb 350A0000 		.4byte	0xa35
 1541 09ef 24       		.uleb128 0x24
 1542 09f0 746D00   		.ascii	"tm\000"
 1543 09f3 01       		.byte	0x1
 1544 09f4 4E       		.byte	0x4e
 1545 09f5 94070000 		.4byte	0x794
 1546 09f9 02       		.uleb128 0x2
 1547 09fa 91       		.byte	0x91
 1548 09fb 60       		.sleb128 -32
 1549 09fc 25       		.uleb128 0x25
 1550 09fd 12000000 		.4byte	.LVL6
 1551 0a01 F6080000 		.4byte	0x8f6
 1552 0a05 100A0000 		.4byte	0xa10
 1553 0a09 26       		.uleb128 0x26
 1554 0a0a 01       		.uleb128 0x1
 1555 0a0b 50       		.byte	0x50
 1556 0a0c 02       		.uleb128 0x2
 1557 0a0d 7D       		.byte	0x7d
 1558 0a0e 00       		.sleb128 0
 1559 0a0f 00       		.byte	0
 1560 0a10 25       		.uleb128 0x25
 1561 0a11 18000000 		.4byte	.LVL7
 1562 0a15 1F090000 		.4byte	0x91f
 1563 0a19 240A0000 		.4byte	0xa24
 1564 0a1d 26       		.uleb128 0x26
 1565 0a1e 01       		.uleb128 0x1
 1566 0a1f 50       		.byte	0x50
 1567 0a20 02       		.uleb128 0x2
 1568 0a21 7D       		.byte	0x7d
 1569 0a22 00       		.sleb128 0
 1570 0a23 00       		.byte	0
 1571 0a24 27       		.uleb128 0x27
 1572 0a25 1E000000 		.4byte	.LVL8
 1573 0a29 7F090000 		.4byte	0x97f
 1574 0a2d 26       		.uleb128 0x26
 1575 0a2e 01       		.uleb128 0x1
 1576 0a2f 50       		.byte	0x50
 1577 0a30 02       		.uleb128 0x2
 1578 0a31 7D       		.byte	0x7d
 1579 0a32 00       		.sleb128 0
 1580 0a33 00       		.byte	0
 1581 0a34 00       		.byte	0
 1582 0a35 1A       		.uleb128 0x1a
 1583 0a36 EA030000 		.4byte	.LASF132
 1584 0a3a 01       		.byte	0x1
 1585 0a3b 90       		.byte	0x90
 1586 0a3c 00000000 		.4byte	.LFB251
 1587 0a40 38000000 		.4byte	.LFE251-.LFB251
 1588 0a44 01       		.uleb128 0x1
 1589 0a45 9C       		.byte	0x9c
 1590 0a46 9A0A0000 		.4byte	0xa9a
 1591 0a4a 28       		.uleb128 0x28
 1592 0a4b 17010000 		.4byte	.LASF133
 1593 0a4f 01       		.byte	0x1
 1594 0a50 90       		.byte	0x90
 1595 0a51 19090000 		.4byte	0x919
 1596 0a55 01       		.uleb128 0x1
ARM GAS  /tmp/ccVEFvzq.s 			page 29


 1597 0a56 50       		.byte	0x50
 1598 0a57 28       		.uleb128 0x28
 1599 0a58 1C010000 		.4byte	.LASF134
 1600 0a5c 01       		.byte	0x1
 1601 0a5d 91       		.byte	0x91
 1602 0a5e 19090000 		.4byte	0x919
 1603 0a62 01       		.uleb128 0x1
 1604 0a63 51       		.byte	0x51
 1605 0a64 20       		.uleb128 0x20
 1606 0a65 E9080000 		.4byte	0x8e9
 1607 0a69 00000000 		.4byte	.LBB26
 1608 0a6d 30000000 		.4byte	.Ldebug_ranges0+0x30
 1609 0a71 01       		.byte	0x1
 1610 0a72 94       		.byte	0x94
 1611 0a73 21       		.uleb128 0x21
 1612 0a74 51090000 		.4byte	0x951
 1613 0a78 02000000 		.4byte	.LBB29
 1614 0a7c 48000000 		.4byte	.Ldebug_ranges0+0x48
 1615 0a80 01       		.byte	0x1
 1616 0a81 97       		.byte	0x97
 1617 0a82 29       		.uleb128 0x29
 1618 0a83 73090000 		.4byte	0x973
 1619 0a87 00       		.byte	0
 1620 0a88 22       		.uleb128 0x22
 1621 0a89 68090000 		.4byte	0x968
 1622 0a8d 26000000 		.4byte	.LLST2
 1623 0a91 23       		.uleb128 0x23
 1624 0a92 5D090000 		.4byte	0x95d
 1625 0a96 01       		.uleb128 0x1
 1626 0a97 50       		.byte	0x50
 1627 0a98 00       		.byte	0
 1628 0a99 00       		.byte	0
 1629 0a9a 2A       		.uleb128 0x2a
 1630 0a9b 0F050000 		.4byte	.LASF135
 1631 0a9f 08       		.byte	0x8
 1632 0aa0 4407     		.2byte	0x744
 1633 0aa2 A60A0000 		.4byte	0xaa6
 1634 0aa6 0F       		.uleb128 0xf
 1635 0aa7 A2000000 		.4byte	0xa2
 1636 0aab 2B       		.uleb128 0x2b
 1637 0aac 636800   		.ascii	"ch\000"
 1638 0aaf 07       		.byte	0x7
 1639 0ab0 D201     		.2byte	0x1d2
 1640 0ab2 E9030000 		.4byte	0x3e9
 1641 0ab6 00       		.byte	0
 1642              		.section	.debug_abbrev,"",%progbits
 1643              	.Ldebug_abbrev0:
 1644 0000 01       		.uleb128 0x1
 1645 0001 11       		.uleb128 0x11
 1646 0002 01       		.byte	0x1
 1647 0003 25       		.uleb128 0x25
 1648 0004 0E       		.uleb128 0xe
 1649 0005 13       		.uleb128 0x13
 1650 0006 0B       		.uleb128 0xb
 1651 0007 03       		.uleb128 0x3
 1652 0008 0E       		.uleb128 0xe
 1653 0009 1B       		.uleb128 0x1b
ARM GAS  /tmp/ccVEFvzq.s 			page 30


 1654 000a 0E       		.uleb128 0xe
 1655 000b 55       		.uleb128 0x55
 1656 000c 17       		.uleb128 0x17
 1657 000d 11       		.uleb128 0x11
 1658 000e 01       		.uleb128 0x1
 1659 000f 10       		.uleb128 0x10
 1660 0010 17       		.uleb128 0x17
 1661 0011 00       		.byte	0
 1662 0012 00       		.byte	0
 1663 0013 02       		.uleb128 0x2
 1664 0014 24       		.uleb128 0x24
 1665 0015 00       		.byte	0
 1666 0016 0B       		.uleb128 0xb
 1667 0017 0B       		.uleb128 0xb
 1668 0018 3E       		.uleb128 0x3e
 1669 0019 0B       		.uleb128 0xb
 1670 001a 03       		.uleb128 0x3
 1671 001b 08       		.uleb128 0x8
 1672 001c 00       		.byte	0
 1673 001d 00       		.byte	0
 1674 001e 03       		.uleb128 0x3
 1675 001f 24       		.uleb128 0x24
 1676 0020 00       		.byte	0
 1677 0021 0B       		.uleb128 0xb
 1678 0022 0B       		.uleb128 0xb
 1679 0023 3E       		.uleb128 0x3e
 1680 0024 0B       		.uleb128 0xb
 1681 0025 03       		.uleb128 0x3
 1682 0026 0E       		.uleb128 0xe
 1683 0027 00       		.byte	0
 1684 0028 00       		.byte	0
 1685 0029 04       		.uleb128 0x4
 1686 002a 16       		.uleb128 0x16
 1687 002b 00       		.byte	0
 1688 002c 03       		.uleb128 0x3
 1689 002d 0E       		.uleb128 0xe
 1690 002e 3A       		.uleb128 0x3a
 1691 002f 0B       		.uleb128 0xb
 1692 0030 3B       		.uleb128 0x3b
 1693 0031 0B       		.uleb128 0xb
 1694 0032 49       		.uleb128 0x49
 1695 0033 13       		.uleb128 0x13
 1696 0034 00       		.byte	0
 1697 0035 00       		.byte	0
 1698 0036 05       		.uleb128 0x5
 1699 0037 13       		.uleb128 0x13
 1700 0038 01       		.byte	0x1
 1701 0039 03       		.uleb128 0x3
 1702 003a 0E       		.uleb128 0xe
 1703 003b 0B       		.uleb128 0xb
 1704 003c 0B       		.uleb128 0xb
 1705 003d 3A       		.uleb128 0x3a
 1706 003e 0B       		.uleb128 0xb
 1707 003f 3B       		.uleb128 0x3b
 1708 0040 0B       		.uleb128 0xb
 1709 0041 01       		.uleb128 0x1
 1710 0042 13       		.uleb128 0x13
ARM GAS  /tmp/ccVEFvzq.s 			page 31


 1711 0043 00       		.byte	0
 1712 0044 00       		.byte	0
 1713 0045 06       		.uleb128 0x6
 1714 0046 0D       		.uleb128 0xd
 1715 0047 00       		.byte	0
 1716 0048 03       		.uleb128 0x3
 1717 0049 0E       		.uleb128 0xe
 1718 004a 3A       		.uleb128 0x3a
 1719 004b 0B       		.uleb128 0xb
 1720 004c 3B       		.uleb128 0x3b
 1721 004d 0B       		.uleb128 0xb
 1722 004e 49       		.uleb128 0x49
 1723 004f 13       		.uleb128 0x13
 1724 0050 38       		.uleb128 0x38
 1725 0051 0B       		.uleb128 0xb
 1726 0052 00       		.byte	0
 1727 0053 00       		.byte	0
 1728 0054 07       		.uleb128 0x7
 1729 0055 0D       		.uleb128 0xd
 1730 0056 00       		.byte	0
 1731 0057 03       		.uleb128 0x3
 1732 0058 08       		.uleb128 0x8
 1733 0059 3A       		.uleb128 0x3a
 1734 005a 0B       		.uleb128 0xb
 1735 005b 3B       		.uleb128 0x3b
 1736 005c 0B       		.uleb128 0xb
 1737 005d 49       		.uleb128 0x49
 1738 005e 13       		.uleb128 0x13
 1739 005f 38       		.uleb128 0x38
 1740 0060 0B       		.uleb128 0xb
 1741 0061 00       		.byte	0
 1742 0062 00       		.byte	0
 1743 0063 08       		.uleb128 0x8
 1744 0064 0D       		.uleb128 0xd
 1745 0065 00       		.byte	0
 1746 0066 03       		.uleb128 0x3
 1747 0067 08       		.uleb128 0x8
 1748 0068 3A       		.uleb128 0x3a
 1749 0069 0B       		.uleb128 0xb
 1750 006a 3B       		.uleb128 0x3b
 1751 006b 05       		.uleb128 0x5
 1752 006c 49       		.uleb128 0x49
 1753 006d 13       		.uleb128 0x13
 1754 006e 38       		.uleb128 0x38
 1755 006f 0B       		.uleb128 0xb
 1756 0070 00       		.byte	0
 1757 0071 00       		.byte	0
 1758 0072 09       		.uleb128 0x9
 1759 0073 0D       		.uleb128 0xd
 1760 0074 00       		.byte	0
 1761 0075 03       		.uleb128 0x3
 1762 0076 0E       		.uleb128 0xe
 1763 0077 3A       		.uleb128 0x3a
 1764 0078 0B       		.uleb128 0xb
 1765 0079 3B       		.uleb128 0x3b
 1766 007a 05       		.uleb128 0x5
 1767 007b 49       		.uleb128 0x49
ARM GAS  /tmp/ccVEFvzq.s 			page 32


 1768 007c 13       		.uleb128 0x13
 1769 007d 38       		.uleb128 0x38
 1770 007e 0B       		.uleb128 0xb
 1771 007f 00       		.byte	0
 1772 0080 00       		.byte	0
 1773 0081 0A       		.uleb128 0xa
 1774 0082 0F       		.uleb128 0xf
 1775 0083 00       		.byte	0
 1776 0084 0B       		.uleb128 0xb
 1777 0085 0B       		.uleb128 0xb
 1778 0086 49       		.uleb128 0x49
 1779 0087 13       		.uleb128 0x13
 1780 0088 00       		.byte	0
 1781 0089 00       		.byte	0
 1782 008a 0B       		.uleb128 0xb
 1783 008b 13       		.uleb128 0x13
 1784 008c 01       		.byte	0x1
 1785 008d 03       		.uleb128 0x3
 1786 008e 0E       		.uleb128 0xe
 1787 008f 0B       		.uleb128 0xb
 1788 0090 0B       		.uleb128 0xb
 1789 0091 3A       		.uleb128 0x3a
 1790 0092 0B       		.uleb128 0xb
 1791 0093 3B       		.uleb128 0x3b
 1792 0094 05       		.uleb128 0x5
 1793 0095 01       		.uleb128 0x1
 1794 0096 13       		.uleb128 0x13
 1795 0097 00       		.byte	0
 1796 0098 00       		.byte	0
 1797 0099 0C       		.uleb128 0xc
 1798 009a 15       		.uleb128 0x15
 1799 009b 01       		.byte	0x1
 1800 009c 27       		.uleb128 0x27
 1801 009d 19       		.uleb128 0x19
 1802 009e 01       		.uleb128 0x1
 1803 009f 13       		.uleb128 0x13
 1804 00a0 00       		.byte	0
 1805 00a1 00       		.byte	0
 1806 00a2 0D       		.uleb128 0xd
 1807 00a3 05       		.uleb128 0x5
 1808 00a4 00       		.byte	0
 1809 00a5 49       		.uleb128 0x49
 1810 00a6 13       		.uleb128 0x13
 1811 00a7 00       		.byte	0
 1812 00a8 00       		.byte	0
 1813 00a9 0E       		.uleb128 0xe
 1814 00aa 0F       		.uleb128 0xf
 1815 00ab 00       		.byte	0
 1816 00ac 0B       		.uleb128 0xb
 1817 00ad 0B       		.uleb128 0xb
 1818 00ae 00       		.byte	0
 1819 00af 00       		.byte	0
 1820 00b0 0F       		.uleb128 0xf
 1821 00b1 35       		.uleb128 0x35
 1822 00b2 00       		.byte	0
 1823 00b3 49       		.uleb128 0x49
 1824 00b4 13       		.uleb128 0x13
ARM GAS  /tmp/ccVEFvzq.s 			page 33


 1825 00b5 00       		.byte	0
 1826 00b6 00       		.byte	0
 1827 00b7 10       		.uleb128 0x10
 1828 00b8 26       		.uleb128 0x26
 1829 00b9 00       		.byte	0
 1830 00ba 49       		.uleb128 0x49
 1831 00bb 13       		.uleb128 0x13
 1832 00bc 00       		.byte	0
 1833 00bd 00       		.byte	0
 1834 00be 11       		.uleb128 0x11
 1835 00bf 01       		.uleb128 0x1
 1836 00c0 01       		.byte	0x1
 1837 00c1 49       		.uleb128 0x49
 1838 00c2 13       		.uleb128 0x13
 1839 00c3 01       		.uleb128 0x1
 1840 00c4 13       		.uleb128 0x13
 1841 00c5 00       		.byte	0
 1842 00c6 00       		.byte	0
 1843 00c7 12       		.uleb128 0x12
 1844 00c8 21       		.uleb128 0x21
 1845 00c9 00       		.byte	0
 1846 00ca 49       		.uleb128 0x49
 1847 00cb 13       		.uleb128 0x13
 1848 00cc 2F       		.uleb128 0x2f
 1849 00cd 0B       		.uleb128 0xb
 1850 00ce 00       		.byte	0
 1851 00cf 00       		.byte	0
 1852 00d0 13       		.uleb128 0x13
 1853 00d1 13       		.uleb128 0x13
 1854 00d2 01       		.byte	0x1
 1855 00d3 0B       		.uleb128 0xb
 1856 00d4 0B       		.uleb128 0xb
 1857 00d5 3A       		.uleb128 0x3a
 1858 00d6 0B       		.uleb128 0xb
 1859 00d7 3B       		.uleb128 0x3b
 1860 00d8 05       		.uleb128 0x5
 1861 00d9 01       		.uleb128 0x1
 1862 00da 13       		.uleb128 0x13
 1863 00db 00       		.byte	0
 1864 00dc 00       		.byte	0
 1865 00dd 14       		.uleb128 0x14
 1866 00de 16       		.uleb128 0x16
 1867 00df 00       		.byte	0
 1868 00e0 03       		.uleb128 0x3
 1869 00e1 0E       		.uleb128 0xe
 1870 00e2 3A       		.uleb128 0x3a
 1871 00e3 0B       		.uleb128 0xb
 1872 00e4 3B       		.uleb128 0x3b
 1873 00e5 05       		.uleb128 0x5
 1874 00e6 49       		.uleb128 0x49
 1875 00e7 13       		.uleb128 0x13
 1876 00e8 00       		.byte	0
 1877 00e9 00       		.byte	0
 1878 00ea 15       		.uleb128 0x15
 1879 00eb 13       		.uleb128 0x13
 1880 00ec 01       		.byte	0x1
 1881 00ed 0B       		.uleb128 0xb
ARM GAS  /tmp/ccVEFvzq.s 			page 34


 1882 00ee 0B       		.uleb128 0xb
 1883 00ef 3A       		.uleb128 0x3a
 1884 00f0 0B       		.uleb128 0xb
 1885 00f1 3B       		.uleb128 0x3b
 1886 00f2 0B       		.uleb128 0xb
 1887 00f3 01       		.uleb128 0x1
 1888 00f4 13       		.uleb128 0x13
 1889 00f5 00       		.byte	0
 1890 00f6 00       		.byte	0
 1891 00f7 16       		.uleb128 0x16
 1892 00f8 17       		.uleb128 0x17
 1893 00f9 01       		.byte	0x1
 1894 00fa 0B       		.uleb128 0xb
 1895 00fb 0B       		.uleb128 0xb
 1896 00fc 3A       		.uleb128 0x3a
 1897 00fd 0B       		.uleb128 0xb
 1898 00fe 3B       		.uleb128 0x3b
 1899 00ff 0B       		.uleb128 0xb
 1900 0100 01       		.uleb128 0x1
 1901 0101 13       		.uleb128 0x13
 1902 0102 00       		.byte	0
 1903 0103 00       		.byte	0
 1904 0104 17       		.uleb128 0x17
 1905 0105 0D       		.uleb128 0xd
 1906 0106 00       		.byte	0
 1907 0107 03       		.uleb128 0x3
 1908 0108 0E       		.uleb128 0xe
 1909 0109 3A       		.uleb128 0x3a
 1910 010a 0B       		.uleb128 0xb
 1911 010b 3B       		.uleb128 0x3b
 1912 010c 0B       		.uleb128 0xb
 1913 010d 49       		.uleb128 0x49
 1914 010e 13       		.uleb128 0x13
 1915 010f 00       		.byte	0
 1916 0110 00       		.byte	0
 1917 0111 18       		.uleb128 0x18
 1918 0112 0D       		.uleb128 0xd
 1919 0113 00       		.byte	0
 1920 0114 03       		.uleb128 0x3
 1921 0115 0E       		.uleb128 0xe
 1922 0116 3A       		.uleb128 0x3a
 1923 0117 0B       		.uleb128 0xb
 1924 0118 3B       		.uleb128 0x3b
 1925 0119 05       		.uleb128 0x5
 1926 011a 49       		.uleb128 0x49
 1927 011b 13       		.uleb128 0x13
 1928 011c 00       		.byte	0
 1929 011d 00       		.byte	0
 1930 011e 19       		.uleb128 0x19
 1931 011f 2E       		.uleb128 0x2e
 1932 0120 00       		.byte	0
 1933 0121 03       		.uleb128 0x3
 1934 0122 0E       		.uleb128 0xe
 1935 0123 3A       		.uleb128 0x3a
 1936 0124 0B       		.uleb128 0xb
 1937 0125 3B       		.uleb128 0x3b
 1938 0126 05       		.uleb128 0x5
ARM GAS  /tmp/ccVEFvzq.s 			page 35


 1939 0127 27       		.uleb128 0x27
 1940 0128 19       		.uleb128 0x19
 1941 0129 49       		.uleb128 0x49
 1942 012a 13       		.uleb128 0x13
 1943 012b 20       		.uleb128 0x20
 1944 012c 0B       		.uleb128 0xb
 1945 012d 00       		.byte	0
 1946 012e 00       		.byte	0
 1947 012f 1A       		.uleb128 0x1a
 1948 0130 2E       		.uleb128 0x2e
 1949 0131 01       		.byte	0x1
 1950 0132 3F       		.uleb128 0x3f
 1951 0133 19       		.uleb128 0x19
 1952 0134 03       		.uleb128 0x3
 1953 0135 0E       		.uleb128 0xe
 1954 0136 3A       		.uleb128 0x3a
 1955 0137 0B       		.uleb128 0xb
 1956 0138 3B       		.uleb128 0x3b
 1957 0139 0B       		.uleb128 0xb
 1958 013a 27       		.uleb128 0x27
 1959 013b 19       		.uleb128 0x19
 1960 013c 11       		.uleb128 0x11
 1961 013d 01       		.uleb128 0x1
 1962 013e 12       		.uleb128 0x12
 1963 013f 06       		.uleb128 0x6
 1964 0140 40       		.uleb128 0x40
 1965 0141 18       		.uleb128 0x18
 1966 0142 9742     		.uleb128 0x2117
 1967 0144 19       		.uleb128 0x19
 1968 0145 01       		.uleb128 0x1
 1969 0146 13       		.uleb128 0x13
 1970 0147 00       		.byte	0
 1971 0148 00       		.byte	0
 1972 0149 1B       		.uleb128 0x1b
 1973 014a 05       		.uleb128 0x5
 1974 014b 00       		.byte	0
 1975 014c 03       		.uleb128 0x3
 1976 014d 08       		.uleb128 0x8
 1977 014e 3A       		.uleb128 0x3a
 1978 014f 0B       		.uleb128 0xb
 1979 0150 3B       		.uleb128 0x3b
 1980 0151 0B       		.uleb128 0xb
 1981 0152 49       		.uleb128 0x49
 1982 0153 13       		.uleb128 0x13
 1983 0154 02       		.uleb128 0x2
 1984 0155 18       		.uleb128 0x18
 1985 0156 00       		.byte	0
 1986 0157 00       		.byte	0
 1987 0158 1C       		.uleb128 0x1c
 1988 0159 1D       		.uleb128 0x1d
 1989 015a 00       		.byte	0
 1990 015b 31       		.uleb128 0x31
 1991 015c 13       		.uleb128 0x13
 1992 015d 11       		.uleb128 0x11
 1993 015e 01       		.uleb128 0x1
 1994 015f 12       		.uleb128 0x12
 1995 0160 06       		.uleb128 0x6
ARM GAS  /tmp/ccVEFvzq.s 			page 36


 1996 0161 58       		.uleb128 0x58
 1997 0162 0B       		.uleb128 0xb
 1998 0163 59       		.uleb128 0x59
 1999 0164 0B       		.uleb128 0xb
 2000 0165 00       		.byte	0
 2001 0166 00       		.byte	0
 2002 0167 1D       		.uleb128 0x1d
 2003 0168 2E       		.uleb128 0x2e
 2004 0169 01       		.byte	0x1
 2005 016a 03       		.uleb128 0x3
 2006 016b 0E       		.uleb128 0xe
 2007 016c 3A       		.uleb128 0x3a
 2008 016d 0B       		.uleb128 0xb
 2009 016e 3B       		.uleb128 0x3b
 2010 016f 0B       		.uleb128 0xb
 2011 0170 27       		.uleb128 0x27
 2012 0171 19       		.uleb128 0x19
 2013 0172 20       		.uleb128 0x20
 2014 0173 0B       		.uleb128 0xb
 2015 0174 01       		.uleb128 0x1
 2016 0175 13       		.uleb128 0x13
 2017 0176 00       		.byte	0
 2018 0177 00       		.byte	0
 2019 0178 1E       		.uleb128 0x1e
 2020 0179 05       		.uleb128 0x5
 2021 017a 00       		.byte	0
 2022 017b 03       		.uleb128 0x3
 2023 017c 08       		.uleb128 0x8
 2024 017d 3A       		.uleb128 0x3a
 2025 017e 0B       		.uleb128 0xb
 2026 017f 3B       		.uleb128 0x3b
 2027 0180 0B       		.uleb128 0xb
 2028 0181 49       		.uleb128 0x49
 2029 0182 13       		.uleb128 0x13
 2030 0183 00       		.byte	0
 2031 0184 00       		.byte	0
 2032 0185 1F       		.uleb128 0x1f
 2033 0186 05       		.uleb128 0x5
 2034 0187 00       		.byte	0
 2035 0188 03       		.uleb128 0x3
 2036 0189 0E       		.uleb128 0xe
 2037 018a 3A       		.uleb128 0x3a
 2038 018b 0B       		.uleb128 0xb
 2039 018c 3B       		.uleb128 0x3b
 2040 018d 0B       		.uleb128 0xb
 2041 018e 49       		.uleb128 0x49
 2042 018f 13       		.uleb128 0x13
 2043 0190 00       		.byte	0
 2044 0191 00       		.byte	0
 2045 0192 20       		.uleb128 0x20
 2046 0193 1D       		.uleb128 0x1d
 2047 0194 00       		.byte	0
 2048 0195 31       		.uleb128 0x31
 2049 0196 13       		.uleb128 0x13
 2050 0197 52       		.uleb128 0x52
 2051 0198 01       		.uleb128 0x1
 2052 0199 55       		.uleb128 0x55
ARM GAS  /tmp/ccVEFvzq.s 			page 37


 2053 019a 17       		.uleb128 0x17
 2054 019b 58       		.uleb128 0x58
 2055 019c 0B       		.uleb128 0xb
 2056 019d 59       		.uleb128 0x59
 2057 019e 0B       		.uleb128 0xb
 2058 019f 00       		.byte	0
 2059 01a0 00       		.byte	0
 2060 01a1 21       		.uleb128 0x21
 2061 01a2 1D       		.uleb128 0x1d
 2062 01a3 01       		.byte	0x1
 2063 01a4 31       		.uleb128 0x31
 2064 01a5 13       		.uleb128 0x13
 2065 01a6 52       		.uleb128 0x52
 2066 01a7 01       		.uleb128 0x1
 2067 01a8 55       		.uleb128 0x55
 2068 01a9 17       		.uleb128 0x17
 2069 01aa 58       		.uleb128 0x58
 2070 01ab 0B       		.uleb128 0xb
 2071 01ac 59       		.uleb128 0x59
 2072 01ad 0B       		.uleb128 0xb
 2073 01ae 00       		.byte	0
 2074 01af 00       		.byte	0
 2075 01b0 22       		.uleb128 0x22
 2076 01b1 05       		.uleb128 0x5
 2077 01b2 00       		.byte	0
 2078 01b3 31       		.uleb128 0x31
 2079 01b4 13       		.uleb128 0x13
 2080 01b5 02       		.uleb128 0x2
 2081 01b6 17       		.uleb128 0x17
 2082 01b7 00       		.byte	0
 2083 01b8 00       		.byte	0
 2084 01b9 23       		.uleb128 0x23
 2085 01ba 05       		.uleb128 0x5
 2086 01bb 00       		.byte	0
 2087 01bc 31       		.uleb128 0x31
 2088 01bd 13       		.uleb128 0x13
 2089 01be 02       		.uleb128 0x2
 2090 01bf 18       		.uleb128 0x18
 2091 01c0 00       		.byte	0
 2092 01c1 00       		.byte	0
 2093 01c2 24       		.uleb128 0x24
 2094 01c3 34       		.uleb128 0x34
 2095 01c4 00       		.byte	0
 2096 01c5 03       		.uleb128 0x3
 2097 01c6 08       		.uleb128 0x8
 2098 01c7 3A       		.uleb128 0x3a
 2099 01c8 0B       		.uleb128 0xb
 2100 01c9 3B       		.uleb128 0x3b
 2101 01ca 0B       		.uleb128 0xb
 2102 01cb 49       		.uleb128 0x49
 2103 01cc 13       		.uleb128 0x13
 2104 01cd 02       		.uleb128 0x2
 2105 01ce 18       		.uleb128 0x18
 2106 01cf 00       		.byte	0
 2107 01d0 00       		.byte	0
 2108 01d1 25       		.uleb128 0x25
 2109 01d2 898201   		.uleb128 0x4109
ARM GAS  /tmp/ccVEFvzq.s 			page 38


 2110 01d5 01       		.byte	0x1
 2111 01d6 11       		.uleb128 0x11
 2112 01d7 01       		.uleb128 0x1
 2113 01d8 31       		.uleb128 0x31
 2114 01d9 13       		.uleb128 0x13
 2115 01da 01       		.uleb128 0x1
 2116 01db 13       		.uleb128 0x13
 2117 01dc 00       		.byte	0
 2118 01dd 00       		.byte	0
 2119 01de 26       		.uleb128 0x26
 2120 01df 8A8201   		.uleb128 0x410a
 2121 01e2 00       		.byte	0
 2122 01e3 02       		.uleb128 0x2
 2123 01e4 18       		.uleb128 0x18
 2124 01e5 9142     		.uleb128 0x2111
 2125 01e7 18       		.uleb128 0x18
 2126 01e8 00       		.byte	0
 2127 01e9 00       		.byte	0
 2128 01ea 27       		.uleb128 0x27
 2129 01eb 898201   		.uleb128 0x4109
 2130 01ee 01       		.byte	0x1
 2131 01ef 11       		.uleb128 0x11
 2132 01f0 01       		.uleb128 0x1
 2133 01f1 31       		.uleb128 0x31
 2134 01f2 13       		.uleb128 0x13
 2135 01f3 00       		.byte	0
 2136 01f4 00       		.byte	0
 2137 01f5 28       		.uleb128 0x28
 2138 01f6 05       		.uleb128 0x5
 2139 01f7 00       		.byte	0
 2140 01f8 03       		.uleb128 0x3
 2141 01f9 0E       		.uleb128 0xe
 2142 01fa 3A       		.uleb128 0x3a
 2143 01fb 0B       		.uleb128 0xb
 2144 01fc 3B       		.uleb128 0x3b
 2145 01fd 0B       		.uleb128 0xb
 2146 01fe 49       		.uleb128 0x49
 2147 01ff 13       		.uleb128 0x13
 2148 0200 02       		.uleb128 0x2
 2149 0201 18       		.uleb128 0x18
 2150 0202 00       		.byte	0
 2151 0203 00       		.byte	0
 2152 0204 29       		.uleb128 0x29
 2153 0205 05       		.uleb128 0x5
 2154 0206 00       		.byte	0
 2155 0207 31       		.uleb128 0x31
 2156 0208 13       		.uleb128 0x13
 2157 0209 1C       		.uleb128 0x1c
 2158 020a 0B       		.uleb128 0xb
 2159 020b 00       		.byte	0
 2160 020c 00       		.byte	0
 2161 020d 2A       		.uleb128 0x2a
 2162 020e 34       		.uleb128 0x34
 2163 020f 00       		.byte	0
 2164 0210 03       		.uleb128 0x3
 2165 0211 0E       		.uleb128 0xe
 2166 0212 3A       		.uleb128 0x3a
ARM GAS  /tmp/ccVEFvzq.s 			page 39


 2167 0213 0B       		.uleb128 0xb
 2168 0214 3B       		.uleb128 0x3b
 2169 0215 05       		.uleb128 0x5
 2170 0216 49       		.uleb128 0x49
 2171 0217 13       		.uleb128 0x13
 2172 0218 3F       		.uleb128 0x3f
 2173 0219 19       		.uleb128 0x19
 2174 021a 3C       		.uleb128 0x3c
 2175 021b 19       		.uleb128 0x19
 2176 021c 00       		.byte	0
 2177 021d 00       		.byte	0
 2178 021e 2B       		.uleb128 0x2b
 2179 021f 34       		.uleb128 0x34
 2180 0220 00       		.byte	0
 2181 0221 03       		.uleb128 0x3
 2182 0222 08       		.uleb128 0x8
 2183 0223 3A       		.uleb128 0x3a
 2184 0224 0B       		.uleb128 0xb
 2185 0225 3B       		.uleb128 0x3b
 2186 0226 05       		.uleb128 0x5
 2187 0227 49       		.uleb128 0x49
 2188 0228 13       		.uleb128 0x13
 2189 0229 3F       		.uleb128 0x3f
 2190 022a 19       		.uleb128 0x19
 2191 022b 3C       		.uleb128 0x3c
 2192 022c 19       		.uleb128 0x19
 2193 022d 00       		.byte	0
 2194 022e 00       		.byte	0
 2195 022f 00       		.byte	0
 2196              		.section	.debug_loc,"",%progbits
 2197              	.Ldebug_loc0:
 2198              	.LLST0:
 2199 0000 0E000000 		.4byte	.LVL3
 2200 0004 18000000 		.4byte	.LVL4
 2201 0008 0100     		.2byte	0x1
 2202 000a 54       		.byte	0x54
 2203 000b 00000000 		.4byte	0
 2204 000f 00000000 		.4byte	0
 2205              	.LLST1:
 2206 0013 0E000000 		.4byte	.LVL3
 2207 0017 1A000000 		.4byte	.LVL5
 2208 001b 0100     		.2byte	0x1
 2209 001d 52       		.byte	0x52
 2210 001e 00000000 		.4byte	0
 2211 0022 00000000 		.4byte	0
 2212              	.LLST2:
 2213 0026 0C000000 		.4byte	.LVL10
 2214 002a 16000000 		.4byte	.LVL11
 2215 002e 0100     		.2byte	0x1
 2216 0030 53       		.byte	0x53
 2217 0031 16000000 		.4byte	.LVL11
 2218 0035 1A000000 		.4byte	.LVL12
 2219 0039 0200     		.2byte	0x2
 2220 003b 71       		.byte	0x71
 2221 003c 08       		.sleb128 8
 2222 003d 00000000 		.4byte	0
 2223 0041 00000000 		.4byte	0
ARM GAS  /tmp/ccVEFvzq.s 			page 40


 2224              		.section	.debug_aranges,"",%progbits
 2225 0000 3C000000 		.4byte	0x3c
 2226 0004 0200     		.2byte	0x2
 2227 0006 00000000 		.4byte	.Ldebug_info0
 2228 000a 04       		.byte	0x4
 2229 000b 00       		.byte	0
 2230 000c 0000     		.2byte	0
 2231 000e 0000     		.2byte	0
 2232 0010 00000000 		.4byte	.LFB248
 2233 0014 18000000 		.4byte	.LFE248-.LFB248
 2234 0018 00000000 		.4byte	.LFB249
 2235 001c 0C000000 		.4byte	.LFE249-.LFB249
 2236 0020 00000000 		.4byte	.LFB250
 2237 0024 44000000 		.4byte	.LFE250-.LFB250
 2238 0028 00000000 		.4byte	.LFB247
 2239 002c 2C000000 		.4byte	.LFE247-.LFB247
 2240 0030 00000000 		.4byte	.LFB251
 2241 0034 38000000 		.4byte	.LFE251-.LFB251
 2242 0038 00000000 		.4byte	0
 2243 003c 00000000 		.4byte	0
 2244              		.section	.debug_ranges,"",%progbits
 2245              	.Ldebug_ranges0:
 2246 0000 00000000 		.4byte	.LBB14
 2247 0004 02000000 		.4byte	.LBE14
 2248 0008 04000000 		.4byte	.LBB20
 2249 000c 06000000 		.4byte	.LBE20
 2250 0010 00000000 		.4byte	0
 2251 0014 00000000 		.4byte	0
 2252 0018 02000000 		.4byte	.LBB17
 2253 001c 04000000 		.4byte	.LBE17
 2254 0020 0E000000 		.4byte	.LBB21
 2255 0024 44000000 		.4byte	.LBE21
 2256 0028 00000000 		.4byte	0
 2257 002c 00000000 		.4byte	0
 2258 0030 00000000 		.4byte	.LBB26
 2259 0034 02000000 		.4byte	.LBE26
 2260 0038 04000000 		.4byte	.LBB33
 2261 003c 06000000 		.4byte	.LBE33
 2262 0040 00000000 		.4byte	0
 2263 0044 00000000 		.4byte	0
 2264 0048 02000000 		.4byte	.LBB29
 2265 004c 04000000 		.4byte	.LBE29
 2266 0050 08000000 		.4byte	.LBB34
 2267 0054 0A000000 		.4byte	.LBE34
 2268 0058 0C000000 		.4byte	.LBB35
 2269 005c 38000000 		.4byte	.LBE35
 2270 0060 00000000 		.4byte	0
 2271 0064 00000000 		.4byte	0
 2272 0068 00000000 		.4byte	.LFB248
 2273 006c 18000000 		.4byte	.LFE248
 2274 0070 00000000 		.4byte	.LFB249
 2275 0074 0C000000 		.4byte	.LFE249
 2276 0078 00000000 		.4byte	.LFB250
 2277 007c 44000000 		.4byte	.LFE250
 2278 0080 00000000 		.4byte	.LFB247
 2279 0084 2C000000 		.4byte	.LFE247
 2280 0088 00000000 		.4byte	.LFB251
ARM GAS  /tmp/ccVEFvzq.s 			page 41


 2281 008c 38000000 		.4byte	.LFE251
 2282 0090 00000000 		.4byte	0
 2283 0094 00000000 		.4byte	0
 2284              		.section	.debug_line,"",%progbits
 2285              	.Ldebug_line0:
 2286 0000 9E020000 		.section	.debug_str,"MS",%progbits,1
 2286      0200D001 
 2286      00000201 
 2286      FB0E0D00 
 2286      01010101 
 2287              	.LASF53:
 2288 0000 72656164 		.ascii	"ready_list_t\000"
 2288      795F6C69 
 2288      73745F74 
 2288      00
 2289              	.LASF117:
 2290 000d 77747472 		.ascii	"wttrp\000"
 2290      7000
 2291              	.LASF59:
 2292 0013 64656C74 		.ascii	"delta\000"
 2292      6100
 2293              	.LASF114:
 2294 0019 7264796D 		.ascii	"rdymsg\000"
 2294      736700
 2295              	.LASF16:
 2296 0020 75696E74 		.ascii	"uint64_t\000"
 2296      36345F74 
 2296      00
 2297              	.LASF72:
 2298 0029 6B65726E 		.ascii	"kernel_stats\000"
 2298      656C5F73 
 2298      74617473 
 2298      00
 2299              	.LASF137:
 2300 0036 2E2E2F2E 		.ascii	"../../modules/ChibiOS/os/rt/src/chtm.c\000"
 2300      2E2F6D6F 
 2300      64756C65 
 2300      732F4368 
 2300      6962694F 
 2301              	.LASF5:
 2302 005d 5F5F7569 		.ascii	"__uint8_t\000"
 2302      6E74385F 
 2302      7400
 2303              	.LASF52:
 2304 0067 70726576 		.ascii	"prev\000"
 2304      00
 2305              	.LASF101:
 2306 006c 706F7274 		.ascii	"port_intctx\000"
 2306      5F696E74 
 2306      63747800 
 2307              	.LASF51:
 2308 0078 63685F74 		.ascii	"ch_threads_queue\000"
 2308      68726561 
 2308      64735F71 
 2308      75657565 
 2308      00
 2309              	.LASF64:
ARM GAS  /tmp/ccVEFvzq.s 			page 42


 2310 0089 73797374 		.ascii	"system_debug_t\000"
 2310      656D5F64 
 2310      65627567 
 2310      5F7400
 2311              	.LASF105:
 2312 0098 776F7273 		.ascii	"worst\000"
 2312      7400
 2313              	.LASF108:
 2314 009e 74696D65 		.ascii	"time_measurement_t\000"
 2314      5F6D6561 
 2314      73757265 
 2314      6D656E74 
 2314      5F7400
 2315              	.LASF12:
 2316 00b1 6C6F6E67 		.ascii	"long long unsigned int\000"
 2316      206C6F6E 
 2316      6720756E 
 2316      7369676E 
 2316      65642069 
 2317              	.LASF115:
 2318 00c8 65786974 		.ascii	"exitcode\000"
 2318      636F6465 
 2318      00
 2319              	.LASF71:
 2320 00d1 6D61696E 		.ascii	"mainthread\000"
 2320      74687265 
 2320      616400
 2321              	.LASF140:
 2322 00dc 746D5F73 		.ascii	"tm_stop\000"
 2322      746F7000 
 2323              	.LASF61:
 2324 00e4 76697274 		.ascii	"virtual_timers_list_t\000"
 2324      75616C5F 
 2324      74696D65 
 2324      72735F6C 
 2324      6973745F 
 2325              	.LASF128:
 2326 00fa 6368544D 		.ascii	"chTMObjectInit\000"
 2326      4F626A65 
 2326      6374496E 
 2326      697400
 2327              	.LASF49:
 2328 0109 6E657874 		.ascii	"next\000"
 2328      00
 2329              	.LASF18:
 2330 010e 72747469 		.ascii	"rttime_t\000"
 2330      6D655F74 
 2330      00
 2331              	.LASF133:
 2332 0117 746D7031 		.ascii	"tmp1\000"
 2332      00
 2333              	.LASF134:
 2334 011c 746D7032 		.ascii	"tmp2\000"
 2334      00
 2335              	.LASF10:
 2336 0121 6C6F6E67 		.ascii	"long long int\000"
 2336      206C6F6E 
ARM GAS  /tmp/ccVEFvzq.s 			page 43


 2336      6720696E 
 2336      7400
 2337              	.LASF1:
 2338 012f 7369676E 		.ascii	"signed char\000"
 2338      65642063 
 2338      68617200 
 2339              	.LASF76:
 2340 013b 43504943 		.ascii	"CPICNT\000"
 2340      4E5400
 2341              	.LASF70:
 2342 0142 76746C69 		.ascii	"vtlist\000"
 2342      737400
 2343              	.LASF138:
 2344 0149 2F686F6D 		.ascii	"/home/kozinalexey/f4by/ardupilot/build/f4by-ch\000"
 2344      652F6B6F 
 2344      7A696E61 
 2344      6C657865 
 2344      792F6634 
 2345              	.LASF129:
 2346 0178 6368544D 		.ascii	"chTMStartMeasurementX\000"
 2346      53746172 
 2346      744D6561 
 2346      73757265 
 2346      6D656E74 
 2347              	.LASF35:
 2348 018e 73746174 		.ascii	"state\000"
 2348      6500
 2349              	.LASF130:
 2350 0194 6368544D 		.ascii	"chTMStopMeasurementX\000"
 2350      53746F70 
 2350      4D656173 
 2350      7572656D 
 2350      656E7458 
 2351              	.LASF7:
 2352 01a9 6C6F6E67 		.ascii	"long int\000"
 2352      20696E74 
 2352      00
 2353              	.LASF20:
 2354 01b2 74737461 		.ascii	"tstate_t\000"
 2354      74655F74 
 2354      00
 2355              	.LASF60:
 2356 01bb 66756E63 		.ascii	"func\000"
 2356      00
 2357              	.LASF44:
 2358 01c0 73746174 		.ascii	"stats\000"
 2358      7300
 2359              	.LASF78:
 2360 01c6 534C4545 		.ascii	"SLEEPCNT\000"
 2360      50434E54 
 2360      00
 2361              	.LASF8:
 2362 01cf 5F5F7569 		.ascii	"__uint32_t\000"
 2362      6E743332 
 2362      5F7400
 2363              	.LASF98:
 2364 01da 72656761 		.ascii	"regarm_t\000"
ARM GAS  /tmp/ccVEFvzq.s 			page 44


 2364      726D5F74 
 2364      00
 2365              	.LASF65:
 2366 01e3 63685F73 		.ascii	"ch_system_debug\000"
 2366      79737465 
 2366      6D5F6465 
 2366      62756700 
 2367              	.LASF38:
 2368 01f3 77616974 		.ascii	"waiting\000"
 2368      696E6700 
 2369              	.LASF126:
 2370 01fb 6D757465 		.ascii	"mutex_t\000"
 2370      785F7400 
 2371              	.LASF100:
 2372 0203 706F7274 		.ascii	"port_context\000"
 2372      5F636F6E 
 2372      74657874 
 2372      00
 2373              	.LASF25:
 2374 0210 636E745F 		.ascii	"cnt_t\000"
 2374      7400
 2375              	.LASF39:
 2376 0216 6D736771 		.ascii	"msgqueue\000"
 2376      75657565 
 2376      00
 2377              	.LASF83:
 2378 021f 4D41534B 		.ascii	"MASK0\000"
 2378      3000
 2379              	.LASF0:
 2380 0225 756E7369 		.ascii	"unsigned int\000"
 2380      676E6564 
 2380      20696E74 
 2380      00
 2381              	.LASF136:
 2382 0232 474E5520 		.ascii	"GNU C 4.9.3 20150529 (prerelease) -mcpu=cortex-m4 -"
 2382      4320342E 
 2382      392E3320 
 2382      32303135 
 2382      30353239 
 2383 0265 6D666C6F 		.ascii	"mfloat-abi=hard -mfpu=fpv4-sp-d16 -mno-thumb-interw"
 2383      61742D61 
 2383      62693D68 
 2383      61726420 
 2383      2D6D6670 
 2384 0298 6F726B20 		.ascii	"ork -mthumb -g -Os -fomit-frame-pointer -falign-fun"
 2384      2D6D7468 
 2384      756D6220 
 2384      2D67202D 
 2384      4F73202D 
 2385 02cb 6374696F 		.ascii	"ctions=16 -ffunction-sections -fdata-sections -fno-"
 2385      6E733D31 
 2385      36202D66 
 2385      66756E63 
 2385      74696F6E 
 2386 02fe 636F6D6D 		.ascii	"common -fsingle-precision-constant\000"
 2386      6F6E202D 
 2386      6673696E 
ARM GAS  /tmp/ccVEFvzq.s 			page 45


 2386      676C652D 
 2386      70726563 
 2387              	.LASF91:
 2388 0321 4D41534B 		.ascii	"MASK2\000"
 2388      3200
 2389              	.LASF95:
 2390 0327 4D41534B 		.ascii	"MASK3\000"
 2390      3300
 2391              	.LASF119:
 2392 032d 77747365 		.ascii	"wtsemp\000"
 2392      6D7000
 2393              	.LASF131:
 2394 0334 5F746D5F 		.ascii	"_tm_init\000"
 2394      696E6974 
 2394      00
 2395              	.LASF109:
 2396 033d 6E5F6972 		.ascii	"n_irq\000"
 2396      7100
 2397              	.LASF29:
 2398 0343 71756575 		.ascii	"queue\000"
 2398      6500
 2399              	.LASF43:
 2400 0349 6D706F6F 		.ascii	"mpool\000"
 2400      6C00
 2401              	.LASF104:
 2402 034f 62657374 		.ascii	"best\000"
 2402      00
 2403              	.LASF4:
 2404 0354 73686F72 		.ascii	"short unsigned int\000"
 2404      7420756E 
 2404      7369676E 
 2404      65642069 
 2404      6E7400
 2405              	.LASF113:
 2406 0367 6B65726E 		.ascii	"kernel_stats_t\000"
 2406      656C5F73 
 2406      74617473 
 2406      5F7400
 2407              	.LASF33:
 2408 0376 6E616D65 		.ascii	"name\000"
 2408      00
 2409              	.LASF47:
 2410 037b 63685F74 		.ascii	"ch_thread\000"
 2410      68726561 
 2410      6400
 2411              	.LASF77:
 2412 0385 45584343 		.ascii	"EXCCNT\000"
 2412      4E5400
 2413              	.LASF23:
 2414 038c 6D73675F 		.ascii	"msg_t\000"
 2414      7400
 2415              	.LASF106:
 2416 0392 6C617374 		.ascii	"last\000"
 2416      00
 2417              	.LASF26:
 2418 0397 75636E74 		.ascii	"ucnt_t\000"
 2418      5F7400
ARM GAS  /tmp/ccVEFvzq.s 			page 46


 2419              	.LASF40:
 2420 039e 6570656E 		.ascii	"epending\000"
 2420      64696E67 
 2420      00
 2421              	.LASF67:
 2422 03a7 63685F73 		.ascii	"ch_system_t\000"
 2422      79737465 
 2422      6D5F7400 
 2423              	.LASF19:
 2424 03b3 746D6F64 		.ascii	"tmode_t\000"
 2424      655F7400 
 2425              	.LASF112:
 2426 03bb 6D5F6372 		.ascii	"m_crit_isr\000"
 2426      69745F69 
 2426      737200
 2427              	.LASF54:
 2428 03c6 63685F72 		.ascii	"ch_ready_list\000"
 2428      65616479 
 2428      5F6C6973 
 2428      7400
 2429              	.LASF24:
 2430 03d4 6576656E 		.ascii	"eventmask_t\000"
 2430      746D6173 
 2430      6B5F7400 
 2431              	.LASF6:
 2432 03e0 5F5F696E 		.ascii	"__int32_t\000"
 2432      7433325F 
 2432      7400
 2433              	.LASF132:
 2434 03ea 6368544D 		.ascii	"chTMChainMeasurementToX\000"
 2434      43686169 
 2434      6E4D6561 
 2434      73757265 
 2434      6D656E74 
 2435              	.LASF99:
 2436 0402 73746B61 		.ascii	"stkalign_t\000"
 2436      6C69676E 
 2436      5F7400
 2437              	.LASF31:
 2438 040d 6E657765 		.ascii	"newer\000"
 2438      7200
 2439              	.LASF75:
 2440 0413 43594343 		.ascii	"CYCCNT\000"
 2440      4E5400
 2441              	.LASF42:
 2442 041a 7265616C 		.ascii	"realprio\000"
 2442      7072696F 
 2442      00
 2443              	.LASF73:
 2444 0423 73697A65 		.ascii	"sizetype\000"
 2444      74797065 
 2444      00
 2445              	.LASF45:
 2446 042c 74687265 		.ascii	"thread_reference_t\000"
 2446      61645F72 
 2446      65666572 
 2446      656E6365 
ARM GAS  /tmp/ccVEFvzq.s 			page 47


 2446      5F7400
 2447              	.LASF62:
 2448 043f 63685F76 		.ascii	"ch_virtual_timers_list\000"
 2448      69727475 
 2448      616C5F74 
 2448      696D6572 
 2448      735F6C69 
 2449              	.LASF103:
 2450 0456 746D5F63 		.ascii	"tm_calibration_t\000"
 2450      616C6962 
 2450      72617469 
 2450      6F6E5F74 
 2450      00
 2451              	.LASF82:
 2452 0467 434F4D50 		.ascii	"COMP0\000"
 2452      3000
 2453              	.LASF86:
 2454 046d 434F4D50 		.ascii	"COMP1\000"
 2454      3100
 2455              	.LASF90:
 2456 0473 434F4D50 		.ascii	"COMP2\000"
 2456      3200
 2457              	.LASF94:
 2458 0479 434F4D50 		.ascii	"COMP3\000"
 2458      3300
 2459              	.LASF30:
 2460 047f 7072696F 		.ascii	"prio\000"
 2460      00
 2461              	.LASF55:
 2462 0484 63757272 		.ascii	"current\000"
 2462      656E7400 
 2463              	.LASF11:
 2464 048c 5F5F7569 		.ascii	"__uint64_t\000"
 2464      6E743634 
 2464      5F7400
 2465              	.LASF107:
 2466 0497 63756D75 		.ascii	"cumulative\000"
 2466      6C617469 
 2466      766500
 2467              	.LASF21:
 2468 04a2 74726566 		.ascii	"trefs_t\000"
 2468      735F7400 
 2469              	.LASF85:
 2470 04aa 52455345 		.ascii	"RESERVED0\000"
 2470      52564544 
 2470      3000
 2471              	.LASF89:
 2472 04b4 52455345 		.ascii	"RESERVED1\000"
 2472      52564544 
 2472      3100
 2473              	.LASF93:
 2474 04be 52455345 		.ascii	"RESERVED2\000"
 2474      52564544 
 2474      3200
 2475              	.LASF37:
 2476 04c8 72656673 		.ascii	"refs\000"
 2476      00
ARM GAS  /tmp/ccVEFvzq.s 			page 48


 2477              	.LASF57:
 2478 04cd 76697274 		.ascii	"virtual_timer_t\000"
 2478      75616C5F 
 2478      74696D65 
 2478      725F7400 
 2479              	.LASF22:
 2480 04dd 74707269 		.ascii	"tprio_t\000"
 2480      6F5F7400 
 2481              	.LASF81:
 2482 04e5 50435352 		.ascii	"PCSR\000"
 2482      00
 2483              	.LASF110:
 2484 04ea 6E5F6374 		.ascii	"n_ctxswc\000"
 2484      78737763 
 2484      00
 2485              	.LASF87:
 2486 04f3 4D41534B 		.ascii	"MASK1\000"
 2486      3100
 2487              	.LASF14:
 2488 04f9 696E7433 		.ascii	"int32_t\000"
 2488      325F7400 
 2489              	.LASF2:
 2490 0501 756E7369 		.ascii	"unsigned char\000"
 2490      676E6564 
 2490      20636861 
 2490      7200
 2491              	.LASF135:
 2492 050f 49544D5F 		.ascii	"ITM_RxBuffer\000"
 2492      52784275 
 2492      66666572 
 2492      00
 2493              	.LASF84:
 2494 051c 46554E43 		.ascii	"FUNCTION0\000"
 2494      54494F4E 
 2494      3000
 2495              	.LASF88:
 2496 0526 46554E43 		.ascii	"FUNCTION1\000"
 2496      54494F4E 
 2496      3100
 2497              	.LASF92:
 2498 0530 46554E43 		.ascii	"FUNCTION2\000"
 2498      54494F4E 
 2498      3200
 2499              	.LASF96:
 2500 053a 46554E43 		.ascii	"FUNCTION3\000"
 2500      54494F4E 
 2500      3300
 2501              	.LASF3:
 2502 0544 73686F72 		.ascii	"short int\000"
 2502      7420696E 
 2502      7400
 2503              	.LASF63:
 2504 054e 6C617374 		.ascii	"lasttime\000"
 2504      74696D65 
 2504      00
 2505              	.LASF121:
 2506 0557 65776D61 		.ascii	"ewmask\000"
ARM GAS  /tmp/ccVEFvzq.s 			page 49


 2506      736B00
 2507              	.LASF68:
 2508 055e 63685F73 		.ascii	"ch_system\000"
 2508      79737465 
 2508      6D00
 2509              	.LASF58:
 2510 0568 63685F76 		.ascii	"ch_virtual_timer\000"
 2510      69727475 
 2510      616C5F74 
 2510      696D6572 
 2510      00
 2511              	.LASF122:
 2512 0579 63685F73 		.ascii	"ch_semaphore\000"
 2512      656D6170 
 2512      686F7265 
 2512      00
 2513              	.LASF79:
 2514 0586 4C535543 		.ascii	"LSUCNT\000"
 2514      4E5400
 2515              	.LASF15:
 2516 058d 75696E74 		.ascii	"uint32_t\000"
 2516      33325F74 
 2516      00
 2517              	.LASF120:
 2518 0596 77746D74 		.ascii	"wtmtxp\000"
 2518      787000
 2519              	.LASF48:
 2520 059d 63685F74 		.ascii	"ch_threads_list\000"
 2520      68726561 
 2520      64735F6C 
 2520      69737400 
 2521              	.LASF124:
 2522 05ad 6F776E65 		.ascii	"owner\000"
 2522      7200
 2523              	.LASF127:
 2524 05b3 5F426F6F 		.ascii	"_Bool\000"
 2524      6C00
 2525              	.LASF9:
 2526 05b9 6C6F6E67 		.ascii	"long unsigned int\000"
 2526      20756E73 
 2526      69676E65 
 2526      6420696E 
 2526      7400
 2527              	.LASF34:
 2528 05cb 77616261 		.ascii	"wabase\000"
 2528      736500
 2529              	.LASF125:
 2530 05d2 63686172 		.ascii	"char\000"
 2530      00
 2531              	.LASF32:
 2532 05d7 6F6C6465 		.ascii	"older\000"
 2532      7200
 2533              	.LASF28:
 2534 05dd 74687265 		.ascii	"thread_t\000"
 2534      61645F74 
 2534      00
 2535              	.LASF139:
ARM GAS  /tmp/ccVEFvzq.s 			page 50


 2536 05e6 706F7274 		.ascii	"port_rt_get_counter_value\000"
 2536      5F72745F 
 2536      6765745F 
 2536      636F756E 
 2536      7465725F 
 2537              	.LASF27:
 2538 0600 73797374 		.ascii	"systime_t\000"
 2538      696D655F 
 2538      7400
 2539              	.LASF56:
 2540 060a 76746675 		.ascii	"vtfunc_t\000"
 2540      6E635F74 
 2540      00
 2541              	.LASF66:
 2542 0613 70616E69 		.ascii	"panic_msg\000"
 2542      635F6D73 
 2542      6700
 2543              	.LASF102:
 2544 061d 6F666673 		.ascii	"offset\000"
 2544      657400
 2545              	.LASF97:
 2546 0624 4457545F 		.ascii	"DWT_Type\000"
 2546      54797065 
 2546      00
 2547              	.LASF17:
 2548 062d 7274636E 		.ascii	"rtcnt_t\000"
 2548      745F7400 
 2549              	.LASF74:
 2550 0635 4354524C 		.ascii	"CTRL\000"
 2550      00
 2551              	.LASF50:
 2552 063a 74687265 		.ascii	"threads_queue_t\000"
 2552      6164735F 
 2552      71756575 
 2552      655F7400 
 2553              	.LASF123:
 2554 064a 63685F6D 		.ascii	"ch_mutex\000"
 2554      75746578 
 2554      00
 2555              	.LASF69:
 2556 0653 726C6973 		.ascii	"rlist\000"
 2556      7400
 2557              	.LASF13:
 2558 0659 75696E74 		.ascii	"uint8_t\000"
 2558      385F7400 
 2559              	.LASF36:
 2560 0661 666C6167 		.ascii	"flags\000"
 2560      7300
 2561              	.LASF80:
 2562 0667 464F4C44 		.ascii	"FOLDCNT\000"
 2562      434E5400 
 2563              	.LASF116:
 2564 066f 77746F62 		.ascii	"wtobjp\000"
 2564      6A7000
 2565              	.LASF46:
 2566 0676 74687265 		.ascii	"threads_list_t\000"
 2566      6164735F 
ARM GAS  /tmp/ccVEFvzq.s 			page 51


 2566      6C697374 
 2566      5F7400
 2567              	.LASF41:
 2568 0685 6D74786C 		.ascii	"mtxlist\000"
 2568      69737400 
 2569              	.LASF118:
 2570 068d 73656E74 		.ascii	"sentmsg\000"
 2570      6D736700 
 2571              	.LASF111:
 2572 0695 6D5F6372 		.ascii	"m_crit_thd\000"
 2572      69745F74 
 2572      686400
 2573              		.ident	"GCC: (15:4.9.3+svn231177-1) 4.9.3 20150529 (prerelease)"
ARM GAS  /tmp/ccVEFvzq.s 			page 52


DEFINED SYMBOLS
                            *ABS*:0000000000000000 chtm.c
     /tmp/ccVEFvzq.s:21     .text.chTMObjectInit:0000000000000000 $t
     /tmp/ccVEFvzq.s:26     .text.chTMObjectInit:0000000000000000 chTMObjectInit
     /tmp/ccVEFvzq.s:54     .text.chTMStartMeasurementX:0000000000000000 $t
     /tmp/ccVEFvzq.s:59     .text.chTMStartMeasurementX:0000000000000000 chTMStartMeasurementX
     /tmp/ccVEFvzq.s:81     .text.chTMStartMeasurementX:0000000000000008 $d
     /tmp/ccVEFvzq.s:86     .text.chTMStopMeasurementX:0000000000000000 $t
     /tmp/ccVEFvzq.s:91     .text.chTMStopMeasurementX:0000000000000000 chTMStopMeasurementX
     /tmp/ccVEFvzq.s:166    .text.chTMStopMeasurementX:000000000000003c $d
     /tmp/ccVEFvzq.s:174    .text._tm_init:0000000000000000 $t
     /tmp/ccVEFvzq.s:179    .text._tm_init:0000000000000000 _tm_init
     /tmp/ccVEFvzq.s:222    .text._tm_init:0000000000000028 $d
     /tmp/ccVEFvzq.s:227    .text.chTMChainMeasurementToX:0000000000000000 $t
     /tmp/ccVEFvzq.s:232    .text.chTMChainMeasurementToX:0000000000000000 chTMChainMeasurementToX
     /tmp/ccVEFvzq.s:308    .text.chTMChainMeasurementToX:0000000000000034 $d
                     .debug_frame:0000000000000010 $d

UNDEFINED SYMBOLS
ch
