ARM GAS  /tmp/ccdK8AGP.s 			page 1


   1              		.syntax unified
   2              		.cpu cortex-m4
   3              		.eabi_attribute 27, 1
   4              		.eabi_attribute 28, 1
   5              		.fpu fpv4-sp-d16
   6              		.eabi_attribute 20, 1
   7              		.eabi_attribute 21, 1
   8              		.eabi_attribute 23, 3
   9              		.eabi_attribute 24, 1
  10              		.eabi_attribute 25, 1
  11              		.eabi_attribute 26, 1
  12              		.eabi_attribute 30, 4
  13              		.eabi_attribute 34, 1
  14              		.eabi_attribute 18, 4
  15              		.thumb
  16              		.file	"hal_lld.c"
  17              		.text
  18              	.Ltext0:
  19              		.cfi_sections	.debug_frame
  20              		.section	.text.hal_lld_init,"ax",%progbits
  21              		.align	1
  22              		.global	hal_lld_init
  23              		.thumb
  24              		.thumb_func
  25              		.type	hal_lld_init, %function
  26              	hal_lld_init:
  27              	.LFB278:
  28              		.file 1 "../../modules/ChibiOS/os/hal/ports/STM32/STM32F4xx/hal_lld.c"
  29              		.loc 1 114 0
  30              		.cfi_startproc
  31              		@ args = 0, pretend = 0, frame = 0
  32              		@ frame_needed = 0, uses_anonymous_args = 0
  33              		@ link register save eliminated.
  34              		.loc 1 119 0
  35 0000 154B     		ldr	r3, .L6
  36 0002 0021     		movs	r1, #0
  37 0004 1A69     		ldr	r2, [r3, #16]
  38 0006 4FF0FF32 		mov	r2, #-1
  39 000a 1A61     		str	r2, [r3, #16]
  40 000c 1961     		str	r1, [r3, #16]
  41              		.loc 1 121 0
  42 000e 5869     		ldr	r0, [r3, #20]
  43 0010 5A61     		str	r2, [r3, #20]
  44 0012 5961     		str	r1, [r3, #20]
  45              		.loc 1 123 0
  46 0014 186A     		ldr	r0, [r3, #32]
  47 0016 60F08050 		orn	r0, r0, #268435456
  48 001a 1862     		str	r0, [r3, #32]
  49 001c 1962     		str	r1, [r3, #32]
  50              		.loc 1 124 0
  51 001e 586A     		ldr	r0, [r3, #36]
  52 0020 5A62     		str	r2, [r3, #36]
  53 0022 5962     		str	r1, [r3, #36]
  54              		.loc 1 127 0
  55 0024 1A6C     		ldr	r2, [r3, #64]
  56 0026 42F08052 		orr	r2, r2, #268435456
  57 002a 1A64     		str	r2, [r3, #64]
ARM GAS  /tmp/ccdK8AGP.s 			page 2


  58              	.LBB4:
  59              	.LBB5:
  60              		.loc 1 57 0
  61 002c 0B4A     		ldr	r2, .L6+4
  62 002e 1068     		ldr	r0, [r2]
  63 0030 40F48070 		orr	r0, r0, #256
  64 0034 1060     		str	r0, [r2]
  65              		.loc 1 60 0
  66 0036 186F     		ldr	r0, [r3, #112]
  67 0038 00F44070 		and	r0, r0, #768
  68 003c B0F5007F 		cmp	r0, #512
  69              		.loc 1 62 0
  70 0040 1EBF     		ittt	ne
  71 0042 4FF48030 		movne	r0, #65536
  72 0046 1867     		strne	r0, [r3, #112]
  73              		.loc 1 63 0
  74 0048 1967     		strne	r1, [r3, #112]
  75              		.loc 1 97 0
  76 004a 5368     		ldr	r3, [r2, #4]
  77 004c 23F40073 		bic	r3, r3, #512
  78 0050 5360     		str	r3, [r2, #4]
  79              	.LBE5:
  80              	.LBE4:
  81              		.loc 1 133 0
  82 0052 FFF7FEBF 		b	dmaInit
  83              	.LVL0:
  84              	.L7:
  85 0056 00BF     		.align	2
  86              	.L6:
  87 0058 00380240 		.word	1073887232
  88 005c 00700040 		.word	1073770496
  89              		.cfi_endproc
  90              	.LFE278:
  91              		.size	hal_lld_init, .-hal_lld_init
  92              		.section	.text.stm32_clock_init,"ax",%progbits
  93              		.align	1
  94              		.global	stm32_clock_init
  95              		.thumb
  96              		.thumb_func
  97              		.type	stm32_clock_init, %function
  98              	stm32_clock_init:
  99              	.LFB279:
 100              		.loc 1 149 0
 101              		.cfi_startproc
 102              		@ args = 0, pretend = 0, frame = 0
 103              		@ frame_needed = 0, uses_anonymous_args = 0
 104              		@ link register save eliminated.
 105              		.loc 1 156 0
 106 0000 324B     		ldr	r3, .L33
 107 0002 4FF08052 		mov	r2, #268435456
 108 0006 1A64     		str	r2, [r3, #64]
 109              		.loc 1 161 0
 110 0008 314A     		ldr	r2, .L33+4
 111 000a 4FF44041 		mov	r1, #49152
 112 000e 1160     		str	r1, [r2]
 113              		.loc 1 168 0
 114 0010 1A68     		ldr	r2, [r3]
ARM GAS  /tmp/ccdK8AGP.s 			page 3


 115 0012 42F00102 		orr	r2, r2, #1
 116 0016 1A60     		str	r2, [r3]
 117              	.L9:
 118              		.loc 1 169 0 discriminator 1
 119 0018 1968     		ldr	r1, [r3]
 120 001a 2C4A     		ldr	r2, .L33
 121 001c 8807     		lsls	r0, r1, #30
 122 001e FBD5     		bpl	.L9
 123              		.loc 1 175 0
 124 0020 9368     		ldr	r3, [r2, #8]
 125 0022 23F00303 		bic	r3, r3, #3
 126 0026 9360     		str	r3, [r2, #8]
 127              		.loc 1 176 0
 128 0028 9368     		ldr	r3, [r2, #8]
 129 002a 9360     		str	r3, [r2, #8]
 130              	.L10:
 131              		.loc 1 177 0 discriminator 1
 132 002c 274B     		ldr	r3, .L33
 133 002e 9A68     		ldr	r2, [r3, #8]
 134 0030 12F00C02 		ands	r2, r2, #12
 135 0034 FAD1     		bne	.L10
 136              		.loc 1 181 0
 137 0036 1968     		ldr	r1, [r3]
 138 0038 01F0F901 		and	r1, r1, #249
 139 003c 1960     		str	r1, [r3]
 140              		.loc 1 182 0
 141 003e 9A60     		str	r2, [r3, #8]
 142              		.loc 1 191 0
 143 0040 1A68     		ldr	r2, [r3]
 144 0042 42F48032 		orr	r2, r2, #65536
 145 0046 1A60     		str	r2, [r3]
 146              	.L11:
 147              		.loc 1 193 0 discriminator 1
 148 0048 1968     		ldr	r1, [r3]
 149 004a 204A     		ldr	r2, .L33
 150 004c 8903     		lsls	r1, r1, #14
 151 004e FBD5     		bpl	.L11
 152              		.loc 1 199 0
 153 0050 536F     		ldr	r3, [r2, #116]
 154 0052 43F00103 		orr	r3, r3, #1
 155 0056 5367     		str	r3, [r2, #116]
 156              	.L12:
 157              		.loc 1 200 0 discriminator 1
 158 0058 1C4B     		ldr	r3, .L33
 159 005a 5A6F     		ldr	r2, [r3, #116]
 160 005c 9007     		lsls	r0, r2, #30
 161 005e FBD5     		bpl	.L12
 162              		.loc 1 206 0
 163 0060 1C4A     		ldr	r2, .L33+8
 164 0062 5A60     		str	r2, [r3, #4]
 165              		.loc 1 208 0
 166 0064 1A68     		ldr	r2, [r3]
 167 0066 42F08072 		orr	r2, r2, #16777216
 168 006a 1A60     		str	r2, [r3]
 169              	.L13:
 170              		.loc 1 212 0 discriminator 1
 171 006c 184B     		ldr	r3, .L33+4
ARM GAS  /tmp/ccdK8AGP.s 			page 4


 172 006e 5B68     		ldr	r3, [r3, #4]
 173 0070 5904     		lsls	r1, r3, #17
 174 0072 FBD5     		bpl	.L13
 175              	.L25:
 176              		.loc 1 228 0 discriminator 1
 177 0074 154B     		ldr	r3, .L33
 178 0076 1A68     		ldr	r2, [r3]
 179 0078 9201     		lsls	r2, r2, #6
 180 007a FBD5     		bpl	.L25
 181              		.loc 1 255 0
 182 007c 164A     		ldr	r2, .L33+12
 183 007e 9A60     		str	r2, [r3, #8]
 184              		.loc 1 299 0
 185 0080 164B     		ldr	r3, .L33+16
 186 0082 1A68     		ldr	r2, [r3]
 187 0084 164B     		ldr	r3, .L33+20
 188 0086 9A42     		cmp	r2, r3
 189 0088 164B     		ldr	r3, .L33+24
 190 008a 07D1     		bne	.L15
 191              		.loc 1 299 0 is_stmt 0 discriminator 1
 192 008c 164A     		ldr	r2, .L33+28
 193 008e 1168     		ldr	r1, [r2]
 194 0090 164A     		ldr	r2, .L33+32
 195 0092 9142     		cmp	r1, r2
 196 0094 02D1     		bne	.L15
 197              		.loc 1 300 0 is_stmt 1
 198 0096 40F20512 		movw	r2, #261
 199 009a 01E0     		b	.L31
 200              	.L15:
 201              		.loc 1 302 0
 202 009c 40F20572 		movw	r2, #1797
 203              	.L31:
 204 00a0 1A60     		str	r2, [r3]
 205              		.loc 1 311 0
 206 00a2 0A4B     		ldr	r3, .L33
 207 00a4 9A68     		ldr	r2, [r3, #8]
 208 00a6 42F00202 		orr	r2, r2, #2
 209 00aa 9A60     		str	r2, [r3, #8]
 210              	.L17:
 211              		.loc 1 312 0 discriminator 1
 212 00ac 9968     		ldr	r1, [r3, #8]
 213 00ae 074A     		ldr	r2, .L33
 214 00b0 01F00C01 		and	r1, r1, #12
 215 00b4 0829     		cmp	r1, #8
 216 00b6 F9D1     		bne	.L17
 217              		.loc 1 319 0
 218 00b8 536C     		ldr	r3, [r2, #68]
 219 00ba 43F48043 		orr	r3, r3, #16384
 220 00be 5364     		str	r3, [r2, #68]
 221 00c0 536E     		ldr	r3, [r2, #100]
 222 00c2 43F48043 		orr	r3, r3, #16384
 223 00c6 5366     		str	r3, [r2, #100]
 224 00c8 7047     		bx	lr
 225              	.L34:
 226 00ca 00BF     		.align	2
 227              	.L33:
 228 00cc 00380240 		.word	1073887232
ARM GAS  /tmp/ccdK8AGP.s 			page 5


 229 00d0 00700040 		.word	1073770496
 230 00d4 08544007 		.word	121656328
 231 00d8 00948838 		.word	948474880
 232 00dc 002004E0 		.word	-536600576
 233 00e0 11640020 		.word	536896529
 234 00e4 003C0240 		.word	1073888256
 235 00e8 00ED00E0 		.word	-536810240
 236 00ec 41C20F41 		.word	1091551809
 237              		.cfi_endproc
 238              	.LFE279:
 239              		.size	stm32_clock_init, .-stm32_clock_init
 240              		.global	SystemCoreClock
 241              		.section	.data.SystemCoreClock,"aw",%progbits
 242              		.align	2
 243              		.type	SystemCoreClock, %object
 244              		.size	SystemCoreClock, 4
 245              	SystemCoreClock:
 246 0000 007A030A 		.word	168000000
 247              		.text
 248              	.Letext0:
 249              		.file 2 "/usr/lib/gcc/arm-none-eabi/4.9.3/include/stddef.h"
 250              		.file 3 "/usr/include/newlib/machine/_default_types.h"
 251              		.file 4 "/usr/include/newlib/sys/_stdint.h"
 252              		.file 5 "../../modules/ChibiOS/os/common/ports/ARMCMx/compilers/GCC/chtypes.h"
 253              		.file 6 "../../modules/ChibiOS/os/rt/include/chsystypes.h"
 254              		.file 7 "../../modules/ChibiOS/os/rt/include/chschd.h"
 255              		.file 8 "../../modules/ChibiOS/os/common/ext/CMSIS/include/core_cm4.h"
 256              		.file 9 "../../modules/ChibiOS/os/common/ext/CMSIS/ST/STM32F4xx/stm32f407xx.h"
 257              		.file 10 "../../modules/ChibiOS/os/common/ports/ARMCMx/chcore.h"
 258              		.file 11 "../../modules/ChibiOS/os/common/ports/ARMCMx/chcore_v7m.h"
 259              		.file 12 "../../modules/ChibiOS/os/rt/include/chtm.h"
 260              		.file 13 "../../modules/ChibiOS/os/rt/include/chstats.h"
 261              		.file 14 "../../modules/ChibiOS/os/rt/include/chsem.h"
 262              		.file 15 "../../modules/ChibiOS/os/rt/include/chmtx.h"
 263              		.file 16 "../../modules/ChibiOS/os/hal/ports/STM32/LLD/DMAv2/stm32_dma.h"
 264              		.section	.debug_info,"",%progbits
 265              	.Ldebug_info0:
 266 0000 280C0000 		.4byte	0xc28
 267 0004 0400     		.2byte	0x4
 268 0006 00000000 		.4byte	.Ldebug_abbrev0
 269 000a 04       		.byte	0x4
 270 000b 01       		.uleb128 0x1
 271 000c 5C020000 		.4byte	.LASF160
 272 0010 01       		.byte	0x1
 273 0011 19070000 		.4byte	.LASF161
 274 0015 50010000 		.4byte	.LASF162
 275 0019 00000000 		.4byte	.Ldebug_ranges0+0
 276 001d 00000000 		.4byte	0
 277 0021 00000000 		.4byte	.Ldebug_line0
 278 0025 02       		.uleb128 0x2
 279 0026 04       		.byte	0x4
 280 0027 05       		.byte	0x5
 281 0028 696E7400 		.ascii	"int\000"
 282 002c 03       		.uleb128 0x3
 283 002d 1C000000 		.4byte	.LASF2
 284 0031 02       		.byte	0x2
 285 0032 D4       		.byte	0xd4
ARM GAS  /tmp/ccdK8AGP.s 			page 6


 286 0033 37000000 		.4byte	0x37
 287 0037 04       		.uleb128 0x4
 288 0038 04       		.byte	0x4
 289 0039 07       		.byte	0x7
 290 003a 4F020000 		.4byte	.LASF0
 291 003e 04       		.uleb128 0x4
 292 003f 01       		.byte	0x1
 293 0040 06       		.byte	0x6
 294 0041 26010000 		.4byte	.LASF1
 295 0045 03       		.uleb128 0x3
 296 0046 46000000 		.4byte	.LASF3
 297 004a 03       		.byte	0x3
 298 004b 1D       		.byte	0x1d
 299 004c 50000000 		.4byte	0x50
 300 0050 04       		.uleb128 0x4
 301 0051 01       		.byte	0x1
 302 0052 08       		.byte	0x8
 303 0053 77050000 		.4byte	.LASF4
 304 0057 04       		.uleb128 0x4
 305 0058 02       		.byte	0x2
 306 0059 05       		.byte	0x5
 307 005a 9F050000 		.4byte	.LASF5
 308 005e 04       		.uleb128 0x4
 309 005f 02       		.byte	0x2
 310 0060 07       		.byte	0x7
 311 0061 AD060000 		.4byte	.LASF6
 312 0065 03       		.uleb128 0x3
 313 0066 3A040000 		.4byte	.LASF7
 314 006a 03       		.byte	0x3
 315 006b 3F       		.byte	0x3f
 316 006c 70000000 		.4byte	0x70
 317 0070 04       		.uleb128 0x4
 318 0071 04       		.byte	0x4
 319 0072 05       		.byte	0x5
 320 0073 A4010000 		.4byte	.LASF8
 321 0077 03       		.uleb128 0x3
 322 0078 E1010000 		.4byte	.LASF9
 323 007c 03       		.byte	0x3
 324 007d 41       		.byte	0x41
 325 007e 82000000 		.4byte	0x82
 326 0082 04       		.uleb128 0x4
 327 0083 04       		.byte	0x4
 328 0084 07       		.byte	0x7
 329 0085 26060000 		.4byte	.LASF10
 330 0089 04       		.uleb128 0x4
 331 008a 08       		.byte	0x8
 332 008b 05       		.byte	0x5
 333 008c 18010000 		.4byte	.LASF11
 334 0090 03       		.uleb128 0x3
 335 0091 ED040000 		.4byte	.LASF12
 336 0095 03       		.byte	0x3
 337 0096 5B       		.byte	0x5b
 338 0097 9B000000 		.4byte	0x9b
 339 009b 04       		.uleb128 0x4
 340 009c 08       		.byte	0x8
 341 009d 07       		.byte	0x7
 342 009e A7000000 		.4byte	.LASF13
ARM GAS  /tmp/ccdK8AGP.s 			page 7


 343 00a2 03       		.uleb128 0x3
 344 00a3 04070000 		.4byte	.LASF14
 345 00a7 04       		.byte	0x4
 346 00a8 14       		.byte	0x14
 347 00a9 45000000 		.4byte	0x45
 348 00ad 03       		.uleb128 0x3
 349 00ae 6F050000 		.4byte	.LASF15
 350 00b2 04       		.byte	0x4
 351 00b3 1F       		.byte	0x1f
 352 00b4 65000000 		.4byte	0x65
 353 00b8 03       		.uleb128 0x3
 354 00b9 F8050000 		.4byte	.LASF16
 355 00bd 04       		.byte	0x4
 356 00be 20       		.byte	0x20
 357 00bf 77000000 		.4byte	0x77
 358 00c3 03       		.uleb128 0x3
 359 00c4 30000000 		.4byte	.LASF17
 360 00c8 04       		.byte	0x4
 361 00c9 26       		.byte	0x26
 362 00ca 90000000 		.4byte	0x90
 363 00ce 03       		.uleb128 0x3
 364 00cf CD060000 		.4byte	.LASF18
 365 00d3 05       		.byte	0x5
 366 00d4 39       		.byte	0x39
 367 00d5 B8000000 		.4byte	0xb8
 368 00d9 03       		.uleb128 0x3
 369 00da FB000000 		.4byte	.LASF19
 370 00de 05       		.byte	0x5
 371 00df 3A       		.byte	0x3a
 372 00e0 C3000000 		.4byte	0xc3
 373 00e4 03       		.uleb128 0x3
 374 00e5 03040000 		.4byte	.LASF20
 375 00e9 05       		.byte	0x5
 376 00ea 3C       		.byte	0x3c
 377 00eb A2000000 		.4byte	0xa2
 378 00ef 03       		.uleb128 0x3
 379 00f0 C0010000 		.4byte	.LASF21
 380 00f4 05       		.byte	0x5
 381 00f5 3D       		.byte	0x3d
 382 00f6 A2000000 		.4byte	0xa2
 383 00fa 03       		.uleb128 0x3
 384 00fb 0A050000 		.4byte	.LASF22
 385 00ff 05       		.byte	0x5
 386 0100 3E       		.byte	0x3e
 387 0101 A2000000 		.4byte	0xa2
 388 0105 03       		.uleb128 0x3
 389 0106 58050000 		.4byte	.LASF23
 390 010a 05       		.byte	0x5
 391 010b 40       		.byte	0x40
 392 010c B8000000 		.4byte	0xb8
 393 0110 03       		.uleb128 0x3
 394 0111 B9030000 		.4byte	.LASF24
 395 0115 05       		.byte	0x5
 396 0116 41       		.byte	0x41
 397 0117 AD000000 		.4byte	0xad
 398 011b 03       		.uleb128 0x3
 399 011c 2E040000 		.4byte	.LASF25
ARM GAS  /tmp/ccdK8AGP.s 			page 8


 400 0120 05       		.byte	0x5
 401 0121 43       		.byte	0x43
 402 0122 B8000000 		.4byte	0xb8
 403 0126 03       		.uleb128 0x3
 404 0127 49020000 		.4byte	.LASF26
 405 012b 05       		.byte	0x5
 406 012c 45       		.byte	0x45
 407 012d AD000000 		.4byte	0xad
 408 0131 03       		.uleb128 0x3
 409 0132 CE030000 		.4byte	.LASF27
 410 0136 05       		.byte	0x5
 411 0137 46       		.byte	0x46
 412 0138 B8000000 		.4byte	0xb8
 413 013c 03       		.uleb128 0x3
 414 013d 66060000 		.4byte	.LASF28
 415 0141 06       		.byte	0x6
 416 0142 33       		.byte	0x33
 417 0143 B8000000 		.4byte	0xb8
 418 0147 03       		.uleb128 0x3
 419 0148 58060000 		.4byte	.LASF29
 420 014c 06       		.byte	0x6
 421 014d 3F       		.byte	0x3f
 422 014e 52010000 		.4byte	0x152
 423 0152 05       		.uleb128 0x5
 424 0153 9F030000 		.4byte	.LASF48
 425 0157 60       		.byte	0x60
 426 0158 07       		.byte	0x7
 427 0159 9A       		.byte	0x9a
 428 015a 3D020000 		.4byte	0x23d
 429 015e 06       		.uleb128 0x6
 430 015f A1040000 		.4byte	.LASF30
 431 0163 07       		.byte	0x7
 432 0164 9B       		.byte	0x9b
 433 0165 72020000 		.4byte	0x272
 434 0169 00       		.byte	0
 435 016a 06       		.uleb128 0x6
 436 016b D7040000 		.4byte	.LASF31
 437 016f 07       		.byte	0x7
 438 0170 9C       		.byte	0x9c
 439 0171 05010000 		.4byte	0x105
 440 0175 08       		.byte	0x8
 441 0176 07       		.uleb128 0x7
 442 0177 63747800 		.ascii	"ctx\000"
 443 017b 07       		.byte	0x7
 444 017c 9D       		.byte	0x9d
 445 017d 8D080000 		.4byte	0x88d
 446 0181 0C       		.byte	0xc
 447 0182 06       		.uleb128 0x6
 448 0183 4F040000 		.4byte	.LASF32
 449 0187 07       		.byte	0x7
 450 0188 9F       		.byte	0x9f
 451 0189 48020000 		.4byte	0x248
 452 018d 10       		.byte	0x10
 453 018e 06       		.uleb128 0x6
 454 018f 44060000 		.4byte	.LASF33
 455 0193 07       		.byte	0x7
 456 0194 A0       		.byte	0xa0
ARM GAS  /tmp/ccdK8AGP.s 			page 9


 457 0195 48020000 		.4byte	0x248
 458 0199 14       		.byte	0x14
 459 019a 06       		.uleb128 0x6
 460 019b 9A030000 		.4byte	.LASF34
 461 019f 07       		.byte	0x7
 462 01a0 A7       		.byte	0xa7
 463 01a1 740B0000 		.4byte	0xb74
 464 01a5 18       		.byte	0x18
 465 01a6 06       		.uleb128 0x6
 466 01a7 38060000 		.4byte	.LASF35
 467 01ab 07       		.byte	0x7
 468 01ac B0       		.byte	0xb0
 469 01ad 860B0000 		.4byte	0xb86
 470 01b1 1C       		.byte	0x1c
 471 01b2 06       		.uleb128 0x6
 472 01b3 94010000 		.4byte	.LASF36
 473 01b7 07       		.byte	0x7
 474 01b8 B5       		.byte	0xb5
 475 01b9 EF000000 		.4byte	0xef
 476 01bd 20       		.byte	0x20
 477 01be 06       		.uleb128 0x6
 478 01bf 0C070000 		.4byte	.LASF37
 479 01c3 07       		.byte	0x7
 480 01c4 B9       		.byte	0xb9
 481 01c5 E4000000 		.4byte	0xe4
 482 01c9 21       		.byte	0x21
 483 01ca 06       		.uleb128 0x6
 484 01cb 0E010000 		.4byte	.LASF38
 485 01cf 07       		.byte	0x7
 486 01d0 BE       		.byte	0xbe
 487 01d1 FA000000 		.4byte	0xfa
 488 01d5 22       		.byte	0x22
 489 01d6 08       		.uleb128 0x8
 490 01d7 7500     		.ascii	"u\000"
 491 01d9 07       		.byte	0x7
 492 01da 0F01     		.2byte	0x10f
 493 01dc A90A0000 		.4byte	0xaa9
 494 01e0 24       		.byte	0x24
 495 01e1 09       		.uleb128 0x9
 496 01e2 13020000 		.4byte	.LASF39
 497 01e6 07       		.byte	0x7
 498 01e7 1401     		.2byte	0x114
 499 01e9 4E020000 		.4byte	0x24e
 500 01ed 28       		.byte	0x28
 501 01ee 09       		.uleb128 0x9
 502 01ef 8B010000 		.4byte	.LASF40
 503 01f3 07       		.byte	0x7
 504 01f4 1A01     		.2byte	0x11a
 505 01f6 72020000 		.4byte	0x272
 506 01fa 2C       		.byte	0x2c
 507 01fb 09       		.uleb128 0x9
 508 01fc EB060000 		.4byte	.LASF41
 509 0200 07       		.byte	0x7
 510 0201 2001     		.2byte	0x120
 511 0203 1B010000 		.4byte	0x11b
 512 0207 34       		.byte	0x34
 513 0208 09       		.uleb128 0x9
ARM GAS  /tmp/ccdK8AGP.s 			page 10


 514 0209 66070000 		.4byte	.LASF42
 515 020d 07       		.byte	0x7
 516 020e 2701     		.2byte	0x127
 517 0210 6E0B0000 		.4byte	0xb6e
 518 0214 38       		.byte	0x38
 519 0215 09       		.uleb128 0x9
 520 0216 65040000 		.4byte	.LASF43
 521 021a 07       		.byte	0x7
 522 021b 2B01     		.2byte	0x12b
 523 021d 05010000 		.4byte	0x105
 524 0221 3C       		.byte	0x3c
 525 0222 09       		.uleb128 0x9
 526 0223 85030000 		.4byte	.LASF44
 527 0227 07       		.byte	0x7
 528 0228 3201     		.2byte	0x132
 529 022a 25030000 		.4byte	0x325
 530 022e 40       		.byte	0x40
 531 022f 09       		.uleb128 0x9
 532 0230 CE010000 		.4byte	.LASF45
 533 0234 07       		.byte	0x7
 534 0235 3801     		.2byte	0x138
 535 0237 5A0A0000 		.4byte	0xa5a
 536 023b 48       		.byte	0x48
 537 023c 00       		.byte	0
 538 023d 03       		.uleb128 0x3
 539 023e 77040000 		.4byte	.LASF46
 540 0242 06       		.byte	0x6
 541 0243 44       		.byte	0x44
 542 0244 48020000 		.4byte	0x248
 543 0248 0A       		.uleb128 0xa
 544 0249 04       		.byte	0x4
 545 024a 47010000 		.4byte	0x147
 546 024e 03       		.uleb128 0x3
 547 024f 00000000 		.4byte	.LASF47
 548 0253 06       		.byte	0x6
 549 0254 49       		.byte	0x49
 550 0255 59020000 		.4byte	0x259
 551 0259 05       		.uleb128 0x5
 552 025a 08060000 		.4byte	.LASF49
 553 025e 04       		.byte	0x4
 554 025f 07       		.byte	0x7
 555 0260 88       		.byte	0x88
 556 0261 72020000 		.4byte	0x272
 557 0265 06       		.uleb128 0x6
 558 0266 F6000000 		.4byte	.LASF50
 559 026a 07       		.byte	0x7
 560 026b 89       		.byte	0x89
 561 026c 48020000 		.4byte	0x248
 562 0270 00       		.byte	0
 563 0271 00       		.byte	0
 564 0272 03       		.uleb128 0x3
 565 0273 DB060000 		.4byte	.LASF51
 566 0277 06       		.byte	0x6
 567 0278 50       		.byte	0x50
 568 0279 7D020000 		.4byte	0x27d
 569 027d 05       		.uleb128 0x5
 570 027e 61000000 		.4byte	.LASF52
ARM GAS  /tmp/ccdK8AGP.s 			page 11


 571 0282 08       		.byte	0x8
 572 0283 07       		.byte	0x7
 573 0284 8F       		.byte	0x8f
 574 0285 A2020000 		.4byte	0x2a2
 575 0289 06       		.uleb128 0x6
 576 028a F6000000 		.4byte	.LASF50
 577 028e 07       		.byte	0x7
 578 028f 90       		.byte	0x90
 579 0290 48020000 		.4byte	0x248
 580 0294 00       		.byte	0
 581 0295 06       		.uleb128 0x6
 582 0296 50000000 		.4byte	.LASF53
 583 029a 07       		.byte	0x7
 584 029b 91       		.byte	0x91
 585 029c 48020000 		.4byte	0x248
 586 02a0 04       		.byte	0x4
 587 02a1 00       		.byte	0
 588 02a2 03       		.uleb128 0x3
 589 02a3 0F000000 		.4byte	.LASF54
 590 02a7 06       		.byte	0x6
 591 02a8 57       		.byte	0x57
 592 02a9 AD020000 		.4byte	0x2ad
 593 02ad 0B       		.uleb128 0xb
 594 02ae 20040000 		.4byte	.LASF55
 595 02b2 1C       		.byte	0x1c
 596 02b3 07       		.byte	0x7
 597 02b4 6A01     		.2byte	0x16a
 598 02b6 09030000 		.4byte	0x309
 599 02ba 09       		.uleb128 0x9
 600 02bb A1040000 		.4byte	.LASF30
 601 02bf 07       		.byte	0x7
 602 02c0 6B01     		.2byte	0x16b
 603 02c2 72020000 		.4byte	0x272
 604 02c6 00       		.byte	0
 605 02c7 09       		.uleb128 0x9
 606 02c8 D7040000 		.4byte	.LASF31
 607 02cc 07       		.byte	0x7
 608 02cd 6C01     		.2byte	0x16c
 609 02cf 05010000 		.4byte	0x105
 610 02d3 08       		.byte	0x8
 611 02d4 08       		.uleb128 0x8
 612 02d5 63747800 		.ascii	"ctx\000"
 613 02d9 07       		.byte	0x7
 614 02da 6E01     		.2byte	0x16e
 615 02dc 8D080000 		.4byte	0x88d
 616 02e0 0C       		.byte	0xc
 617 02e1 09       		.uleb128 0x9
 618 02e2 4F040000 		.4byte	.LASF32
 619 02e6 07       		.byte	0x7
 620 02e7 7101     		.2byte	0x171
 621 02e9 48020000 		.4byte	0x248
 622 02ed 10       		.byte	0x10
 623 02ee 09       		.uleb128 0x9
 624 02ef 44060000 		.4byte	.LASF33
 625 02f3 07       		.byte	0x7
 626 02f4 7201     		.2byte	0x172
 627 02f6 48020000 		.4byte	0x248
ARM GAS  /tmp/ccdK8AGP.s 			page 12


 628 02fa 14       		.byte	0x14
 629 02fb 09       		.uleb128 0x9
 630 02fc E5040000 		.4byte	.LASF56
 631 0300 07       		.byte	0x7
 632 0301 7501     		.2byte	0x175
 633 0303 48020000 		.4byte	0x248
 634 0307 18       		.byte	0x18
 635 0308 00       		.byte	0
 636 0309 03       		.uleb128 0x3
 637 030a 70060000 		.4byte	.LASF57
 638 030e 06       		.byte	0x6
 639 030f 5C       		.byte	0x5c
 640 0310 14030000 		.4byte	0x314
 641 0314 0A       		.uleb128 0xa
 642 0315 04       		.byte	0x4
 643 0316 1A030000 		.4byte	0x31a
 644 031a 0C       		.uleb128 0xc
 645 031b 25030000 		.4byte	0x325
 646 031f 0D       		.uleb128 0xd
 647 0320 25030000 		.4byte	0x325
 648 0324 00       		.byte	0
 649 0325 0E       		.uleb128 0xe
 650 0326 04       		.byte	0x4
 651 0327 03       		.uleb128 0x3
 652 0328 55040000 		.4byte	.LASF58
 653 032c 06       		.byte	0x6
 654 032d 61       		.byte	0x61
 655 032e 32030000 		.4byte	0x332
 656 0332 0B       		.uleb128 0xb
 657 0333 CB050000 		.4byte	.LASF59
 658 0337 14       		.byte	0x14
 659 0338 07       		.byte	0x7
 660 0339 4501     		.2byte	0x145
 661 033b 81030000 		.4byte	0x381
 662 033f 09       		.uleb128 0x9
 663 0340 F6000000 		.4byte	.LASF50
 664 0344 07       		.byte	0x7
 665 0345 4601     		.2byte	0x146
 666 0347 8C0B0000 		.4byte	0xb8c
 667 034b 00       		.byte	0
 668 034c 09       		.uleb128 0x9
 669 034d 50000000 		.4byte	.LASF53
 670 0351 07       		.byte	0x7
 671 0352 4701     		.2byte	0x147
 672 0354 8C0B0000 		.4byte	0xb8c
 673 0358 04       		.byte	0x4
 674 0359 09       		.uleb128 0x9
 675 035a 23000000 		.4byte	.LASF60
 676 035e 07       		.byte	0x7
 677 035f 4801     		.2byte	0x148
 678 0361 3C010000 		.4byte	0x13c
 679 0365 08       		.byte	0x8
 680 0366 09       		.uleb128 0x9
 681 0367 C9010000 		.4byte	.LASF61
 682 036b 07       		.byte	0x7
 683 036c 4901     		.2byte	0x149
 684 036e 09030000 		.4byte	0x309
ARM GAS  /tmp/ccdK8AGP.s 			page 13


 685 0372 0C       		.byte	0xc
 686 0373 08       		.uleb128 0x8
 687 0374 70617200 		.ascii	"par\000"
 688 0378 07       		.byte	0x7
 689 0379 4B01     		.2byte	0x14b
 690 037b 25030000 		.4byte	0x325
 691 037f 10       		.byte	0x10
 692 0380 00       		.byte	0
 693 0381 03       		.uleb128 0x3
 694 0382 DA000000 		.4byte	.LASF62
 695 0386 06       		.byte	0x6
 696 0387 66       		.byte	0x66
 697 0388 8C030000 		.4byte	0x38c
 698 038c 0B       		.uleb128 0xb
 699 038d 8A040000 		.4byte	.LASF63
 700 0391 10       		.byte	0x10
 701 0392 07       		.byte	0x7
 702 0393 5501     		.2byte	0x155
 703 0395 CE030000 		.4byte	0x3ce
 704 0399 09       		.uleb128 0x9
 705 039a F6000000 		.4byte	.LASF50
 706 039e 07       		.byte	0x7
 707 039f 5601     		.2byte	0x156
 708 03a1 8C0B0000 		.4byte	0xb8c
 709 03a5 00       		.byte	0
 710 03a6 09       		.uleb128 0x9
 711 03a7 50000000 		.4byte	.LASF53
 712 03ab 07       		.byte	0x7
 713 03ac 5801     		.2byte	0x158
 714 03ae 8C0B0000 		.4byte	0xb8c
 715 03b2 04       		.byte	0x4
 716 03b3 09       		.uleb128 0x9
 717 03b4 23000000 		.4byte	.LASF60
 718 03b8 07       		.byte	0x7
 719 03b9 5A01     		.2byte	0x15a
 720 03bb 3C010000 		.4byte	0x13c
 721 03bf 08       		.byte	0x8
 722 03c0 09       		.uleb128 0x9
 723 03c1 A9050000 		.4byte	.LASF64
 724 03c5 07       		.byte	0x7
 725 03c6 6201     		.2byte	0x162
 726 03c8 3C010000 		.4byte	0x13c
 727 03cc 0C       		.byte	0xc
 728 03cd 00       		.byte	0
 729 03ce 03       		.uleb128 0x3
 730 03cf 72000000 		.4byte	.LASF65
 731 03d3 06       		.byte	0x6
 732 03d4 6B       		.byte	0x6b
 733 03d5 D9030000 		.4byte	0x3d9
 734 03d9 0B       		.uleb128 0xb
 735 03da 03020000 		.4byte	.LASF66
 736 03de 04       		.byte	0x4
 737 03df 07       		.byte	0x7
 738 03e0 7C01     		.2byte	0x17c
 739 03e2 F4030000 		.4byte	0x3f4
 740 03e6 09       		.uleb128 0x9
 741 03e7 7E060000 		.4byte	.LASF67
ARM GAS  /tmp/ccdK8AGP.s 			page 14


 742 03eb 07       		.byte	0x7
 743 03ec 8401     		.2byte	0x184
 744 03ee 920B0000 		.4byte	0xb92
 745 03f2 00       		.byte	0
 746 03f3 00       		.byte	0
 747 03f4 03       		.uleb128 0x3
 748 03f5 F7030000 		.4byte	.LASF68
 749 03f9 06       		.byte	0x6
 750 03fa 70       		.byte	0x70
 751 03fb FF030000 		.4byte	0x3ff
 752 03ff 0B       		.uleb128 0xb
 753 0400 9A010000 		.4byte	.LASF69
 754 0404 D0       		.byte	0xd0
 755 0405 07       		.byte	0x7
 756 0406 9C01     		.2byte	0x19c
 757 0408 5A040000 		.4byte	0x45a
 758 040c 09       		.uleb128 0x9
 759 040d FE060000 		.4byte	.LASF70
 760 0411 07       		.byte	0x7
 761 0412 A001     		.2byte	0x1a0
 762 0414 A2020000 		.4byte	0x2a2
 763 0418 00       		.byte	0
 764 0419 09       		.uleb128 0x9
 765 041a 49010000 		.4byte	.LASF71
 766 041e 07       		.byte	0x7
 767 041f A401     		.2byte	0x1a4
 768 0421 81030000 		.4byte	0x381
 769 0425 1C       		.byte	0x1c
 770 0426 08       		.uleb128 0x8
 771 0427 64626700 		.ascii	"dbg\000"
 772 042b 07       		.byte	0x7
 773 042c A801     		.2byte	0x1a8
 774 042e CE030000 		.4byte	0x3ce
 775 0432 2C       		.byte	0x2c
 776 0433 09       		.uleb128 0x9
 777 0434 C7000000 		.4byte	.LASF72
 778 0438 07       		.byte	0x7
 779 0439 AC01     		.2byte	0x1ac
 780 043b 47010000 		.4byte	0x147
 781 043f 30       		.byte	0x30
 782 0440 08       		.uleb128 0x8
 783 0441 746D00   		.ascii	"tm\000"
 784 0444 07       		.byte	0x7
 785 0445 B101     		.2byte	0x1b1
 786 0447 0C0A0000 		.4byte	0xa0c
 787 044b 90       		.byte	0x90
 788 044c 09       		.uleb128 0x9
 789 044d 39000000 		.4byte	.LASF73
 790 0451 07       		.byte	0x7
 791 0452 B701     		.2byte	0x1b7
 792 0454 9E0A0000 		.4byte	0xa9e
 793 0458 98       		.byte	0x98
 794 0459 00       		.byte	0
 795 045a 04       		.uleb128 0x4
 796 045b 04       		.byte	0x4
 797 045c 07       		.byte	0x7
 798 045d 6E040000 		.4byte	.LASF74
ARM GAS  /tmp/ccdK8AGP.s 			page 15


 799 0461 0F       		.uleb128 0xf
 800 0462 B8000000 		.4byte	0xb8
 801 0466 10       		.uleb128 0x10
 802 0467 8C       		.byte	0x8c
 803 0468 08       		.byte	0x8
 804 0469 E501     		.2byte	0x1e5
 805 046b 81050000 		.4byte	0x581
 806 046f 09       		.uleb128 0x9
 807 0470 F0000000 		.4byte	.LASF75
 808 0474 08       		.byte	0x8
 809 0475 E701     		.2byte	0x1e7
 810 0477 81050000 		.4byte	0x581
 811 047b 00       		.byte	0
 812 047c 09       		.uleb128 0x9
 813 047d B4030000 		.4byte	.LASF76
 814 0481 08       		.byte	0x8
 815 0482 E801     		.2byte	0x1e8
 816 0484 61040000 		.4byte	0x461
 817 0488 04       		.byte	0x4
 818 0489 09       		.uleb128 0x9
 819 048a 7A030000 		.4byte	.LASF77
 820 048e 08       		.byte	0x8
 821 048f E901     		.2byte	0x1e9
 822 0491 61040000 		.4byte	0x461
 823 0495 08       		.byte	0x8
 824 0496 09       		.uleb128 0x9
 825 0497 C8030000 		.4byte	.LASF78
 826 049b 08       		.byte	0x8
 827 049c EA01     		.2byte	0x1ea
 828 049e 61040000 		.4byte	0x461
 829 04a2 0C       		.byte	0xc
 830 04a3 08       		.uleb128 0x8
 831 04a4 53435200 		.ascii	"SCR\000"
 832 04a8 08       		.byte	0x8
 833 04a9 EB01     		.2byte	0x1eb
 834 04ab 61040000 		.4byte	0x461
 835 04af 10       		.byte	0x10
 836 04b0 08       		.uleb128 0x8
 837 04b1 43435200 		.ascii	"CCR\000"
 838 04b5 08       		.byte	0x8
 839 04b6 EC01     		.2byte	0x1ec
 840 04b8 61040000 		.4byte	0x461
 841 04bc 14       		.byte	0x14
 842 04bd 08       		.uleb128 0x8
 843 04be 53485000 		.ascii	"SHP\000"
 844 04c2 08       		.byte	0x8
 845 04c3 ED01     		.2byte	0x1ed
 846 04c5 96050000 		.4byte	0x596
 847 04c9 18       		.byte	0x18
 848 04ca 09       		.uleb128 0x9
 849 04cb 8C050000 		.4byte	.LASF79
 850 04cf 08       		.byte	0x8
 851 04d0 EE01     		.2byte	0x1ee
 852 04d2 61040000 		.4byte	0x461
 853 04d6 24       		.byte	0x24
 854 04d7 09       		.uleb128 0x9
 855 04d8 A7040000 		.4byte	.LASF80
ARM GAS  /tmp/ccdK8AGP.s 			page 16


 856 04dc 08       		.byte	0x8
 857 04dd EF01     		.2byte	0x1ef
 858 04df 61040000 		.4byte	0x461
 859 04e3 28       		.byte	0x28
 860 04e4 09       		.uleb128 0x9
 861 04e5 61070000 		.4byte	.LASF81
 862 04e9 08       		.byte	0x8
 863 04ea F001     		.2byte	0x1f0
 864 04ec 61040000 		.4byte	0x461
 865 04f0 2C       		.byte	0x2c
 866 04f1 09       		.uleb128 0x9
 867 04f2 88060000 		.4byte	.LASF82
 868 04f6 08       		.byte	0x8
 869 04f7 F101     		.2byte	0x1f1
 870 04f9 61040000 		.4byte	0x461
 871 04fd 30       		.byte	0x30
 872 04fe 09       		.uleb128 0x9
 873 04ff 7F030000 		.4byte	.LASF83
 874 0503 08       		.byte	0x8
 875 0504 F201     		.2byte	0x1f2
 876 0506 61040000 		.4byte	0x461
 877 050a 34       		.byte	0x34
 878 050b 09       		.uleb128 0x9
 879 050c 4A060000 		.4byte	.LASF84
 880 0510 08       		.byte	0x8
 881 0511 F301     		.2byte	0x1f3
 882 0513 61040000 		.4byte	0x461
 883 0517 38       		.byte	0x38
 884 0518 09       		.uleb128 0x9
 885 0519 DC010000 		.4byte	.LASF85
 886 051d 08       		.byte	0x8
 887 051e F401     		.2byte	0x1f4
 888 0520 61040000 		.4byte	0x461
 889 0524 3C       		.byte	0x3c
 890 0525 08       		.uleb128 0x8
 891 0526 50465200 		.ascii	"PFR\000"
 892 052a 08       		.byte	0x8
 893 052b F501     		.2byte	0x1f5
 894 052d AB050000 		.4byte	0x5ab
 895 0531 40       		.byte	0x40
 896 0532 08       		.uleb128 0x8
 897 0533 44465200 		.ascii	"DFR\000"
 898 0537 08       		.byte	0x8
 899 0538 F601     		.2byte	0x1f6
 900 053a 81050000 		.4byte	0x581
 901 053e 48       		.byte	0x48
 902 053f 08       		.uleb128 0x8
 903 0540 41445200 		.ascii	"ADR\000"
 904 0544 08       		.byte	0x8
 905 0545 F701     		.2byte	0x1f7
 906 0547 81050000 		.4byte	0x581
 907 054b 4C       		.byte	0x4c
 908 054c 09       		.uleb128 0x9
 909 054d F9060000 		.4byte	.LASF86
 910 0551 08       		.byte	0x8
 911 0552 F801     		.2byte	0x1f8
 912 0554 C5050000 		.4byte	0x5c5
ARM GAS  /tmp/ccdK8AGP.s 			page 17


 913 0558 50       		.byte	0x50
 914 0559 09       		.uleb128 0x9
 915 055a 13010000 		.4byte	.LASF87
 916 055e 08       		.byte	0x8
 917 055f F901     		.2byte	0x1f9
 918 0561 DF050000 		.4byte	0x5df
 919 0565 60       		.byte	0x60
 920 0566 09       		.uleb128 0x9
 921 0567 12050000 		.4byte	.LASF88
 922 056b 08       		.byte	0x8
 923 056c FA01     		.2byte	0x1fa
 924 056e CF050000 		.4byte	0x5cf
 925 0572 74       		.byte	0x74
 926 0573 09       		.uleb128 0x9
 927 0574 5B070000 		.4byte	.LASF89
 928 0578 08       		.byte	0x8
 929 0579 FB01     		.2byte	0x1fb
 930 057b 61040000 		.4byte	0x461
 931 057f 88       		.byte	0x88
 932 0580 00       		.byte	0
 933 0581 11       		.uleb128 0x11
 934 0582 61040000 		.4byte	0x461
 935 0586 12       		.uleb128 0x12
 936 0587 A2000000 		.4byte	0xa2
 937 058b 96050000 		.4byte	0x596
 938 058f 13       		.uleb128 0x13
 939 0590 5A040000 		.4byte	0x45a
 940 0594 0B       		.byte	0xb
 941 0595 00       		.byte	0
 942 0596 0F       		.uleb128 0xf
 943 0597 86050000 		.4byte	0x586
 944 059b 12       		.uleb128 0x12
 945 059c B8000000 		.4byte	0xb8
 946 05a0 AB050000 		.4byte	0x5ab
 947 05a4 13       		.uleb128 0x13
 948 05a5 5A040000 		.4byte	0x45a
 949 05a9 01       		.byte	0x1
 950 05aa 00       		.byte	0
 951 05ab 11       		.uleb128 0x11
 952 05ac B0050000 		.4byte	0x5b0
 953 05b0 0F       		.uleb128 0xf
 954 05b1 9B050000 		.4byte	0x59b
 955 05b5 12       		.uleb128 0x12
 956 05b6 B8000000 		.4byte	0xb8
 957 05ba C5050000 		.4byte	0x5c5
 958 05be 13       		.uleb128 0x13
 959 05bf 5A040000 		.4byte	0x45a
 960 05c3 03       		.byte	0x3
 961 05c4 00       		.byte	0
 962 05c5 11       		.uleb128 0x11
 963 05c6 CA050000 		.4byte	0x5ca
 964 05ca 0F       		.uleb128 0xf
 965 05cb B5050000 		.4byte	0x5b5
 966 05cf 12       		.uleb128 0x12
 967 05d0 B8000000 		.4byte	0xb8
 968 05d4 DF050000 		.4byte	0x5df
 969 05d8 13       		.uleb128 0x13
ARM GAS  /tmp/ccdK8AGP.s 			page 18


 970 05d9 5A040000 		.4byte	0x45a
 971 05dd 04       		.byte	0x4
 972 05de 00       		.byte	0
 973 05df 11       		.uleb128 0x11
 974 05e0 E4050000 		.4byte	0x5e4
 975 05e4 0F       		.uleb128 0xf
 976 05e5 CF050000 		.4byte	0x5cf
 977 05e9 14       		.uleb128 0x14
 978 05ea F5010000 		.4byte	.LASF90
 979 05ee 08       		.byte	0x8
 980 05ef FC01     		.2byte	0x1fc
 981 05f1 66040000 		.4byte	0x466
 982 05f5 10       		.uleb128 0x10
 983 05f6 10       		.byte	0x10
 984 05f7 09       		.byte	0x9
 985 05f8 4C01     		.2byte	0x14c
 986 05fa 32060000 		.4byte	0x632
 987 05fe 09       		.uleb128 0x9
 988 05ff 85050000 		.4byte	.LASF91
 989 0603 09       		.byte	0x9
 990 0604 4E01     		.2byte	0x14e
 991 0606 61040000 		.4byte	0x461
 992 060a 00       		.byte	0
 993 060b 08       		.uleb128 0x8
 994 060c 435200   		.ascii	"CR\000"
 995 060f 09       		.byte	0x9
 996 0610 4F01     		.2byte	0x14f
 997 0612 61040000 		.4byte	0x461
 998 0616 04       		.byte	0x4
 999 0617 09       		.uleb128 0x9
 1000 0618 03050000 		.4byte	.LASF92
 1001 061c 09       		.byte	0x9
 1002 061d 5001     		.2byte	0x150
 1003 061f 61040000 		.4byte	0x461
 1004 0623 08       		.byte	0x8
 1005 0624 09       		.uleb128 0x9
 1006 0625 F0030000 		.4byte	.LASF93
 1007 0629 09       		.byte	0x9
 1008 062a 5101     		.2byte	0x151
 1009 062c 61040000 		.4byte	0x461
 1010 0630 0C       		.byte	0xc
 1011 0631 00       		.byte	0
 1012 0632 14       		.uleb128 0x14
 1013 0633 E9050000 		.4byte	.LASF94
 1014 0637 09       		.byte	0x9
 1015 0638 5201     		.2byte	0x152
 1016 063a F5050000 		.4byte	0x5f5
 1017 063e 10       		.uleb128 0x10
 1018 063f 1C       		.byte	0x1c
 1019 0640 09       		.byte	0x9
 1020 0641 DA01     		.2byte	0x1da
 1021 0643 A1060000 		.4byte	0x6a1
 1022 0647 08       		.uleb128 0x8
 1023 0648 41435200 		.ascii	"ACR\000"
 1024 064c 09       		.byte	0x9
 1025 064d DC01     		.2byte	0x1dc
 1026 064f 61040000 		.4byte	0x461
ARM GAS  /tmp/ccdK8AGP.s 			page 19


 1027 0653 00       		.byte	0
 1028 0654 09       		.uleb128 0x9
 1029 0655 FE010000 		.4byte	.LASF95
 1030 0659 09       		.byte	0x9
 1031 065a DD01     		.2byte	0x1dd
 1032 065c 61040000 		.4byte	0x461
 1033 0660 04       		.byte	0x4
 1034 0661 09       		.uleb128 0x9
 1035 0662 D4010000 		.4byte	.LASF96
 1036 0666 09       		.byte	0x9
 1037 0667 DE01     		.2byte	0x1de
 1038 0669 61040000 		.4byte	0x461
 1039 066d 08       		.byte	0x8
 1040 066e 08       		.uleb128 0x8
 1041 066f 535200   		.ascii	"SR\000"
 1042 0672 09       		.byte	0x9
 1043 0673 DF01     		.2byte	0x1df
 1044 0675 61040000 		.4byte	0x461
 1045 0679 0C       		.byte	0xc
 1046 067a 08       		.uleb128 0x8
 1047 067b 435200   		.ascii	"CR\000"
 1048 067e 09       		.byte	0x9
 1049 067f E001     		.2byte	0x1e0
 1050 0681 61040000 		.4byte	0x461
 1051 0685 10       		.byte	0x10
 1052 0686 09       		.uleb128 0x9
 1053 0687 81000000 		.4byte	.LASF97
 1054 068b 09       		.byte	0x9
 1055 068c E101     		.2byte	0x1e1
 1056 068e 61040000 		.4byte	0x461
 1057 0692 14       		.byte	0x14
 1058 0693 09       		.uleb128 0x9
 1059 0694 8D000000 		.4byte	.LASF98
 1060 0698 09       		.byte	0x9
 1061 0699 E201     		.2byte	0x1e2
 1062 069b 61040000 		.4byte	0x461
 1063 069f 18       		.byte	0x18
 1064 06a0 00       		.byte	0
 1065 06a1 14       		.uleb128 0x14
 1066 06a2 3B010000 		.4byte	.LASF99
 1067 06a6 09       		.byte	0x9
 1068 06a7 E301     		.2byte	0x1e3
 1069 06a9 3E060000 		.4byte	0x63e
 1070 06ad 10       		.uleb128 0x10
 1071 06ae 08       		.byte	0x8
 1072 06af 09       		.byte	0x9
 1073 06b0 5C02     		.2byte	0x25c
 1074 06b2 D0060000 		.4byte	0x6d0
 1075 06b6 08       		.uleb128 0x8
 1076 06b7 435200   		.ascii	"CR\000"
 1077 06ba 09       		.byte	0x9
 1078 06bb 5E02     		.2byte	0x25e
 1079 06bd 61040000 		.4byte	0x461
 1080 06c1 00       		.byte	0
 1081 06c2 08       		.uleb128 0x8
 1082 06c3 43535200 		.ascii	"CSR\000"
 1083 06c7 09       		.byte	0x9
ARM GAS  /tmp/ccdK8AGP.s 			page 20


 1084 06c8 5F02     		.2byte	0x25f
 1085 06ca 61040000 		.4byte	0x461
 1086 06ce 04       		.byte	0x4
 1087 06cf 00       		.byte	0
 1088 06d0 14       		.uleb128 0x14
 1089 06d1 7F010000 		.4byte	.LASF100
 1090 06d5 09       		.byte	0x9
 1091 06d6 6002     		.2byte	0x260
 1092 06d8 AD060000 		.4byte	0x6ad
 1093 06dc 10       		.uleb128 0x10
 1094 06dd 88       		.byte	0x88
 1095 06de 09       		.byte	0x9
 1096 06df 6602     		.2byte	0x266
 1097 06e1 6B080000 		.4byte	0x86b
 1098 06e5 08       		.uleb128 0x8
 1099 06e6 435200   		.ascii	"CR\000"
 1100 06e9 09       		.byte	0x9
 1101 06ea 6802     		.2byte	0x268
 1102 06ec 61040000 		.4byte	0x461
 1103 06f0 00       		.byte	0
 1104 06f1 09       		.uleb128 0x9
 1105 06f2 CF040000 		.4byte	.LASF101
 1106 06f6 09       		.byte	0x9
 1107 06f7 6902     		.2byte	0x269
 1108 06f9 61040000 		.4byte	0x461
 1109 06fd 04       		.byte	0x4
 1110 06fe 09       		.uleb128 0x9
 1111 06ff 56070000 		.4byte	.LASF102
 1112 0703 09       		.byte	0x9
 1113 0704 6A02     		.2byte	0x26a
 1114 0706 61040000 		.4byte	0x461
 1115 070a 08       		.byte	0x8
 1116 070b 08       		.uleb128 0x8
 1117 070c 43495200 		.ascii	"CIR\000"
 1118 0710 09       		.byte	0x9
 1119 0711 6B02     		.2byte	0x26b
 1120 0713 61040000 		.4byte	0x461
 1121 0717 0C       		.byte	0xc
 1122 0718 09       		.uleb128 0x9
 1123 0719 32010000 		.4byte	.LASF103
 1124 071d 09       		.byte	0x9
 1125 071e 6C02     		.2byte	0x26c
 1126 0720 61040000 		.4byte	0x461
 1127 0724 10       		.byte	0x10
 1128 0725 09       		.uleb128 0x9
 1129 0726 4F060000 		.4byte	.LASF104
 1130 072a 09       		.byte	0x9
 1131 072b 6D02     		.2byte	0x26d
 1132 072d 61040000 		.4byte	0x461
 1133 0731 14       		.byte	0x14
 1134 0732 09       		.uleb128 0x9
 1135 0733 BF030000 		.4byte	.LASF105
 1136 0737 09       		.byte	0x9
 1137 0738 6E02     		.2byte	0x26e
 1138 073a 61040000 		.4byte	0x461
 1139 073e 18       		.byte	0x18
 1140 073f 09       		.uleb128 0x9
ARM GAS  /tmp/ccdK8AGP.s 			page 21


 1141 0740 12050000 		.4byte	.LASF88
 1142 0744 09       		.byte	0x9
 1143 0745 6F02     		.2byte	0x26f
 1144 0747 B8000000 		.4byte	0xb8
 1145 074b 1C       		.byte	0x1c
 1146 074c 09       		.uleb128 0x9
 1147 074d DC040000 		.4byte	.LASF106
 1148 0751 09       		.byte	0x9
 1149 0752 7002     		.2byte	0x270
 1150 0754 61040000 		.4byte	0x461
 1151 0758 20       		.byte	0x20
 1152 0759 09       		.uleb128 0x9
 1153 075a AD010000 		.4byte	.LASF107
 1154 075e 09       		.byte	0x9
 1155 075f 7102     		.2byte	0x271
 1156 0761 61040000 		.4byte	0x461
 1157 0765 24       		.byte	0x24
 1158 0766 09       		.uleb128 0x9
 1159 0767 1C050000 		.4byte	.LASF108
 1160 076b 09       		.byte	0x9
 1161 076c 7202     		.2byte	0x272
 1162 076e 9B050000 		.4byte	0x59b
 1163 0772 28       		.byte	0x28
 1164 0773 09       		.uleb128 0x9
 1165 0774 34020000 		.4byte	.LASF109
 1166 0778 09       		.byte	0x9
 1167 0779 7302     		.2byte	0x273
 1168 077b 61040000 		.4byte	0x461
 1169 077f 30       		.byte	0x30
 1170 0780 09       		.uleb128 0x9
 1171 0781 A5060000 		.4byte	.LASF110
 1172 0785 09       		.byte	0x9
 1173 0786 7402     		.2byte	0x274
 1174 0788 61040000 		.4byte	0x461
 1175 078c 34       		.byte	0x34
 1176 078d 09       		.uleb128 0x9
 1177 078e AC040000 		.4byte	.LASF111
 1178 0792 09       		.byte	0x9
 1179 0793 7502     		.2byte	0x275
 1180 0795 61040000 		.4byte	0x461
 1181 0799 38       		.byte	0x38
 1182 079a 09       		.uleb128 0x9
 1183 079b 26050000 		.4byte	.LASF112
 1184 079f 09       		.byte	0x9
 1185 07a0 7602     		.2byte	0x276
 1186 07a2 B8000000 		.4byte	0xb8
 1187 07a6 3C       		.byte	0x3c
 1188 07a7 09       		.uleb128 0x9
 1189 07a8 94060000 		.4byte	.LASF113
 1190 07ac 09       		.byte	0x9
 1191 07ad 7702     		.2byte	0x277
 1192 07af 61040000 		.4byte	0x461
 1193 07b3 40       		.byte	0x40
 1194 07b4 09       		.uleb128 0x9
 1195 07b5 C3050000 		.4byte	.LASF114
 1196 07b9 09       		.byte	0x9
 1197 07ba 7802     		.2byte	0x278
ARM GAS  /tmp/ccdK8AGP.s 			page 22


 1198 07bc 61040000 		.4byte	0x461
 1199 07c0 44       		.byte	0x44
 1200 07c1 09       		.uleb128 0x9
 1201 07c2 30050000 		.4byte	.LASF115
 1202 07c6 09       		.byte	0x9
 1203 07c7 7902     		.2byte	0x279
 1204 07c9 9B050000 		.4byte	0x59b
 1205 07cd 48       		.byte	0x48
 1206 07ce 09       		.uleb128 0x9
 1207 07cf 04010000 		.4byte	.LASF116
 1208 07d3 09       		.byte	0x9
 1209 07d4 7A02     		.2byte	0x27a
 1210 07d6 61040000 		.4byte	0x461
 1211 07da 50       		.byte	0x50
 1212 07db 09       		.uleb128 0x9
 1213 07dc B4040000 		.4byte	.LASF117
 1214 07e0 09       		.byte	0x9
 1215 07e1 7B02     		.2byte	0x27b
 1216 07e3 61040000 		.4byte	0x461
 1217 07e7 54       		.byte	0x54
 1218 07e8 09       		.uleb128 0x9
 1219 07e9 B2050000 		.4byte	.LASF118
 1220 07ed 09       		.byte	0x9
 1221 07ee 7C02     		.2byte	0x27c
 1222 07f0 61040000 		.4byte	0x461
 1223 07f4 58       		.byte	0x58
 1224 07f5 09       		.uleb128 0x9
 1225 07f6 3A050000 		.4byte	.LASF119
 1226 07fa 09       		.byte	0x9
 1227 07fb 7D02     		.2byte	0x27d
 1228 07fd B8000000 		.4byte	0xb8
 1229 0801 5C       		.byte	0x5c
 1230 0802 09       		.uleb128 0x9
 1231 0803 B6010000 		.4byte	.LASF120
 1232 0807 09       		.byte	0x9
 1233 0808 7E02     		.2byte	0x27e
 1234 080a 61040000 		.4byte	0x461
 1235 080e 60       		.byte	0x60
 1236 080f 09       		.uleb128 0x9
 1237 0810 0B040000 		.4byte	.LASF121
 1238 0814 09       		.byte	0x9
 1239 0815 7F02     		.2byte	0x27f
 1240 0817 61040000 		.4byte	0x461
 1241 081b 64       		.byte	0x64
 1242 081c 09       		.uleb128 0x9
 1243 081d 44050000 		.4byte	.LASF122
 1244 0821 09       		.byte	0x9
 1245 0822 8002     		.2byte	0x280
 1246 0824 9B050000 		.4byte	0x59b
 1247 0828 68       		.byte	0x68
 1248 0829 09       		.uleb128 0x9
 1249 082a F4060000 		.4byte	.LASF123
 1250 082e 09       		.byte	0x9
 1251 082f 8102     		.2byte	0x281
 1252 0831 61040000 		.4byte	0x461
 1253 0835 70       		.byte	0x70
 1254 0836 08       		.uleb128 0x8
ARM GAS  /tmp/ccdK8AGP.s 			page 23


 1255 0837 43535200 		.ascii	"CSR\000"
 1256 083b 09       		.byte	0x9
 1257 083c 8202     		.2byte	0x282
 1258 083e 61040000 		.4byte	0x461
 1259 0842 74       		.byte	0x74
 1260 0843 09       		.uleb128 0x9
 1261 0844 4E050000 		.4byte	.LASF124
 1262 0848 09       		.byte	0x9
 1263 0849 8302     		.2byte	0x283
 1264 084b 9B050000 		.4byte	0x59b
 1265 084f 78       		.byte	0x78
 1266 0850 09       		.uleb128 0x9
 1267 0851 D5060000 		.4byte	.LASF125
 1268 0855 09       		.byte	0x9
 1269 0856 8402     		.2byte	0x284
 1270 0858 61040000 		.4byte	0x461
 1271 085c 80       		.byte	0x80
 1272 085d 09       		.uleb128 0x9
 1273 085e A9030000 		.4byte	.LASF126
 1274 0862 09       		.byte	0x9
 1275 0863 8502     		.2byte	0x285
 1276 0865 61040000 		.4byte	0x461
 1277 0869 84       		.byte	0x84
 1278 086a 00       		.byte	0
 1279 086b 14       		.uleb128 0x14
 1280 086c 68030000 		.4byte	.LASF127
 1281 0870 09       		.byte	0x9
 1282 0871 8702     		.2byte	0x287
 1283 0873 DC060000 		.4byte	0x6dc
 1284 0877 03       		.uleb128 0x3
 1285 0878 EC010000 		.4byte	.LASF128
 1286 087c 0A       		.byte	0xa
 1287 087d 65       		.byte	0x65
 1288 087e 25030000 		.4byte	0x325
 1289 0882 03       		.uleb128 0x3
 1290 0883 44040000 		.4byte	.LASF129
 1291 0887 0A       		.byte	0xa
 1292 0888 6D       		.byte	0x6d
 1293 0889 C3000000 		.4byte	0xc3
 1294 088d 05       		.uleb128 0x5
 1295 088e 3C020000 		.4byte	.LASF130
 1296 0892 04       		.byte	0x4
 1297 0893 0A       		.byte	0xa
 1298 0894 89       		.byte	0x89
 1299 0895 A5080000 		.4byte	0x8a5
 1300 0899 07       		.uleb128 0x7
 1301 089a 737000   		.ascii	"sp\000"
 1302 089d 0A       		.byte	0xa
 1303 089e 8A       		.byte	0x8a
 1304 089f F1090000 		.4byte	0x9f1
 1305 08a3 00       		.byte	0
 1306 08a4 00       		.byte	0
 1307 08a5 0B       		.uleb128 0xb
 1308 08a6 55000000 		.4byte	.LASF131
 1309 08aa 64       		.byte	0x64
 1310 08ab 0B       		.byte	0xb
 1311 08ac 5901     		.2byte	0x159
ARM GAS  /tmp/ccdK8AGP.s 			page 24


 1312 08ae F1090000 		.4byte	0x9f1
 1313 08b2 08       		.uleb128 0x8
 1314 08b3 73313600 		.ascii	"s16\000"
 1315 08b7 0B       		.byte	0xb
 1316 08b8 5B01     		.2byte	0x15b
 1317 08ba 77080000 		.4byte	0x877
 1318 08be 00       		.byte	0
 1319 08bf 08       		.uleb128 0x8
 1320 08c0 73313700 		.ascii	"s17\000"
 1321 08c4 0B       		.byte	0xb
 1322 08c5 5C01     		.2byte	0x15c
 1323 08c7 77080000 		.4byte	0x877
 1324 08cb 04       		.byte	0x4
 1325 08cc 08       		.uleb128 0x8
 1326 08cd 73313800 		.ascii	"s18\000"
 1327 08d1 0B       		.byte	0xb
 1328 08d2 5D01     		.2byte	0x15d
 1329 08d4 77080000 		.4byte	0x877
 1330 08d8 08       		.byte	0x8
 1331 08d9 08       		.uleb128 0x8
 1332 08da 73313900 		.ascii	"s19\000"
 1333 08de 0B       		.byte	0xb
 1334 08df 5E01     		.2byte	0x15e
 1335 08e1 77080000 		.4byte	0x877
 1336 08e5 0C       		.byte	0xc
 1337 08e6 08       		.uleb128 0x8
 1338 08e7 73323000 		.ascii	"s20\000"
 1339 08eb 0B       		.byte	0xb
 1340 08ec 5F01     		.2byte	0x15f
 1341 08ee 77080000 		.4byte	0x877
 1342 08f2 10       		.byte	0x10
 1343 08f3 08       		.uleb128 0x8
 1344 08f4 73323100 		.ascii	"s21\000"
 1345 08f8 0B       		.byte	0xb
 1346 08f9 6001     		.2byte	0x160
 1347 08fb 77080000 		.4byte	0x877
 1348 08ff 14       		.byte	0x14
 1349 0900 08       		.uleb128 0x8
 1350 0901 73323200 		.ascii	"s22\000"
 1351 0905 0B       		.byte	0xb
 1352 0906 6101     		.2byte	0x161
 1353 0908 77080000 		.4byte	0x877
 1354 090c 18       		.byte	0x18
 1355 090d 08       		.uleb128 0x8
 1356 090e 73323300 		.ascii	"s23\000"
 1357 0912 0B       		.byte	0xb
 1358 0913 6201     		.2byte	0x162
 1359 0915 77080000 		.4byte	0x877
 1360 0919 1C       		.byte	0x1c
 1361 091a 08       		.uleb128 0x8
 1362 091b 73323400 		.ascii	"s24\000"
 1363 091f 0B       		.byte	0xb
 1364 0920 6301     		.2byte	0x163
 1365 0922 77080000 		.4byte	0x877
 1366 0926 20       		.byte	0x20
 1367 0927 08       		.uleb128 0x8
 1368 0928 73323500 		.ascii	"s25\000"
ARM GAS  /tmp/ccdK8AGP.s 			page 25


 1369 092c 0B       		.byte	0xb
 1370 092d 6401     		.2byte	0x164
 1371 092f 77080000 		.4byte	0x877
 1372 0933 24       		.byte	0x24
 1373 0934 08       		.uleb128 0x8
 1374 0935 73323600 		.ascii	"s26\000"
 1375 0939 0B       		.byte	0xb
 1376 093a 6501     		.2byte	0x165
 1377 093c 77080000 		.4byte	0x877
 1378 0940 28       		.byte	0x28
 1379 0941 08       		.uleb128 0x8
 1380 0942 73323700 		.ascii	"s27\000"
 1381 0946 0B       		.byte	0xb
 1382 0947 6601     		.2byte	0x166
 1383 0949 77080000 		.4byte	0x877
 1384 094d 2C       		.byte	0x2c
 1385 094e 08       		.uleb128 0x8
 1386 094f 73323800 		.ascii	"s28\000"
 1387 0953 0B       		.byte	0xb
 1388 0954 6701     		.2byte	0x167
 1389 0956 77080000 		.4byte	0x877
 1390 095a 30       		.byte	0x30
 1391 095b 08       		.uleb128 0x8
 1392 095c 73323900 		.ascii	"s29\000"
 1393 0960 0B       		.byte	0xb
 1394 0961 6801     		.2byte	0x168
 1395 0963 77080000 		.4byte	0x877
 1396 0967 34       		.byte	0x34
 1397 0968 08       		.uleb128 0x8
 1398 0969 73333000 		.ascii	"s30\000"
 1399 096d 0B       		.byte	0xb
 1400 096e 6901     		.2byte	0x169
 1401 0970 77080000 		.4byte	0x877
 1402 0974 38       		.byte	0x38
 1403 0975 08       		.uleb128 0x8
 1404 0976 73333100 		.ascii	"s31\000"
 1405 097a 0B       		.byte	0xb
 1406 097b 6A01     		.2byte	0x16a
 1407 097d 77080000 		.4byte	0x877
 1408 0981 3C       		.byte	0x3c
 1409 0982 08       		.uleb128 0x8
 1410 0983 723400   		.ascii	"r4\000"
 1411 0986 0B       		.byte	0xb
 1412 0987 6C01     		.2byte	0x16c
 1413 0989 77080000 		.4byte	0x877
 1414 098d 40       		.byte	0x40
 1415 098e 08       		.uleb128 0x8
 1416 098f 723500   		.ascii	"r5\000"
 1417 0992 0B       		.byte	0xb
 1418 0993 6D01     		.2byte	0x16d
 1419 0995 77080000 		.4byte	0x877
 1420 0999 44       		.byte	0x44
 1421 099a 08       		.uleb128 0x8
 1422 099b 723600   		.ascii	"r6\000"
 1423 099e 0B       		.byte	0xb
 1424 099f 6E01     		.2byte	0x16e
 1425 09a1 77080000 		.4byte	0x877
ARM GAS  /tmp/ccdK8AGP.s 			page 26


 1426 09a5 48       		.byte	0x48
 1427 09a6 08       		.uleb128 0x8
 1428 09a7 723700   		.ascii	"r7\000"
 1429 09aa 0B       		.byte	0xb
 1430 09ab 6F01     		.2byte	0x16f
 1431 09ad 77080000 		.4byte	0x877
 1432 09b1 4C       		.byte	0x4c
 1433 09b2 08       		.uleb128 0x8
 1434 09b3 723800   		.ascii	"r8\000"
 1435 09b6 0B       		.byte	0xb
 1436 09b7 7001     		.2byte	0x170
 1437 09b9 77080000 		.4byte	0x877
 1438 09bd 50       		.byte	0x50
 1439 09be 08       		.uleb128 0x8
 1440 09bf 723900   		.ascii	"r9\000"
 1441 09c2 0B       		.byte	0xb
 1442 09c3 7101     		.2byte	0x171
 1443 09c5 77080000 		.4byte	0x877
 1444 09c9 54       		.byte	0x54
 1445 09ca 08       		.uleb128 0x8
 1446 09cb 72313000 		.ascii	"r10\000"
 1447 09cf 0B       		.byte	0xb
 1448 09d0 7201     		.2byte	0x172
 1449 09d2 77080000 		.4byte	0x877
 1450 09d6 58       		.byte	0x58
 1451 09d7 08       		.uleb128 0x8
 1452 09d8 72313100 		.ascii	"r11\000"
 1453 09dc 0B       		.byte	0xb
 1454 09dd 7301     		.2byte	0x173
 1455 09df 77080000 		.4byte	0x877
 1456 09e3 5C       		.byte	0x5c
 1457 09e4 08       		.uleb128 0x8
 1458 09e5 6C7200   		.ascii	"lr\000"
 1459 09e8 0B       		.byte	0xb
 1460 09e9 7401     		.2byte	0x174
 1461 09eb 77080000 		.4byte	0x877
 1462 09ef 60       		.byte	0x60
 1463 09f0 00       		.byte	0
 1464 09f1 0A       		.uleb128 0xa
 1465 09f2 04       		.byte	0x4
 1466 09f3 A5080000 		.4byte	0x8a5
 1467 09f7 15       		.uleb128 0x15
 1468 09f8 04       		.byte	0x4
 1469 09f9 0C       		.byte	0xc
 1470 09fa 38       		.byte	0x38
 1471 09fb 0C0A0000 		.4byte	0xa0c
 1472 09ff 06       		.uleb128 0x6
 1473 0a00 8D060000 		.4byte	.LASF132
 1474 0a04 0C       		.byte	0xc
 1475 0a05 3C       		.byte	0x3c
 1476 0a06 CE000000 		.4byte	0xce
 1477 0a0a 00       		.byte	0
 1478 0a0b 00       		.byte	0
 1479 0a0c 03       		.uleb128 0x3
 1480 0a0d BE040000 		.4byte	.LASF133
 1481 0a11 0C       		.byte	0xc
 1482 0a12 3D       		.byte	0x3d
ARM GAS  /tmp/ccdK8AGP.s 			page 27


 1483 0a13 F7090000 		.4byte	0x9f7
 1484 0a17 15       		.uleb128 0x15
 1485 0a18 18       		.byte	0x18
 1486 0a19 0C       		.byte	0xc
 1487 0a1a 48       		.byte	0x48
 1488 0a1b 5A0A0000 		.4byte	0xa5a
 1489 0a1f 06       		.uleb128 0x6
 1490 0a20 61060000 		.4byte	.LASF134
 1491 0a24 0C       		.byte	0xc
 1492 0a25 49       		.byte	0x49
 1493 0a26 CE000000 		.4byte	0xce
 1494 0a2a 00       		.byte	0
 1495 0a2b 06       		.uleb128 0x6
 1496 0a2c 87000000 		.4byte	.LASF135
 1497 0a30 0C       		.byte	0xc
 1498 0a31 4A       		.byte	0x4a
 1499 0a32 CE000000 		.4byte	0xce
 1500 0a36 04       		.byte	0x4
 1501 0a37 06       		.uleb128 0x6
 1502 0a38 79060000 		.4byte	.LASF136
 1503 0a3c 0C       		.byte	0xc
 1504 0a3d 4B       		.byte	0x4b
 1505 0a3e CE000000 		.4byte	0xce
 1506 0a42 08       		.byte	0x8
 1507 0a43 07       		.uleb128 0x7
 1508 0a44 6E00     		.ascii	"n\000"
 1509 0a46 0C       		.byte	0xc
 1510 0a47 4C       		.byte	0x4c
 1511 0a48 31010000 		.4byte	0x131
 1512 0a4c 0C       		.byte	0xc
 1513 0a4d 06       		.uleb128 0x6
 1514 0a4e F8040000 		.4byte	.LASF137
 1515 0a52 0C       		.byte	0xc
 1516 0a53 4D       		.byte	0x4d
 1517 0a54 D9000000 		.4byte	0xd9
 1518 0a58 10       		.byte	0x10
 1519 0a59 00       		.byte	0
 1520 0a5a 03       		.uleb128 0x3
 1521 0a5b 94000000 		.4byte	.LASF138
 1522 0a5f 0C       		.byte	0xc
 1523 0a60 4E       		.byte	0x4e
 1524 0a61 170A0000 		.4byte	0xa17
 1525 0a65 15       		.uleb128 0x15
 1526 0a66 38       		.byte	0x38
 1527 0a67 0D       		.byte	0xd
 1528 0a68 38       		.byte	0x38
 1529 0a69 9E0A0000 		.4byte	0xa9e
 1530 0a6d 06       		.uleb128 0x6
 1531 0a6e 74030000 		.4byte	.LASF139
 1532 0a72 0D       		.byte	0xd
 1533 0a73 39       		.byte	0x39
 1534 0a74 31010000 		.4byte	0x131
 1535 0a78 00       		.byte	0
 1536 0a79 06       		.uleb128 0x6
 1537 0a7a 60050000 		.4byte	.LASF140
 1538 0a7e 0D       		.byte	0xd
 1539 0a7f 3A       		.byte	0x3a
ARM GAS  /tmp/ccdK8AGP.s 			page 28


 1540 0a80 31010000 		.4byte	0x131
 1541 0a84 04       		.byte	0x4
 1542 0a85 06       		.uleb128 0x6
 1543 0a86 6E070000 		.4byte	.LASF141
 1544 0a8a 0D       		.byte	0xd
 1545 0a8b 3B       		.byte	0x3b
 1546 0a8c 5A0A0000 		.4byte	0xa5a
 1547 0a90 08       		.byte	0x8
 1548 0a91 06       		.uleb128 0x6
 1549 0a92 15040000 		.4byte	.LASF142
 1550 0a96 0D       		.byte	0xd
 1551 0a97 3D       		.byte	0x3d
 1552 0a98 5A0A0000 		.4byte	0xa5a
 1553 0a9c 20       		.byte	0x20
 1554 0a9d 00       		.byte	0
 1555 0a9e 03       		.uleb128 0x3
 1556 0a9f 8B030000 		.4byte	.LASF143
 1557 0aa3 0D       		.byte	0xd
 1558 0aa4 3F       		.byte	0x3f
 1559 0aa5 650A0000 		.4byte	0xa65
 1560 0aa9 16       		.uleb128 0x16
 1561 0aaa 04       		.byte	0x4
 1562 0aab 07       		.byte	0x7
 1563 0aac D2       		.byte	0xd2
 1564 0aad 0C0B0000 		.4byte	0xb0c
 1565 0ab1 17       		.uleb128 0x17
 1566 0ab2 29000000 		.4byte	.LASF144
 1567 0ab6 07       		.byte	0x7
 1568 0ab7 D9       		.byte	0xd9
 1569 0ab8 10010000 		.4byte	0x110
 1570 0abc 17       		.uleb128 0x17
 1571 0abd BE000000 		.4byte	.LASF145
 1572 0ac1 07       		.byte	0x7
 1573 0ac2 E0       		.byte	0xe0
 1574 0ac3 10010000 		.4byte	0x110
 1575 0ac7 17       		.uleb128 0x17
 1576 0ac8 12070000 		.4byte	.LASF146
 1577 0acc 07       		.byte	0x7
 1578 0acd E7       		.byte	0xe7
 1579 0ace 25030000 		.4byte	0x325
 1580 0ad2 17       		.uleb128 0x17
 1581 0ad3 62030000 		.4byte	.LASF147
 1582 0ad7 07       		.byte	0x7
 1583 0ad8 EE       		.byte	0xee
 1584 0ad9 0C0B0000 		.4byte	0xb0c
 1585 0add 17       		.uleb128 0x17
 1586 0ade D2000000 		.4byte	.LASF148
 1587 0ae2 07       		.byte	0x7
 1588 0ae3 F3       		.byte	0xf3
 1589 0ae4 10010000 		.4byte	0x110
 1590 0ae8 17       		.uleb128 0x17
 1591 0ae9 5B030000 		.4byte	.LASF149
 1592 0aed 07       		.byte	0x7
 1593 0aee FC       		.byte	0xfc
 1594 0aef 370B0000 		.4byte	0xb37
 1595 0af3 18       		.uleb128 0x18
 1596 0af4 01060000 		.4byte	.LASF150
ARM GAS  /tmp/ccdK8AGP.s 			page 29


 1597 0af8 07       		.byte	0x7
 1598 0af9 0501     		.2byte	0x105
 1599 0afb 6E0B0000 		.4byte	0xb6e
 1600 0aff 18       		.uleb128 0x18
 1601 0b00 BC050000 		.4byte	.LASF151
 1602 0b04 07       		.byte	0x7
 1603 0b05 0D01     		.2byte	0x10d
 1604 0b07 1B010000 		.4byte	0x11b
 1605 0b0b 00       		.byte	0
 1606 0b0c 0A       		.uleb128 0xa
 1607 0b0d 04       		.byte	0x4
 1608 0b0e 3D020000 		.4byte	0x23d
 1609 0b12 05       		.uleb128 0x5
 1610 0b13 DC050000 		.4byte	.LASF152
 1611 0b17 0C       		.byte	0xc
 1612 0b18 0E       		.byte	0xe
 1613 0b19 34       		.byte	0x34
 1614 0b1a 370B0000 		.4byte	0xb37
 1615 0b1e 06       		.uleb128 0x6
 1616 0b1f A1040000 		.4byte	.LASF30
 1617 0b23 0E       		.byte	0xe
 1618 0b24 35       		.byte	0x35
 1619 0b25 72020000 		.4byte	0x272
 1620 0b29 00       		.byte	0
 1621 0b2a 07       		.uleb128 0x7
 1622 0b2b 636E7400 		.ascii	"cnt\000"
 1623 0b2f 0E       		.byte	0xe
 1624 0b30 37       		.byte	0x37
 1625 0b31 26010000 		.4byte	0x126
 1626 0b35 08       		.byte	0x8
 1627 0b36 00       		.byte	0
 1628 0b37 0A       		.uleb128 0xa
 1629 0b38 04       		.byte	0x4
 1630 0b39 120B0000 		.4byte	0xb12
 1631 0b3d 05       		.uleb128 0x5
 1632 0b3e 9C060000 		.4byte	.LASF153
 1633 0b42 10       		.byte	0x10
 1634 0b43 0F       		.byte	0xf
 1635 0b44 39       		.byte	0x39
 1636 0b45 6E0B0000 		.4byte	0xb6e
 1637 0b49 06       		.uleb128 0x6
 1638 0b4a A1040000 		.4byte	.LASF30
 1639 0b4e 0F       		.byte	0xf
 1640 0b4f 3A       		.byte	0x3a
 1641 0b50 72020000 		.4byte	0x272
 1642 0b54 00       		.byte	0
 1643 0b55 06       		.uleb128 0x6
 1644 0b56 18060000 		.4byte	.LASF154
 1645 0b5a 0F       		.byte	0xf
 1646 0b5b 3C       		.byte	0x3c
 1647 0b5c 48020000 		.4byte	0x248
 1648 0b60 08       		.byte	0x8
 1649 0b61 06       		.uleb128 0x6
 1650 0b62 F6000000 		.4byte	.LASF50
 1651 0b66 0F       		.byte	0xf
 1652 0b67 3E       		.byte	0x3e
 1653 0b68 A20B0000 		.4byte	0xba2
ARM GAS  /tmp/ccdK8AGP.s 			page 30


 1654 0b6c 0C       		.byte	0xc
 1655 0b6d 00       		.byte	0
 1656 0b6e 0A       		.uleb128 0xa
 1657 0b6f 04       		.byte	0x4
 1658 0b70 3D0B0000 		.4byte	0xb3d
 1659 0b74 0A       		.uleb128 0xa
 1660 0b75 04       		.byte	0x4
 1661 0b76 7A0B0000 		.4byte	0xb7a
 1662 0b7a 11       		.uleb128 0x11
 1663 0b7b 7F0B0000 		.4byte	0xb7f
 1664 0b7f 04       		.uleb128 0x4
 1665 0b80 01       		.byte	0x1
 1666 0b81 08       		.byte	0x8
 1667 0b82 3F060000 		.4byte	.LASF155
 1668 0b86 0A       		.uleb128 0xa
 1669 0b87 04       		.byte	0x4
 1670 0b88 82080000 		.4byte	0x882
 1671 0b8c 0A       		.uleb128 0xa
 1672 0b8d 04       		.byte	0x4
 1673 0b8e 27030000 		.4byte	0x327
 1674 0b92 0F       		.uleb128 0xf
 1675 0b93 740B0000 		.4byte	0xb74
 1676 0b97 03       		.uleb128 0x3
 1677 0b98 2C020000 		.4byte	.LASF156
 1678 0b9c 0F       		.byte	0xf
 1679 0b9d 34       		.byte	0x34
 1680 0b9e 3D0B0000 		.4byte	0xb3d
 1681 0ba2 0A       		.uleb128 0xa
 1682 0ba3 04       		.byte	0x4
 1683 0ba4 970B0000 		.4byte	0xb97
 1684 0ba8 04       		.uleb128 0x4
 1685 0ba9 01       		.byte	0x1
 1686 0baa 02       		.byte	0x2
 1687 0bab 69050000 		.4byte	.LASF157
 1688 0baf 19       		.uleb128 0x19
 1689 0bb0 D5030000 		.4byte	.LASF163
 1690 0bb4 01       		.byte	0x1
 1691 0bb5 36       		.byte	0x36
 1692 0bb6 01       		.byte	0x1
 1693 0bb7 1A       		.uleb128 0x1a
 1694 0bb8 C0060000 		.4byte	.LASF164
 1695 0bbc 01       		.byte	0x1
 1696 0bbd 72       		.byte	0x72
 1697 0bbe 00000000 		.4byte	.LFB278
 1698 0bc2 60000000 		.4byte	.LFE278-.LFB278
 1699 0bc6 01       		.uleb128 0x1
 1700 0bc7 9C       		.byte	0x9c
 1701 0bc8 E50B0000 		.4byte	0xbe5
 1702 0bcc 1B       		.uleb128 0x1b
 1703 0bcd AF0B0000 		.4byte	0xbaf
 1704 0bd1 2C000000 		.4byte	.LBB4
 1705 0bd5 26000000 		.4byte	.LBE4-.LBB4
 1706 0bd9 01       		.byte	0x1
 1707 0bda 82       		.byte	0x82
 1708 0bdb 1C       		.uleb128 0x1c
 1709 0bdc 56000000 		.4byte	.LVL0
 1710 0be0 230C0000 		.4byte	0xc23
ARM GAS  /tmp/ccdK8AGP.s 			page 31


 1711 0be4 00       		.byte	0
 1712 0be5 1D       		.uleb128 0x1d
 1713 0be6 1B020000 		.4byte	.LASF165
 1714 0bea 01       		.byte	0x1
 1715 0beb 95       		.byte	0x95
 1716 0bec 00000000 		.4byte	.LFB279
 1717 0bf0 F0000000 		.4byte	.LFE279-.LFB279
 1718 0bf4 01       		.uleb128 0x1
 1719 0bf5 9C       		.byte	0x9c
 1720 0bf6 1E       		.uleb128 0x1e
 1721 0bf7 92050000 		.4byte	.LASF158
 1722 0bfb 08       		.byte	0x8
 1723 0bfc 4407     		.2byte	0x744
 1724 0bfe 020C0000 		.4byte	0xc02
 1725 0c02 0F       		.uleb128 0xf
 1726 0c03 AD000000 		.4byte	0xad
 1727 0c07 1F       		.uleb128 0x1f
 1728 0c08 4B030000 		.4byte	.LASF159
 1729 0c0c 01       		.byte	0x1
 1730 0c0d 27       		.byte	0x27
 1731 0c0e B8000000 		.4byte	0xb8
 1732 0c12 05       		.uleb128 0x5
 1733 0c13 03       		.byte	0x3
 1734 0c14 00000000 		.4byte	SystemCoreClock
 1735 0c18 20       		.uleb128 0x20
 1736 0c19 636800   		.ascii	"ch\000"
 1737 0c1c 07       		.byte	0x7
 1738 0c1d D201     		.2byte	0x1d2
 1739 0c1f F4030000 		.4byte	0x3f4
 1740 0c23 21       		.uleb128 0x21
 1741 0c24 1E060000 		.4byte	.LASF166
 1742 0c28 10       		.byte	0x10
 1743 0c29 9802     		.2byte	0x298
 1744 0c2b 00       		.byte	0
 1745              		.section	.debug_abbrev,"",%progbits
 1746              	.Ldebug_abbrev0:
 1747 0000 01       		.uleb128 0x1
 1748 0001 11       		.uleb128 0x11
 1749 0002 01       		.byte	0x1
 1750 0003 25       		.uleb128 0x25
 1751 0004 0E       		.uleb128 0xe
 1752 0005 13       		.uleb128 0x13
 1753 0006 0B       		.uleb128 0xb
 1754 0007 03       		.uleb128 0x3
 1755 0008 0E       		.uleb128 0xe
 1756 0009 1B       		.uleb128 0x1b
 1757 000a 0E       		.uleb128 0xe
 1758 000b 55       		.uleb128 0x55
 1759 000c 17       		.uleb128 0x17
 1760 000d 11       		.uleb128 0x11
 1761 000e 01       		.uleb128 0x1
 1762 000f 10       		.uleb128 0x10
 1763 0010 17       		.uleb128 0x17
 1764 0011 00       		.byte	0
 1765 0012 00       		.byte	0
 1766 0013 02       		.uleb128 0x2
 1767 0014 24       		.uleb128 0x24
ARM GAS  /tmp/ccdK8AGP.s 			page 32


 1768 0015 00       		.byte	0
 1769 0016 0B       		.uleb128 0xb
 1770 0017 0B       		.uleb128 0xb
 1771 0018 3E       		.uleb128 0x3e
 1772 0019 0B       		.uleb128 0xb
 1773 001a 03       		.uleb128 0x3
 1774 001b 08       		.uleb128 0x8
 1775 001c 00       		.byte	0
 1776 001d 00       		.byte	0
 1777 001e 03       		.uleb128 0x3
 1778 001f 16       		.uleb128 0x16
 1779 0020 00       		.byte	0
 1780 0021 03       		.uleb128 0x3
 1781 0022 0E       		.uleb128 0xe
 1782 0023 3A       		.uleb128 0x3a
 1783 0024 0B       		.uleb128 0xb
 1784 0025 3B       		.uleb128 0x3b
 1785 0026 0B       		.uleb128 0xb
 1786 0027 49       		.uleb128 0x49
 1787 0028 13       		.uleb128 0x13
 1788 0029 00       		.byte	0
 1789 002a 00       		.byte	0
 1790 002b 04       		.uleb128 0x4
 1791 002c 24       		.uleb128 0x24
 1792 002d 00       		.byte	0
 1793 002e 0B       		.uleb128 0xb
 1794 002f 0B       		.uleb128 0xb
 1795 0030 3E       		.uleb128 0x3e
 1796 0031 0B       		.uleb128 0xb
 1797 0032 03       		.uleb128 0x3
 1798 0033 0E       		.uleb128 0xe
 1799 0034 00       		.byte	0
 1800 0035 00       		.byte	0
 1801 0036 05       		.uleb128 0x5
 1802 0037 13       		.uleb128 0x13
 1803 0038 01       		.byte	0x1
 1804 0039 03       		.uleb128 0x3
 1805 003a 0E       		.uleb128 0xe
 1806 003b 0B       		.uleb128 0xb
 1807 003c 0B       		.uleb128 0xb
 1808 003d 3A       		.uleb128 0x3a
 1809 003e 0B       		.uleb128 0xb
 1810 003f 3B       		.uleb128 0x3b
 1811 0040 0B       		.uleb128 0xb
 1812 0041 01       		.uleb128 0x1
 1813 0042 13       		.uleb128 0x13
 1814 0043 00       		.byte	0
 1815 0044 00       		.byte	0
 1816 0045 06       		.uleb128 0x6
 1817 0046 0D       		.uleb128 0xd
 1818 0047 00       		.byte	0
 1819 0048 03       		.uleb128 0x3
 1820 0049 0E       		.uleb128 0xe
 1821 004a 3A       		.uleb128 0x3a
 1822 004b 0B       		.uleb128 0xb
 1823 004c 3B       		.uleb128 0x3b
 1824 004d 0B       		.uleb128 0xb
ARM GAS  /tmp/ccdK8AGP.s 			page 33


 1825 004e 49       		.uleb128 0x49
 1826 004f 13       		.uleb128 0x13
 1827 0050 38       		.uleb128 0x38
 1828 0051 0B       		.uleb128 0xb
 1829 0052 00       		.byte	0
 1830 0053 00       		.byte	0
 1831 0054 07       		.uleb128 0x7
 1832 0055 0D       		.uleb128 0xd
 1833 0056 00       		.byte	0
 1834 0057 03       		.uleb128 0x3
 1835 0058 08       		.uleb128 0x8
 1836 0059 3A       		.uleb128 0x3a
 1837 005a 0B       		.uleb128 0xb
 1838 005b 3B       		.uleb128 0x3b
 1839 005c 0B       		.uleb128 0xb
 1840 005d 49       		.uleb128 0x49
 1841 005e 13       		.uleb128 0x13
 1842 005f 38       		.uleb128 0x38
 1843 0060 0B       		.uleb128 0xb
 1844 0061 00       		.byte	0
 1845 0062 00       		.byte	0
 1846 0063 08       		.uleb128 0x8
 1847 0064 0D       		.uleb128 0xd
 1848 0065 00       		.byte	0
 1849 0066 03       		.uleb128 0x3
 1850 0067 08       		.uleb128 0x8
 1851 0068 3A       		.uleb128 0x3a
 1852 0069 0B       		.uleb128 0xb
 1853 006a 3B       		.uleb128 0x3b
 1854 006b 05       		.uleb128 0x5
 1855 006c 49       		.uleb128 0x49
 1856 006d 13       		.uleb128 0x13
 1857 006e 38       		.uleb128 0x38
 1858 006f 0B       		.uleb128 0xb
 1859 0070 00       		.byte	0
 1860 0071 00       		.byte	0
 1861 0072 09       		.uleb128 0x9
 1862 0073 0D       		.uleb128 0xd
 1863 0074 00       		.byte	0
 1864 0075 03       		.uleb128 0x3
 1865 0076 0E       		.uleb128 0xe
 1866 0077 3A       		.uleb128 0x3a
 1867 0078 0B       		.uleb128 0xb
 1868 0079 3B       		.uleb128 0x3b
 1869 007a 05       		.uleb128 0x5
 1870 007b 49       		.uleb128 0x49
 1871 007c 13       		.uleb128 0x13
 1872 007d 38       		.uleb128 0x38
 1873 007e 0B       		.uleb128 0xb
 1874 007f 00       		.byte	0
 1875 0080 00       		.byte	0
 1876 0081 0A       		.uleb128 0xa
 1877 0082 0F       		.uleb128 0xf
 1878 0083 00       		.byte	0
 1879 0084 0B       		.uleb128 0xb
 1880 0085 0B       		.uleb128 0xb
 1881 0086 49       		.uleb128 0x49
ARM GAS  /tmp/ccdK8AGP.s 			page 34


 1882 0087 13       		.uleb128 0x13
 1883 0088 00       		.byte	0
 1884 0089 00       		.byte	0
 1885 008a 0B       		.uleb128 0xb
 1886 008b 13       		.uleb128 0x13
 1887 008c 01       		.byte	0x1
 1888 008d 03       		.uleb128 0x3
 1889 008e 0E       		.uleb128 0xe
 1890 008f 0B       		.uleb128 0xb
 1891 0090 0B       		.uleb128 0xb
 1892 0091 3A       		.uleb128 0x3a
 1893 0092 0B       		.uleb128 0xb
 1894 0093 3B       		.uleb128 0x3b
 1895 0094 05       		.uleb128 0x5
 1896 0095 01       		.uleb128 0x1
 1897 0096 13       		.uleb128 0x13
 1898 0097 00       		.byte	0
 1899 0098 00       		.byte	0
 1900 0099 0C       		.uleb128 0xc
 1901 009a 15       		.uleb128 0x15
 1902 009b 01       		.byte	0x1
 1903 009c 27       		.uleb128 0x27
 1904 009d 19       		.uleb128 0x19
 1905 009e 01       		.uleb128 0x1
 1906 009f 13       		.uleb128 0x13
 1907 00a0 00       		.byte	0
 1908 00a1 00       		.byte	0
 1909 00a2 0D       		.uleb128 0xd
 1910 00a3 05       		.uleb128 0x5
 1911 00a4 00       		.byte	0
 1912 00a5 49       		.uleb128 0x49
 1913 00a6 13       		.uleb128 0x13
 1914 00a7 00       		.byte	0
 1915 00a8 00       		.byte	0
 1916 00a9 0E       		.uleb128 0xe
 1917 00aa 0F       		.uleb128 0xf
 1918 00ab 00       		.byte	0
 1919 00ac 0B       		.uleb128 0xb
 1920 00ad 0B       		.uleb128 0xb
 1921 00ae 00       		.byte	0
 1922 00af 00       		.byte	0
 1923 00b0 0F       		.uleb128 0xf
 1924 00b1 35       		.uleb128 0x35
 1925 00b2 00       		.byte	0
 1926 00b3 49       		.uleb128 0x49
 1927 00b4 13       		.uleb128 0x13
 1928 00b5 00       		.byte	0
 1929 00b6 00       		.byte	0
 1930 00b7 10       		.uleb128 0x10
 1931 00b8 13       		.uleb128 0x13
 1932 00b9 01       		.byte	0x1
 1933 00ba 0B       		.uleb128 0xb
 1934 00bb 0B       		.uleb128 0xb
 1935 00bc 3A       		.uleb128 0x3a
 1936 00bd 0B       		.uleb128 0xb
 1937 00be 3B       		.uleb128 0x3b
 1938 00bf 05       		.uleb128 0x5
ARM GAS  /tmp/ccdK8AGP.s 			page 35


 1939 00c0 01       		.uleb128 0x1
 1940 00c1 13       		.uleb128 0x13
 1941 00c2 00       		.byte	0
 1942 00c3 00       		.byte	0
 1943 00c4 11       		.uleb128 0x11
 1944 00c5 26       		.uleb128 0x26
 1945 00c6 00       		.byte	0
 1946 00c7 49       		.uleb128 0x49
 1947 00c8 13       		.uleb128 0x13
 1948 00c9 00       		.byte	0
 1949 00ca 00       		.byte	0
 1950 00cb 12       		.uleb128 0x12
 1951 00cc 01       		.uleb128 0x1
 1952 00cd 01       		.byte	0x1
 1953 00ce 49       		.uleb128 0x49
 1954 00cf 13       		.uleb128 0x13
 1955 00d0 01       		.uleb128 0x1
 1956 00d1 13       		.uleb128 0x13
 1957 00d2 00       		.byte	0
 1958 00d3 00       		.byte	0
 1959 00d4 13       		.uleb128 0x13
 1960 00d5 21       		.uleb128 0x21
 1961 00d6 00       		.byte	0
 1962 00d7 49       		.uleb128 0x49
 1963 00d8 13       		.uleb128 0x13
 1964 00d9 2F       		.uleb128 0x2f
 1965 00da 0B       		.uleb128 0xb
 1966 00db 00       		.byte	0
 1967 00dc 00       		.byte	0
 1968 00dd 14       		.uleb128 0x14
 1969 00de 16       		.uleb128 0x16
 1970 00df 00       		.byte	0
 1971 00e0 03       		.uleb128 0x3
 1972 00e1 0E       		.uleb128 0xe
 1973 00e2 3A       		.uleb128 0x3a
 1974 00e3 0B       		.uleb128 0xb
 1975 00e4 3B       		.uleb128 0x3b
 1976 00e5 05       		.uleb128 0x5
 1977 00e6 49       		.uleb128 0x49
 1978 00e7 13       		.uleb128 0x13
 1979 00e8 00       		.byte	0
 1980 00e9 00       		.byte	0
 1981 00ea 15       		.uleb128 0x15
 1982 00eb 13       		.uleb128 0x13
 1983 00ec 01       		.byte	0x1
 1984 00ed 0B       		.uleb128 0xb
 1985 00ee 0B       		.uleb128 0xb
 1986 00ef 3A       		.uleb128 0x3a
 1987 00f0 0B       		.uleb128 0xb
 1988 00f1 3B       		.uleb128 0x3b
 1989 00f2 0B       		.uleb128 0xb
 1990 00f3 01       		.uleb128 0x1
 1991 00f4 13       		.uleb128 0x13
 1992 00f5 00       		.byte	0
 1993 00f6 00       		.byte	0
 1994 00f7 16       		.uleb128 0x16
 1995 00f8 17       		.uleb128 0x17
ARM GAS  /tmp/ccdK8AGP.s 			page 36


 1996 00f9 01       		.byte	0x1
 1997 00fa 0B       		.uleb128 0xb
 1998 00fb 0B       		.uleb128 0xb
 1999 00fc 3A       		.uleb128 0x3a
 2000 00fd 0B       		.uleb128 0xb
 2001 00fe 3B       		.uleb128 0x3b
 2002 00ff 0B       		.uleb128 0xb
 2003 0100 01       		.uleb128 0x1
 2004 0101 13       		.uleb128 0x13
 2005 0102 00       		.byte	0
 2006 0103 00       		.byte	0
 2007 0104 17       		.uleb128 0x17
 2008 0105 0D       		.uleb128 0xd
 2009 0106 00       		.byte	0
 2010 0107 03       		.uleb128 0x3
 2011 0108 0E       		.uleb128 0xe
 2012 0109 3A       		.uleb128 0x3a
 2013 010a 0B       		.uleb128 0xb
 2014 010b 3B       		.uleb128 0x3b
 2015 010c 0B       		.uleb128 0xb
 2016 010d 49       		.uleb128 0x49
 2017 010e 13       		.uleb128 0x13
 2018 010f 00       		.byte	0
 2019 0110 00       		.byte	0
 2020 0111 18       		.uleb128 0x18
 2021 0112 0D       		.uleb128 0xd
 2022 0113 00       		.byte	0
 2023 0114 03       		.uleb128 0x3
 2024 0115 0E       		.uleb128 0xe
 2025 0116 3A       		.uleb128 0x3a
 2026 0117 0B       		.uleb128 0xb
 2027 0118 3B       		.uleb128 0x3b
 2028 0119 05       		.uleb128 0x5
 2029 011a 49       		.uleb128 0x49
 2030 011b 13       		.uleb128 0x13
 2031 011c 00       		.byte	0
 2032 011d 00       		.byte	0
 2033 011e 19       		.uleb128 0x19
 2034 011f 2E       		.uleb128 0x2e
 2035 0120 00       		.byte	0
 2036 0121 03       		.uleb128 0x3
 2037 0122 0E       		.uleb128 0xe
 2038 0123 3A       		.uleb128 0x3a
 2039 0124 0B       		.uleb128 0xb
 2040 0125 3B       		.uleb128 0x3b
 2041 0126 0B       		.uleb128 0xb
 2042 0127 27       		.uleb128 0x27
 2043 0128 19       		.uleb128 0x19
 2044 0129 20       		.uleb128 0x20
 2045 012a 0B       		.uleb128 0xb
 2046 012b 00       		.byte	0
 2047 012c 00       		.byte	0
 2048 012d 1A       		.uleb128 0x1a
 2049 012e 2E       		.uleb128 0x2e
 2050 012f 01       		.byte	0x1
 2051 0130 3F       		.uleb128 0x3f
 2052 0131 19       		.uleb128 0x19
ARM GAS  /tmp/ccdK8AGP.s 			page 37


 2053 0132 03       		.uleb128 0x3
 2054 0133 0E       		.uleb128 0xe
 2055 0134 3A       		.uleb128 0x3a
 2056 0135 0B       		.uleb128 0xb
 2057 0136 3B       		.uleb128 0x3b
 2058 0137 0B       		.uleb128 0xb
 2059 0138 27       		.uleb128 0x27
 2060 0139 19       		.uleb128 0x19
 2061 013a 11       		.uleb128 0x11
 2062 013b 01       		.uleb128 0x1
 2063 013c 12       		.uleb128 0x12
 2064 013d 06       		.uleb128 0x6
 2065 013e 40       		.uleb128 0x40
 2066 013f 18       		.uleb128 0x18
 2067 0140 9742     		.uleb128 0x2117
 2068 0142 19       		.uleb128 0x19
 2069 0143 01       		.uleb128 0x1
 2070 0144 13       		.uleb128 0x13
 2071 0145 00       		.byte	0
 2072 0146 00       		.byte	0
 2073 0147 1B       		.uleb128 0x1b
 2074 0148 1D       		.uleb128 0x1d
 2075 0149 00       		.byte	0
 2076 014a 31       		.uleb128 0x31
 2077 014b 13       		.uleb128 0x13
 2078 014c 11       		.uleb128 0x11
 2079 014d 01       		.uleb128 0x1
 2080 014e 12       		.uleb128 0x12
 2081 014f 06       		.uleb128 0x6
 2082 0150 58       		.uleb128 0x58
 2083 0151 0B       		.uleb128 0xb
 2084 0152 59       		.uleb128 0x59
 2085 0153 0B       		.uleb128 0xb
 2086 0154 00       		.byte	0
 2087 0155 00       		.byte	0
 2088 0156 1C       		.uleb128 0x1c
 2089 0157 898201   		.uleb128 0x4109
 2090 015a 00       		.byte	0
 2091 015b 11       		.uleb128 0x11
 2092 015c 01       		.uleb128 0x1
 2093 015d 9542     		.uleb128 0x2115
 2094 015f 19       		.uleb128 0x19
 2095 0160 31       		.uleb128 0x31
 2096 0161 13       		.uleb128 0x13
 2097 0162 00       		.byte	0
 2098 0163 00       		.byte	0
 2099 0164 1D       		.uleb128 0x1d
 2100 0165 2E       		.uleb128 0x2e
 2101 0166 00       		.byte	0
 2102 0167 3F       		.uleb128 0x3f
 2103 0168 19       		.uleb128 0x19
 2104 0169 03       		.uleb128 0x3
 2105 016a 0E       		.uleb128 0xe
 2106 016b 3A       		.uleb128 0x3a
 2107 016c 0B       		.uleb128 0xb
 2108 016d 3B       		.uleb128 0x3b
 2109 016e 0B       		.uleb128 0xb
ARM GAS  /tmp/ccdK8AGP.s 			page 38


 2110 016f 27       		.uleb128 0x27
 2111 0170 19       		.uleb128 0x19
 2112 0171 11       		.uleb128 0x11
 2113 0172 01       		.uleb128 0x1
 2114 0173 12       		.uleb128 0x12
 2115 0174 06       		.uleb128 0x6
 2116 0175 40       		.uleb128 0x40
 2117 0176 18       		.uleb128 0x18
 2118 0177 9742     		.uleb128 0x2117
 2119 0179 19       		.uleb128 0x19
 2120 017a 00       		.byte	0
 2121 017b 00       		.byte	0
 2122 017c 1E       		.uleb128 0x1e
 2123 017d 34       		.uleb128 0x34
 2124 017e 00       		.byte	0
 2125 017f 03       		.uleb128 0x3
 2126 0180 0E       		.uleb128 0xe
 2127 0181 3A       		.uleb128 0x3a
 2128 0182 0B       		.uleb128 0xb
 2129 0183 3B       		.uleb128 0x3b
 2130 0184 05       		.uleb128 0x5
 2131 0185 49       		.uleb128 0x49
 2132 0186 13       		.uleb128 0x13
 2133 0187 3F       		.uleb128 0x3f
 2134 0188 19       		.uleb128 0x19
 2135 0189 3C       		.uleb128 0x3c
 2136 018a 19       		.uleb128 0x19
 2137 018b 00       		.byte	0
 2138 018c 00       		.byte	0
 2139 018d 1F       		.uleb128 0x1f
 2140 018e 34       		.uleb128 0x34
 2141 018f 00       		.byte	0
 2142 0190 03       		.uleb128 0x3
 2143 0191 0E       		.uleb128 0xe
 2144 0192 3A       		.uleb128 0x3a
 2145 0193 0B       		.uleb128 0xb
 2146 0194 3B       		.uleb128 0x3b
 2147 0195 0B       		.uleb128 0xb
 2148 0196 49       		.uleb128 0x49
 2149 0197 13       		.uleb128 0x13
 2150 0198 3F       		.uleb128 0x3f
 2151 0199 19       		.uleb128 0x19
 2152 019a 02       		.uleb128 0x2
 2153 019b 18       		.uleb128 0x18
 2154 019c 00       		.byte	0
 2155 019d 00       		.byte	0
 2156 019e 20       		.uleb128 0x20
 2157 019f 34       		.uleb128 0x34
 2158 01a0 00       		.byte	0
 2159 01a1 03       		.uleb128 0x3
 2160 01a2 08       		.uleb128 0x8
 2161 01a3 3A       		.uleb128 0x3a
 2162 01a4 0B       		.uleb128 0xb
 2163 01a5 3B       		.uleb128 0x3b
 2164 01a6 05       		.uleb128 0x5
 2165 01a7 49       		.uleb128 0x49
 2166 01a8 13       		.uleb128 0x13
ARM GAS  /tmp/ccdK8AGP.s 			page 39


 2167 01a9 3F       		.uleb128 0x3f
 2168 01aa 19       		.uleb128 0x19
 2169 01ab 3C       		.uleb128 0x3c
 2170 01ac 19       		.uleb128 0x19
 2171 01ad 00       		.byte	0
 2172 01ae 00       		.byte	0
 2173 01af 21       		.uleb128 0x21
 2174 01b0 2E       		.uleb128 0x2e
 2175 01b1 00       		.byte	0
 2176 01b2 3F       		.uleb128 0x3f
 2177 01b3 19       		.uleb128 0x19
 2178 01b4 03       		.uleb128 0x3
 2179 01b5 0E       		.uleb128 0xe
 2180 01b6 3A       		.uleb128 0x3a
 2181 01b7 0B       		.uleb128 0xb
 2182 01b8 3B       		.uleb128 0x3b
 2183 01b9 05       		.uleb128 0x5
 2184 01ba 27       		.uleb128 0x27
 2185 01bb 19       		.uleb128 0x19
 2186 01bc 3C       		.uleb128 0x3c
 2187 01bd 19       		.uleb128 0x19
 2188 01be 00       		.byte	0
 2189 01bf 00       		.byte	0
 2190 01c0 00       		.byte	0
 2191              		.section	.debug_aranges,"",%progbits
 2192 0000 24000000 		.4byte	0x24
 2193 0004 0200     		.2byte	0x2
 2194 0006 00000000 		.4byte	.Ldebug_info0
 2195 000a 04       		.byte	0x4
 2196 000b 00       		.byte	0
 2197 000c 0000     		.2byte	0
 2198 000e 0000     		.2byte	0
 2199 0010 00000000 		.4byte	.LFB278
 2200 0014 60000000 		.4byte	.LFE278-.LFB278
 2201 0018 00000000 		.4byte	.LFB279
 2202 001c F0000000 		.4byte	.LFE279-.LFB279
 2203 0020 00000000 		.4byte	0
 2204 0024 00000000 		.4byte	0
 2205              		.section	.debug_ranges,"",%progbits
 2206              	.Ldebug_ranges0:
 2207 0000 00000000 		.4byte	.LFB278
 2208 0004 60000000 		.4byte	.LFE278
 2209 0008 00000000 		.4byte	.LFB279
 2210 000c F0000000 		.4byte	.LFE279
 2211 0010 00000000 		.4byte	0
 2212 0014 00000000 		.4byte	0
 2213              		.section	.debug_line,"",%progbits
 2214              	.Ldebug_line0:
 2215 0000 22030000 		.section	.debug_str,"MS",%progbits,1
 2215      0200A502 
 2215      00000201 
 2215      FB0E0D00 
 2215      01010101 
 2216              	.LASF47:
 2217 0000 74687265 		.ascii	"threads_list_t\000"
 2217      6164735F 
 2217      6C697374 
ARM GAS  /tmp/ccdK8AGP.s 			page 40


 2217      5F7400
 2218              	.LASF54:
 2219 000f 72656164 		.ascii	"ready_list_t\000"
 2219      795F6C69 
 2219      73745F74 
 2219      00
 2220              	.LASF2:
 2221 001c 73697A65 		.ascii	"size_t\000"
 2221      5F7400
 2222              	.LASF60:
 2223 0023 64656C74 		.ascii	"delta\000"
 2223      6100
 2224              	.LASF144:
 2225 0029 7264796D 		.ascii	"rdymsg\000"
 2225      736700
 2226              	.LASF17:
 2227 0030 75696E74 		.ascii	"uint64_t\000"
 2227      36345F74 
 2227      00
 2228              	.LASF73:
 2229 0039 6B65726E 		.ascii	"kernel_stats\000"
 2229      656C5F73 
 2229      74617473 
 2229      00
 2230              	.LASF3:
 2231 0046 5F5F7569 		.ascii	"__uint8_t\000"
 2231      6E74385F 
 2231      7400
 2232              	.LASF53:
 2233 0050 70726576 		.ascii	"prev\000"
 2233      00
 2234              	.LASF131:
 2235 0055 706F7274 		.ascii	"port_intctx\000"
 2235      5F696E74 
 2235      63747800 
 2236              	.LASF52:
 2237 0061 63685F74 		.ascii	"ch_threads_queue\000"
 2237      68726561 
 2237      64735F71 
 2237      75657565 
 2237      00
 2238              	.LASF65:
 2239 0072 73797374 		.ascii	"system_debug_t\000"
 2239      656D5F64 
 2239      65627567 
 2239      5F7400
 2240              	.LASF97:
 2241 0081 4F505443 		.ascii	"OPTCR\000"
 2241      5200
 2242              	.LASF135:
 2243 0087 776F7273 		.ascii	"worst\000"
 2243      7400
 2244              	.LASF98:
 2245 008d 4F505443 		.ascii	"OPTCR1\000"
 2245      523100
 2246              	.LASF138:
 2247 0094 74696D65 		.ascii	"time_measurement_t\000"
ARM GAS  /tmp/ccdK8AGP.s 			page 41


 2247      5F6D6561 
 2247      73757265 
 2247      6D656E74 
 2247      5F7400
 2248              	.LASF13:
 2249 00a7 6C6F6E67 		.ascii	"long long unsigned int\000"
 2249      206C6F6E 
 2249      6720756E 
 2249      7369676E 
 2249      65642069 
 2250              	.LASF145:
 2251 00be 65786974 		.ascii	"exitcode\000"
 2251      636F6465 
 2251      00
 2252              	.LASF72:
 2253 00c7 6D61696E 		.ascii	"mainthread\000"
 2253      74687265 
 2253      616400
 2254              	.LASF148:
 2255 00d2 73656E74 		.ascii	"sentmsg\000"
 2255      6D736700 
 2256              	.LASF62:
 2257 00da 76697274 		.ascii	"virtual_timers_list_t\000"
 2257      75616C5F 
 2257      74696D65 
 2257      72735F6C 
 2257      6973745F 
 2258              	.LASF75:
 2259 00f0 43505549 		.ascii	"CPUID\000"
 2259      4400
 2260              	.LASF50:
 2261 00f6 6E657874 		.ascii	"next\000"
 2261      00
 2262              	.LASF19:
 2263 00fb 72747469 		.ascii	"rttime_t\000"
 2263      6D655F74 
 2263      00
 2264              	.LASF116:
 2265 0104 41484231 		.ascii	"AHB1LPENR\000"
 2265      4C50454E 
 2265      5200
 2266              	.LASF38:
 2267 010e 72656673 		.ascii	"refs\000"
 2267      00
 2268              	.LASF87:
 2269 0113 49534152 		.ascii	"ISAR\000"
 2269      00
 2270              	.LASF11:
 2271 0118 6C6F6E67 		.ascii	"long long int\000"
 2271      206C6F6E 
 2271      6720696E 
 2271      7400
 2272              	.LASF1:
 2273 0126 7369676E 		.ascii	"signed char\000"
 2273      65642063 
 2273      68617200 
 2274              	.LASF103:
ARM GAS  /tmp/ccdK8AGP.s 			page 42


 2275 0132 41484231 		.ascii	"AHB1RSTR\000"
 2275      52535452 
 2275      00
 2276              	.LASF99:
 2277 013b 464C4153 		.ascii	"FLASH_TypeDef\000"
 2277      485F5479 
 2277      70654465 
 2277      6600
 2278              	.LASF71:
 2279 0149 76746C69 		.ascii	"vtlist\000"
 2279      737400
 2280              	.LASF162:
 2281 0150 2F686F6D 		.ascii	"/home/kozinalexey/f4by/ardupilot/build/f4by-ch\000"
 2281      652F6B6F 
 2281      7A696E61 
 2281      6C657865 
 2281      792F6634 
 2282              	.LASF100:
 2283 017f 5057525F 		.ascii	"PWR_TypeDef\000"
 2283      54797065 
 2283      44656600 
 2284              	.LASF40:
 2285 018b 6D736771 		.ascii	"msgqueue\000"
 2285      75657565 
 2285      00
 2286              	.LASF36:
 2287 0194 73746174 		.ascii	"state\000"
 2287      6500
 2288              	.LASF69:
 2289 019a 63685F73 		.ascii	"ch_system\000"
 2289      79737465 
 2289      6D00
 2290              	.LASF8:
 2291 01a4 6C6F6E67 		.ascii	"long int\000"
 2291      20696E74 
 2291      00
 2292              	.LASF107:
 2293 01ad 41504232 		.ascii	"APB2RSTR\000"
 2293      52535452 
 2293      00
 2294              	.LASF120:
 2295 01b6 41504231 		.ascii	"APB1LPENR\000"
 2295      4C50454E 
 2295      5200
 2296              	.LASF21:
 2297 01c0 74737461 		.ascii	"tstate_t\000"
 2297      74655F74 
 2297      00
 2298              	.LASF61:
 2299 01c9 66756E63 		.ascii	"func\000"
 2299      00
 2300              	.LASF45:
 2301 01ce 73746174 		.ascii	"stats\000"
 2301      7300
 2302              	.LASF96:
 2303 01d4 4F50544B 		.ascii	"OPTKEYR\000"
 2303      45595200 
ARM GAS  /tmp/ccdK8AGP.s 			page 43


 2304              	.LASF85:
 2305 01dc 41465352 		.ascii	"AFSR\000"
 2305      00
 2306              	.LASF9:
 2307 01e1 5F5F7569 		.ascii	"__uint32_t\000"
 2307      6E743332 
 2307      5F7400
 2308              	.LASF128:
 2309 01ec 72656761 		.ascii	"regarm_t\000"
 2309      726D5F74 
 2309      00
 2310              	.LASF90:
 2311 01f5 5343425F 		.ascii	"SCB_Type\000"
 2311      54797065 
 2311      00
 2312              	.LASF95:
 2313 01fe 4B455952 		.ascii	"KEYR\000"
 2313      00
 2314              	.LASF66:
 2315 0203 63685F73 		.ascii	"ch_system_debug\000"
 2315      79737465 
 2315      6D5F6465 
 2315      62756700 
 2316              	.LASF39:
 2317 0213 77616974 		.ascii	"waiting\000"
 2317      696E6700 
 2318              	.LASF165:
 2319 021b 73746D33 		.ascii	"stm32_clock_init\000"
 2319      325F636C 
 2319      6F636B5F 
 2319      696E6974 
 2319      00
 2320              	.LASF156:
 2321 022c 6D757465 		.ascii	"mutex_t\000"
 2321      785F7400 
 2322              	.LASF109:
 2323 0234 41484231 		.ascii	"AHB1ENR\000"
 2323      454E5200 
 2324              	.LASF130:
 2325 023c 706F7274 		.ascii	"port_context\000"
 2325      5F636F6E 
 2325      74657874 
 2325      00
 2326              	.LASF26:
 2327 0249 636E745F 		.ascii	"cnt_t\000"
 2327      7400
 2328              	.LASF0:
 2329 024f 756E7369 		.ascii	"unsigned int\000"
 2329      676E6564 
 2329      20696E74 
 2329      00
 2330              	.LASF160:
 2331 025c 474E5520 		.ascii	"GNU C 4.9.3 20150529 (prerelease) -mcpu=cortex-m4 -"
 2331      4320342E 
 2331      392E3320 
 2331      32303135 
 2331      30353239 
ARM GAS  /tmp/ccdK8AGP.s 			page 44


 2332 028f 6D666C6F 		.ascii	"mfloat-abi=hard -mfpu=fpv4-sp-d16 -mno-thumb-interw"
 2332      61742D61 
 2332      62693D68 
 2332      61726420 
 2332      2D6D6670 
 2333 02c2 6F726B20 		.ascii	"ork -mthumb -g -Os -fomit-frame-pointer -falign-fun"
 2333      2D6D7468 
 2333      756D6220 
 2333      2D67202D 
 2333      4F73202D 
 2334 02f5 6374696F 		.ascii	"ctions=16 -ffunction-sections -fdata-sections -fno-"
 2334      6E733D31 
 2334      36202D66 
 2334      66756E63 
 2334      74696F6E 
 2335 0328 636F6D6D 		.ascii	"common -fsingle-precision-constant\000"
 2335      6F6E202D 
 2335      6673696E 
 2335      676C652D 
 2335      70726563 
 2336              	.LASF159:
 2337 034b 53797374 		.ascii	"SystemCoreClock\000"
 2337      656D436F 
 2337      7265436C 
 2337      6F636B00 
 2338              	.LASF149:
 2339 035b 77747365 		.ascii	"wtsemp\000"
 2339      6D7000
 2340              	.LASF147:
 2341 0362 77747472 		.ascii	"wttrp\000"
 2341      7000
 2342              	.LASF127:
 2343 0368 5243435F 		.ascii	"RCC_TypeDef\000"
 2343      54797065 
 2343      44656600 
 2344              	.LASF139:
 2345 0374 6E5F6972 		.ascii	"n_irq\000"
 2345      7100
 2346              	.LASF77:
 2347 037a 56544F52 		.ascii	"VTOR\000"
 2347      00
 2348              	.LASF83:
 2349 037f 4D4D4641 		.ascii	"MMFAR\000"
 2349      5200
 2350              	.LASF44:
 2351 0385 6D706F6F 		.ascii	"mpool\000"
 2351      6C00
 2352              	.LASF143:
 2353 038b 6B65726E 		.ascii	"kernel_stats_t\000"
 2353      656C5F73 
 2353      74617473 
 2353      5F7400
 2354              	.LASF34:
 2355 039a 6E616D65 		.ascii	"name\000"
 2355      00
 2356              	.LASF48:
 2357 039f 63685F74 		.ascii	"ch_thread\000"
ARM GAS  /tmp/ccdK8AGP.s 			page 45


 2357      68726561 
 2357      6400
 2358              	.LASF126:
 2359 03a9 504C4C49 		.ascii	"PLLI2SCFGR\000"
 2359      32534346 
 2359      475200
 2360              	.LASF76:
 2361 03b4 49435352 		.ascii	"ICSR\000"
 2361      00
 2362              	.LASF24:
 2363 03b9 6D73675F 		.ascii	"msg_t\000"
 2363      7400
 2364              	.LASF105:
 2365 03bf 41484233 		.ascii	"AHB3RSTR\000"
 2365      52535452 
 2365      00
 2366              	.LASF78:
 2367 03c8 41495243 		.ascii	"AIRCR\000"
 2367      5200
 2368              	.LASF27:
 2369 03ce 75636E74 		.ascii	"ucnt_t\000"
 2369      5F7400
 2370              	.LASF163:
 2371 03d5 68616C5F 		.ascii	"hal_lld_backup_domain_init\000"
 2371      6C6C645F 
 2371      6261636B 
 2371      75705F64 
 2371      6F6D6169 
 2372              	.LASF93:
 2373 03f0 41504232 		.ascii	"APB2FZ\000"
 2373      465A00
 2374              	.LASF68:
 2375 03f7 63685F73 		.ascii	"ch_system_t\000"
 2375      79737465 
 2375      6D5F7400 
 2376              	.LASF20:
 2377 0403 746D6F64 		.ascii	"tmode_t\000"
 2377      655F7400 
 2378              	.LASF121:
 2379 040b 41504232 		.ascii	"APB2LPENR\000"
 2379      4C50454E 
 2379      5200
 2380              	.LASF142:
 2381 0415 6D5F6372 		.ascii	"m_crit_isr\000"
 2381      69745F69 
 2381      737200
 2382              	.LASF55:
 2383 0420 63685F72 		.ascii	"ch_ready_list\000"
 2383      65616479 
 2383      5F6C6973 
 2383      7400
 2384              	.LASF25:
 2385 042e 6576656E 		.ascii	"eventmask_t\000"
 2385      746D6173 
 2385      6B5F7400 
 2386              	.LASF7:
 2387 043a 5F5F696E 		.ascii	"__int32_t\000"
ARM GAS  /tmp/ccdK8AGP.s 			page 46


 2387      7433325F 
 2387      7400
 2388              	.LASF129:
 2389 0444 73746B61 		.ascii	"stkalign_t\000"
 2389      6C69676E 
 2389      5F7400
 2390              	.LASF32:
 2391 044f 6E657765 		.ascii	"newer\000"
 2391      7200
 2392              	.LASF58:
 2393 0455 76697274 		.ascii	"virtual_timer_t\000"
 2393      75616C5F 
 2393      74696D65 
 2393      725F7400 
 2394              	.LASF43:
 2395 0465 7265616C 		.ascii	"realprio\000"
 2395      7072696F 
 2395      00
 2396              	.LASF74:
 2397 046e 73697A65 		.ascii	"sizetype\000"
 2397      74797065 
 2397      00
 2398              	.LASF46:
 2399 0477 74687265 		.ascii	"thread_reference_t\000"
 2399      61645F72 
 2399      65666572 
 2399      656E6365 
 2399      5F7400
 2400              	.LASF63:
 2401 048a 63685F76 		.ascii	"ch_virtual_timers_list\000"
 2401      69727475 
 2401      616C5F74 
 2401      696D6572 
 2401      735F6C69 
 2402              	.LASF30:
 2403 04a1 71756575 		.ascii	"queue\000"
 2403      6500
 2404              	.LASF80:
 2405 04a7 43465352 		.ascii	"CFSR\000"
 2405      00
 2406              	.LASF111:
 2407 04ac 41484233 		.ascii	"AHB3ENR\000"
 2407      454E5200 
 2408              	.LASF117:
 2409 04b4 41484232 		.ascii	"AHB2LPENR\000"
 2409      4C50454E 
 2409      5200
 2410              	.LASF133:
 2411 04be 746D5F63 		.ascii	"tm_calibration_t\000"
 2411      616C6962 
 2411      72617469 
 2411      6F6E5F74 
 2411      00
 2412              	.LASF101:
 2413 04cf 504C4C43 		.ascii	"PLLCFGR\000"
 2413      46475200 
 2414              	.LASF31:
ARM GAS  /tmp/ccdK8AGP.s 			page 47


 2415 04d7 7072696F 		.ascii	"prio\000"
 2415      00
 2416              	.LASF106:
 2417 04dc 41504231 		.ascii	"APB1RSTR\000"
 2417      52535452 
 2417      00
 2418              	.LASF56:
 2419 04e5 63757272 		.ascii	"current\000"
 2419      656E7400 
 2420              	.LASF12:
 2421 04ed 5F5F7569 		.ascii	"__uint64_t\000"
 2421      6E743634 
 2421      5F7400
 2422              	.LASF137:
 2423 04f8 63756D75 		.ascii	"cumulative\000"
 2423      6C617469 
 2423      766500
 2424              	.LASF92:
 2425 0503 41504231 		.ascii	"APB1FZ\000"
 2425      465A00
 2426              	.LASF22:
 2427 050a 74726566 		.ascii	"trefs_t\000"
 2427      735F7400 
 2428              	.LASF88:
 2429 0512 52455345 		.ascii	"RESERVED0\000"
 2429      52564544 
 2429      3000
 2430              	.LASF108:
 2431 051c 52455345 		.ascii	"RESERVED1\000"
 2431      52564544 
 2431      3100
 2432              	.LASF112:
 2433 0526 52455345 		.ascii	"RESERVED2\000"
 2433      52564544 
 2433      3200
 2434              	.LASF115:
 2435 0530 52455345 		.ascii	"RESERVED3\000"
 2435      52564544 
 2435      3300
 2436              	.LASF119:
 2437 053a 52455345 		.ascii	"RESERVED4\000"
 2437      52564544 
 2437      3400
 2438              	.LASF122:
 2439 0544 52455345 		.ascii	"RESERVED5\000"
 2439      52564544 
 2439      3500
 2440              	.LASF124:
 2441 054e 52455345 		.ascii	"RESERVED6\000"
 2441      52564544 
 2441      3600
 2442              	.LASF23:
 2443 0558 74707269 		.ascii	"tprio_t\000"
 2443      6F5F7400 
 2444              	.LASF140:
 2445 0560 6E5F6374 		.ascii	"n_ctxswc\000"
 2445      78737763 
ARM GAS  /tmp/ccdK8AGP.s 			page 48


 2445      00
 2446              	.LASF157:
 2447 0569 5F426F6F 		.ascii	"_Bool\000"
 2447      6C00
 2448              	.LASF15:
 2449 056f 696E7433 		.ascii	"int32_t\000"
 2449      325F7400 
 2450              	.LASF4:
 2451 0577 756E7369 		.ascii	"unsigned char\000"
 2451      676E6564 
 2451      20636861 
 2451      7200
 2452              	.LASF91:
 2453 0585 4944434F 		.ascii	"IDCODE\000"
 2453      444500
 2454              	.LASF79:
 2455 058c 53484353 		.ascii	"SHCSR\000"
 2455      5200
 2456              	.LASF158:
 2457 0592 49544D5F 		.ascii	"ITM_RxBuffer\000"
 2457      52784275 
 2457      66666572 
 2457      00
 2458              	.LASF5:
 2459 059f 73686F72 		.ascii	"short int\000"
 2459      7420696E 
 2459      7400
 2460              	.LASF64:
 2461 05a9 6C617374 		.ascii	"lasttime\000"
 2461      74696D65 
 2461      00
 2462              	.LASF118:
 2463 05b2 41484233 		.ascii	"AHB3LPENR\000"
 2463      4C50454E 
 2463      5200
 2464              	.LASF151:
 2465 05bc 65776D61 		.ascii	"ewmask\000"
 2465      736B00
 2466              	.LASF114:
 2467 05c3 41504232 		.ascii	"APB2ENR\000"
 2467      454E5200 
 2468              	.LASF59:
 2469 05cb 63685F76 		.ascii	"ch_virtual_timer\000"
 2469      69727475 
 2469      616C5F74 
 2469      696D6572 
 2469      00
 2470              	.LASF152:
 2471 05dc 63685F73 		.ascii	"ch_semaphore\000"
 2471      656D6170 
 2471      686F7265 
 2471      00
 2472              	.LASF94:
 2473 05e9 4442474D 		.ascii	"DBGMCU_TypeDef\000"
 2473      43555F54 
 2473      79706544 
 2473      656600
ARM GAS  /tmp/ccdK8AGP.s 			page 49


 2474              	.LASF16:
 2475 05f8 75696E74 		.ascii	"uint32_t\000"
 2475      33325F74 
 2475      00
 2476              	.LASF150:
 2477 0601 77746D74 		.ascii	"wtmtxp\000"
 2477      787000
 2478              	.LASF49:
 2479 0608 63685F74 		.ascii	"ch_threads_list\000"
 2479      68726561 
 2479      64735F6C 
 2479      69737400 
 2480              	.LASF154:
 2481 0618 6F776E65 		.ascii	"owner\000"
 2481      7200
 2482              	.LASF166:
 2483 061e 646D6149 		.ascii	"dmaInit\000"
 2483      6E697400 
 2484              	.LASF10:
 2485 0626 6C6F6E67 		.ascii	"long unsigned int\000"
 2485      20756E73 
 2485      69676E65 
 2485      6420696E 
 2485      7400
 2486              	.LASF35:
 2487 0638 77616261 		.ascii	"wabase\000"
 2487      736500
 2488              	.LASF155:
 2489 063f 63686172 		.ascii	"char\000"
 2489      00
 2490              	.LASF33:
 2491 0644 6F6C6465 		.ascii	"older\000"
 2491      7200
 2492              	.LASF84:
 2493 064a 42464152 		.ascii	"BFAR\000"
 2493      00
 2494              	.LASF104:
 2495 064f 41484232 		.ascii	"AHB2RSTR\000"
 2495      52535452 
 2495      00
 2496              	.LASF29:
 2497 0658 74687265 		.ascii	"thread_t\000"
 2497      61645F74 
 2497      00
 2498              	.LASF134:
 2499 0661 62657374 		.ascii	"best\000"
 2499      00
 2500              	.LASF28:
 2501 0666 73797374 		.ascii	"systime_t\000"
 2501      696D655F 
 2501      7400
 2502              	.LASF57:
 2503 0670 76746675 		.ascii	"vtfunc_t\000"
 2503      6E635F74 
 2503      00
 2504              	.LASF136:
 2505 0679 6C617374 		.ascii	"last\000"
ARM GAS  /tmp/ccdK8AGP.s 			page 50


 2505      00
 2506              	.LASF67:
 2507 067e 70616E69 		.ascii	"panic_msg\000"
 2507      635F6D73 
 2507      6700
 2508              	.LASF82:
 2509 0688 44465352 		.ascii	"DFSR\000"
 2509      00
 2510              	.LASF132:
 2511 068d 6F666673 		.ascii	"offset\000"
 2511      657400
 2512              	.LASF113:
 2513 0694 41504231 		.ascii	"APB1ENR\000"
 2513      454E5200 
 2514              	.LASF153:
 2515 069c 63685F6D 		.ascii	"ch_mutex\000"
 2515      75746578 
 2515      00
 2516              	.LASF110:
 2517 06a5 41484232 		.ascii	"AHB2ENR\000"
 2517      454E5200 
 2518              	.LASF6:
 2519 06ad 73686F72 		.ascii	"short unsigned int\000"
 2519      7420756E 
 2519      7369676E 
 2519      65642069 
 2519      6E7400
 2520              	.LASF164:
 2521 06c0 68616C5F 		.ascii	"hal_lld_init\000"
 2521      6C6C645F 
 2521      696E6974 
 2521      00
 2522              	.LASF18:
 2523 06cd 7274636E 		.ascii	"rtcnt_t\000"
 2523      745F7400 
 2524              	.LASF125:
 2525 06d5 53534347 		.ascii	"SSCGR\000"
 2525      5200
 2526              	.LASF51:
 2527 06db 74687265 		.ascii	"threads_queue_t\000"
 2527      6164735F 
 2527      71756575 
 2527      655F7400 
 2528              	.LASF41:
 2529 06eb 6570656E 		.ascii	"epending\000"
 2529      64696E67 
 2529      00
 2530              	.LASF123:
 2531 06f4 42444352 		.ascii	"BDCR\000"
 2531      00
 2532              	.LASF86:
 2533 06f9 4D4D4652 		.ascii	"MMFR\000"
 2533      00
 2534              	.LASF70:
 2535 06fe 726C6973 		.ascii	"rlist\000"
 2535      7400
 2536              	.LASF14:
ARM GAS  /tmp/ccdK8AGP.s 			page 51


 2537 0704 75696E74 		.ascii	"uint8_t\000"
 2537      385F7400 
 2538              	.LASF37:
 2539 070c 666C6167 		.ascii	"flags\000"
 2539      7300
 2540              	.LASF146:
 2541 0712 77746F62 		.ascii	"wtobjp\000"
 2541      6A7000
 2542              	.LASF161:
 2543 0719 2E2E2F2E 		.ascii	"../../modules/ChibiOS/os/hal/ports/STM32/STM32F4xx/"
 2543      2E2F6D6F 
 2543      64756C65 
 2543      732F4368 
 2543      6962694F 
 2544 074c 68616C5F 		.ascii	"hal_lld.c\000"
 2544      6C6C642E 
 2544      6300
 2545              	.LASF102:
 2546 0756 43464752 		.ascii	"CFGR\000"
 2546      00
 2547              	.LASF89:
 2548 075b 43504143 		.ascii	"CPACR\000"
 2548      5200
 2549              	.LASF81:
 2550 0761 48465352 		.ascii	"HFSR\000"
 2550      00
 2551              	.LASF42:
 2552 0766 6D74786C 		.ascii	"mtxlist\000"
 2552      69737400 
 2553              	.LASF141:
 2554 076e 6D5F6372 		.ascii	"m_crit_thd\000"
 2554      69745F74 
 2554      686400
 2555              		.ident	"GCC: (15:4.9.3+svn231177-1) 4.9.3 20150529 (prerelease)"
ARM GAS  /tmp/ccdK8AGP.s 			page 52


DEFINED SYMBOLS
                            *ABS*:0000000000000000 hal_lld.c
     /tmp/ccdK8AGP.s:21     .text.hal_lld_init:0000000000000000 $t
     /tmp/ccdK8AGP.s:26     .text.hal_lld_init:0000000000000000 hal_lld_init
     /tmp/ccdK8AGP.s:87     .text.hal_lld_init:0000000000000058 $d
     /tmp/ccdK8AGP.s:93     .text.stm32_clock_init:0000000000000000 $t
     /tmp/ccdK8AGP.s:98     .text.stm32_clock_init:0000000000000000 stm32_clock_init
     /tmp/ccdK8AGP.s:228    .text.stm32_clock_init:00000000000000cc $d
     /tmp/ccdK8AGP.s:245    .data.SystemCoreClock:0000000000000000 SystemCoreClock
     /tmp/ccdK8AGP.s:242    .data.SystemCoreClock:0000000000000000 $d
                     .debug_frame:0000000000000010 $d

UNDEFINED SYMBOLS
dmaInit
