ARM GAS  /tmp/ccDG2sDb.s 			page 1


   1              		.syntax unified
   2              		.cpu cortex-m4
   3              		.eabi_attribute 27, 1
   4              		.eabi_attribute 28, 1
   5              		.fpu fpv4-sp-d16
   6              		.eabi_attribute 20, 1
   7              		.eabi_attribute 21, 1
   8              		.eabi_attribute 23, 3
   9              		.eabi_attribute 24, 1
  10              		.eabi_attribute 25, 1
  11              		.eabi_attribute 26, 1
  12              		.eabi_attribute 30, 4
  13              		.eabi_attribute 34, 1
  14              		.eabi_attribute 18, 4
  15              		.thumb
  16              		.file	"hal_sdc_lld.c"
  17              		.text
  18              	.Ltext0:
  19              		.cfi_sections	.debug_frame
  20              	.Letext0:
  21              		.file 1 "/usr/include/newlib/machine/_default_types.h"
  22              		.file 2 "/usr/include/newlib/sys/_stdint.h"
  23              		.file 3 "../../modules/ChibiOS/os/common/ports/ARMCMx/compilers/GCC/chtypes.h"
  24              		.file 4 "../../modules/ChibiOS/os/rt/include/chsystypes.h"
  25              		.file 5 "../../modules/ChibiOS/os/rt/include/chschd.h"
  26              		.file 6 "../../modules/ChibiOS/os/common/ports/ARMCMx/chcore.h"
  27              		.file 7 "../../modules/ChibiOS/os/common/ports/ARMCMx/chcore_v7m.h"
  28              		.file 8 "../../modules/ChibiOS/os/rt/include/chtm.h"
  29              		.file 9 "../../modules/ChibiOS/os/rt/include/chstats.h"
  30              		.file 10 "../../modules/ChibiOS/os/rt/include/chsem.h"
  31              		.file 11 "../../modules/ChibiOS/os/rt/include/chmtx.h"
  32              		.file 12 "../../modules/ChibiOS/os/common/ext/CMSIS/include/core_cm4.h"
  33              		.section	.debug_info,"",%progbits
  34              	.Ldebug_info0:
  35 0000 9F070000 		.4byte	0x79f
  36 0004 0400     		.2byte	0x4
  37 0006 00000000 		.4byte	.Ldebug_abbrev0
  38 000a 04       		.byte	0x4
  39 000b 01       		.uleb128 0x1
  40 000c B1010000 		.4byte	.LASF105
  41 0010 01       		.byte	0x1
  42 0011 EA020000 		.4byte	.LASF106
  43 0015 0F010000 		.4byte	.LASF107
  44 0019 00000000 		.4byte	.Ldebug_line0
  45 001d 02       		.uleb128 0x2
  46 001e 04       		.byte	0x4
  47 001f 05       		.byte	0x5
  48 0020 696E7400 		.ascii	"int\000"
  49 0024 03       		.uleb128 0x3
  50 0025 04       		.byte	0x4
  51 0026 07       		.byte	0x7
  52 0027 A4010000 		.4byte	.LASF0
  53 002b 03       		.uleb128 0x3
  54 002c 01       		.byte	0x1
  55 002d 06       		.byte	0x6
  56 002e FC000000 		.4byte	.LASF1
  57 0032 04       		.uleb128 0x4
ARM GAS  /tmp/ccDG2sDb.s 			page 2


  58 0033 36000000 		.4byte	.LASF5
  59 0037 01       		.byte	0x1
  60 0038 1D       		.byte	0x1d
  61 0039 3D000000 		.4byte	0x3d
  62 003d 03       		.uleb128 0x3
  63 003e 01       		.byte	0x1
  64 003f 08       		.byte	0x8
  65 0040 54040000 		.4byte	.LASF2
  66 0044 03       		.uleb128 0x3
  67 0045 02       		.byte	0x2
  68 0046 05       		.byte	0x5
  69 0047 62040000 		.4byte	.LASF3
  70 004b 03       		.uleb128 0x3
  71 004c 02       		.byte	0x2
  72 004d 07       		.byte	0x7
  73 004e B9020000 		.4byte	.LASF4
  74 0052 04       		.uleb128 0x4
  75 0053 80030000 		.4byte	.LASF6
  76 0057 01       		.byte	0x1
  77 0058 3F       		.byte	0x3f
  78 0059 5D000000 		.4byte	0x5d
  79 005d 03       		.uleb128 0x3
  80 005e 04       		.byte	0x4
  81 005f 05       		.byte	0x5
  82 0060 4D010000 		.4byte	.LASF7
  83 0064 04       		.uleb128 0x4
  84 0065 6A010000 		.4byte	.LASF8
  85 0069 01       		.byte	0x1
  86 006a 41       		.byte	0x41
  87 006b 6F000000 		.4byte	0x6f
  88 006f 03       		.uleb128 0x3
  89 0070 04       		.byte	0x4
  90 0071 07       		.byte	0x7
  91 0072 CA040000 		.4byte	.LASF9
  92 0076 03       		.uleb128 0x3
  93 0077 08       		.byte	0x8
  94 0078 05       		.byte	0x5
  95 0079 EE000000 		.4byte	.LASF10
  96 007d 04       		.uleb128 0x4
  97 007e 02040000 		.4byte	.LASF11
  98 0082 01       		.byte	0x1
  99 0083 5B       		.byte	0x5b
 100 0084 88000000 		.4byte	0x88
 101 0088 03       		.uleb128 0x3
 102 0089 08       		.byte	0x8
 103 008a 07       		.byte	0x7
 104 008b 8A000000 		.4byte	.LASF12
 105 008f 03       		.uleb128 0x3
 106 0090 04       		.byte	0x4
 107 0091 07       		.byte	0x7
 108 0092 A4030000 		.4byte	.LASF13
 109 0096 05       		.uleb128 0x5
 110 0097 04       		.byte	0x4
 111 0098 03       		.uleb128 0x3
 112 0099 01       		.byte	0x1
 113 009a 08       		.byte	0x8
 114 009b E3040000 		.4byte	.LASF14
ARM GAS  /tmp/ccDG2sDb.s 			page 3


 115 009f 06       		.uleb128 0x6
 116 00a0 04       		.byte	0x4
 117 00a1 A5000000 		.4byte	0xa5
 118 00a5 07       		.uleb128 0x7
 119 00a6 98000000 		.4byte	0x98
 120 00aa 04       		.uleb128 0x4
 121 00ab 47050000 		.4byte	.LASF15
 122 00af 02       		.byte	0x2
 123 00b0 14       		.byte	0x14
 124 00b1 32000000 		.4byte	0x32
 125 00b5 04       		.uleb128 0x4
 126 00b6 4C040000 		.4byte	.LASF16
 127 00ba 02       		.byte	0x2
 128 00bb 1F       		.byte	0x1f
 129 00bc 52000000 		.4byte	0x52
 130 00c0 04       		.uleb128 0x4
 131 00c1 A4040000 		.4byte	.LASF17
 132 00c5 02       		.byte	0x2
 133 00c6 20       		.byte	0x20
 134 00c7 64000000 		.4byte	0x64
 135 00cb 04       		.uleb128 0x4
 136 00cc 20000000 		.4byte	.LASF18
 137 00d0 02       		.byte	0x2
 138 00d1 26       		.byte	0x26
 139 00d2 7D000000 		.4byte	0x7d
 140 00d6 04       		.uleb128 0x4
 141 00d7 20050000 		.4byte	.LASF19
 142 00db 03       		.byte	0x3
 143 00dc 39       		.byte	0x39
 144 00dd C0000000 		.4byte	0xc0
 145 00e1 04       		.uleb128 0x4
 146 00e2 E5000000 		.4byte	.LASF20
 147 00e6 03       		.byte	0x3
 148 00e7 3A       		.byte	0x3a
 149 00e8 CB000000 		.4byte	0xcb
 150 00ec 04       		.uleb128 0x4
 151 00ed 53030000 		.4byte	.LASF21
 152 00f1 03       		.byte	0x3
 153 00f2 3C       		.byte	0x3c
 154 00f3 AA000000 		.4byte	0xaa
 155 00f7 04       		.uleb128 0x4
 156 00f8 56010000 		.4byte	.LASF22
 157 00fc 03       		.byte	0x3
 158 00fd 3D       		.byte	0x3d
 159 00fe AA000000 		.4byte	0xaa
 160 0102 04       		.uleb128 0x4
 161 0103 18040000 		.4byte	.LASF23
 162 0107 03       		.byte	0x3
 163 0108 3E       		.byte	0x3e
 164 0109 AA000000 		.4byte	0xaa
 165 010d 04       		.uleb128 0x4
 166 010e 35040000 		.4byte	.LASF24
 167 0112 03       		.byte	0x3
 168 0113 40       		.byte	0x40
 169 0114 C0000000 		.4byte	0xc0
 170 0118 04       		.uleb128 0x4
 171 0119 2C030000 		.4byte	.LASF25
ARM GAS  /tmp/ccDG2sDb.s 			page 4


 172 011d 03       		.byte	0x3
 173 011e 41       		.byte	0x41
 174 011f B5000000 		.4byte	0xb5
 175 0123 04       		.uleb128 0x4
 176 0124 74030000 		.4byte	.LASF26
 177 0128 03       		.byte	0x3
 178 0129 43       		.byte	0x43
 179 012a C0000000 		.4byte	0xc0
 180 012e 04       		.uleb128 0x4
 181 012f 9E010000 		.4byte	.LASF27
 182 0133 03       		.byte	0x3
 183 0134 45       		.byte	0x45
 184 0135 B5000000 		.4byte	0xb5
 185 0139 04       		.uleb128 0x4
 186 013a 37030000 		.4byte	.LASF28
 187 013e 03       		.byte	0x3
 188 013f 46       		.byte	0x46
 189 0140 C0000000 		.4byte	0xc0
 190 0144 04       		.uleb128 0x4
 191 0145 FC040000 		.4byte	.LASF29
 192 0149 04       		.byte	0x4
 193 014a 33       		.byte	0x33
 194 014b C0000000 		.4byte	0xc0
 195 014f 04       		.uleb128 0x4
 196 0150 EE040000 		.4byte	.LASF30
 197 0154 04       		.byte	0x4
 198 0155 3F       		.byte	0x3f
 199 0156 5A010000 		.4byte	0x15a
 200 015a 08       		.uleb128 0x8
 201 015b E0020000 		.4byte	.LASF49
 202 015f 60       		.byte	0x60
 203 0160 05       		.byte	0x5
 204 0161 9A       		.byte	0x9a
 205 0162 45020000 		.4byte	0x245
 206 0166 09       		.uleb128 0x9
 207 0167 AD020000 		.4byte	.LASF31
 208 016b 05       		.byte	0x5
 209 016c 9B       		.byte	0x9b
 210 016d 7A020000 		.4byte	0x27a
 211 0171 00       		.byte	0
 212 0172 09       		.uleb128 0x9
 213 0173 F5030000 		.4byte	.LASF32
 214 0177 05       		.byte	0x5
 215 0178 9C       		.byte	0x9c
 216 0179 0D010000 		.4byte	0x10d
 217 017d 08       		.byte	0x8
 218 017e 0A       		.uleb128 0xa
 219 017f 63747800 		.ascii	"ctx\000"
 220 0183 05       		.byte	0x5
 221 0184 9D       		.byte	0x9d
 222 0185 76040000 		.4byte	0x476
 223 0189 0C       		.byte	0xc
 224 018a 09       		.uleb128 0x9
 225 018b 95030000 		.4byte	.LASF33
 226 018f 05       		.byte	0x5
 227 0190 9F       		.byte	0x9f
 228 0191 50020000 		.4byte	0x250
ARM GAS  /tmp/ccDG2sDb.s 			page 5


 229 0195 10       		.byte	0x10
 230 0196 09       		.uleb128 0x9
 231 0197 E8040000 		.4byte	.LASF34
 232 019b 05       		.byte	0x5
 233 019c A0       		.byte	0xa0
 234 019d 50020000 		.4byte	0x250
 235 01a1 14       		.byte	0x14
 236 01a2 09       		.uleb128 0x9
 237 01a3 DB020000 		.4byte	.LASF35
 238 01a7 05       		.byte	0x5
 239 01a8 A7       		.byte	0xa7
 240 01a9 9F000000 		.4byte	0x9f
 241 01ad 18       		.byte	0x18
 242 01ae 09       		.uleb128 0x9
 243 01af DC040000 		.4byte	.LASF36
 244 01b3 05       		.byte	0x5
 245 01b4 B0       		.byte	0xb0
 246 01b5 5D070000 		.4byte	0x75d
 247 01b9 1C       		.byte	0x1c
 248 01ba 09       		.uleb128 0x9
 249 01bb 47010000 		.4byte	.LASF37
 250 01bf 05       		.byte	0x5
 251 01c0 B5       		.byte	0xb5
 252 01c1 F7000000 		.4byte	0xf7
 253 01c5 20       		.byte	0x20
 254 01c6 09       		.uleb128 0x9
 255 01c7 4F050000 		.4byte	.LASF38
 256 01cb 05       		.byte	0x5
 257 01cc B9       		.byte	0xb9
 258 01cd EC000000 		.4byte	0xec
 259 01d1 21       		.byte	0x21
 260 01d2 09       		.uleb128 0x9
 261 01d3 20040000 		.4byte	.LASF39
 262 01d7 05       		.byte	0x5
 263 01d8 BE       		.byte	0xbe
 264 01d9 02010000 		.4byte	0x102
 265 01dd 22       		.byte	0x22
 266 01de 0B       		.uleb128 0xb
 267 01df 7500     		.ascii	"u\000"
 268 01e1 05       		.byte	0x5
 269 01e2 0F01     		.2byte	0x10f
 270 01e4 92060000 		.4byte	0x692
 271 01e8 24       		.byte	0x24
 272 01e9 0C       		.uleb128 0xc
 273 01ea 8E010000 		.4byte	.LASF40
 274 01ee 05       		.byte	0x5
 275 01ef 1401     		.2byte	0x114
 276 01f1 56020000 		.4byte	0x256
 277 01f5 28       		.byte	0x28
 278 01f6 0C       		.uleb128 0xc
 279 01f7 3E010000 		.4byte	.LASF41
 280 01fb 05       		.byte	0x5
 281 01fc 1A01     		.2byte	0x11a
 282 01fe 7A020000 		.4byte	0x27a
 283 0202 2C       		.byte	0x2c
 284 0203 0C       		.uleb128 0xc
 285 0204 3E030000 		.4byte	.LASF42
ARM GAS  /tmp/ccDG2sDb.s 			page 6


 286 0208 05       		.byte	0x5
 287 0209 2001     		.2byte	0x120
 288 020b 23010000 		.4byte	0x123
 289 020f 34       		.byte	0x34
 290 0210 0C       		.uleb128 0xc
 291 0211 6B050000 		.4byte	.LASF43
 292 0215 05       		.byte	0x5
 293 0216 2701     		.2byte	0x127
 294 0218 57070000 		.4byte	0x757
 295 021c 38       		.byte	0x38
 296 021d 0C       		.uleb128 0xc
 297 021e 9B030000 		.4byte	.LASF44
 298 0222 05       		.byte	0x5
 299 0223 2B01     		.2byte	0x12b
 300 0225 0D010000 		.4byte	0x10d
 301 0229 3C       		.byte	0x3c
 302 022a 0C       		.uleb128 0xc
 303 022b B3020000 		.4byte	.LASF45
 304 022f 05       		.byte	0x5
 305 0230 3201     		.2byte	0x132
 306 0232 96000000 		.4byte	0x96
 307 0236 40       		.byte	0x40
 308 0237 0C       		.uleb128 0xc
 309 0238 64010000 		.4byte	.LASF46
 310 023c 05       		.byte	0x5
 311 023d 3801     		.2byte	0x138
 312 023f 43060000 		.4byte	0x643
 313 0243 48       		.byte	0x48
 314 0244 00       		.byte	0
 315 0245 04       		.uleb128 0x4
 316 0246 AD030000 		.4byte	.LASF47
 317 024a 04       		.byte	0x4
 318 024b 44       		.byte	0x44
 319 024c 50020000 		.4byte	0x250
 320 0250 06       		.uleb128 0x6
 321 0251 04       		.byte	0x4
 322 0252 4F010000 		.4byte	0x14f
 323 0256 04       		.uleb128 0x4
 324 0257 5C050000 		.4byte	.LASF48
 325 025b 04       		.byte	0x4
 326 025c 49       		.byte	0x49
 327 025d 61020000 		.4byte	0x261
 328 0261 08       		.uleb128 0x8
 329 0262 B4040000 		.4byte	.LASF50
 330 0266 04       		.byte	0x4
 331 0267 05       		.byte	0x5
 332 0268 88       		.byte	0x88
 333 0269 7A020000 		.4byte	0x27a
 334 026d 09       		.uleb128 0x9
 335 026e E0000000 		.4byte	.LASF51
 336 0272 05       		.byte	0x5
 337 0273 89       		.byte	0x89
 338 0274 50020000 		.4byte	0x250
 339 0278 00       		.byte	0
 340 0279 00       		.byte	0
 341 027a 04       		.uleb128 0x4
 342 027b 28050000 		.4byte	.LASF52
ARM GAS  /tmp/ccDG2sDb.s 			page 7


 343 027f 04       		.byte	0x4
 344 0280 50       		.byte	0x50
 345 0281 85020000 		.4byte	0x285
 346 0285 08       		.uleb128 0x8
 347 0286 51000000 		.4byte	.LASF53
 348 028a 08       		.byte	0x8
 349 028b 05       		.byte	0x5
 350 028c 8F       		.byte	0x8f
 351 028d AA020000 		.4byte	0x2aa
 352 0291 09       		.uleb128 0x9
 353 0292 E0000000 		.4byte	.LASF51
 354 0296 05       		.byte	0x5
 355 0297 90       		.byte	0x90
 356 0298 50020000 		.4byte	0x250
 357 029c 00       		.byte	0
 358 029d 09       		.uleb128 0x9
 359 029e 40000000 		.4byte	.LASF54
 360 02a2 05       		.byte	0x5
 361 02a3 91       		.byte	0x91
 362 02a4 50020000 		.4byte	0x250
 363 02a8 04       		.byte	0x4
 364 02a9 00       		.byte	0
 365 02aa 04       		.uleb128 0x4
 366 02ab 00000000 		.4byte	.LASF55
 367 02af 04       		.byte	0x4
 368 02b0 57       		.byte	0x57
 369 02b1 B5020000 		.4byte	0x2b5
 370 02b5 0D       		.uleb128 0xd
 371 02b6 66030000 		.4byte	.LASF56
 372 02ba 1C       		.byte	0x1c
 373 02bb 05       		.byte	0x5
 374 02bc 6A01     		.2byte	0x16a
 375 02be 11030000 		.4byte	0x311
 376 02c2 0C       		.uleb128 0xc
 377 02c3 AD020000 		.4byte	.LASF31
 378 02c7 05       		.byte	0x5
 379 02c8 6B01     		.2byte	0x16b
 380 02ca 7A020000 		.4byte	0x27a
 381 02ce 00       		.byte	0
 382 02cf 0C       		.uleb128 0xc
 383 02d0 F5030000 		.4byte	.LASF32
 384 02d4 05       		.byte	0x5
 385 02d5 6C01     		.2byte	0x16c
 386 02d7 0D010000 		.4byte	0x10d
 387 02db 08       		.byte	0x8
 388 02dc 0B       		.uleb128 0xb
 389 02dd 63747800 		.ascii	"ctx\000"
 390 02e1 05       		.byte	0x5
 391 02e2 6E01     		.2byte	0x16e
 392 02e4 76040000 		.4byte	0x476
 393 02e8 0C       		.byte	0xc
 394 02e9 0C       		.uleb128 0xc
 395 02ea 95030000 		.4byte	.LASF33
 396 02ee 05       		.byte	0x5
 397 02ef 7101     		.2byte	0x171
 398 02f1 50020000 		.4byte	0x250
 399 02f5 10       		.byte	0x10
ARM GAS  /tmp/ccDG2sDb.s 			page 8


 400 02f6 0C       		.uleb128 0xc
 401 02f7 E8040000 		.4byte	.LASF34
 402 02fb 05       		.byte	0x5
 403 02fc 7201     		.2byte	0x172
 404 02fe 50020000 		.4byte	0x250
 405 0302 14       		.byte	0x14
 406 0303 0C       		.uleb128 0xc
 407 0304 FA030000 		.4byte	.LASF57
 408 0308 05       		.byte	0x5
 409 0309 7501     		.2byte	0x175
 410 030b 50020000 		.4byte	0x250
 411 030f 18       		.byte	0x18
 412 0310 00       		.byte	0
 413 0311 04       		.uleb128 0x4
 414 0312 06050000 		.4byte	.LASF58
 415 0316 04       		.byte	0x4
 416 0317 5C       		.byte	0x5c
 417 0318 1C030000 		.4byte	0x31c
 418 031c 06       		.uleb128 0x6
 419 031d 04       		.byte	0x4
 420 031e 22030000 		.4byte	0x322
 421 0322 0E       		.uleb128 0xe
 422 0323 2D030000 		.4byte	0x32d
 423 0327 0F       		.uleb128 0xf
 424 0328 96000000 		.4byte	0x96
 425 032c 00       		.byte	0
 426 032d 04       		.uleb128 0x4
 427 032e 25040000 		.4byte	.LASF59
 428 0332 04       		.byte	0x4
 429 0333 61       		.byte	0x61
 430 0334 38030000 		.4byte	0x338
 431 0338 0D       		.uleb128 0xd
 432 0339 86040000 		.4byte	.LASF60
 433 033d 14       		.byte	0x14
 434 033e 05       		.byte	0x5
 435 033f 4501     		.2byte	0x145
 436 0341 87030000 		.4byte	0x387
 437 0345 0C       		.uleb128 0xc
 438 0346 E0000000 		.4byte	.LASF51
 439 034a 05       		.byte	0x5
 440 034b 4601     		.2byte	0x146
 441 034d 63070000 		.4byte	0x763
 442 0351 00       		.byte	0
 443 0352 0C       		.uleb128 0xc
 444 0353 40000000 		.4byte	.LASF54
 445 0357 05       		.byte	0x5
 446 0358 4701     		.2byte	0x147
 447 035a 63070000 		.4byte	0x763
 448 035e 04       		.byte	0x4
 449 035f 0C       		.uleb128 0xc
 450 0360 13000000 		.4byte	.LASF61
 451 0364 05       		.byte	0x5
 452 0365 4801     		.2byte	0x148
 453 0367 44010000 		.4byte	0x144
 454 036b 08       		.byte	0x8
 455 036c 0C       		.uleb128 0xc
 456 036d 5F010000 		.4byte	.LASF62
ARM GAS  /tmp/ccDG2sDb.s 			page 9


 457 0371 05       		.byte	0x5
 458 0372 4901     		.2byte	0x149
 459 0374 11030000 		.4byte	0x311
 460 0378 0C       		.byte	0xc
 461 0379 0B       		.uleb128 0xb
 462 037a 70617200 		.ascii	"par\000"
 463 037e 05       		.byte	0x5
 464 037f 4B01     		.2byte	0x14b
 465 0381 96000000 		.4byte	0x96
 466 0385 10       		.byte	0x10
 467 0386 00       		.byte	0
 468 0387 04       		.uleb128 0x4
 469 0388 BD000000 		.4byte	.LASF63
 470 038c 04       		.byte	0x4
 471 038d 66       		.byte	0x66
 472 038e 92030000 		.4byte	0x392
 473 0392 0D       		.uleb128 0xd
 474 0393 C0030000 		.4byte	.LASF64
 475 0397 10       		.byte	0x10
 476 0398 05       		.byte	0x5
 477 0399 5501     		.2byte	0x155
 478 039b D4030000 		.4byte	0x3d4
 479 039f 0C       		.uleb128 0xc
 480 03a0 E0000000 		.4byte	.LASF51
 481 03a4 05       		.byte	0x5
 482 03a5 5601     		.2byte	0x156
 483 03a7 63070000 		.4byte	0x763
 484 03ab 00       		.byte	0
 485 03ac 0C       		.uleb128 0xc
 486 03ad 40000000 		.4byte	.LASF54
 487 03b1 05       		.byte	0x5
 488 03b2 5801     		.2byte	0x158
 489 03b4 63070000 		.4byte	0x763
 490 03b8 04       		.byte	0x4
 491 03b9 0C       		.uleb128 0xc
 492 03ba 13000000 		.4byte	.LASF61
 493 03be 05       		.byte	0x5
 494 03bf 5A01     		.2byte	0x15a
 495 03c1 44010000 		.4byte	0x144
 496 03c5 08       		.byte	0x8
 497 03c6 0C       		.uleb128 0xc
 498 03c7 6C040000 		.4byte	.LASF65
 499 03cb 05       		.byte	0x5
 500 03cc 6201     		.2byte	0x162
 501 03ce 44010000 		.4byte	0x144
 502 03d2 0C       		.byte	0xc
 503 03d3 00       		.byte	0
 504 03d4 04       		.uleb128 0x4
 505 03d5 62000000 		.4byte	.LASF66
 506 03d9 04       		.byte	0x4
 507 03da 6B       		.byte	0x6b
 508 03db DF030000 		.4byte	0x3df
 509 03df 0D       		.uleb128 0xd
 510 03e0 7E010000 		.4byte	.LASF67
 511 03e4 04       		.byte	0x4
 512 03e5 05       		.byte	0x5
 513 03e6 7C01     		.2byte	0x17c
ARM GAS  /tmp/ccDG2sDb.s 			page 10


 514 03e8 FA030000 		.4byte	0x3fa
 515 03ec 0C       		.uleb128 0xc
 516 03ed 0F050000 		.4byte	.LASF68
 517 03f1 05       		.byte	0x5
 518 03f2 8401     		.2byte	0x184
 519 03f4 69070000 		.4byte	0x769
 520 03f8 00       		.byte	0
 521 03f9 00       		.byte	0
 522 03fa 04       		.uleb128 0x4
 523 03fb 47030000 		.4byte	.LASF69
 524 03ff 04       		.byte	0x4
 525 0400 70       		.byte	0x70
 526 0401 05040000 		.4byte	0x405
 527 0405 0D       		.uleb128 0xd
 528 0406 7C040000 		.4byte	.LASF70
 529 040a D0       		.byte	0xd0
 530 040b 05       		.byte	0x5
 531 040c 9C01     		.2byte	0x19c
 532 040e 60040000 		.4byte	0x460
 533 0412 0C       		.uleb128 0xc
 534 0413 41050000 		.4byte	.LASF71
 535 0417 05       		.byte	0x5
 536 0418 A001     		.2byte	0x1a0
 537 041a AA020000 		.4byte	0x2aa
 538 041e 00       		.byte	0
 539 041f 0C       		.uleb128 0xc
 540 0420 08010000 		.4byte	.LASF72
 541 0424 05       		.byte	0x5
 542 0425 A401     		.2byte	0x1a4
 543 0427 87030000 		.4byte	0x387
 544 042b 1C       		.byte	0x1c
 545 042c 0B       		.uleb128 0xb
 546 042d 64626700 		.ascii	"dbg\000"
 547 0431 05       		.byte	0x5
 548 0432 A801     		.2byte	0x1a8
 549 0434 D4030000 		.4byte	0x3d4
 550 0438 2C       		.byte	0x2c
 551 0439 0C       		.uleb128 0xc
 552 043a AA000000 		.4byte	.LASF73
 553 043e 05       		.byte	0x5
 554 043f AC01     		.2byte	0x1ac
 555 0441 4F010000 		.4byte	0x14f
 556 0445 30       		.byte	0x30
 557 0446 0B       		.uleb128 0xb
 558 0447 746D00   		.ascii	"tm\000"
 559 044a 05       		.byte	0x5
 560 044b B101     		.2byte	0x1b1
 561 044d F5050000 		.4byte	0x5f5
 562 0451 90       		.byte	0x90
 563 0452 0C       		.uleb128 0xc
 564 0453 29000000 		.4byte	.LASF74
 565 0457 05       		.byte	0x5
 566 0458 B701     		.2byte	0x1b7
 567 045a 87060000 		.4byte	0x687
 568 045e 98       		.byte	0x98
 569 045f 00       		.byte	0
 570 0460 04       		.uleb128 0x4
ARM GAS  /tmp/ccDG2sDb.s 			page 11


 571 0461 75010000 		.4byte	.LASF75
 572 0465 06       		.byte	0x6
 573 0466 65       		.byte	0x65
 574 0467 96000000 		.4byte	0x96
 575 046b 04       		.uleb128 0x4
 576 046c 8A030000 		.4byte	.LASF76
 577 0470 06       		.byte	0x6
 578 0471 6D       		.byte	0x6d
 579 0472 CB000000 		.4byte	0xcb
 580 0476 08       		.uleb128 0x8
 581 0477 D7030000 		.4byte	.LASF77
 582 047b 04       		.byte	0x4
 583 047c 06       		.byte	0x6
 584 047d 89       		.byte	0x89
 585 047e 8E040000 		.4byte	0x48e
 586 0482 0A       		.uleb128 0xa
 587 0483 737000   		.ascii	"sp\000"
 588 0486 06       		.byte	0x6
 589 0487 8A       		.byte	0x8a
 590 0488 DA050000 		.4byte	0x5da
 591 048c 00       		.byte	0
 592 048d 00       		.byte	0
 593 048e 0D       		.uleb128 0xd
 594 048f 45000000 		.4byte	.LASF78
 595 0493 64       		.byte	0x64
 596 0494 07       		.byte	0x7
 597 0495 5901     		.2byte	0x159
 598 0497 DA050000 		.4byte	0x5da
 599 049b 0B       		.uleb128 0xb
 600 049c 73313600 		.ascii	"s16\000"
 601 04a0 07       		.byte	0x7
 602 04a1 5B01     		.2byte	0x15b
 603 04a3 60040000 		.4byte	0x460
 604 04a7 00       		.byte	0
 605 04a8 0B       		.uleb128 0xb
 606 04a9 73313700 		.ascii	"s17\000"
 607 04ad 07       		.byte	0x7
 608 04ae 5C01     		.2byte	0x15c
 609 04b0 60040000 		.4byte	0x460
 610 04b4 04       		.byte	0x4
 611 04b5 0B       		.uleb128 0xb
 612 04b6 73313800 		.ascii	"s18\000"
 613 04ba 07       		.byte	0x7
 614 04bb 5D01     		.2byte	0x15d
 615 04bd 60040000 		.4byte	0x460
 616 04c1 08       		.byte	0x8
 617 04c2 0B       		.uleb128 0xb
 618 04c3 73313900 		.ascii	"s19\000"
 619 04c7 07       		.byte	0x7
 620 04c8 5E01     		.2byte	0x15e
 621 04ca 60040000 		.4byte	0x460
 622 04ce 0C       		.byte	0xc
 623 04cf 0B       		.uleb128 0xb
 624 04d0 73323000 		.ascii	"s20\000"
 625 04d4 07       		.byte	0x7
 626 04d5 5F01     		.2byte	0x15f
 627 04d7 60040000 		.4byte	0x460
ARM GAS  /tmp/ccDG2sDb.s 			page 12


 628 04db 10       		.byte	0x10
 629 04dc 0B       		.uleb128 0xb
 630 04dd 73323100 		.ascii	"s21\000"
 631 04e1 07       		.byte	0x7
 632 04e2 6001     		.2byte	0x160
 633 04e4 60040000 		.4byte	0x460
 634 04e8 14       		.byte	0x14
 635 04e9 0B       		.uleb128 0xb
 636 04ea 73323200 		.ascii	"s22\000"
 637 04ee 07       		.byte	0x7
 638 04ef 6101     		.2byte	0x161
 639 04f1 60040000 		.4byte	0x460
 640 04f5 18       		.byte	0x18
 641 04f6 0B       		.uleb128 0xb
 642 04f7 73323300 		.ascii	"s23\000"
 643 04fb 07       		.byte	0x7
 644 04fc 6201     		.2byte	0x162
 645 04fe 60040000 		.4byte	0x460
 646 0502 1C       		.byte	0x1c
 647 0503 0B       		.uleb128 0xb
 648 0504 73323400 		.ascii	"s24\000"
 649 0508 07       		.byte	0x7
 650 0509 6301     		.2byte	0x163
 651 050b 60040000 		.4byte	0x460
 652 050f 20       		.byte	0x20
 653 0510 0B       		.uleb128 0xb
 654 0511 73323500 		.ascii	"s25\000"
 655 0515 07       		.byte	0x7
 656 0516 6401     		.2byte	0x164
 657 0518 60040000 		.4byte	0x460
 658 051c 24       		.byte	0x24
 659 051d 0B       		.uleb128 0xb
 660 051e 73323600 		.ascii	"s26\000"
 661 0522 07       		.byte	0x7
 662 0523 6501     		.2byte	0x165
 663 0525 60040000 		.4byte	0x460
 664 0529 28       		.byte	0x28
 665 052a 0B       		.uleb128 0xb
 666 052b 73323700 		.ascii	"s27\000"
 667 052f 07       		.byte	0x7
 668 0530 6601     		.2byte	0x166
 669 0532 60040000 		.4byte	0x460
 670 0536 2C       		.byte	0x2c
 671 0537 0B       		.uleb128 0xb
 672 0538 73323800 		.ascii	"s28\000"
 673 053c 07       		.byte	0x7
 674 053d 6701     		.2byte	0x167
 675 053f 60040000 		.4byte	0x460
 676 0543 30       		.byte	0x30
 677 0544 0B       		.uleb128 0xb
 678 0545 73323900 		.ascii	"s29\000"
 679 0549 07       		.byte	0x7
 680 054a 6801     		.2byte	0x168
 681 054c 60040000 		.4byte	0x460
 682 0550 34       		.byte	0x34
 683 0551 0B       		.uleb128 0xb
 684 0552 73333000 		.ascii	"s30\000"
ARM GAS  /tmp/ccDG2sDb.s 			page 13


 685 0556 07       		.byte	0x7
 686 0557 6901     		.2byte	0x169
 687 0559 60040000 		.4byte	0x460
 688 055d 38       		.byte	0x38
 689 055e 0B       		.uleb128 0xb
 690 055f 73333100 		.ascii	"s31\000"
 691 0563 07       		.byte	0x7
 692 0564 6A01     		.2byte	0x16a
 693 0566 60040000 		.4byte	0x460
 694 056a 3C       		.byte	0x3c
 695 056b 0B       		.uleb128 0xb
 696 056c 723400   		.ascii	"r4\000"
 697 056f 07       		.byte	0x7
 698 0570 6C01     		.2byte	0x16c
 699 0572 60040000 		.4byte	0x460
 700 0576 40       		.byte	0x40
 701 0577 0B       		.uleb128 0xb
 702 0578 723500   		.ascii	"r5\000"
 703 057b 07       		.byte	0x7
 704 057c 6D01     		.2byte	0x16d
 705 057e 60040000 		.4byte	0x460
 706 0582 44       		.byte	0x44
 707 0583 0B       		.uleb128 0xb
 708 0584 723600   		.ascii	"r6\000"
 709 0587 07       		.byte	0x7
 710 0588 6E01     		.2byte	0x16e
 711 058a 60040000 		.4byte	0x460
 712 058e 48       		.byte	0x48
 713 058f 0B       		.uleb128 0xb
 714 0590 723700   		.ascii	"r7\000"
 715 0593 07       		.byte	0x7
 716 0594 6F01     		.2byte	0x16f
 717 0596 60040000 		.4byte	0x460
 718 059a 4C       		.byte	0x4c
 719 059b 0B       		.uleb128 0xb
 720 059c 723800   		.ascii	"r8\000"
 721 059f 07       		.byte	0x7
 722 05a0 7001     		.2byte	0x170
 723 05a2 60040000 		.4byte	0x460
 724 05a6 50       		.byte	0x50
 725 05a7 0B       		.uleb128 0xb
 726 05a8 723900   		.ascii	"r9\000"
 727 05ab 07       		.byte	0x7
 728 05ac 7101     		.2byte	0x171
 729 05ae 60040000 		.4byte	0x460
 730 05b2 54       		.byte	0x54
 731 05b3 0B       		.uleb128 0xb
 732 05b4 72313000 		.ascii	"r10\000"
 733 05b8 07       		.byte	0x7
 734 05b9 7201     		.2byte	0x172
 735 05bb 60040000 		.4byte	0x460
 736 05bf 58       		.byte	0x58
 737 05c0 0B       		.uleb128 0xb
 738 05c1 72313100 		.ascii	"r11\000"
 739 05c5 07       		.byte	0x7
 740 05c6 7301     		.2byte	0x173
 741 05c8 60040000 		.4byte	0x460
ARM GAS  /tmp/ccDG2sDb.s 			page 14


 742 05cc 5C       		.byte	0x5c
 743 05cd 0B       		.uleb128 0xb
 744 05ce 6C7200   		.ascii	"lr\000"
 745 05d1 07       		.byte	0x7
 746 05d2 7401     		.2byte	0x174
 747 05d4 60040000 		.4byte	0x460
 748 05d8 60       		.byte	0x60
 749 05d9 00       		.byte	0
 750 05da 06       		.uleb128 0x6
 751 05db 04       		.byte	0x4
 752 05dc 8E040000 		.4byte	0x48e
 753 05e0 10       		.uleb128 0x10
 754 05e1 04       		.byte	0x4
 755 05e2 08       		.byte	0x8
 756 05e3 38       		.byte	0x38
 757 05e4 F5050000 		.4byte	0x5f5
 758 05e8 09       		.uleb128 0x9
 759 05e9 19050000 		.4byte	.LASF79
 760 05ed 08       		.byte	0x8
 761 05ee 3C       		.byte	0x3c
 762 05ef D6000000 		.4byte	0xd6
 763 05f3 00       		.byte	0
 764 05f4 00       		.byte	0
 765 05f5 04       		.uleb128 0x4
 766 05f6 E4030000 		.4byte	.LASF80
 767 05fa 08       		.byte	0x8
 768 05fb 3D       		.byte	0x3d
 769 05fc E0050000 		.4byte	0x5e0
 770 0600 10       		.uleb128 0x10
 771 0601 18       		.byte	0x18
 772 0602 08       		.byte	0x8
 773 0603 48       		.byte	0x48
 774 0604 43060000 		.4byte	0x643
 775 0608 09       		.uleb128 0x9
 776 0609 F7040000 		.4byte	.LASF81
 777 060d 08       		.byte	0x8
 778 060e 49       		.byte	0x49
 779 060f D6000000 		.4byte	0xd6
 780 0613 00       		.byte	0
 781 0614 09       		.uleb128 0x9
 782 0615 71000000 		.4byte	.LASF82
 783 0619 08       		.byte	0x8
 784 061a 4A       		.byte	0x4a
 785 061b D6000000 		.4byte	0xd6
 786 061f 04       		.byte	0x4
 787 0620 09       		.uleb128 0x9
 788 0621 32030000 		.4byte	.LASF83
 789 0625 08       		.byte	0x8
 790 0626 4B       		.byte	0x4b
 791 0627 D6000000 		.4byte	0xd6
 792 062b 08       		.byte	0x8
 793 062c 0A       		.uleb128 0xa
 794 062d 6E00     		.ascii	"n\000"
 795 062f 08       		.byte	0x8
 796 0630 4C       		.byte	0x4c
 797 0631 39010000 		.4byte	0x139
 798 0635 0C       		.byte	0xc
ARM GAS  /tmp/ccDG2sDb.s 			page 15


 799 0636 09       		.uleb128 0x9
 800 0637 0D040000 		.4byte	.LASF84
 801 063b 08       		.byte	0x8
 802 063c 4D       		.byte	0x4d
 803 063d E1000000 		.4byte	0xe1
 804 0641 10       		.byte	0x10
 805 0642 00       		.byte	0
 806 0643 04       		.uleb128 0x4
 807 0644 77000000 		.4byte	.LASF85
 808 0648 08       		.byte	0x8
 809 0649 4E       		.byte	0x4e
 810 064a 00060000 		.4byte	0x600
 811 064e 10       		.uleb128 0x10
 812 064f 38       		.byte	0x38
 813 0650 09       		.byte	0x9
 814 0651 38       		.byte	0x38
 815 0652 87060000 		.4byte	0x687
 816 0656 09       		.uleb128 0x9
 817 0657 A7020000 		.4byte	.LASF86
 818 065b 09       		.byte	0x9
 819 065c 39       		.byte	0x39
 820 065d 39010000 		.4byte	0x139
 821 0661 00       		.byte	0
 822 0662 09       		.uleb128 0x9
 823 0663 3D040000 		.4byte	.LASF87
 824 0667 09       		.byte	0x9
 825 0668 3A       		.byte	0x3a
 826 0669 39010000 		.4byte	0x139
 827 066d 04       		.byte	0x4
 828 066e 09       		.uleb128 0x9
 829 066f 73050000 		.4byte	.LASF88
 830 0673 09       		.byte	0x9
 831 0674 3B       		.byte	0x3b
 832 0675 43060000 		.4byte	0x643
 833 0679 08       		.byte	0x8
 834 067a 09       		.uleb128 0x9
 835 067b 5B030000 		.4byte	.LASF89
 836 067f 09       		.byte	0x9
 837 0680 3D       		.byte	0x3d
 838 0681 43060000 		.4byte	0x643
 839 0685 20       		.byte	0x20
 840 0686 00       		.byte	0
 841 0687 04       		.uleb128 0x4
 842 0688 CC020000 		.4byte	.LASF90
 843 068c 09       		.byte	0x9
 844 068d 3F       		.byte	0x3f
 845 068e 4E060000 		.4byte	0x64e
 846 0692 11       		.uleb128 0x11
 847 0693 04       		.byte	0x4
 848 0694 05       		.byte	0x5
 849 0695 D2       		.byte	0xd2
 850 0696 F5060000 		.4byte	0x6f5
 851 069a 12       		.uleb128 0x12
 852 069b 19000000 		.4byte	.LASF91
 853 069f 05       		.byte	0x5
 854 06a0 D9       		.byte	0xd9
 855 06a1 18010000 		.4byte	0x118
ARM GAS  /tmp/ccDG2sDb.s 			page 16


 856 06a5 12       		.uleb128 0x12
 857 06a6 A1000000 		.4byte	.LASF92
 858 06aa 05       		.byte	0x5
 859 06ab E0       		.byte	0xe0
 860 06ac 18010000 		.4byte	0x118
 861 06b0 12       		.uleb128 0x12
 862 06b1 55050000 		.4byte	.LASF93
 863 06b5 05       		.byte	0x5
 864 06b6 E7       		.byte	0xe7
 865 06b7 96000000 		.4byte	0x96
 866 06bb 12       		.uleb128 0x12
 867 06bc 0D000000 		.4byte	.LASF94
 868 06c0 05       		.byte	0x5
 869 06c1 EE       		.byte	0xee
 870 06c2 F5060000 		.4byte	0x6f5
 871 06c6 12       		.uleb128 0x12
 872 06c7 B5000000 		.4byte	.LASF95
 873 06cb 05       		.byte	0x5
 874 06cc F3       		.byte	0xf3
 875 06cd 18010000 		.4byte	0x118
 876 06d1 12       		.uleb128 0x12
 877 06d2 A0020000 		.4byte	.LASF96
 878 06d6 05       		.byte	0x5
 879 06d7 FC       		.byte	0xfc
 880 06d8 20070000 		.4byte	0x720
 881 06dc 13       		.uleb128 0x13
 882 06dd AD040000 		.4byte	.LASF97
 883 06e1 05       		.byte	0x5
 884 06e2 0501     		.2byte	0x105
 885 06e4 57070000 		.4byte	0x757
 886 06e8 13       		.uleb128 0x13
 887 06e9 75040000 		.4byte	.LASF98
 888 06ed 05       		.byte	0x5
 889 06ee 0D01     		.2byte	0x10d
 890 06f0 23010000 		.4byte	0x123
 891 06f4 00       		.byte	0
 892 06f5 06       		.uleb128 0x6
 893 06f6 04       		.byte	0x4
 894 06f7 45020000 		.4byte	0x245
 895 06fb 08       		.uleb128 0x8
 896 06fc 97040000 		.4byte	.LASF99
 897 0700 0C       		.byte	0xc
 898 0701 0A       		.byte	0xa
 899 0702 34       		.byte	0x34
 900 0703 20070000 		.4byte	0x720
 901 0707 09       		.uleb128 0x9
 902 0708 AD020000 		.4byte	.LASF31
 903 070c 0A       		.byte	0xa
 904 070d 35       		.byte	0x35
 905 070e 7A020000 		.4byte	0x27a
 906 0712 00       		.byte	0
 907 0713 0A       		.uleb128 0xa
 908 0714 636E7400 		.ascii	"cnt\000"
 909 0718 0A       		.byte	0xa
 910 0719 37       		.byte	0x37
 911 071a 2E010000 		.4byte	0x12e
 912 071e 08       		.byte	0x8
ARM GAS  /tmp/ccDG2sDb.s 			page 17


 913 071f 00       		.byte	0
 914 0720 06       		.uleb128 0x6
 915 0721 04       		.byte	0x4
 916 0722 FB060000 		.4byte	0x6fb
 917 0726 08       		.uleb128 0x8
 918 0727 38050000 		.4byte	.LASF100
 919 072b 10       		.byte	0x10
 920 072c 0B       		.byte	0xb
 921 072d 39       		.byte	0x39
 922 072e 57070000 		.4byte	0x757
 923 0732 09       		.uleb128 0x9
 924 0733 AD020000 		.4byte	.LASF31
 925 0737 0B       		.byte	0xb
 926 0738 3A       		.byte	0x3a
 927 0739 7A020000 		.4byte	0x27a
 928 073d 00       		.byte	0
 929 073e 09       		.uleb128 0x9
 930 073f C4040000 		.4byte	.LASF101
 931 0743 0B       		.byte	0xb
 932 0744 3C       		.byte	0x3c
 933 0745 50020000 		.4byte	0x250
 934 0749 08       		.byte	0x8
 935 074a 09       		.uleb128 0x9
 936 074b E0000000 		.4byte	.LASF51
 937 074f 0B       		.byte	0xb
 938 0750 3E       		.byte	0x3e
 939 0751 79070000 		.4byte	0x779
 940 0755 0C       		.byte	0xc
 941 0756 00       		.byte	0
 942 0757 06       		.uleb128 0x6
 943 0758 04       		.byte	0x4
 944 0759 26070000 		.4byte	0x726
 945 075d 06       		.uleb128 0x6
 946 075e 04       		.byte	0x4
 947 075f 6B040000 		.4byte	0x46b
 948 0763 06       		.uleb128 0x6
 949 0764 04       		.byte	0x4
 950 0765 2D030000 		.4byte	0x32d
 951 0769 14       		.uleb128 0x14
 952 076a 9F000000 		.4byte	0x9f
 953 076e 04       		.uleb128 0x4
 954 076f 96010000 		.4byte	.LASF102
 955 0773 0B       		.byte	0xb
 956 0774 34       		.byte	0x34
 957 0775 26070000 		.4byte	0x726
 958 0779 06       		.uleb128 0x6
 959 077a 04       		.byte	0x4
 960 077b 6E070000 		.4byte	0x76e
 961 077f 03       		.uleb128 0x3
 962 0780 01       		.byte	0x1
 963 0781 02       		.byte	0x2
 964 0782 46040000 		.4byte	.LASF103
 965 0786 15       		.uleb128 0x15
 966 0787 D3000000 		.4byte	.LASF104
 967 078b 0C       		.byte	0xc
 968 078c 4407     		.2byte	0x744
 969 078e 92070000 		.4byte	0x792
ARM GAS  /tmp/ccDG2sDb.s 			page 18


 970 0792 14       		.uleb128 0x14
 971 0793 B5000000 		.4byte	0xb5
 972 0797 16       		.uleb128 0x16
 973 0798 636800   		.ascii	"ch\000"
 974 079b 05       		.byte	0x5
 975 079c D201     		.2byte	0x1d2
 976 079e FA030000 		.4byte	0x3fa
 977 07a2 00       		.byte	0
 978              		.section	.debug_abbrev,"",%progbits
 979              	.Ldebug_abbrev0:
 980 0000 01       		.uleb128 0x1
 981 0001 11       		.uleb128 0x11
 982 0002 01       		.byte	0x1
 983 0003 25       		.uleb128 0x25
 984 0004 0E       		.uleb128 0xe
 985 0005 13       		.uleb128 0x13
 986 0006 0B       		.uleb128 0xb
 987 0007 03       		.uleb128 0x3
 988 0008 0E       		.uleb128 0xe
 989 0009 1B       		.uleb128 0x1b
 990 000a 0E       		.uleb128 0xe
 991 000b 10       		.uleb128 0x10
 992 000c 17       		.uleb128 0x17
 993 000d 00       		.byte	0
 994 000e 00       		.byte	0
 995 000f 02       		.uleb128 0x2
 996 0010 24       		.uleb128 0x24
 997 0011 00       		.byte	0
 998 0012 0B       		.uleb128 0xb
 999 0013 0B       		.uleb128 0xb
 1000 0014 3E       		.uleb128 0x3e
 1001 0015 0B       		.uleb128 0xb
 1002 0016 03       		.uleb128 0x3
 1003 0017 08       		.uleb128 0x8
 1004 0018 00       		.byte	0
 1005 0019 00       		.byte	0
 1006 001a 03       		.uleb128 0x3
 1007 001b 24       		.uleb128 0x24
 1008 001c 00       		.byte	0
 1009 001d 0B       		.uleb128 0xb
 1010 001e 0B       		.uleb128 0xb
 1011 001f 3E       		.uleb128 0x3e
 1012 0020 0B       		.uleb128 0xb
 1013 0021 03       		.uleb128 0x3
 1014 0022 0E       		.uleb128 0xe
 1015 0023 00       		.byte	0
 1016 0024 00       		.byte	0
 1017 0025 04       		.uleb128 0x4
 1018 0026 16       		.uleb128 0x16
 1019 0027 00       		.byte	0
 1020 0028 03       		.uleb128 0x3
 1021 0029 0E       		.uleb128 0xe
 1022 002a 3A       		.uleb128 0x3a
 1023 002b 0B       		.uleb128 0xb
 1024 002c 3B       		.uleb128 0x3b
 1025 002d 0B       		.uleb128 0xb
 1026 002e 49       		.uleb128 0x49
ARM GAS  /tmp/ccDG2sDb.s 			page 19


 1027 002f 13       		.uleb128 0x13
 1028 0030 00       		.byte	0
 1029 0031 00       		.byte	0
 1030 0032 05       		.uleb128 0x5
 1031 0033 0F       		.uleb128 0xf
 1032 0034 00       		.byte	0
 1033 0035 0B       		.uleb128 0xb
 1034 0036 0B       		.uleb128 0xb
 1035 0037 00       		.byte	0
 1036 0038 00       		.byte	0
 1037 0039 06       		.uleb128 0x6
 1038 003a 0F       		.uleb128 0xf
 1039 003b 00       		.byte	0
 1040 003c 0B       		.uleb128 0xb
 1041 003d 0B       		.uleb128 0xb
 1042 003e 49       		.uleb128 0x49
 1043 003f 13       		.uleb128 0x13
 1044 0040 00       		.byte	0
 1045 0041 00       		.byte	0
 1046 0042 07       		.uleb128 0x7
 1047 0043 26       		.uleb128 0x26
 1048 0044 00       		.byte	0
 1049 0045 49       		.uleb128 0x49
 1050 0046 13       		.uleb128 0x13
 1051 0047 00       		.byte	0
 1052 0048 00       		.byte	0
 1053 0049 08       		.uleb128 0x8
 1054 004a 13       		.uleb128 0x13
 1055 004b 01       		.byte	0x1
 1056 004c 03       		.uleb128 0x3
 1057 004d 0E       		.uleb128 0xe
 1058 004e 0B       		.uleb128 0xb
 1059 004f 0B       		.uleb128 0xb
 1060 0050 3A       		.uleb128 0x3a
 1061 0051 0B       		.uleb128 0xb
 1062 0052 3B       		.uleb128 0x3b
 1063 0053 0B       		.uleb128 0xb
 1064 0054 01       		.uleb128 0x1
 1065 0055 13       		.uleb128 0x13
 1066 0056 00       		.byte	0
 1067 0057 00       		.byte	0
 1068 0058 09       		.uleb128 0x9
 1069 0059 0D       		.uleb128 0xd
 1070 005a 00       		.byte	0
 1071 005b 03       		.uleb128 0x3
 1072 005c 0E       		.uleb128 0xe
 1073 005d 3A       		.uleb128 0x3a
 1074 005e 0B       		.uleb128 0xb
 1075 005f 3B       		.uleb128 0x3b
 1076 0060 0B       		.uleb128 0xb
 1077 0061 49       		.uleb128 0x49
 1078 0062 13       		.uleb128 0x13
 1079 0063 38       		.uleb128 0x38
 1080 0064 0B       		.uleb128 0xb
 1081 0065 00       		.byte	0
 1082 0066 00       		.byte	0
 1083 0067 0A       		.uleb128 0xa
ARM GAS  /tmp/ccDG2sDb.s 			page 20


 1084 0068 0D       		.uleb128 0xd
 1085 0069 00       		.byte	0
 1086 006a 03       		.uleb128 0x3
 1087 006b 08       		.uleb128 0x8
 1088 006c 3A       		.uleb128 0x3a
 1089 006d 0B       		.uleb128 0xb
 1090 006e 3B       		.uleb128 0x3b
 1091 006f 0B       		.uleb128 0xb
 1092 0070 49       		.uleb128 0x49
 1093 0071 13       		.uleb128 0x13
 1094 0072 38       		.uleb128 0x38
 1095 0073 0B       		.uleb128 0xb
 1096 0074 00       		.byte	0
 1097 0075 00       		.byte	0
 1098 0076 0B       		.uleb128 0xb
 1099 0077 0D       		.uleb128 0xd
 1100 0078 00       		.byte	0
 1101 0079 03       		.uleb128 0x3
 1102 007a 08       		.uleb128 0x8
 1103 007b 3A       		.uleb128 0x3a
 1104 007c 0B       		.uleb128 0xb
 1105 007d 3B       		.uleb128 0x3b
 1106 007e 05       		.uleb128 0x5
 1107 007f 49       		.uleb128 0x49
 1108 0080 13       		.uleb128 0x13
 1109 0081 38       		.uleb128 0x38
 1110 0082 0B       		.uleb128 0xb
 1111 0083 00       		.byte	0
 1112 0084 00       		.byte	0
 1113 0085 0C       		.uleb128 0xc
 1114 0086 0D       		.uleb128 0xd
 1115 0087 00       		.byte	0
 1116 0088 03       		.uleb128 0x3
 1117 0089 0E       		.uleb128 0xe
 1118 008a 3A       		.uleb128 0x3a
 1119 008b 0B       		.uleb128 0xb
 1120 008c 3B       		.uleb128 0x3b
 1121 008d 05       		.uleb128 0x5
 1122 008e 49       		.uleb128 0x49
 1123 008f 13       		.uleb128 0x13
 1124 0090 38       		.uleb128 0x38
 1125 0091 0B       		.uleb128 0xb
 1126 0092 00       		.byte	0
 1127 0093 00       		.byte	0
 1128 0094 0D       		.uleb128 0xd
 1129 0095 13       		.uleb128 0x13
 1130 0096 01       		.byte	0x1
 1131 0097 03       		.uleb128 0x3
 1132 0098 0E       		.uleb128 0xe
 1133 0099 0B       		.uleb128 0xb
 1134 009a 0B       		.uleb128 0xb
 1135 009b 3A       		.uleb128 0x3a
 1136 009c 0B       		.uleb128 0xb
 1137 009d 3B       		.uleb128 0x3b
 1138 009e 05       		.uleb128 0x5
 1139 009f 01       		.uleb128 0x1
 1140 00a0 13       		.uleb128 0x13
ARM GAS  /tmp/ccDG2sDb.s 			page 21


 1141 00a1 00       		.byte	0
 1142 00a2 00       		.byte	0
 1143 00a3 0E       		.uleb128 0xe
 1144 00a4 15       		.uleb128 0x15
 1145 00a5 01       		.byte	0x1
 1146 00a6 27       		.uleb128 0x27
 1147 00a7 19       		.uleb128 0x19
 1148 00a8 01       		.uleb128 0x1
 1149 00a9 13       		.uleb128 0x13
 1150 00aa 00       		.byte	0
 1151 00ab 00       		.byte	0
 1152 00ac 0F       		.uleb128 0xf
 1153 00ad 05       		.uleb128 0x5
 1154 00ae 00       		.byte	0
 1155 00af 49       		.uleb128 0x49
 1156 00b0 13       		.uleb128 0x13
 1157 00b1 00       		.byte	0
 1158 00b2 00       		.byte	0
 1159 00b3 10       		.uleb128 0x10
 1160 00b4 13       		.uleb128 0x13
 1161 00b5 01       		.byte	0x1
 1162 00b6 0B       		.uleb128 0xb
 1163 00b7 0B       		.uleb128 0xb
 1164 00b8 3A       		.uleb128 0x3a
 1165 00b9 0B       		.uleb128 0xb
 1166 00ba 3B       		.uleb128 0x3b
 1167 00bb 0B       		.uleb128 0xb
 1168 00bc 01       		.uleb128 0x1
 1169 00bd 13       		.uleb128 0x13
 1170 00be 00       		.byte	0
 1171 00bf 00       		.byte	0
 1172 00c0 11       		.uleb128 0x11
 1173 00c1 17       		.uleb128 0x17
 1174 00c2 01       		.byte	0x1
 1175 00c3 0B       		.uleb128 0xb
 1176 00c4 0B       		.uleb128 0xb
 1177 00c5 3A       		.uleb128 0x3a
 1178 00c6 0B       		.uleb128 0xb
 1179 00c7 3B       		.uleb128 0x3b
 1180 00c8 0B       		.uleb128 0xb
 1181 00c9 01       		.uleb128 0x1
 1182 00ca 13       		.uleb128 0x13
 1183 00cb 00       		.byte	0
 1184 00cc 00       		.byte	0
 1185 00cd 12       		.uleb128 0x12
 1186 00ce 0D       		.uleb128 0xd
 1187 00cf 00       		.byte	0
 1188 00d0 03       		.uleb128 0x3
 1189 00d1 0E       		.uleb128 0xe
 1190 00d2 3A       		.uleb128 0x3a
 1191 00d3 0B       		.uleb128 0xb
 1192 00d4 3B       		.uleb128 0x3b
 1193 00d5 0B       		.uleb128 0xb
 1194 00d6 49       		.uleb128 0x49
 1195 00d7 13       		.uleb128 0x13
 1196 00d8 00       		.byte	0
 1197 00d9 00       		.byte	0
ARM GAS  /tmp/ccDG2sDb.s 			page 22


 1198 00da 13       		.uleb128 0x13
 1199 00db 0D       		.uleb128 0xd
 1200 00dc 00       		.byte	0
 1201 00dd 03       		.uleb128 0x3
 1202 00de 0E       		.uleb128 0xe
 1203 00df 3A       		.uleb128 0x3a
 1204 00e0 0B       		.uleb128 0xb
 1205 00e1 3B       		.uleb128 0x3b
 1206 00e2 05       		.uleb128 0x5
 1207 00e3 49       		.uleb128 0x49
 1208 00e4 13       		.uleb128 0x13
 1209 00e5 00       		.byte	0
 1210 00e6 00       		.byte	0
 1211 00e7 14       		.uleb128 0x14
 1212 00e8 35       		.uleb128 0x35
 1213 00e9 00       		.byte	0
 1214 00ea 49       		.uleb128 0x49
 1215 00eb 13       		.uleb128 0x13
 1216 00ec 00       		.byte	0
 1217 00ed 00       		.byte	0
 1218 00ee 15       		.uleb128 0x15
 1219 00ef 34       		.uleb128 0x34
 1220 00f0 00       		.byte	0
 1221 00f1 03       		.uleb128 0x3
 1222 00f2 0E       		.uleb128 0xe
 1223 00f3 3A       		.uleb128 0x3a
 1224 00f4 0B       		.uleb128 0xb
 1225 00f5 3B       		.uleb128 0x3b
 1226 00f6 05       		.uleb128 0x5
 1227 00f7 49       		.uleb128 0x49
 1228 00f8 13       		.uleb128 0x13
 1229 00f9 3F       		.uleb128 0x3f
 1230 00fa 19       		.uleb128 0x19
 1231 00fb 3C       		.uleb128 0x3c
 1232 00fc 19       		.uleb128 0x19
 1233 00fd 00       		.byte	0
 1234 00fe 00       		.byte	0
 1235 00ff 16       		.uleb128 0x16
 1236 0100 34       		.uleb128 0x34
 1237 0101 00       		.byte	0
 1238 0102 03       		.uleb128 0x3
 1239 0103 08       		.uleb128 0x8
 1240 0104 3A       		.uleb128 0x3a
 1241 0105 0B       		.uleb128 0xb
 1242 0106 3B       		.uleb128 0x3b
 1243 0107 05       		.uleb128 0x5
 1244 0108 49       		.uleb128 0x49
 1245 0109 13       		.uleb128 0x13
 1246 010a 3F       		.uleb128 0x3f
 1247 010b 19       		.uleb128 0x19
 1248 010c 3C       		.uleb128 0x3c
 1249 010d 19       		.uleb128 0x19
 1250 010e 00       		.byte	0
 1251 010f 00       		.byte	0
 1252 0110 00       		.byte	0
 1253              		.section	.debug_aranges,"",%progbits
 1254 0000 14000000 		.4byte	0x14
ARM GAS  /tmp/ccDG2sDb.s 			page 23


 1255 0004 0200     		.2byte	0x2
 1256 0006 00000000 		.4byte	.Ldebug_info0
 1257 000a 04       		.byte	0x4
 1258 000b 00       		.byte	0
 1259 000c 0000     		.2byte	0
 1260 000e 0000     		.2byte	0
 1261 0010 00000000 		.4byte	0
 1262 0014 00000000 		.4byte	0
 1263              		.section	.debug_line,"",%progbits
 1264              	.Ldebug_line0:
 1265 0000 AC010000 		.section	.debug_str,"MS",%progbits,1
 1265      0200A601 
 1265      00000201 
 1265      FB0E0D00 
 1265      01010101 
 1266              	.LASF55:
 1267 0000 72656164 		.ascii	"ready_list_t\000"
 1267      795F6C69 
 1267      73745F74 
 1267      00
 1268              	.LASF94:
 1269 000d 77747472 		.ascii	"wttrp\000"
 1269      7000
 1270              	.LASF61:
 1271 0013 64656C74 		.ascii	"delta\000"
 1271      6100
 1272              	.LASF91:
 1273 0019 7264796D 		.ascii	"rdymsg\000"
 1273      736700
 1274              	.LASF18:
 1275 0020 75696E74 		.ascii	"uint64_t\000"
 1275      36345F74 
 1275      00
 1276              	.LASF74:
 1277 0029 6B65726E 		.ascii	"kernel_stats\000"
 1277      656C5F73 
 1277      74617473 
 1277      00
 1278              	.LASF5:
 1279 0036 5F5F7569 		.ascii	"__uint8_t\000"
 1279      6E74385F 
 1279      7400
 1280              	.LASF54:
 1281 0040 70726576 		.ascii	"prev\000"
 1281      00
 1282              	.LASF78:
 1283 0045 706F7274 		.ascii	"port_intctx\000"
 1283      5F696E74 
 1283      63747800 
 1284              	.LASF53:
 1285 0051 63685F74 		.ascii	"ch_threads_queue\000"
 1285      68726561 
 1285      64735F71 
 1285      75657565 
 1285      00
 1286              	.LASF66:
 1287 0062 73797374 		.ascii	"system_debug_t\000"
ARM GAS  /tmp/ccDG2sDb.s 			page 24


 1287      656D5F64 
 1287      65627567 
 1287      5F7400
 1288              	.LASF82:
 1289 0071 776F7273 		.ascii	"worst\000"
 1289      7400
 1290              	.LASF85:
 1291 0077 74696D65 		.ascii	"time_measurement_t\000"
 1291      5F6D6561 
 1291      73757265 
 1291      6D656E74 
 1291      5F7400
 1292              	.LASF12:
 1293 008a 6C6F6E67 		.ascii	"long long unsigned int\000"
 1293      206C6F6E 
 1293      6720756E 
 1293      7369676E 
 1293      65642069 
 1294              	.LASF92:
 1295 00a1 65786974 		.ascii	"exitcode\000"
 1295      636F6465 
 1295      00
 1296              	.LASF73:
 1297 00aa 6D61696E 		.ascii	"mainthread\000"
 1297      74687265 
 1297      616400
 1298              	.LASF95:
 1299 00b5 73656E74 		.ascii	"sentmsg\000"
 1299      6D736700 
 1300              	.LASF63:
 1301 00bd 76697274 		.ascii	"virtual_timers_list_t\000"
 1301      75616C5F 
 1301      74696D65 
 1301      72735F6C 
 1301      6973745F 
 1302              	.LASF104:
 1303 00d3 49544D5F 		.ascii	"ITM_RxBuffer\000"
 1303      52784275 
 1303      66666572 
 1303      00
 1304              	.LASF51:
 1305 00e0 6E657874 		.ascii	"next\000"
 1305      00
 1306              	.LASF20:
 1307 00e5 72747469 		.ascii	"rttime_t\000"
 1307      6D655F74 
 1307      00
 1308              	.LASF10:
 1309 00ee 6C6F6E67 		.ascii	"long long int\000"
 1309      206C6F6E 
 1309      6720696E 
 1309      7400
 1310              	.LASF1:
 1311 00fc 7369676E 		.ascii	"signed char\000"
 1311      65642063 
 1311      68617200 
 1312              	.LASF72:
ARM GAS  /tmp/ccDG2sDb.s 			page 25


 1313 0108 76746C69 		.ascii	"vtlist\000"
 1313      737400
 1314              	.LASF107:
 1315 010f 2F686F6D 		.ascii	"/home/kozinalexey/f4by/ardupilot/build/f4by-ch\000"
 1315      652F6B6F 
 1315      7A696E61 
 1315      6C657865 
 1315      792F6634 
 1316              	.LASF41:
 1317 013e 6D736771 		.ascii	"msgqueue\000"
 1317      75657565 
 1317      00
 1318              	.LASF37:
 1319 0147 73746174 		.ascii	"state\000"
 1319      6500
 1320              	.LASF7:
 1321 014d 6C6F6E67 		.ascii	"long int\000"
 1321      20696E74 
 1321      00
 1322              	.LASF22:
 1323 0156 74737461 		.ascii	"tstate_t\000"
 1323      74655F74 
 1323      00
 1324              	.LASF62:
 1325 015f 66756E63 		.ascii	"func\000"
 1325      00
 1326              	.LASF46:
 1327 0164 73746174 		.ascii	"stats\000"
 1327      7300
 1328              	.LASF8:
 1329 016a 5F5F7569 		.ascii	"__uint32_t\000"
 1329      6E743332 
 1329      5F7400
 1330              	.LASF75:
 1331 0175 72656761 		.ascii	"regarm_t\000"
 1331      726D5F74 
 1331      00
 1332              	.LASF67:
 1333 017e 63685F73 		.ascii	"ch_system_debug\000"
 1333      79737465 
 1333      6D5F6465 
 1333      62756700 
 1334              	.LASF40:
 1335 018e 77616974 		.ascii	"waiting\000"
 1335      696E6700 
 1336              	.LASF102:
 1337 0196 6D757465 		.ascii	"mutex_t\000"
 1337      785F7400 
 1338              	.LASF27:
 1339 019e 636E745F 		.ascii	"cnt_t\000"
 1339      7400
 1340              	.LASF0:
 1341 01a4 756E7369 		.ascii	"unsigned int\000"
 1341      676E6564 
 1341      20696E74 
 1341      00
 1342              	.LASF105:
ARM GAS  /tmp/ccDG2sDb.s 			page 26


 1343 01b1 474E5520 		.ascii	"GNU C 4.9.3 20150529 (prerelease) -mcpu=cortex-m4 -"
 1343      4320342E 
 1343      392E3320 
 1343      32303135 
 1343      30353239 
 1344 01e4 6D666C6F 		.ascii	"mfloat-abi=hard -mfpu=fpv4-sp-d16 -mno-thumb-interw"
 1344      61742D61 
 1344      62693D68 
 1344      61726420 
 1344      2D6D6670 
 1345 0217 6F726B20 		.ascii	"ork -mthumb -g -Os -fomit-frame-pointer -falign-fun"
 1345      2D6D7468 
 1345      756D6220 
 1345      2D67202D 
 1345      4F73202D 
 1346 024a 6374696F 		.ascii	"ctions=16 -ffunction-sections -fdata-sections -fno-"
 1346      6E733D31 
 1346      36202D66 
 1346      66756E63 
 1346      74696F6E 
 1347 027d 636F6D6D 		.ascii	"common -fsingle-precision-constant\000"
 1347      6F6E202D 
 1347      6673696E 
 1347      676C652D 
 1347      70726563 
 1348              	.LASF96:
 1349 02a0 77747365 		.ascii	"wtsemp\000"
 1349      6D7000
 1350              	.LASF86:
 1351 02a7 6E5F6972 		.ascii	"n_irq\000"
 1351      7100
 1352              	.LASF31:
 1353 02ad 71756575 		.ascii	"queue\000"
 1353      6500
 1354              	.LASF45:
 1355 02b3 6D706F6F 		.ascii	"mpool\000"
 1355      6C00
 1356              	.LASF4:
 1357 02b9 73686F72 		.ascii	"short unsigned int\000"
 1357      7420756E 
 1357      7369676E 
 1357      65642069 
 1357      6E7400
 1358              	.LASF90:
 1359 02cc 6B65726E 		.ascii	"kernel_stats_t\000"
 1359      656C5F73 
 1359      74617473 
 1359      5F7400
 1360              	.LASF35:
 1361 02db 6E616D65 		.ascii	"name\000"
 1361      00
 1362              	.LASF49:
 1363 02e0 63685F74 		.ascii	"ch_thread\000"
 1363      68726561 
 1363      6400
 1364              	.LASF106:
 1365 02ea 2E2E2F2E 		.ascii	"../../modules/ChibiOS/os/hal/ports/STM32/LLD/SDIOv1"
ARM GAS  /tmp/ccDG2sDb.s 			page 27


 1365      2E2F6D6F 
 1365      64756C65 
 1365      732F4368 
 1365      6962694F 
 1366 031d 2F68616C 		.ascii	"/hal_sdc_lld.c\000"
 1366      5F736463 
 1366      5F6C6C64 
 1366      2E6300
 1367              	.LASF25:
 1368 032c 6D73675F 		.ascii	"msg_t\000"
 1368      7400
 1369              	.LASF83:
 1370 0332 6C617374 		.ascii	"last\000"
 1370      00
 1371              	.LASF28:
 1372 0337 75636E74 		.ascii	"ucnt_t\000"
 1372      5F7400
 1373              	.LASF42:
 1374 033e 6570656E 		.ascii	"epending\000"
 1374      64696E67 
 1374      00
 1375              	.LASF69:
 1376 0347 63685F73 		.ascii	"ch_system_t\000"
 1376      79737465 
 1376      6D5F7400 
 1377              	.LASF21:
 1378 0353 746D6F64 		.ascii	"tmode_t\000"
 1378      655F7400 
 1379              	.LASF89:
 1380 035b 6D5F6372 		.ascii	"m_crit_isr\000"
 1380      69745F69 
 1380      737200
 1381              	.LASF56:
 1382 0366 63685F72 		.ascii	"ch_ready_list\000"
 1382      65616479 
 1382      5F6C6973 
 1382      7400
 1383              	.LASF26:
 1384 0374 6576656E 		.ascii	"eventmask_t\000"
 1384      746D6173 
 1384      6B5F7400 
 1385              	.LASF6:
 1386 0380 5F5F696E 		.ascii	"__int32_t\000"
 1386      7433325F 
 1386      7400
 1387              	.LASF76:
 1388 038a 73746B61 		.ascii	"stkalign_t\000"
 1388      6C69676E 
 1388      5F7400
 1389              	.LASF33:
 1390 0395 6E657765 		.ascii	"newer\000"
 1390      7200
 1391              	.LASF44:
 1392 039b 7265616C 		.ascii	"realprio\000"
 1392      7072696F 
 1392      00
 1393              	.LASF13:
ARM GAS  /tmp/ccDG2sDb.s 			page 28


 1394 03a4 73697A65 		.ascii	"sizetype\000"
 1394      74797065 
 1394      00
 1395              	.LASF47:
 1396 03ad 74687265 		.ascii	"thread_reference_t\000"
 1396      61645F72 
 1396      65666572 
 1396      656E6365 
 1396      5F7400
 1397              	.LASF64:
 1398 03c0 63685F76 		.ascii	"ch_virtual_timers_list\000"
 1398      69727475 
 1398      616C5F74 
 1398      696D6572 
 1398      735F6C69 
 1399              	.LASF77:
 1400 03d7 706F7274 		.ascii	"port_context\000"
 1400      5F636F6E 
 1400      74657874 
 1400      00
 1401              	.LASF80:
 1402 03e4 746D5F63 		.ascii	"tm_calibration_t\000"
 1402      616C6962 
 1402      72617469 
 1402      6F6E5F74 
 1402      00
 1403              	.LASF32:
 1404 03f5 7072696F 		.ascii	"prio\000"
 1404      00
 1405              	.LASF57:
 1406 03fa 63757272 		.ascii	"current\000"
 1406      656E7400 
 1407              	.LASF11:
 1408 0402 5F5F7569 		.ascii	"__uint64_t\000"
 1408      6E743634 
 1408      5F7400
 1409              	.LASF84:
 1410 040d 63756D75 		.ascii	"cumulative\000"
 1410      6C617469 
 1410      766500
 1411              	.LASF23:
 1412 0418 74726566 		.ascii	"trefs_t\000"
 1412      735F7400 
 1413              	.LASF39:
 1414 0420 72656673 		.ascii	"refs\000"
 1414      00
 1415              	.LASF59:
 1416 0425 76697274 		.ascii	"virtual_timer_t\000"
 1416      75616C5F 
 1416      74696D65 
 1416      725F7400 
 1417              	.LASF24:
 1418 0435 74707269 		.ascii	"tprio_t\000"
 1418      6F5F7400 
 1419              	.LASF87:
 1420 043d 6E5F6374 		.ascii	"n_ctxswc\000"
 1420      78737763 
ARM GAS  /tmp/ccDG2sDb.s 			page 29


 1420      00
 1421              	.LASF103:
 1422 0446 5F426F6F 		.ascii	"_Bool\000"
 1422      6C00
 1423              	.LASF16:
 1424 044c 696E7433 		.ascii	"int32_t\000"
 1424      325F7400 
 1425              	.LASF2:
 1426 0454 756E7369 		.ascii	"unsigned char\000"
 1426      676E6564 
 1426      20636861 
 1426      7200
 1427              	.LASF3:
 1428 0462 73686F72 		.ascii	"short int\000"
 1428      7420696E 
 1428      7400
 1429              	.LASF65:
 1430 046c 6C617374 		.ascii	"lasttime\000"
 1430      74696D65 
 1430      00
 1431              	.LASF98:
 1432 0475 65776D61 		.ascii	"ewmask\000"
 1432      736B00
 1433              	.LASF70:
 1434 047c 63685F73 		.ascii	"ch_system\000"
 1434      79737465 
 1434      6D00
 1435              	.LASF60:
 1436 0486 63685F76 		.ascii	"ch_virtual_timer\000"
 1436      69727475 
 1436      616C5F74 
 1436      696D6572 
 1436      00
 1437              	.LASF99:
 1438 0497 63685F73 		.ascii	"ch_semaphore\000"
 1438      656D6170 
 1438      686F7265 
 1438      00
 1439              	.LASF17:
 1440 04a4 75696E74 		.ascii	"uint32_t\000"
 1440      33325F74 
 1440      00
 1441              	.LASF97:
 1442 04ad 77746D74 		.ascii	"wtmtxp\000"
 1442      787000
 1443              	.LASF50:
 1444 04b4 63685F74 		.ascii	"ch_threads_list\000"
 1444      68726561 
 1444      64735F6C 
 1444      69737400 
 1445              	.LASF101:
 1446 04c4 6F776E65 		.ascii	"owner\000"
 1446      7200
 1447              	.LASF9:
 1448 04ca 6C6F6E67 		.ascii	"long unsigned int\000"
 1448      20756E73 
 1448      69676E65 
ARM GAS  /tmp/ccDG2sDb.s 			page 30


 1448      6420696E 
 1448      7400
 1449              	.LASF36:
 1450 04dc 77616261 		.ascii	"wabase\000"
 1450      736500
 1451              	.LASF14:
 1452 04e3 63686172 		.ascii	"char\000"
 1452      00
 1453              	.LASF34:
 1454 04e8 6F6C6465 		.ascii	"older\000"
 1454      7200
 1455              	.LASF30:
 1456 04ee 74687265 		.ascii	"thread_t\000"
 1456      61645F74 
 1456      00
 1457              	.LASF81:
 1458 04f7 62657374 		.ascii	"best\000"
 1458      00
 1459              	.LASF29:
 1460 04fc 73797374 		.ascii	"systime_t\000"
 1460      696D655F 
 1460      7400
 1461              	.LASF58:
 1462 0506 76746675 		.ascii	"vtfunc_t\000"
 1462      6E635F74 
 1462      00
 1463              	.LASF68:
 1464 050f 70616E69 		.ascii	"panic_msg\000"
 1464      635F6D73 
 1464      6700
 1465              	.LASF79:
 1466 0519 6F666673 		.ascii	"offset\000"
 1466      657400
 1467              	.LASF19:
 1468 0520 7274636E 		.ascii	"rtcnt_t\000"
 1468      745F7400 
 1469              	.LASF52:
 1470 0528 74687265 		.ascii	"threads_queue_t\000"
 1470      6164735F 
 1470      71756575 
 1470      655F7400 
 1471              	.LASF100:
 1472 0538 63685F6D 		.ascii	"ch_mutex\000"
 1472      75746578 
 1472      00
 1473              	.LASF71:
 1474 0541 726C6973 		.ascii	"rlist\000"
 1474      7400
 1475              	.LASF15:
 1476 0547 75696E74 		.ascii	"uint8_t\000"
 1476      385F7400 
 1477              	.LASF38:
 1478 054f 666C6167 		.ascii	"flags\000"
 1478      7300
 1479              	.LASF93:
 1480 0555 77746F62 		.ascii	"wtobjp\000"
 1480      6A7000
ARM GAS  /tmp/ccDG2sDb.s 			page 31


 1481              	.LASF48:
 1482 055c 74687265 		.ascii	"threads_list_t\000"
 1482      6164735F 
 1482      6C697374 
 1482      5F7400
 1483              	.LASF43:
 1484 056b 6D74786C 		.ascii	"mtxlist\000"
 1484      69737400 
 1485              	.LASF88:
 1486 0573 6D5F6372 		.ascii	"m_crit_thd\000"
 1486      69745F74 
 1486      686400
 1487              		.ident	"GCC: (15:4.9.3+svn231177-1) 4.9.3 20150529 (prerelease)"
ARM GAS  /tmp/ccDG2sDb.s 			page 32


DEFINED SYMBOLS
                            *ABS*:0000000000000000 hal_sdc_lld.c

NO UNDEFINED SYMBOLS
