ARM GAS  /tmp/cc6FtsIA.s 			page 1


   1              		.syntax unified
   2              		.cpu cortex-m4
   3              		.eabi_attribute 27, 1
   4              		.eabi_attribute 28, 1
   5              		.fpu fpv4-sp-d16
   6              		.eabi_attribute 20, 1
   7              		.eabi_attribute 21, 1
   8              		.eabi_attribute 23, 3
   9              		.eabi_attribute 24, 1
  10              		.eabi_attribute 25, 1
  11              		.eabi_attribute 26, 1
  12              		.eabi_attribute 30, 4
  13              		.eabi_attribute 34, 1
  14              		.eabi_attribute 18, 4
  15              		.thumb
  16              		.file	"stm32_util.c"
  17              		.text
  18              	.Ltext0:
  19              		.cfi_sections	.debug_frame
  20              		.section	.text.stm32_timer_set_input_filter,"ax",%progbits
  21              		.align	1
  22              		.global	stm32_timer_set_input_filter
  23              		.thumb
  24              		.thumb_func
  25              		.type	stm32_timer_set_input_filter, %function
  26              	stm32_timer_set_input_filter:
  27              	.LFB277:
  28              		.file 1 "../../libraries/AP_HAL_ChibiOS/hwdef/common/stm32_util.c"
  29              		.loc 1 19 0
  30              		.cfi_startproc
  31              		@ args = 0, pretend = 0, frame = 0
  32              		@ frame_needed = 0, uses_anonymous_args = 0
  33              		@ link register save eliminated.
  34              	.LVL0:
  35              		.loc 1 20 0
  36 0000 0329     		cmp	r1, #3
  37 0002 14D8     		bhi	.L1
  38 0004 DFE801F0 		tbb	[pc, r1]
  39              	.L4:
  40 0008 02       		.byte	(.L3-.L4)/2
  41 0009 06       		.byte	(.L5-.L4)/2
  42 000a 0B       		.byte	(.L6-.L4)/2
  43 000b 0F       		.byte	(.L7-.L4)/2
  44              		.p2align 1
  45              	.L3:
  46              		.loc 1 22 0
  47 000c 8369     		ldr	r3, [r0, #24]
  48 000e 43EA0212 		orr	r2, r3, r2, lsl #4
  49              	.LVL1:
  50 0012 02E0     		b	.L8
  51              	.LVL2:
  52              	.L5:
  53              		.loc 1 25 0
  54 0014 8369     		ldr	r3, [r0, #24]
  55 0016 43EA0232 		orr	r2, r3, r2, lsl #12
  56              	.LVL3:
  57              	.L8:
ARM GAS  /tmp/cc6FtsIA.s 			page 2


  58 001a 8261     		str	r2, [r0, #24]
  59              		.loc 1 26 0
  60 001c 7047     		bx	lr
  61              	.LVL4:
  62              	.L6:
  63              		.loc 1 28 0
  64 001e C369     		ldr	r3, [r0, #28]
  65 0020 43EA0212 		orr	r2, r3, r2, lsl #4
  66              	.LVL5:
  67 0024 02E0     		b	.L9
  68              	.LVL6:
  69              	.L7:
  70              		.loc 1 31 0
  71 0026 C369     		ldr	r3, [r0, #28]
  72 0028 43EA0232 		orr	r2, r3, r2, lsl #12
  73              	.LVL7:
  74              	.L9:
  75 002c C261     		str	r2, [r0, #28]
  76              	.L1:
  77 002e 7047     		bx	lr
  78              		.cfi_endproc
  79              	.LFE277:
  80              		.size	stm32_timer_set_input_filter, .-stm32_timer_set_input_filter
  81              		.text
  82              	.Letext0:
  83              		.file 2 "/usr/include/newlib/machine/_default_types.h"
  84              		.file 3 "/usr/include/newlib/sys/_stdint.h"
  85              		.file 4 "../../modules/ChibiOS/os/common/ports/ARMCMx/compilers/GCC/chtypes.h"
  86              		.file 5 "../../modules/ChibiOS/os/rt/include/chsystypes.h"
  87              		.file 6 "../../modules/ChibiOS/os/rt/include/chschd.h"
  88              		.file 7 "../../modules/ChibiOS/os/common/ports/ARMCMx/chcore.h"
  89              		.file 8 "../../modules/ChibiOS/os/common/ports/ARMCMx/chcore_v7m.h"
  90              		.file 9 "../../modules/ChibiOS/os/hal/ports/STM32/LLD/TIMv1/stm32_tim.h"
  91              		.file 10 "../../modules/ChibiOS/os/rt/include/chtm.h"
  92              		.file 11 "../../modules/ChibiOS/os/rt/include/chstats.h"
  93              		.file 12 "../../modules/ChibiOS/os/rt/include/chsem.h"
  94              		.file 13 "../../modules/ChibiOS/os/rt/include/chmtx.h"
  95              		.file 14 "../../modules/ChibiOS/os/common/ext/CMSIS/include/core_cm4.h"
  96              		.section	.debug_info,"",%progbits
  97              	.Ldebug_info0:
  98 0000 33090000 		.4byte	0x933
  99 0004 0400     		.2byte	0x4
 100 0006 00000000 		.4byte	.Ldebug_abbrev0
 101 000a 04       		.byte	0x4
 102 000b 01       		.uleb128 0x1
 103 000c EE010000 		.4byte	.LASF117
 104 0010 01       		.byte	0x1
 105 0011 3C040000 		.4byte	.LASF118
 106 0015 22010000 		.4byte	.LASF119
 107 0019 00000000 		.4byte	.Ldebug_ranges0+0
 108 001d 00000000 		.4byte	0
 109 0021 00000000 		.4byte	.Ldebug_line0
 110 0025 02       		.uleb128 0x2
 111 0026 04       		.byte	0x4
 112 0027 05       		.byte	0x5
 113 0028 696E7400 		.ascii	"int\000"
 114 002c 03       		.uleb128 0x3
ARM GAS  /tmp/cc6FtsIA.s 			page 3


 115 002d 04       		.byte	0x4
 116 002e 07       		.byte	0x7
 117 002f E1010000 		.4byte	.LASF0
 118 0033 03       		.uleb128 0x3
 119 0034 01       		.byte	0x1
 120 0035 06       		.byte	0x6
 121 0036 0A010000 		.4byte	.LASF1
 122 003a 04       		.uleb128 0x4
 123 003b 40000000 		.4byte	.LASF5
 124 003f 02       		.byte	0x2
 125 0040 1D       		.byte	0x1d
 126 0041 45000000 		.4byte	0x45
 127 0045 03       		.uleb128 0x3
 128 0046 01       		.byte	0x1
 129 0047 08       		.byte	0x8
 130 0048 83040000 		.4byte	.LASF2
 131 004c 03       		.uleb128 0x3
 132 004d 02       		.byte	0x2
 133 004e 05       		.byte	0x5
 134 004f 91040000 		.4byte	.LASF3
 135 0053 03       		.uleb128 0x3
 136 0054 02       		.byte	0x2
 137 0055 07       		.byte	0x7
 138 0056 61050000 		.4byte	.LASF4
 139 005a 04       		.uleb128 0x4
 140 005b 76030000 		.4byte	.LASF6
 141 005f 02       		.byte	0x2
 142 0060 3F       		.byte	0x3f
 143 0061 65000000 		.4byte	0x65
 144 0065 03       		.uleb128 0x3
 145 0066 04       		.byte	0x4
 146 0067 05       		.byte	0x5
 147 0068 7D010000 		.4byte	.LASF7
 148 006c 04       		.uleb128 0x4
 149 006d 9A010000 		.4byte	.LASF8
 150 0071 02       		.byte	0x2
 151 0072 41       		.byte	0x41
 152 0073 77000000 		.4byte	0x77
 153 0077 03       		.uleb128 0x3
 154 0078 04       		.byte	0x4
 155 0079 07       		.byte	0x7
 156 007a 06050000 		.4byte	.LASF9
 157 007e 03       		.uleb128 0x3
 158 007f 08       		.byte	0x8
 159 0080 05       		.byte	0x5
 160 0081 CD010000 		.4byte	.LASF10
 161 0085 04       		.uleb128 0x4
 162 0086 01040000 		.4byte	.LASF11
 163 008a 02       		.byte	0x2
 164 008b 5B       		.byte	0x5b
 165 008c 90000000 		.4byte	0x90
 166 0090 03       		.uleb128 0x3
 167 0091 08       		.byte	0x8
 168 0092 07       		.byte	0x7
 169 0093 94000000 		.4byte	.LASF12
 170 0097 04       		.uleb128 0x4
 171 0098 9B050000 		.4byte	.LASF13
ARM GAS  /tmp/cc6FtsIA.s 			page 4


 172 009c 03       		.byte	0x3
 173 009d 14       		.byte	0x14
 174 009e 3A000000 		.4byte	0x3a
 175 00a2 04       		.uleb128 0x4
 176 00a3 7B040000 		.4byte	.LASF14
 177 00a7 03       		.byte	0x3
 178 00a8 1F       		.byte	0x1f
 179 00a9 5A000000 		.4byte	0x5a
 180 00ad 04       		.uleb128 0x4
 181 00ae E0040000 		.4byte	.LASF15
 182 00b2 03       		.byte	0x3
 183 00b3 20       		.byte	0x20
 184 00b4 6C000000 		.4byte	0x6c
 185 00b8 04       		.uleb128 0x4
 186 00b9 2A000000 		.4byte	.LASF16
 187 00bd 03       		.byte	0x3
 188 00be 26       		.byte	0x26
 189 00bf 85000000 		.4byte	0x85
 190 00c3 04       		.uleb128 0x4
 191 00c4 74050000 		.4byte	.LASF17
 192 00c8 04       		.byte	0x4
 193 00c9 39       		.byte	0x39
 194 00ca AD000000 		.4byte	0xad
 195 00ce 04       		.uleb128 0x4
 196 00cf EF000000 		.4byte	.LASF18
 197 00d3 04       		.byte	0x4
 198 00d4 3A       		.byte	0x3a
 199 00d5 B8000000 		.4byte	0xb8
 200 00d9 04       		.uleb128 0x4
 201 00da BF050000 		.4byte	.LASF19
 202 00de 04       		.byte	0x4
 203 00df 3C       		.byte	0x3c
 204 00e0 97000000 		.4byte	0x97
 205 00e4 04       		.uleb128 0x4
 206 00e5 86010000 		.4byte	.LASF20
 207 00e9 04       		.byte	0x4
 208 00ea 3D       		.byte	0x3d
 209 00eb 97000000 		.4byte	0x97
 210 00ef 04       		.uleb128 0x4
 211 00f0 17040000 		.4byte	.LASF21
 212 00f4 04       		.byte	0x4
 213 00f5 3E       		.byte	0x3e
 214 00f6 97000000 		.4byte	0x97
 215 00fa 04       		.uleb128 0x4
 216 00fb 34040000 		.4byte	.LASF22
 217 00ff 04       		.byte	0x4
 218 0100 40       		.byte	0x40
 219 0101 AD000000 		.4byte	0xad
 220 0105 04       		.uleb128 0x4
 221 0106 1E030000 		.4byte	.LASF23
 222 010a 04       		.byte	0x4
 223 010b 41       		.byte	0x41
 224 010c A2000000 		.4byte	0xa2
 225 0110 04       		.uleb128 0x4
 226 0111 6A030000 		.4byte	.LASF24
 227 0115 04       		.byte	0x4
 228 0116 43       		.byte	0x43
ARM GAS  /tmp/cc6FtsIA.s 			page 5


 229 0117 AD000000 		.4byte	0xad
 230 011b 04       		.uleb128 0x4
 231 011c DB010000 		.4byte	.LASF25
 232 0120 04       		.byte	0x4
 233 0121 45       		.byte	0x45
 234 0122 A2000000 		.4byte	0xa2
 235 0126 04       		.uleb128 0x4
 236 0127 29030000 		.4byte	.LASF26
 237 012b 04       		.byte	0x4
 238 012c 46       		.byte	0x46
 239 012d AD000000 		.4byte	0xad
 240 0131 04       		.uleb128 0x4
 241 0132 3D050000 		.4byte	.LASF27
 242 0136 05       		.byte	0x5
 243 0137 33       		.byte	0x33
 244 0138 AD000000 		.4byte	0xad
 245 013c 04       		.uleb128 0x4
 246 013d 2F050000 		.4byte	.LASF28
 247 0141 05       		.byte	0x5
 248 0142 3F       		.byte	0x3f
 249 0143 47010000 		.4byte	0x147
 250 0147 05       		.uleb128 0x5
 251 0148 E4020000 		.4byte	.LASF47
 252 014c 60       		.byte	0x60
 253 014d 06       		.byte	0x6
 254 014e 9A       		.byte	0x9a
 255 014f 32020000 		.4byte	0x232
 256 0153 06       		.uleb128 0x6
 257 0154 F4020000 		.4byte	.LASF29
 258 0158 06       		.byte	0x6
 259 0159 9B       		.byte	0x9b
 260 015a 67020000 		.4byte	0x267
 261 015e 00       		.byte	0
 262 015f 06       		.uleb128 0x6
 263 0160 F4030000 		.4byte	.LASF30
 264 0164 06       		.byte	0x6
 265 0165 9C       		.byte	0x9c
 266 0166 FA000000 		.4byte	0xfa
 267 016a 08       		.byte	0x8
 268 016b 07       		.uleb128 0x7
 269 016c 63747800 		.ascii	"ctx\000"
 270 0170 06       		.byte	0x6
 271 0171 9D       		.byte	0x9d
 272 0172 91040000 		.4byte	0x491
 273 0176 0C       		.byte	0xc
 274 0177 06       		.uleb128 0x6
 275 0178 8B030000 		.4byte	.LASF31
 276 017c 06       		.byte	0x6
 277 017d 9F       		.byte	0x9f
 278 017e 3D020000 		.4byte	0x23d
 279 0182 10       		.byte	0x10
 280 0183 06       		.uleb128 0x6
 281 0184 24050000 		.4byte	.LASF32
 282 0188 06       		.byte	0x6
 283 0189 A0       		.byte	0xa0
 284 018a 3D020000 		.4byte	0x23d
 285 018e 14       		.byte	0x14
ARM GAS  /tmp/cc6FtsIA.s 			page 6


 286 018f 06       		.uleb128 0x6
 287 0190 19030000 		.4byte	.LASF33
 288 0194 06       		.byte	0x6
 289 0195 A7       		.byte	0xa7
 290 0196 9A080000 		.4byte	0x89a
 291 019a 18       		.byte	0x18
 292 019b 06       		.uleb128 0x6
 293 019c 18050000 		.4byte	.LASF34
 294 01a0 06       		.byte	0x6
 295 01a1 B0       		.byte	0xb0
 296 01a2 AC080000 		.4byte	0x8ac
 297 01a6 1C       		.byte	0x1c
 298 01a7 06       		.uleb128 0x6
 299 01a8 77010000 		.4byte	.LASF35
 300 01ac 06       		.byte	0x6
 301 01ad B5       		.byte	0xb5
 302 01ae E4000000 		.4byte	0xe4
 303 01b2 20       		.byte	0x20
 304 01b3 06       		.uleb128 0x6
 305 01b4 A3050000 		.4byte	.LASF36
 306 01b8 06       		.byte	0x6
 307 01b9 B9       		.byte	0xb9
 308 01ba D9000000 		.4byte	0xd9
 309 01be 21       		.byte	0x21
 310 01bf 06       		.uleb128 0x6
 311 01c0 1F040000 		.4byte	.LASF37
 312 01c4 06       		.byte	0x6
 313 01c5 BE       		.byte	0xbe
 314 01c6 EF000000 		.4byte	0xef
 315 01ca 22       		.byte	0x22
 316 01cb 08       		.uleb128 0x8
 317 01cc 7500     		.ascii	"u\000"
 318 01ce 06       		.byte	0x6
 319 01cf 0F01     		.2byte	0x10f
 320 01d1 CF070000 		.4byte	0x7cf
 321 01d5 24       		.byte	0x24
 322 01d6 09       		.uleb128 0x9
 323 01d7 C5010000 		.4byte	.LASF38
 324 01db 06       		.byte	0x6
 325 01dc 1401     		.2byte	0x114
 326 01de 43020000 		.4byte	0x243
 327 01e2 28       		.byte	0x28
 328 01e3 09       		.uleb128 0x9
 329 01e4 51010000 		.4byte	.LASF39
 330 01e8 06       		.byte	0x6
 331 01e9 1A01     		.2byte	0x11a
 332 01eb 67020000 		.4byte	0x267
 333 01ef 2C       		.byte	0x2c
 334 01f0 09       		.uleb128 0x9
 335 01f1 30030000 		.4byte	.LASF40
 336 01f5 06       		.byte	0x6
 337 01f6 2001     		.2byte	0x120
 338 01f8 10010000 		.4byte	0x110
 339 01fc 34       		.byte	0x34
 340 01fd 09       		.uleb128 0x9
 341 01fe C7050000 		.4byte	.LASF41
 342 0202 06       		.byte	0x6
ARM GAS  /tmp/cc6FtsIA.s 			page 7


 343 0203 2701     		.2byte	0x127
 344 0205 94080000 		.4byte	0x894
 345 0209 38       		.byte	0x38
 346 020a 09       		.uleb128 0x9
 347 020b 91030000 		.4byte	.LASF42
 348 020f 06       		.byte	0x6
 349 0210 2B01     		.2byte	0x12b
 350 0212 FA000000 		.4byte	0xfa
 351 0216 3C       		.byte	0x3c
 352 0217 09       		.uleb128 0x9
 353 0218 FA020000 		.4byte	.LASF43
 354 021c 06       		.byte	0x6
 355 021d 3201     		.2byte	0x132
 356 021f 1A030000 		.4byte	0x31a
 357 0223 40       		.byte	0x40
 358 0224 09       		.uleb128 0x9
 359 0225 94010000 		.4byte	.LASF44
 360 0229 06       		.byte	0x6
 361 022a 3801     		.2byte	0x138
 362 022c 80070000 		.4byte	0x780
 363 0230 48       		.byte	0x48
 364 0231 00       		.byte	0
 365 0232 04       		.uleb128 0x4
 366 0233 A3030000 		.4byte	.LASF45
 367 0237 05       		.byte	0x5
 368 0238 44       		.byte	0x44
 369 0239 3D020000 		.4byte	0x23d
 370 023d 0A       		.uleb128 0xa
 371 023e 04       		.byte	0x4
 372 023f 3C010000 		.4byte	0x13c
 373 0243 04       		.uleb128 0x4
 374 0244 B0050000 		.4byte	.LASF46
 375 0248 05       		.byte	0x5
 376 0249 49       		.byte	0x49
 377 024a 4E020000 		.4byte	0x24e
 378 024e 05       		.uleb128 0x5
 379 024f F0040000 		.4byte	.LASF48
 380 0253 04       		.byte	0x4
 381 0254 06       		.byte	0x6
 382 0255 88       		.byte	0x88
 383 0256 67020000 		.4byte	0x267
 384 025a 06       		.uleb128 0x6
 385 025b 18000000 		.4byte	.LASF49
 386 025f 06       		.byte	0x6
 387 0260 89       		.byte	0x89
 388 0261 3D020000 		.4byte	0x23d
 389 0265 00       		.byte	0
 390 0266 00       		.byte	0
 391 0267 04       		.uleb128 0x4
 392 0268 7C050000 		.4byte	.LASF50
 393 026c 05       		.byte	0x5
 394 026d 50       		.byte	0x50
 395 026e 72020000 		.4byte	0x272
 396 0272 05       		.uleb128 0x5
 397 0273 5B000000 		.4byte	.LASF51
 398 0277 08       		.byte	0x8
 399 0278 06       		.byte	0x6
ARM GAS  /tmp/cc6FtsIA.s 			page 8


 400 0279 8F       		.byte	0x8f
 401 027a 97020000 		.4byte	0x297
 402 027e 06       		.uleb128 0x6
 403 027f 18000000 		.4byte	.LASF49
 404 0283 06       		.byte	0x6
 405 0284 90       		.byte	0x90
 406 0285 3D020000 		.4byte	0x23d
 407 0289 00       		.byte	0
 408 028a 06       		.uleb128 0x6
 409 028b 4A000000 		.4byte	.LASF52
 410 028f 06       		.byte	0x6
 411 0290 91       		.byte	0x91
 412 0291 3D020000 		.4byte	0x23d
 413 0295 04       		.byte	0x4
 414 0296 00       		.byte	0
 415 0297 04       		.uleb128 0x4
 416 0298 00000000 		.4byte	.LASF53
 417 029c 05       		.byte	0x5
 418 029d 57       		.byte	0x57
 419 029e A2020000 		.4byte	0x2a2
 420 02a2 0B       		.uleb128 0xb
 421 02a3 5C030000 		.4byte	.LASF54
 422 02a7 1C       		.byte	0x1c
 423 02a8 06       		.byte	0x6
 424 02a9 6A01     		.2byte	0x16a
 425 02ab FE020000 		.4byte	0x2fe
 426 02af 09       		.uleb128 0x9
 427 02b0 F4020000 		.4byte	.LASF29
 428 02b4 06       		.byte	0x6
 429 02b5 6B01     		.2byte	0x16b
 430 02b7 67020000 		.4byte	0x267
 431 02bb 00       		.byte	0
 432 02bc 09       		.uleb128 0x9
 433 02bd F4030000 		.4byte	.LASF30
 434 02c1 06       		.byte	0x6
 435 02c2 6C01     		.2byte	0x16c
 436 02c4 FA000000 		.4byte	0xfa
 437 02c8 08       		.byte	0x8
 438 02c9 08       		.uleb128 0x8
 439 02ca 63747800 		.ascii	"ctx\000"
 440 02ce 06       		.byte	0x6
 441 02cf 6E01     		.2byte	0x16e
 442 02d1 91040000 		.4byte	0x491
 443 02d5 0C       		.byte	0xc
 444 02d6 09       		.uleb128 0x9
 445 02d7 8B030000 		.4byte	.LASF31
 446 02db 06       		.byte	0x6
 447 02dc 7101     		.2byte	0x171
 448 02de 3D020000 		.4byte	0x23d
 449 02e2 10       		.byte	0x10
 450 02e3 09       		.uleb128 0x9
 451 02e4 24050000 		.4byte	.LASF32
 452 02e8 06       		.byte	0x6
 453 02e9 7201     		.2byte	0x172
 454 02eb 3D020000 		.4byte	0x23d
 455 02ef 14       		.byte	0x14
 456 02f0 09       		.uleb128 0x9
ARM GAS  /tmp/cc6FtsIA.s 			page 9


 457 02f1 F9030000 		.4byte	.LASF55
 458 02f5 06       		.byte	0x6
 459 02f6 7501     		.2byte	0x175
 460 02f8 3D020000 		.4byte	0x23d
 461 02fc 18       		.byte	0x18
 462 02fd 00       		.byte	0
 463 02fe 04       		.uleb128 0x4
 464 02ff 47050000 		.4byte	.LASF56
 465 0303 05       		.byte	0x5
 466 0304 5C       		.byte	0x5c
 467 0305 09030000 		.4byte	0x309
 468 0309 0A       		.uleb128 0xa
 469 030a 04       		.byte	0x4
 470 030b 0F030000 		.4byte	0x30f
 471 030f 0C       		.uleb128 0xc
 472 0310 1A030000 		.4byte	0x31a
 473 0314 0D       		.uleb128 0xd
 474 0315 1A030000 		.4byte	0x31a
 475 0319 00       		.byte	0
 476 031a 0E       		.uleb128 0xe
 477 031b 04       		.byte	0x4
 478 031c 04       		.uleb128 0x4
 479 031d 24040000 		.4byte	.LASF57
 480 0321 05       		.byte	0x5
 481 0322 61       		.byte	0x61
 482 0323 27030000 		.4byte	0x327
 483 0327 0B       		.uleb128 0xb
 484 0328 BD040000 		.4byte	.LASF58
 485 032c 14       		.byte	0x14
 486 032d 06       		.byte	0x6
 487 032e 4501     		.2byte	0x145
 488 0330 76030000 		.4byte	0x376
 489 0334 09       		.uleb128 0x9
 490 0335 18000000 		.4byte	.LASF49
 491 0339 06       		.byte	0x6
 492 033a 4601     		.2byte	0x146
 493 033c B2080000 		.4byte	0x8b2
 494 0340 00       		.byte	0
 495 0341 09       		.uleb128 0x9
 496 0342 4A000000 		.4byte	.LASF52
 497 0346 06       		.byte	0x6
 498 0347 4701     		.2byte	0x147
 499 0349 B2080000 		.4byte	0x8b2
 500 034d 04       		.byte	0x4
 501 034e 09       		.uleb128 0x9
 502 034f 1D000000 		.4byte	.LASF59
 503 0353 06       		.byte	0x6
 504 0354 4801     		.2byte	0x148
 505 0356 31010000 		.4byte	0x131
 506 035a 08       		.byte	0x8
 507 035b 09       		.uleb128 0x9
 508 035c 8F010000 		.4byte	.LASF60
 509 0360 06       		.byte	0x6
 510 0361 4901     		.2byte	0x149
 511 0363 FE020000 		.4byte	0x2fe
 512 0367 0C       		.byte	0xc
 513 0368 08       		.uleb128 0x8
ARM GAS  /tmp/cc6FtsIA.s 			page 10


 514 0369 70617200 		.ascii	"par\000"
 515 036d 06       		.byte	0x6
 516 036e 4B01     		.2byte	0x14b
 517 0370 1A030000 		.4byte	0x31a
 518 0374 10       		.byte	0x10
 519 0375 00       		.byte	0
 520 0376 04       		.uleb128 0x4
 521 0377 C7000000 		.4byte	.LASF61
 522 037b 05       		.byte	0x5
 523 037c 66       		.byte	0x66
 524 037d 81030000 		.4byte	0x381
 525 0381 0B       		.uleb128 0xb
 526 0382 B6030000 		.4byte	.LASF62
 527 0386 10       		.byte	0x10
 528 0387 06       		.byte	0x6
 529 0388 5501     		.2byte	0x155
 530 038a C3030000 		.4byte	0x3c3
 531 038e 09       		.uleb128 0x9
 532 038f 18000000 		.4byte	.LASF49
 533 0393 06       		.byte	0x6
 534 0394 5601     		.2byte	0x156
 535 0396 B2080000 		.4byte	0x8b2
 536 039a 00       		.byte	0
 537 039b 09       		.uleb128 0x9
 538 039c 4A000000 		.4byte	.LASF52
 539 03a0 06       		.byte	0x6
 540 03a1 5801     		.2byte	0x158
 541 03a3 B2080000 		.4byte	0x8b2
 542 03a7 04       		.byte	0x4
 543 03a8 09       		.uleb128 0x9
 544 03a9 1D000000 		.4byte	.LASF59
 545 03ad 06       		.byte	0x6
 546 03ae 5A01     		.2byte	0x15a
 547 03b0 31010000 		.4byte	0x131
 548 03b4 08       		.byte	0x8
 549 03b5 09       		.uleb128 0x9
 550 03b6 9B040000 		.4byte	.LASF63
 551 03ba 06       		.byte	0x6
 552 03bb 6201     		.2byte	0x162
 553 03bd 31010000 		.4byte	0x131
 554 03c1 0C       		.byte	0xc
 555 03c2 00       		.byte	0
 556 03c3 04       		.uleb128 0x4
 557 03c4 6C000000 		.4byte	.LASF64
 558 03c8 05       		.byte	0x5
 559 03c9 6B       		.byte	0x6b
 560 03ca CE030000 		.4byte	0x3ce
 561 03ce 0B       		.uleb128 0xb
 562 03cf B5010000 		.4byte	.LASF65
 563 03d3 04       		.byte	0x4
 564 03d4 06       		.byte	0x6
 565 03d5 7C01     		.2byte	0x17c
 566 03d7 E9030000 		.4byte	0x3e9
 567 03db 09       		.uleb128 0x9
 568 03dc 50050000 		.4byte	.LASF66
 569 03e0 06       		.byte	0x6
 570 03e1 8401     		.2byte	0x184
ARM GAS  /tmp/cc6FtsIA.s 			page 11


 571 03e3 B8080000 		.4byte	0x8b8
 572 03e7 00       		.byte	0
 573 03e8 00       		.byte	0
 574 03e9 04       		.uleb128 0x4
 575 03ea 39030000 		.4byte	.LASF67
 576 03ee 05       		.byte	0x5
 577 03ef 70       		.byte	0x70
 578 03f0 F4030000 		.4byte	0x3f4
 579 03f4 0B       		.uleb128 0xb
 580 03f5 AB040000 		.4byte	.LASF68
 581 03f9 D0       		.byte	0xd0
 582 03fa 06       		.byte	0x6
 583 03fb 9C01     		.2byte	0x19c
 584 03fd 4F040000 		.4byte	0x44f
 585 0401 09       		.uleb128 0x9
 586 0402 95050000 		.4byte	.LASF69
 587 0406 06       		.byte	0x6
 588 0407 A001     		.2byte	0x1a0
 589 0409 97020000 		.4byte	0x297
 590 040d 00       		.byte	0
 591 040e 09       		.uleb128 0x9
 592 040f AE010000 		.4byte	.LASF70
 593 0413 06       		.byte	0x6
 594 0414 A401     		.2byte	0x1a4
 595 0416 76030000 		.4byte	0x376
 596 041a 1C       		.byte	0x1c
 597 041b 08       		.uleb128 0x8
 598 041c 64626700 		.ascii	"dbg\000"
 599 0420 06       		.byte	0x6
 600 0421 A801     		.2byte	0x1a8
 601 0423 C3030000 		.4byte	0x3c3
 602 0427 2C       		.byte	0x2c
 603 0428 09       		.uleb128 0x9
 604 0429 B4000000 		.4byte	.LASF71
 605 042d 06       		.byte	0x6
 606 042e AC01     		.2byte	0x1ac
 607 0430 3C010000 		.4byte	0x13c
 608 0434 30       		.byte	0x30
 609 0435 08       		.uleb128 0x8
 610 0436 746D00   		.ascii	"tm\000"
 611 0439 06       		.byte	0x6
 612 043a B101     		.2byte	0x1b1
 613 043c 32070000 		.4byte	0x732
 614 0440 90       		.byte	0x90
 615 0441 09       		.uleb128 0x9
 616 0442 33000000 		.4byte	.LASF72
 617 0446 06       		.byte	0x6
 618 0447 B701     		.2byte	0x1b7
 619 0449 C4070000 		.4byte	0x7c4
 620 044d 98       		.byte	0x98
 621 044e 00       		.byte	0
 622 044f 03       		.uleb128 0x3
 623 0450 04       		.byte	0x4
 624 0451 07       		.byte	0x7
 625 0452 9A030000 		.4byte	.LASF73
 626 0456 0F       		.uleb128 0xf
 627 0457 AD000000 		.4byte	0xad
ARM GAS  /tmp/cc6FtsIA.s 			page 12


 628 045b 10       		.uleb128 0x10
 629 045c AD000000 		.4byte	0xad
 630 0460 6B040000 		.4byte	0x46b
 631 0464 11       		.uleb128 0x11
 632 0465 4F040000 		.4byte	0x44f
 633 0469 01       		.byte	0x1
 634 046a 00       		.byte	0
 635 046b 10       		.uleb128 0x10
 636 046c AD000000 		.4byte	0xad
 637 0470 7B040000 		.4byte	0x47b
 638 0474 11       		.uleb128 0x11
 639 0475 4F040000 		.4byte	0x44f
 640 0479 03       		.byte	0x3
 641 047a 00       		.byte	0
 642 047b 04       		.uleb128 0x4
 643 047c A5010000 		.4byte	.LASF74
 644 0480 07       		.byte	0x7
 645 0481 65       		.byte	0x65
 646 0482 1A030000 		.4byte	0x31a
 647 0486 04       		.uleb128 0x4
 648 0487 80030000 		.4byte	.LASF75
 649 048b 07       		.byte	0x7
 650 048c 6D       		.byte	0x6d
 651 048d B8000000 		.4byte	0xb8
 652 0491 05       		.uleb128 0x5
 653 0492 D6030000 		.4byte	.LASF76
 654 0496 04       		.byte	0x4
 655 0497 07       		.byte	0x7
 656 0498 89       		.byte	0x89
 657 0499 A9040000 		.4byte	0x4a9
 658 049d 07       		.uleb128 0x7
 659 049e 737000   		.ascii	"sp\000"
 660 04a1 07       		.byte	0x7
 661 04a2 8A       		.byte	0x8a
 662 04a3 F5050000 		.4byte	0x5f5
 663 04a7 00       		.byte	0
 664 04a8 00       		.byte	0
 665 04a9 0B       		.uleb128 0xb
 666 04aa 4F000000 		.4byte	.LASF77
 667 04ae 64       		.byte	0x64
 668 04af 08       		.byte	0x8
 669 04b0 5901     		.2byte	0x159
 670 04b2 F5050000 		.4byte	0x5f5
 671 04b6 08       		.uleb128 0x8
 672 04b7 73313600 		.ascii	"s16\000"
 673 04bb 08       		.byte	0x8
 674 04bc 5B01     		.2byte	0x15b
 675 04be 7B040000 		.4byte	0x47b
 676 04c2 00       		.byte	0
 677 04c3 08       		.uleb128 0x8
 678 04c4 73313700 		.ascii	"s17\000"
 679 04c8 08       		.byte	0x8
 680 04c9 5C01     		.2byte	0x15c
 681 04cb 7B040000 		.4byte	0x47b
 682 04cf 04       		.byte	0x4
 683 04d0 08       		.uleb128 0x8
 684 04d1 73313800 		.ascii	"s18\000"
ARM GAS  /tmp/cc6FtsIA.s 			page 13


 685 04d5 08       		.byte	0x8
 686 04d6 5D01     		.2byte	0x15d
 687 04d8 7B040000 		.4byte	0x47b
 688 04dc 08       		.byte	0x8
 689 04dd 08       		.uleb128 0x8
 690 04de 73313900 		.ascii	"s19\000"
 691 04e2 08       		.byte	0x8
 692 04e3 5E01     		.2byte	0x15e
 693 04e5 7B040000 		.4byte	0x47b
 694 04e9 0C       		.byte	0xc
 695 04ea 08       		.uleb128 0x8
 696 04eb 73323000 		.ascii	"s20\000"
 697 04ef 08       		.byte	0x8
 698 04f0 5F01     		.2byte	0x15f
 699 04f2 7B040000 		.4byte	0x47b
 700 04f6 10       		.byte	0x10
 701 04f7 08       		.uleb128 0x8
 702 04f8 73323100 		.ascii	"s21\000"
 703 04fc 08       		.byte	0x8
 704 04fd 6001     		.2byte	0x160
 705 04ff 7B040000 		.4byte	0x47b
 706 0503 14       		.byte	0x14
 707 0504 08       		.uleb128 0x8
 708 0505 73323200 		.ascii	"s22\000"
 709 0509 08       		.byte	0x8
 710 050a 6101     		.2byte	0x161
 711 050c 7B040000 		.4byte	0x47b
 712 0510 18       		.byte	0x18
 713 0511 08       		.uleb128 0x8
 714 0512 73323300 		.ascii	"s23\000"
 715 0516 08       		.byte	0x8
 716 0517 6201     		.2byte	0x162
 717 0519 7B040000 		.4byte	0x47b
 718 051d 1C       		.byte	0x1c
 719 051e 08       		.uleb128 0x8
 720 051f 73323400 		.ascii	"s24\000"
 721 0523 08       		.byte	0x8
 722 0524 6301     		.2byte	0x163
 723 0526 7B040000 		.4byte	0x47b
 724 052a 20       		.byte	0x20
 725 052b 08       		.uleb128 0x8
 726 052c 73323500 		.ascii	"s25\000"
 727 0530 08       		.byte	0x8
 728 0531 6401     		.2byte	0x164
 729 0533 7B040000 		.4byte	0x47b
 730 0537 24       		.byte	0x24
 731 0538 08       		.uleb128 0x8
 732 0539 73323600 		.ascii	"s26\000"
 733 053d 08       		.byte	0x8
 734 053e 6501     		.2byte	0x165
 735 0540 7B040000 		.4byte	0x47b
 736 0544 28       		.byte	0x28
 737 0545 08       		.uleb128 0x8
 738 0546 73323700 		.ascii	"s27\000"
 739 054a 08       		.byte	0x8
 740 054b 6601     		.2byte	0x166
 741 054d 7B040000 		.4byte	0x47b
ARM GAS  /tmp/cc6FtsIA.s 			page 14


 742 0551 2C       		.byte	0x2c
 743 0552 08       		.uleb128 0x8
 744 0553 73323800 		.ascii	"s28\000"
 745 0557 08       		.byte	0x8
 746 0558 6701     		.2byte	0x167
 747 055a 7B040000 		.4byte	0x47b
 748 055e 30       		.byte	0x30
 749 055f 08       		.uleb128 0x8
 750 0560 73323900 		.ascii	"s29\000"
 751 0564 08       		.byte	0x8
 752 0565 6801     		.2byte	0x168
 753 0567 7B040000 		.4byte	0x47b
 754 056b 34       		.byte	0x34
 755 056c 08       		.uleb128 0x8
 756 056d 73333000 		.ascii	"s30\000"
 757 0571 08       		.byte	0x8
 758 0572 6901     		.2byte	0x169
 759 0574 7B040000 		.4byte	0x47b
 760 0578 38       		.byte	0x38
 761 0579 08       		.uleb128 0x8
 762 057a 73333100 		.ascii	"s31\000"
 763 057e 08       		.byte	0x8
 764 057f 6A01     		.2byte	0x16a
 765 0581 7B040000 		.4byte	0x47b
 766 0585 3C       		.byte	0x3c
 767 0586 08       		.uleb128 0x8
 768 0587 723400   		.ascii	"r4\000"
 769 058a 08       		.byte	0x8
 770 058b 6C01     		.2byte	0x16c
 771 058d 7B040000 		.4byte	0x47b
 772 0591 40       		.byte	0x40
 773 0592 08       		.uleb128 0x8
 774 0593 723500   		.ascii	"r5\000"
 775 0596 08       		.byte	0x8
 776 0597 6D01     		.2byte	0x16d
 777 0599 7B040000 		.4byte	0x47b
 778 059d 44       		.byte	0x44
 779 059e 08       		.uleb128 0x8
 780 059f 723600   		.ascii	"r6\000"
 781 05a2 08       		.byte	0x8
 782 05a3 6E01     		.2byte	0x16e
 783 05a5 7B040000 		.4byte	0x47b
 784 05a9 48       		.byte	0x48
 785 05aa 08       		.uleb128 0x8
 786 05ab 723700   		.ascii	"r7\000"
 787 05ae 08       		.byte	0x8
 788 05af 6F01     		.2byte	0x16f
 789 05b1 7B040000 		.4byte	0x47b
 790 05b5 4C       		.byte	0x4c
 791 05b6 08       		.uleb128 0x8
 792 05b7 723800   		.ascii	"r8\000"
 793 05ba 08       		.byte	0x8
 794 05bb 7001     		.2byte	0x170
 795 05bd 7B040000 		.4byte	0x47b
 796 05c1 50       		.byte	0x50
 797 05c2 08       		.uleb128 0x8
 798 05c3 723900   		.ascii	"r9\000"
ARM GAS  /tmp/cc6FtsIA.s 			page 15


 799 05c6 08       		.byte	0x8
 800 05c7 7101     		.2byte	0x171
 801 05c9 7B040000 		.4byte	0x47b
 802 05cd 54       		.byte	0x54
 803 05ce 08       		.uleb128 0x8
 804 05cf 72313000 		.ascii	"r10\000"
 805 05d3 08       		.byte	0x8
 806 05d4 7201     		.2byte	0x172
 807 05d6 7B040000 		.4byte	0x47b
 808 05da 58       		.byte	0x58
 809 05db 08       		.uleb128 0x8
 810 05dc 72313100 		.ascii	"r11\000"
 811 05e0 08       		.byte	0x8
 812 05e1 7301     		.2byte	0x173
 813 05e3 7B040000 		.4byte	0x47b
 814 05e7 5C       		.byte	0x5c
 815 05e8 08       		.uleb128 0x8
 816 05e9 6C7200   		.ascii	"lr\000"
 817 05ec 08       		.byte	0x8
 818 05ed 7401     		.2byte	0x174
 819 05ef 7B040000 		.4byte	0x47b
 820 05f3 60       		.byte	0x60
 821 05f4 00       		.byte	0
 822 05f5 0A       		.uleb128 0xa
 823 05f6 04       		.byte	0x4
 824 05f7 A9040000 		.4byte	0x4a9
 825 05fb 12       		.uleb128 0x12
 826 05fc 60       		.byte	0x60
 827 05fd 09       		.byte	0x9
 828 05fe A101     		.2byte	0x1a1
 829 0600 07070000 		.4byte	0x707
 830 0604 08       		.uleb128 0x8
 831 0605 43523100 		.ascii	"CR1\000"
 832 0609 09       		.byte	0x9
 833 060a A201     		.2byte	0x1a2
 834 060c 56040000 		.4byte	0x456
 835 0610 00       		.byte	0
 836 0611 08       		.uleb128 0x8
 837 0612 43523200 		.ascii	"CR2\000"
 838 0616 09       		.byte	0x9
 839 0617 A301     		.2byte	0x1a3
 840 0619 56040000 		.4byte	0x456
 841 061d 04       		.byte	0x4
 842 061e 09       		.uleb128 0x9
 843 061f 05030000 		.4byte	.LASF78
 844 0623 09       		.byte	0x9
 845 0624 A401     		.2byte	0x1a4
 846 0626 56040000 		.4byte	0x456
 847 062a 08       		.byte	0x8
 848 062b 09       		.uleb128 0x9
 849 062c 0D000000 		.4byte	.LASF79
 850 0630 09       		.byte	0x9
 851 0631 A501     		.2byte	0x1a5
 852 0633 56040000 		.4byte	0x456
 853 0637 0C       		.byte	0xc
 854 0638 08       		.uleb128 0x8
 855 0639 535200   		.ascii	"SR\000"
ARM GAS  /tmp/cc6FtsIA.s 			page 16


 856 063c 09       		.byte	0x9
 857 063d A601     		.2byte	0x1a6
 858 063f 56040000 		.4byte	0x456
 859 0643 10       		.byte	0x10
 860 0644 08       		.uleb128 0x8
 861 0645 45475200 		.ascii	"EGR\000"
 862 0649 09       		.byte	0x9
 863 064a A701     		.2byte	0x1a7
 864 064c 56040000 		.4byte	0x456
 865 0650 14       		.byte	0x14
 866 0651 09       		.uleb128 0x9
 867 0652 F8000000 		.4byte	.LASF80
 868 0656 09       		.byte	0x9
 869 0657 A801     		.2byte	0x1a8
 870 0659 56040000 		.4byte	0x456
 871 065d 18       		.byte	0x18
 872 065e 09       		.uleb128 0x9
 873 065f FE000000 		.4byte	.LASF81
 874 0663 09       		.byte	0x9
 875 0664 A901     		.2byte	0x1a9
 876 0666 56040000 		.4byte	0x456
 877 066a 1C       		.byte	0x1c
 878 066b 09       		.uleb128 0x9
 879 066c 38050000 		.4byte	.LASF82
 880 0670 09       		.byte	0x9
 881 0671 AA01     		.2byte	0x1aa
 882 0673 56040000 		.4byte	0x456
 883 0677 20       		.byte	0x20
 884 0678 08       		.uleb128 0x8
 885 0679 434E5400 		.ascii	"CNT\000"
 886 067d 09       		.byte	0x9
 887 067e AB01     		.2byte	0x1ab
 888 0680 56040000 		.4byte	0x456
 889 0684 24       		.byte	0x24
 890 0685 08       		.uleb128 0x8
 891 0686 50534300 		.ascii	"PSC\000"
 892 068a 09       		.byte	0x9
 893 068b AC01     		.2byte	0x1ac
 894 068d 56040000 		.4byte	0x456
 895 0691 28       		.byte	0x28
 896 0692 08       		.uleb128 0x8
 897 0693 41525200 		.ascii	"ARR\000"
 898 0697 09       		.byte	0x9
 899 0698 AD01     		.2byte	0x1ad
 900 069a 56040000 		.4byte	0x456
 901 069e 2C       		.byte	0x2c
 902 069f 08       		.uleb128 0x8
 903 06a0 52435200 		.ascii	"RCR\000"
 904 06a4 09       		.byte	0x9
 905 06a5 AE01     		.2byte	0x1ae
 906 06a7 56040000 		.4byte	0x456
 907 06ab 30       		.byte	0x30
 908 06ac 08       		.uleb128 0x8
 909 06ad 43435200 		.ascii	"CCR\000"
 910 06b1 09       		.byte	0x9
 911 06b2 AF01     		.2byte	0x1af
 912 06b4 07070000 		.4byte	0x707
ARM GAS  /tmp/cc6FtsIA.s 			page 17


 913 06b8 34       		.byte	0x34
 914 06b9 09       		.uleb128 0x9
 915 06ba EA000000 		.4byte	.LASF83
 916 06be 09       		.byte	0x9
 917 06bf B001     		.2byte	0x1b0
 918 06c1 56040000 		.4byte	0x456
 919 06c5 44       		.byte	0x44
 920 06c6 08       		.uleb128 0x8
 921 06c7 44435200 		.ascii	"DCR\000"
 922 06cb 09       		.byte	0x9
 923 06cc B101     		.2byte	0x1b1
 924 06ce 56040000 		.4byte	0x456
 925 06d2 48       		.byte	0x48
 926 06d3 09       		.uleb128 0x9
 927 06d4 2A050000 		.4byte	.LASF84
 928 06d8 09       		.byte	0x9
 929 06d9 B201     		.2byte	0x1b2
 930 06db 56040000 		.4byte	0x456
 931 06df 4C       		.byte	0x4c
 932 06e0 08       		.uleb128 0x8
 933 06e1 4F5200   		.ascii	"OR\000"
 934 06e4 09       		.byte	0x9
 935 06e5 B301     		.2byte	0x1b3
 936 06e7 56040000 		.4byte	0x456
 937 06eb 50       		.byte	0x50
 938 06ec 09       		.uleb128 0x9
 939 06ed 04010000 		.4byte	.LASF85
 940 06f1 09       		.byte	0x9
 941 06f2 B401     		.2byte	0x1b4
 942 06f4 56040000 		.4byte	0x456
 943 06f8 54       		.byte	0x54
 944 06f9 09       		.uleb128 0x9
 945 06fa DB040000 		.4byte	.LASF86
 946 06fe 09       		.byte	0x9
 947 06ff B501     		.2byte	0x1b5
 948 0701 0C070000 		.4byte	0x70c
 949 0705 58       		.byte	0x58
 950 0706 00       		.byte	0
 951 0707 0F       		.uleb128 0xf
 952 0708 6B040000 		.4byte	0x46b
 953 070c 0F       		.uleb128 0xf
 954 070d 5B040000 		.4byte	0x45b
 955 0711 13       		.uleb128 0x13
 956 0712 45030000 		.4byte	.LASF87
 957 0716 09       		.byte	0x9
 958 0717 B601     		.2byte	0x1b6
 959 0719 FB050000 		.4byte	0x5fb
 960 071d 14       		.uleb128 0x14
 961 071e 04       		.byte	0x4
 962 071f 0A       		.byte	0xa
 963 0720 38       		.byte	0x38
 964 0721 32070000 		.4byte	0x732
 965 0725 06       		.uleb128 0x6
 966 0726 5A050000 		.4byte	.LASF88
 967 072a 0A       		.byte	0xa
 968 072b 3C       		.byte	0x3c
 969 072c C3000000 		.4byte	0xc3
ARM GAS  /tmp/cc6FtsIA.s 			page 18


 970 0730 00       		.byte	0
 971 0731 00       		.byte	0
 972 0732 04       		.uleb128 0x4
 973 0733 E3030000 		.4byte	.LASF89
 974 0737 0A       		.byte	0xa
 975 0738 3D       		.byte	0x3d
 976 0739 1D070000 		.4byte	0x71d
 977 073d 14       		.uleb128 0x14
 978 073e 18       		.byte	0x18
 979 073f 0A       		.byte	0xa
 980 0740 48       		.byte	0x48
 981 0741 80070000 		.4byte	0x780
 982 0745 06       		.uleb128 0x6
 983 0746 00030000 		.4byte	.LASF90
 984 074a 0A       		.byte	0xa
 985 074b 49       		.byte	0x49
 986 074c C3000000 		.4byte	0xc3
 987 0750 00       		.byte	0
 988 0751 06       		.uleb128 0x6
 989 0752 7B000000 		.4byte	.LASF91
 990 0756 0A       		.byte	0xa
 991 0757 4A       		.byte	0x4a
 992 0758 C3000000 		.4byte	0xc3
 993 075c 04       		.byte	0x4
 994 075d 06       		.uleb128 0x6
 995 075e 24030000 		.4byte	.LASF92
 996 0762 0A       		.byte	0xa
 997 0763 4B       		.byte	0x4b
 998 0764 C3000000 		.4byte	0xc3
 999 0768 08       		.byte	0x8
 1000 0769 07       		.uleb128 0x7
 1001 076a 6E00     		.ascii	"n\000"
 1002 076c 0A       		.byte	0xa
 1003 076d 4C       		.byte	0x4c
 1004 076e 26010000 		.4byte	0x126
 1005 0772 0C       		.byte	0xc
 1006 0773 06       		.uleb128 0x6
 1007 0774 0C040000 		.4byte	.LASF93
 1008 0778 0A       		.byte	0xa
 1009 0779 4D       		.byte	0x4d
 1010 077a CE000000 		.4byte	0xce
 1011 077e 10       		.byte	0x10
 1012 077f 00       		.byte	0
 1013 0780 04       		.uleb128 0x4
 1014 0781 81000000 		.4byte	.LASF94
 1015 0785 0A       		.byte	0xa
 1016 0786 4E       		.byte	0x4e
 1017 0787 3D070000 		.4byte	0x73d
 1018 078b 14       		.uleb128 0x14
 1019 078c 38       		.byte	0x38
 1020 078d 0B       		.byte	0xb
 1021 078e 38       		.byte	0x38
 1022 078f C4070000 		.4byte	0x7c4
 1023 0793 06       		.uleb128 0x6
 1024 0794 EE020000 		.4byte	.LASF95
 1025 0798 0B       		.byte	0xb
 1026 0799 39       		.byte	0x39
ARM GAS  /tmp/cc6FtsIA.s 			page 19


 1027 079a 26010000 		.4byte	0x126
 1028 079e 00       		.byte	0
 1029 079f 06       		.uleb128 0x6
 1030 07a0 CD030000 		.4byte	.LASF96
 1031 07a4 0B       		.byte	0xb
 1032 07a5 3A       		.byte	0x3a
 1033 07a6 26010000 		.4byte	0x126
 1034 07aa 04       		.byte	0x4
 1035 07ab 06       		.uleb128 0x6
 1036 07ac D7050000 		.4byte	.LASF97
 1037 07b0 0B       		.byte	0xb
 1038 07b1 3B       		.byte	0x3b
 1039 07b2 80070000 		.4byte	0x780
 1040 07b6 08       		.byte	0x8
 1041 07b7 06       		.uleb128 0x6
 1042 07b8 51030000 		.4byte	.LASF98
 1043 07bc 0B       		.byte	0xb
 1044 07bd 3D       		.byte	0x3d
 1045 07be 80070000 		.4byte	0x780
 1046 07c2 20       		.byte	0x20
 1047 07c3 00       		.byte	0
 1048 07c4 04       		.uleb128 0x4
 1049 07c5 0A030000 		.4byte	.LASF99
 1050 07c9 0B       		.byte	0xb
 1051 07ca 3F       		.byte	0x3f
 1052 07cb 8B070000 		.4byte	0x78b
 1053 07cf 15       		.uleb128 0x15
 1054 07d0 04       		.byte	0x4
 1055 07d1 06       		.byte	0x6
 1056 07d2 D2       		.byte	0xd2
 1057 07d3 32080000 		.4byte	0x832
 1058 07d7 16       		.uleb128 0x16
 1059 07d8 23000000 		.4byte	.LASF100
 1060 07dc 06       		.byte	0x6
 1061 07dd D9       		.byte	0xd9
 1062 07de 05010000 		.4byte	0x105
 1063 07e2 16       		.uleb128 0x16
 1064 07e3 AB000000 		.4byte	.LASF101
 1065 07e7 06       		.byte	0x6
 1066 07e8 E0       		.byte	0xe0
 1067 07e9 05010000 		.4byte	0x105
 1068 07ed 16       		.uleb128 0x16
 1069 07ee A9050000 		.4byte	.LASF102
 1070 07f2 06       		.byte	0x6
 1071 07f3 E7       		.byte	0xe7
 1072 07f4 1A030000 		.4byte	0x31a
 1073 07f8 16       		.uleb128 0x16
 1074 07f9 12000000 		.4byte	.LASF103
 1075 07fd 06       		.byte	0x6
 1076 07fe EE       		.byte	0xee
 1077 07ff 32080000 		.4byte	0x832
 1078 0803 16       		.uleb128 0x16
 1079 0804 BF000000 		.4byte	.LASF104
 1080 0808 06       		.byte	0x6
 1081 0809 F3       		.byte	0xf3
 1082 080a 05010000 		.4byte	0x105
 1083 080e 16       		.uleb128 0x16
ARM GAS  /tmp/cc6FtsIA.s 			page 20


 1084 080f DD020000 		.4byte	.LASF105
 1085 0813 06       		.byte	0x6
 1086 0814 FC       		.byte	0xfc
 1087 0815 5D080000 		.4byte	0x85d
 1088 0819 17       		.uleb128 0x17
 1089 081a E9040000 		.4byte	.LASF106
 1090 081e 06       		.byte	0x6
 1091 081f 0501     		.2byte	0x105
 1092 0821 94080000 		.4byte	0x894
 1093 0825 17       		.uleb128 0x17
 1094 0826 A4040000 		.4byte	.LASF107
 1095 082a 06       		.byte	0x6
 1096 082b 0D01     		.2byte	0x10d
 1097 082d 10010000 		.4byte	0x110
 1098 0831 00       		.byte	0
 1099 0832 0A       		.uleb128 0xa
 1100 0833 04       		.byte	0x4
 1101 0834 32020000 		.4byte	0x232
 1102 0838 05       		.uleb128 0x5
 1103 0839 CE040000 		.4byte	.LASF108
 1104 083d 0C       		.byte	0xc
 1105 083e 0C       		.byte	0xc
 1106 083f 34       		.byte	0x34
 1107 0840 5D080000 		.4byte	0x85d
 1108 0844 06       		.uleb128 0x6
 1109 0845 F4020000 		.4byte	.LASF29
 1110 0849 0C       		.byte	0xc
 1111 084a 35       		.byte	0x35
 1112 084b 67020000 		.4byte	0x267
 1113 084f 00       		.byte	0
 1114 0850 07       		.uleb128 0x7
 1115 0851 636E7400 		.ascii	"cnt\000"
 1116 0855 0C       		.byte	0xc
 1117 0856 37       		.byte	0x37
 1118 0857 1B010000 		.4byte	0x11b
 1119 085b 08       		.byte	0x8
 1120 085c 00       		.byte	0
 1121 085d 0A       		.uleb128 0xa
 1122 085e 04       		.byte	0x4
 1123 085f 38080000 		.4byte	0x838
 1124 0863 05       		.uleb128 0x5
 1125 0864 8C050000 		.4byte	.LASF109
 1126 0868 10       		.byte	0x10
 1127 0869 0D       		.byte	0xd
 1128 086a 39       		.byte	0x39
 1129 086b 94080000 		.4byte	0x894
 1130 086f 06       		.uleb128 0x6
 1131 0870 F4020000 		.4byte	.LASF29
 1132 0874 0D       		.byte	0xd
 1133 0875 3A       		.byte	0x3a
 1134 0876 67020000 		.4byte	0x267
 1135 087a 00       		.byte	0
 1136 087b 06       		.uleb128 0x6
 1137 087c 00050000 		.4byte	.LASF110
 1138 0880 0D       		.byte	0xd
 1139 0881 3C       		.byte	0x3c
 1140 0882 3D020000 		.4byte	0x23d
ARM GAS  /tmp/cc6FtsIA.s 			page 21


 1141 0886 08       		.byte	0x8
 1142 0887 06       		.uleb128 0x6
 1143 0888 18000000 		.4byte	.LASF49
 1144 088c 0D       		.byte	0xd
 1145 088d 3E       		.byte	0x3e
 1146 088e C8080000 		.4byte	0x8c8
 1147 0892 0C       		.byte	0xc
 1148 0893 00       		.byte	0
 1149 0894 0A       		.uleb128 0xa
 1150 0895 04       		.byte	0x4
 1151 0896 63080000 		.4byte	0x863
 1152 089a 0A       		.uleb128 0xa
 1153 089b 04       		.byte	0x4
 1154 089c A0080000 		.4byte	0x8a0
 1155 08a0 18       		.uleb128 0x18
 1156 08a1 A5080000 		.4byte	0x8a5
 1157 08a5 03       		.uleb128 0x3
 1158 08a6 01       		.byte	0x1
 1159 08a7 08       		.byte	0x8
 1160 08a8 1F050000 		.4byte	.LASF111
 1161 08ac 0A       		.uleb128 0xa
 1162 08ad 04       		.byte	0x4
 1163 08ae 86040000 		.4byte	0x486
 1164 08b2 0A       		.uleb128 0xa
 1165 08b3 04       		.byte	0x4
 1166 08b4 1C030000 		.4byte	0x31c
 1167 08b8 0F       		.uleb128 0xf
 1168 08b9 9A080000 		.4byte	0x89a
 1169 08bd 04       		.uleb128 0x4
 1170 08be CF050000 		.4byte	.LASF112
 1171 08c2 0D       		.byte	0xd
 1172 08c3 34       		.byte	0x34
 1173 08c4 63080000 		.4byte	0x863
 1174 08c8 0A       		.uleb128 0xa
 1175 08c9 04       		.byte	0x4
 1176 08ca BD080000 		.4byte	0x8bd
 1177 08ce 03       		.uleb128 0x3
 1178 08cf 01       		.byte	0x1
 1179 08d0 02       		.byte	0x2
 1180 08d1 75040000 		.4byte	.LASF113
 1181 08d5 0A       		.uleb128 0xa
 1182 08d6 04       		.byte	0x4
 1183 08d7 11070000 		.4byte	0x711
 1184 08db 19       		.uleb128 0x19
 1185 08dc 5A010000 		.4byte	.LASF120
 1186 08e0 01       		.byte	0x1
 1187 08e1 12       		.byte	0x12
 1188 08e2 00000000 		.4byte	.LFB277
 1189 08e6 30000000 		.4byte	.LFE277-.LFB277
 1190 08ea 01       		.uleb128 0x1
 1191 08eb 9C       		.byte	0x9c
 1192 08ec 1A090000 		.4byte	0x91a
 1193 08f0 1A       		.uleb128 0x1a
 1194 08f1 74696D00 		.ascii	"tim\000"
 1195 08f5 01       		.byte	0x1
 1196 08f6 12       		.byte	0x12
 1197 08f7 D5080000 		.4byte	0x8d5
ARM GAS  /tmp/cc6FtsIA.s 			page 22


 1198 08fb 01       		.uleb128 0x1
 1199 08fc 50       		.byte	0x50
 1200 08fd 1B       		.uleb128 0x1b
 1201 08fe B5040000 		.4byte	.LASF114
 1202 0902 01       		.byte	0x1
 1203 0903 12       		.byte	0x12
 1204 0904 97000000 		.4byte	0x97
 1205 0908 01       		.uleb128 0x1
 1206 0909 51       		.byte	0x51
 1207 090a 1C       		.uleb128 0x1c
 1208 090b 16010000 		.4byte	.LASF115
 1209 090f 01       		.byte	0x1
 1210 0910 12       		.byte	0x12
 1211 0911 97000000 		.4byte	0x97
 1212 0915 00000000 		.4byte	.LLST0
 1213 0919 00       		.byte	0
 1214 091a 1D       		.uleb128 0x1d
 1215 091b DD000000 		.4byte	.LASF116
 1216 091f 0E       		.byte	0xe
 1217 0920 4407     		.2byte	0x744
 1218 0922 26090000 		.4byte	0x926
 1219 0926 0F       		.uleb128 0xf
 1220 0927 A2000000 		.4byte	0xa2
 1221 092b 1E       		.uleb128 0x1e
 1222 092c 636800   		.ascii	"ch\000"
 1223 092f 06       		.byte	0x6
 1224 0930 D201     		.2byte	0x1d2
 1225 0932 E9030000 		.4byte	0x3e9
 1226 0936 00       		.byte	0
 1227              		.section	.debug_abbrev,"",%progbits
 1228              	.Ldebug_abbrev0:
 1229 0000 01       		.uleb128 0x1
 1230 0001 11       		.uleb128 0x11
 1231 0002 01       		.byte	0x1
 1232 0003 25       		.uleb128 0x25
 1233 0004 0E       		.uleb128 0xe
 1234 0005 13       		.uleb128 0x13
 1235 0006 0B       		.uleb128 0xb
 1236 0007 03       		.uleb128 0x3
 1237 0008 0E       		.uleb128 0xe
 1238 0009 1B       		.uleb128 0x1b
 1239 000a 0E       		.uleb128 0xe
 1240 000b 55       		.uleb128 0x55
 1241 000c 17       		.uleb128 0x17
 1242 000d 11       		.uleb128 0x11
 1243 000e 01       		.uleb128 0x1
 1244 000f 10       		.uleb128 0x10
 1245 0010 17       		.uleb128 0x17
 1246 0011 00       		.byte	0
 1247 0012 00       		.byte	0
 1248 0013 02       		.uleb128 0x2
 1249 0014 24       		.uleb128 0x24
 1250 0015 00       		.byte	0
 1251 0016 0B       		.uleb128 0xb
 1252 0017 0B       		.uleb128 0xb
 1253 0018 3E       		.uleb128 0x3e
 1254 0019 0B       		.uleb128 0xb
ARM GAS  /tmp/cc6FtsIA.s 			page 23


 1255 001a 03       		.uleb128 0x3
 1256 001b 08       		.uleb128 0x8
 1257 001c 00       		.byte	0
 1258 001d 00       		.byte	0
 1259 001e 03       		.uleb128 0x3
 1260 001f 24       		.uleb128 0x24
 1261 0020 00       		.byte	0
 1262 0021 0B       		.uleb128 0xb
 1263 0022 0B       		.uleb128 0xb
 1264 0023 3E       		.uleb128 0x3e
 1265 0024 0B       		.uleb128 0xb
 1266 0025 03       		.uleb128 0x3
 1267 0026 0E       		.uleb128 0xe
 1268 0027 00       		.byte	0
 1269 0028 00       		.byte	0
 1270 0029 04       		.uleb128 0x4
 1271 002a 16       		.uleb128 0x16
 1272 002b 00       		.byte	0
 1273 002c 03       		.uleb128 0x3
 1274 002d 0E       		.uleb128 0xe
 1275 002e 3A       		.uleb128 0x3a
 1276 002f 0B       		.uleb128 0xb
 1277 0030 3B       		.uleb128 0x3b
 1278 0031 0B       		.uleb128 0xb
 1279 0032 49       		.uleb128 0x49
 1280 0033 13       		.uleb128 0x13
 1281 0034 00       		.byte	0
 1282 0035 00       		.byte	0
 1283 0036 05       		.uleb128 0x5
 1284 0037 13       		.uleb128 0x13
 1285 0038 01       		.byte	0x1
 1286 0039 03       		.uleb128 0x3
 1287 003a 0E       		.uleb128 0xe
 1288 003b 0B       		.uleb128 0xb
 1289 003c 0B       		.uleb128 0xb
 1290 003d 3A       		.uleb128 0x3a
 1291 003e 0B       		.uleb128 0xb
 1292 003f 3B       		.uleb128 0x3b
 1293 0040 0B       		.uleb128 0xb
 1294 0041 01       		.uleb128 0x1
 1295 0042 13       		.uleb128 0x13
 1296 0043 00       		.byte	0
 1297 0044 00       		.byte	0
 1298 0045 06       		.uleb128 0x6
 1299 0046 0D       		.uleb128 0xd
 1300 0047 00       		.byte	0
 1301 0048 03       		.uleb128 0x3
 1302 0049 0E       		.uleb128 0xe
 1303 004a 3A       		.uleb128 0x3a
 1304 004b 0B       		.uleb128 0xb
 1305 004c 3B       		.uleb128 0x3b
 1306 004d 0B       		.uleb128 0xb
 1307 004e 49       		.uleb128 0x49
 1308 004f 13       		.uleb128 0x13
 1309 0050 38       		.uleb128 0x38
 1310 0051 0B       		.uleb128 0xb
 1311 0052 00       		.byte	0
ARM GAS  /tmp/cc6FtsIA.s 			page 24


 1312 0053 00       		.byte	0
 1313 0054 07       		.uleb128 0x7
 1314 0055 0D       		.uleb128 0xd
 1315 0056 00       		.byte	0
 1316 0057 03       		.uleb128 0x3
 1317 0058 08       		.uleb128 0x8
 1318 0059 3A       		.uleb128 0x3a
 1319 005a 0B       		.uleb128 0xb
 1320 005b 3B       		.uleb128 0x3b
 1321 005c 0B       		.uleb128 0xb
 1322 005d 49       		.uleb128 0x49
 1323 005e 13       		.uleb128 0x13
 1324 005f 38       		.uleb128 0x38
 1325 0060 0B       		.uleb128 0xb
 1326 0061 00       		.byte	0
 1327 0062 00       		.byte	0
 1328 0063 08       		.uleb128 0x8
 1329 0064 0D       		.uleb128 0xd
 1330 0065 00       		.byte	0
 1331 0066 03       		.uleb128 0x3
 1332 0067 08       		.uleb128 0x8
 1333 0068 3A       		.uleb128 0x3a
 1334 0069 0B       		.uleb128 0xb
 1335 006a 3B       		.uleb128 0x3b
 1336 006b 05       		.uleb128 0x5
 1337 006c 49       		.uleb128 0x49
 1338 006d 13       		.uleb128 0x13
 1339 006e 38       		.uleb128 0x38
 1340 006f 0B       		.uleb128 0xb
 1341 0070 00       		.byte	0
 1342 0071 00       		.byte	0
 1343 0072 09       		.uleb128 0x9
 1344 0073 0D       		.uleb128 0xd
 1345 0074 00       		.byte	0
 1346 0075 03       		.uleb128 0x3
 1347 0076 0E       		.uleb128 0xe
 1348 0077 3A       		.uleb128 0x3a
 1349 0078 0B       		.uleb128 0xb
 1350 0079 3B       		.uleb128 0x3b
 1351 007a 05       		.uleb128 0x5
 1352 007b 49       		.uleb128 0x49
 1353 007c 13       		.uleb128 0x13
 1354 007d 38       		.uleb128 0x38
 1355 007e 0B       		.uleb128 0xb
 1356 007f 00       		.byte	0
 1357 0080 00       		.byte	0
 1358 0081 0A       		.uleb128 0xa
 1359 0082 0F       		.uleb128 0xf
 1360 0083 00       		.byte	0
 1361 0084 0B       		.uleb128 0xb
 1362 0085 0B       		.uleb128 0xb
 1363 0086 49       		.uleb128 0x49
 1364 0087 13       		.uleb128 0x13
 1365 0088 00       		.byte	0
 1366 0089 00       		.byte	0
 1367 008a 0B       		.uleb128 0xb
 1368 008b 13       		.uleb128 0x13
ARM GAS  /tmp/cc6FtsIA.s 			page 25


 1369 008c 01       		.byte	0x1
 1370 008d 03       		.uleb128 0x3
 1371 008e 0E       		.uleb128 0xe
 1372 008f 0B       		.uleb128 0xb
 1373 0090 0B       		.uleb128 0xb
 1374 0091 3A       		.uleb128 0x3a
 1375 0092 0B       		.uleb128 0xb
 1376 0093 3B       		.uleb128 0x3b
 1377 0094 05       		.uleb128 0x5
 1378 0095 01       		.uleb128 0x1
 1379 0096 13       		.uleb128 0x13
 1380 0097 00       		.byte	0
 1381 0098 00       		.byte	0
 1382 0099 0C       		.uleb128 0xc
 1383 009a 15       		.uleb128 0x15
 1384 009b 01       		.byte	0x1
 1385 009c 27       		.uleb128 0x27
 1386 009d 19       		.uleb128 0x19
 1387 009e 01       		.uleb128 0x1
 1388 009f 13       		.uleb128 0x13
 1389 00a0 00       		.byte	0
 1390 00a1 00       		.byte	0
 1391 00a2 0D       		.uleb128 0xd
 1392 00a3 05       		.uleb128 0x5
 1393 00a4 00       		.byte	0
 1394 00a5 49       		.uleb128 0x49
 1395 00a6 13       		.uleb128 0x13
 1396 00a7 00       		.byte	0
 1397 00a8 00       		.byte	0
 1398 00a9 0E       		.uleb128 0xe
 1399 00aa 0F       		.uleb128 0xf
 1400 00ab 00       		.byte	0
 1401 00ac 0B       		.uleb128 0xb
 1402 00ad 0B       		.uleb128 0xb
 1403 00ae 00       		.byte	0
 1404 00af 00       		.byte	0
 1405 00b0 0F       		.uleb128 0xf
 1406 00b1 35       		.uleb128 0x35
 1407 00b2 00       		.byte	0
 1408 00b3 49       		.uleb128 0x49
 1409 00b4 13       		.uleb128 0x13
 1410 00b5 00       		.byte	0
 1411 00b6 00       		.byte	0
 1412 00b7 10       		.uleb128 0x10
 1413 00b8 01       		.uleb128 0x1
 1414 00b9 01       		.byte	0x1
 1415 00ba 49       		.uleb128 0x49
 1416 00bb 13       		.uleb128 0x13
 1417 00bc 01       		.uleb128 0x1
 1418 00bd 13       		.uleb128 0x13
 1419 00be 00       		.byte	0
 1420 00bf 00       		.byte	0
 1421 00c0 11       		.uleb128 0x11
 1422 00c1 21       		.uleb128 0x21
 1423 00c2 00       		.byte	0
 1424 00c3 49       		.uleb128 0x49
 1425 00c4 13       		.uleb128 0x13
ARM GAS  /tmp/cc6FtsIA.s 			page 26


 1426 00c5 2F       		.uleb128 0x2f
 1427 00c6 0B       		.uleb128 0xb
 1428 00c7 00       		.byte	0
 1429 00c8 00       		.byte	0
 1430 00c9 12       		.uleb128 0x12
 1431 00ca 13       		.uleb128 0x13
 1432 00cb 01       		.byte	0x1
 1433 00cc 0B       		.uleb128 0xb
 1434 00cd 0B       		.uleb128 0xb
 1435 00ce 3A       		.uleb128 0x3a
 1436 00cf 0B       		.uleb128 0xb
 1437 00d0 3B       		.uleb128 0x3b
 1438 00d1 05       		.uleb128 0x5
 1439 00d2 01       		.uleb128 0x1
 1440 00d3 13       		.uleb128 0x13
 1441 00d4 00       		.byte	0
 1442 00d5 00       		.byte	0
 1443 00d6 13       		.uleb128 0x13
 1444 00d7 16       		.uleb128 0x16
 1445 00d8 00       		.byte	0
 1446 00d9 03       		.uleb128 0x3
 1447 00da 0E       		.uleb128 0xe
 1448 00db 3A       		.uleb128 0x3a
 1449 00dc 0B       		.uleb128 0xb
 1450 00dd 3B       		.uleb128 0x3b
 1451 00de 05       		.uleb128 0x5
 1452 00df 49       		.uleb128 0x49
 1453 00e0 13       		.uleb128 0x13
 1454 00e1 00       		.byte	0
 1455 00e2 00       		.byte	0
 1456 00e3 14       		.uleb128 0x14
 1457 00e4 13       		.uleb128 0x13
 1458 00e5 01       		.byte	0x1
 1459 00e6 0B       		.uleb128 0xb
 1460 00e7 0B       		.uleb128 0xb
 1461 00e8 3A       		.uleb128 0x3a
 1462 00e9 0B       		.uleb128 0xb
 1463 00ea 3B       		.uleb128 0x3b
 1464 00eb 0B       		.uleb128 0xb
 1465 00ec 01       		.uleb128 0x1
 1466 00ed 13       		.uleb128 0x13
 1467 00ee 00       		.byte	0
 1468 00ef 00       		.byte	0
 1469 00f0 15       		.uleb128 0x15
 1470 00f1 17       		.uleb128 0x17
 1471 00f2 01       		.byte	0x1
 1472 00f3 0B       		.uleb128 0xb
 1473 00f4 0B       		.uleb128 0xb
 1474 00f5 3A       		.uleb128 0x3a
 1475 00f6 0B       		.uleb128 0xb
 1476 00f7 3B       		.uleb128 0x3b
 1477 00f8 0B       		.uleb128 0xb
 1478 00f9 01       		.uleb128 0x1
 1479 00fa 13       		.uleb128 0x13
 1480 00fb 00       		.byte	0
 1481 00fc 00       		.byte	0
 1482 00fd 16       		.uleb128 0x16
ARM GAS  /tmp/cc6FtsIA.s 			page 27


 1483 00fe 0D       		.uleb128 0xd
 1484 00ff 00       		.byte	0
 1485 0100 03       		.uleb128 0x3
 1486 0101 0E       		.uleb128 0xe
 1487 0102 3A       		.uleb128 0x3a
 1488 0103 0B       		.uleb128 0xb
 1489 0104 3B       		.uleb128 0x3b
 1490 0105 0B       		.uleb128 0xb
 1491 0106 49       		.uleb128 0x49
 1492 0107 13       		.uleb128 0x13
 1493 0108 00       		.byte	0
 1494 0109 00       		.byte	0
 1495 010a 17       		.uleb128 0x17
 1496 010b 0D       		.uleb128 0xd
 1497 010c 00       		.byte	0
 1498 010d 03       		.uleb128 0x3
 1499 010e 0E       		.uleb128 0xe
 1500 010f 3A       		.uleb128 0x3a
 1501 0110 0B       		.uleb128 0xb
 1502 0111 3B       		.uleb128 0x3b
 1503 0112 05       		.uleb128 0x5
 1504 0113 49       		.uleb128 0x49
 1505 0114 13       		.uleb128 0x13
 1506 0115 00       		.byte	0
 1507 0116 00       		.byte	0
 1508 0117 18       		.uleb128 0x18
 1509 0118 26       		.uleb128 0x26
 1510 0119 00       		.byte	0
 1511 011a 49       		.uleb128 0x49
 1512 011b 13       		.uleb128 0x13
 1513 011c 00       		.byte	0
 1514 011d 00       		.byte	0
 1515 011e 19       		.uleb128 0x19
 1516 011f 2E       		.uleb128 0x2e
 1517 0120 01       		.byte	0x1
 1518 0121 3F       		.uleb128 0x3f
 1519 0122 19       		.uleb128 0x19
 1520 0123 03       		.uleb128 0x3
 1521 0124 0E       		.uleb128 0xe
 1522 0125 3A       		.uleb128 0x3a
 1523 0126 0B       		.uleb128 0xb
 1524 0127 3B       		.uleb128 0x3b
 1525 0128 0B       		.uleb128 0xb
 1526 0129 27       		.uleb128 0x27
 1527 012a 19       		.uleb128 0x19
 1528 012b 11       		.uleb128 0x11
 1529 012c 01       		.uleb128 0x1
 1530 012d 12       		.uleb128 0x12
 1531 012e 06       		.uleb128 0x6
 1532 012f 40       		.uleb128 0x40
 1533 0130 18       		.uleb128 0x18
 1534 0131 9742     		.uleb128 0x2117
 1535 0133 19       		.uleb128 0x19
 1536 0134 01       		.uleb128 0x1
 1537 0135 13       		.uleb128 0x13
 1538 0136 00       		.byte	0
 1539 0137 00       		.byte	0
ARM GAS  /tmp/cc6FtsIA.s 			page 28


 1540 0138 1A       		.uleb128 0x1a
 1541 0139 05       		.uleb128 0x5
 1542 013a 00       		.byte	0
 1543 013b 03       		.uleb128 0x3
 1544 013c 08       		.uleb128 0x8
 1545 013d 3A       		.uleb128 0x3a
 1546 013e 0B       		.uleb128 0xb
 1547 013f 3B       		.uleb128 0x3b
 1548 0140 0B       		.uleb128 0xb
 1549 0141 49       		.uleb128 0x49
 1550 0142 13       		.uleb128 0x13
 1551 0143 02       		.uleb128 0x2
 1552 0144 18       		.uleb128 0x18
 1553 0145 00       		.byte	0
 1554 0146 00       		.byte	0
 1555 0147 1B       		.uleb128 0x1b
 1556 0148 05       		.uleb128 0x5
 1557 0149 00       		.byte	0
 1558 014a 03       		.uleb128 0x3
 1559 014b 0E       		.uleb128 0xe
 1560 014c 3A       		.uleb128 0x3a
 1561 014d 0B       		.uleb128 0xb
 1562 014e 3B       		.uleb128 0x3b
 1563 014f 0B       		.uleb128 0xb
 1564 0150 49       		.uleb128 0x49
 1565 0151 13       		.uleb128 0x13
 1566 0152 02       		.uleb128 0x2
 1567 0153 18       		.uleb128 0x18
 1568 0154 00       		.byte	0
 1569 0155 00       		.byte	0
 1570 0156 1C       		.uleb128 0x1c
 1571 0157 05       		.uleb128 0x5
 1572 0158 00       		.byte	0
 1573 0159 03       		.uleb128 0x3
 1574 015a 0E       		.uleb128 0xe
 1575 015b 3A       		.uleb128 0x3a
 1576 015c 0B       		.uleb128 0xb
 1577 015d 3B       		.uleb128 0x3b
 1578 015e 0B       		.uleb128 0xb
 1579 015f 49       		.uleb128 0x49
 1580 0160 13       		.uleb128 0x13
 1581 0161 02       		.uleb128 0x2
 1582 0162 17       		.uleb128 0x17
 1583 0163 00       		.byte	0
 1584 0164 00       		.byte	0
 1585 0165 1D       		.uleb128 0x1d
 1586 0166 34       		.uleb128 0x34
 1587 0167 00       		.byte	0
 1588 0168 03       		.uleb128 0x3
 1589 0169 0E       		.uleb128 0xe
 1590 016a 3A       		.uleb128 0x3a
 1591 016b 0B       		.uleb128 0xb
 1592 016c 3B       		.uleb128 0x3b
 1593 016d 05       		.uleb128 0x5
 1594 016e 49       		.uleb128 0x49
 1595 016f 13       		.uleb128 0x13
 1596 0170 3F       		.uleb128 0x3f
ARM GAS  /tmp/cc6FtsIA.s 			page 29


 1597 0171 19       		.uleb128 0x19
 1598 0172 3C       		.uleb128 0x3c
 1599 0173 19       		.uleb128 0x19
 1600 0174 00       		.byte	0
 1601 0175 00       		.byte	0
 1602 0176 1E       		.uleb128 0x1e
 1603 0177 34       		.uleb128 0x34
 1604 0178 00       		.byte	0
 1605 0179 03       		.uleb128 0x3
 1606 017a 08       		.uleb128 0x8
 1607 017b 3A       		.uleb128 0x3a
 1608 017c 0B       		.uleb128 0xb
 1609 017d 3B       		.uleb128 0x3b
 1610 017e 05       		.uleb128 0x5
 1611 017f 49       		.uleb128 0x49
 1612 0180 13       		.uleb128 0x13
 1613 0181 3F       		.uleb128 0x3f
 1614 0182 19       		.uleb128 0x19
 1615 0183 3C       		.uleb128 0x3c
 1616 0184 19       		.uleb128 0x19
 1617 0185 00       		.byte	0
 1618 0186 00       		.byte	0
 1619 0187 00       		.byte	0
 1620              		.section	.debug_loc,"",%progbits
 1621              	.Ldebug_loc0:
 1622              	.LLST0:
 1623 0000 00000000 		.4byte	.LVL0
 1624 0004 12000000 		.4byte	.LVL1
 1625 0008 0100     		.2byte	0x1
 1626 000a 52       		.byte	0x52
 1627 000b 12000000 		.4byte	.LVL1
 1628 000f 14000000 		.4byte	.LVL2
 1629 0013 0400     		.2byte	0x4
 1630 0015 F3       		.byte	0xf3
 1631 0016 01       		.uleb128 0x1
 1632 0017 52       		.byte	0x52
 1633 0018 9F       		.byte	0x9f
 1634 0019 14000000 		.4byte	.LVL2
 1635 001d 1A000000 		.4byte	.LVL3
 1636 0021 0100     		.2byte	0x1
 1637 0023 52       		.byte	0x52
 1638 0024 1A000000 		.4byte	.LVL3
 1639 0028 1E000000 		.4byte	.LVL4
 1640 002c 0400     		.2byte	0x4
 1641 002e F3       		.byte	0xf3
 1642 002f 01       		.uleb128 0x1
 1643 0030 52       		.byte	0x52
 1644 0031 9F       		.byte	0x9f
 1645 0032 1E000000 		.4byte	.LVL4
 1646 0036 24000000 		.4byte	.LVL5
 1647 003a 0100     		.2byte	0x1
 1648 003c 52       		.byte	0x52
 1649 003d 24000000 		.4byte	.LVL5
 1650 0041 26000000 		.4byte	.LVL6
 1651 0045 0400     		.2byte	0x4
 1652 0047 F3       		.byte	0xf3
 1653 0048 01       		.uleb128 0x1
ARM GAS  /tmp/cc6FtsIA.s 			page 30


 1654 0049 52       		.byte	0x52
 1655 004a 9F       		.byte	0x9f
 1656 004b 26000000 		.4byte	.LVL6
 1657 004f 2C000000 		.4byte	.LVL7
 1658 0053 0100     		.2byte	0x1
 1659 0055 52       		.byte	0x52
 1660 0056 2C000000 		.4byte	.LVL7
 1661 005a 30000000 		.4byte	.LFE277
 1662 005e 0400     		.2byte	0x4
 1663 0060 F3       		.byte	0xf3
 1664 0061 01       		.uleb128 0x1
 1665 0062 52       		.byte	0x52
 1666 0063 9F       		.byte	0x9f
 1667 0064 00000000 		.4byte	0
 1668 0068 00000000 		.4byte	0
 1669              		.section	.debug_aranges,"",%progbits
 1670 0000 1C000000 		.4byte	0x1c
 1671 0004 0200     		.2byte	0x2
 1672 0006 00000000 		.4byte	.Ldebug_info0
 1673 000a 04       		.byte	0x4
 1674 000b 00       		.byte	0
 1675 000c 0000     		.2byte	0
 1676 000e 0000     		.2byte	0
 1677 0010 00000000 		.4byte	.LFB277
 1678 0014 30000000 		.4byte	.LFE277-.LFB277
 1679 0018 00000000 		.4byte	0
 1680 001c 00000000 		.4byte	0
 1681              		.section	.debug_ranges,"",%progbits
 1682              	.Ldebug_ranges0:
 1683 0000 00000000 		.4byte	.LFB277
 1684 0004 30000000 		.4byte	.LFE277
 1685 0008 00000000 		.4byte	0
 1686 000c 00000000 		.4byte	0
 1687              		.section	.debug_line,"",%progbits
 1688              	.Ldebug_line0:
 1689 0000 3F020000 		.section	.debug_str,"MS",%progbits,1
 1689      02002402 
 1689      00000201 
 1689      FB0E0D00 
 1689      01010101 
 1690              	.LASF53:
 1691 0000 72656164 		.ascii	"ready_list_t\000"
 1691      795F6C69 
 1691      73745F74 
 1691      00
 1692              	.LASF79:
 1693 000d 44494552 		.ascii	"DIER\000"
 1693      00
 1694              	.LASF103:
 1695 0012 77747472 		.ascii	"wttrp\000"
 1695      7000
 1696              	.LASF49:
 1697 0018 6E657874 		.ascii	"next\000"
 1697      00
 1698              	.LASF59:
 1699 001d 64656C74 		.ascii	"delta\000"
 1699      6100
ARM GAS  /tmp/cc6FtsIA.s 			page 31


 1700              	.LASF100:
 1701 0023 7264796D 		.ascii	"rdymsg\000"
 1701      736700
 1702              	.LASF16:
 1703 002a 75696E74 		.ascii	"uint64_t\000"
 1703      36345F74 
 1703      00
 1704              	.LASF72:
 1705 0033 6B65726E 		.ascii	"kernel_stats\000"
 1705      656C5F73 
 1705      74617473 
 1705      00
 1706              	.LASF5:
 1707 0040 5F5F7569 		.ascii	"__uint8_t\000"
 1707      6E74385F 
 1707      7400
 1708              	.LASF52:
 1709 004a 70726576 		.ascii	"prev\000"
 1709      00
 1710              	.LASF77:
 1711 004f 706F7274 		.ascii	"port_intctx\000"
 1711      5F696E74 
 1711      63747800 
 1712              	.LASF51:
 1713 005b 63685F74 		.ascii	"ch_threads_queue\000"
 1713      68726561 
 1713      64735F71 
 1713      75657565 
 1713      00
 1714              	.LASF64:
 1715 006c 73797374 		.ascii	"system_debug_t\000"
 1715      656D5F64 
 1715      65627567 
 1715      5F7400
 1716              	.LASF91:
 1717 007b 776F7273 		.ascii	"worst\000"
 1717      7400
 1718              	.LASF94:
 1719 0081 74696D65 		.ascii	"time_measurement_t\000"
 1719      5F6D6561 
 1719      73757265 
 1719      6D656E74 
 1719      5F7400
 1720              	.LASF12:
 1721 0094 6C6F6E67 		.ascii	"long long unsigned int\000"
 1721      206C6F6E 
 1721      6720756E 
 1721      7369676E 
 1721      65642069 
 1722              	.LASF101:
 1723 00ab 65786974 		.ascii	"exitcode\000"
 1723      636F6465 
 1723      00
 1724              	.LASF71:
 1725 00b4 6D61696E 		.ascii	"mainthread\000"
 1725      74687265 
 1725      616400
ARM GAS  /tmp/cc6FtsIA.s 			page 32


 1726              	.LASF104:
 1727 00bf 73656E74 		.ascii	"sentmsg\000"
 1727      6D736700 
 1728              	.LASF61:
 1729 00c7 76697274 		.ascii	"virtual_timers_list_t\000"
 1729      75616C5F 
 1729      74696D65 
 1729      72735F6C 
 1729      6973745F 
 1730              	.LASF116:
 1731 00dd 49544D5F 		.ascii	"ITM_RxBuffer\000"
 1731      52784275 
 1731      66666572 
 1731      00
 1732              	.LASF83:
 1733 00ea 42445452 		.ascii	"BDTR\000"
 1733      00
 1734              	.LASF18:
 1735 00ef 72747469 		.ascii	"rttime_t\000"
 1735      6D655F74 
 1735      00
 1736              	.LASF80:
 1737 00f8 43434D52 		.ascii	"CCMR1\000"
 1737      3100
 1738              	.LASF81:
 1739 00fe 43434D52 		.ascii	"CCMR2\000"
 1739      3200
 1740              	.LASF85:
 1741 0104 43434D52 		.ascii	"CCMR3\000"
 1741      3300
 1742              	.LASF1:
 1743 010a 7369676E 		.ascii	"signed char\000"
 1743      65642063 
 1743      68617200 
 1744              	.LASF115:
 1745 0116 66696C74 		.ascii	"filter_mode\000"
 1745      65725F6D 
 1745      6F646500 
 1746              	.LASF119:
 1747 0122 2F686F6D 		.ascii	"/home/kozinalexey/f4by/ardupilot/build/f4by-ch\000"
 1747      652F6B6F 
 1747      7A696E61 
 1747      6C657865 
 1747      792F6634 
 1748              	.LASF39:
 1749 0151 6D736771 		.ascii	"msgqueue\000"
 1749      75657565 
 1749      00
 1750              	.LASF120:
 1751 015a 73746D33 		.ascii	"stm32_timer_set_input_filter\000"
 1751      325F7469 
 1751      6D65725F 
 1751      7365745F 
 1751      696E7075 
 1752              	.LASF35:
 1753 0177 73746174 		.ascii	"state\000"
 1753      6500
ARM GAS  /tmp/cc6FtsIA.s 			page 33


 1754              	.LASF7:
 1755 017d 6C6F6E67 		.ascii	"long int\000"
 1755      20696E74 
 1755      00
 1756              	.LASF20:
 1757 0186 74737461 		.ascii	"tstate_t\000"
 1757      74655F74 
 1757      00
 1758              	.LASF60:
 1759 018f 66756E63 		.ascii	"func\000"
 1759      00
 1760              	.LASF44:
 1761 0194 73746174 		.ascii	"stats\000"
 1761      7300
 1762              	.LASF8:
 1763 019a 5F5F7569 		.ascii	"__uint32_t\000"
 1763      6E743332 
 1763      5F7400
 1764              	.LASF74:
 1765 01a5 72656761 		.ascii	"regarm_t\000"
 1765      726D5F74 
 1765      00
 1766              	.LASF70:
 1767 01ae 76746C69 		.ascii	"vtlist\000"
 1767      737400
 1768              	.LASF65:
 1769 01b5 63685F73 		.ascii	"ch_system_debug\000"
 1769      79737465 
 1769      6D5F6465 
 1769      62756700 
 1770              	.LASF38:
 1771 01c5 77616974 		.ascii	"waiting\000"
 1771      696E6700 
 1772              	.LASF10:
 1773 01cd 6C6F6E67 		.ascii	"long long int\000"
 1773      206C6F6E 
 1773      6720696E 
 1773      7400
 1774              	.LASF25:
 1775 01db 636E745F 		.ascii	"cnt_t\000"
 1775      7400
 1776              	.LASF0:
 1777 01e1 756E7369 		.ascii	"unsigned int\000"
 1777      676E6564 
 1777      20696E74 
 1777      00
 1778              	.LASF117:
 1779 01ee 474E5520 		.ascii	"GNU C 4.9.3 20150529 (prerelease) -mcpu=cortex-m4 -"
 1779      4320342E 
 1779      392E3320 
 1779      32303135 
 1779      30353239 
 1780 0221 6D666C6F 		.ascii	"mfloat-abi=hard -mfpu=fpv4-sp-d16 -mno-thumb-interw"
 1780      61742D61 
 1780      62693D68 
 1780      61726420 
 1780      2D6D6670 
ARM GAS  /tmp/cc6FtsIA.s 			page 34


 1781 0254 6F726B20 		.ascii	"ork -mthumb -g -Os -fomit-frame-pointer -falign-fun"
 1781      2D6D7468 
 1781      756D6220 
 1781      2D67202D 
 1781      4F73202D 
 1782 0287 6374696F 		.ascii	"ctions=16 -ffunction-sections -fdata-sections -fno-"
 1782      6E733D31 
 1782      36202D66 
 1782      66756E63 
 1782      74696F6E 
 1783 02ba 636F6D6D 		.ascii	"common -fsingle-precision-constant\000"
 1783      6F6E202D 
 1783      6673696E 
 1783      676C652D 
 1783      70726563 
 1784              	.LASF105:
 1785 02dd 77747365 		.ascii	"wtsemp\000"
 1785      6D7000
 1786              	.LASF47:
 1787 02e4 63685F74 		.ascii	"ch_thread\000"
 1787      68726561 
 1787      6400
 1788              	.LASF95:
 1789 02ee 6E5F6972 		.ascii	"n_irq\000"
 1789      7100
 1790              	.LASF29:
 1791 02f4 71756575 		.ascii	"queue\000"
 1791      6500
 1792              	.LASF43:
 1793 02fa 6D706F6F 		.ascii	"mpool\000"
 1793      6C00
 1794              	.LASF90:
 1795 0300 62657374 		.ascii	"best\000"
 1795      00
 1796              	.LASF78:
 1797 0305 534D4352 		.ascii	"SMCR\000"
 1797      00
 1798              	.LASF99:
 1799 030a 6B65726E 		.ascii	"kernel_stats_t\000"
 1799      656C5F73 
 1799      74617473 
 1799      5F7400
 1800              	.LASF33:
 1801 0319 6E616D65 		.ascii	"name\000"
 1801      00
 1802              	.LASF23:
 1803 031e 6D73675F 		.ascii	"msg_t\000"
 1803      7400
 1804              	.LASF92:
 1805 0324 6C617374 		.ascii	"last\000"
 1805      00
 1806              	.LASF26:
 1807 0329 75636E74 		.ascii	"ucnt_t\000"
 1807      5F7400
 1808              	.LASF40:
 1809 0330 6570656E 		.ascii	"epending\000"
 1809      64696E67 
ARM GAS  /tmp/cc6FtsIA.s 			page 35


 1809      00
 1810              	.LASF67:
 1811 0339 63685F73 		.ascii	"ch_system_t\000"
 1811      79737465 
 1811      6D5F7400 
 1812              	.LASF87:
 1813 0345 73746D33 		.ascii	"stm32_tim_t\000"
 1813      325F7469 
 1813      6D5F7400 
 1814              	.LASF98:
 1815 0351 6D5F6372 		.ascii	"m_crit_isr\000"
 1815      69745F69 
 1815      737200
 1816              	.LASF54:
 1817 035c 63685F72 		.ascii	"ch_ready_list\000"
 1817      65616479 
 1817      5F6C6973 
 1817      7400
 1818              	.LASF24:
 1819 036a 6576656E 		.ascii	"eventmask_t\000"
 1819      746D6173 
 1819      6B5F7400 
 1820              	.LASF6:
 1821 0376 5F5F696E 		.ascii	"__int32_t\000"
 1821      7433325F 
 1821      7400
 1822              	.LASF75:
 1823 0380 73746B61 		.ascii	"stkalign_t\000"
 1823      6C69676E 
 1823      5F7400
 1824              	.LASF31:
 1825 038b 6E657765 		.ascii	"newer\000"
 1825      7200
 1826              	.LASF42:
 1827 0391 7265616C 		.ascii	"realprio\000"
 1827      7072696F 
 1827      00
 1828              	.LASF73:
 1829 039a 73697A65 		.ascii	"sizetype\000"
 1829      74797065 
 1829      00
 1830              	.LASF45:
 1831 03a3 74687265 		.ascii	"thread_reference_t\000"
 1831      61645F72 
 1831      65666572 
 1831      656E6365 
 1831      5F7400
 1832              	.LASF62:
 1833 03b6 63685F76 		.ascii	"ch_virtual_timers_list\000"
 1833      69727475 
 1833      616C5F74 
 1833      696D6572 
 1833      735F6C69 
 1834              	.LASF96:
 1835 03cd 6E5F6374 		.ascii	"n_ctxswc\000"
 1835      78737763 
 1835      00
ARM GAS  /tmp/cc6FtsIA.s 			page 36


 1836              	.LASF76:
 1837 03d6 706F7274 		.ascii	"port_context\000"
 1837      5F636F6E 
 1837      74657874 
 1837      00
 1838              	.LASF89:
 1839 03e3 746D5F63 		.ascii	"tm_calibration_t\000"
 1839      616C6962 
 1839      72617469 
 1839      6F6E5F74 
 1839      00
 1840              	.LASF30:
 1841 03f4 7072696F 		.ascii	"prio\000"
 1841      00
 1842              	.LASF55:
 1843 03f9 63757272 		.ascii	"current\000"
 1843      656E7400 
 1844              	.LASF11:
 1845 0401 5F5F7569 		.ascii	"__uint64_t\000"
 1845      6E743634 
 1845      5F7400
 1846              	.LASF93:
 1847 040c 63756D75 		.ascii	"cumulative\000"
 1847      6C617469 
 1847      766500
 1848              	.LASF21:
 1849 0417 74726566 		.ascii	"trefs_t\000"
 1849      735F7400 
 1850              	.LASF37:
 1851 041f 72656673 		.ascii	"refs\000"
 1851      00
 1852              	.LASF57:
 1853 0424 76697274 		.ascii	"virtual_timer_t\000"
 1853      75616C5F 
 1853      74696D65 
 1853      725F7400 
 1854              	.LASF22:
 1855 0434 74707269 		.ascii	"tprio_t\000"
 1855      6F5F7400 
 1856              	.LASF118:
 1857 043c 2E2E2F2E 		.ascii	"../../libraries/AP_HAL_ChibiOS/hwdef/common/stm32_u"
 1857      2E2F6C69 
 1857      62726172 
 1857      6965732F 
 1857      41505F48 
 1858 046f 74696C2E 		.ascii	"til.c\000"
 1858      6300
 1859              	.LASF113:
 1860 0475 5F426F6F 		.ascii	"_Bool\000"
 1860      6C00
 1861              	.LASF14:
 1862 047b 696E7433 		.ascii	"int32_t\000"
 1862      325F7400 
 1863              	.LASF2:
 1864 0483 756E7369 		.ascii	"unsigned char\000"
 1864      676E6564 
 1864      20636861 
ARM GAS  /tmp/cc6FtsIA.s 			page 37


 1864      7200
 1865              	.LASF3:
 1866 0491 73686F72 		.ascii	"short int\000"
 1866      7420696E 
 1866      7400
 1867              	.LASF63:
 1868 049b 6C617374 		.ascii	"lasttime\000"
 1868      74696D65 
 1868      00
 1869              	.LASF107:
 1870 04a4 65776D61 		.ascii	"ewmask\000"
 1870      736B00
 1871              	.LASF68:
 1872 04ab 63685F73 		.ascii	"ch_system\000"
 1872      79737465 
 1872      6D00
 1873              	.LASF114:
 1874 04b5 6368616E 		.ascii	"channel\000"
 1874      6E656C00 
 1875              	.LASF58:
 1876 04bd 63685F76 		.ascii	"ch_virtual_timer\000"
 1876      69727475 
 1876      616C5F74 
 1876      696D6572 
 1876      00
 1877              	.LASF108:
 1878 04ce 63685F73 		.ascii	"ch_semaphore\000"
 1878      656D6170 
 1878      686F7265 
 1878      00
 1879              	.LASF86:
 1880 04db 43435852 		.ascii	"CCXR\000"
 1880      00
 1881              	.LASF15:
 1882 04e0 75696E74 		.ascii	"uint32_t\000"
 1882      33325F74 
 1882      00
 1883              	.LASF106:
 1884 04e9 77746D74 		.ascii	"wtmtxp\000"
 1884      787000
 1885              	.LASF48:
 1886 04f0 63685F74 		.ascii	"ch_threads_list\000"
 1886      68726561 
 1886      64735F6C 
 1886      69737400 
 1887              	.LASF110:
 1888 0500 6F776E65 		.ascii	"owner\000"
 1888      7200
 1889              	.LASF9:
 1890 0506 6C6F6E67 		.ascii	"long unsigned int\000"
 1890      20756E73 
 1890      69676E65 
 1890      6420696E 
 1890      7400
 1891              	.LASF34:
 1892 0518 77616261 		.ascii	"wabase\000"
 1892      736500
ARM GAS  /tmp/cc6FtsIA.s 			page 38


 1893              	.LASF111:
 1894 051f 63686172 		.ascii	"char\000"
 1894      00
 1895              	.LASF32:
 1896 0524 6F6C6465 		.ascii	"older\000"
 1896      7200
 1897              	.LASF84:
 1898 052a 444D4152 		.ascii	"DMAR\000"
 1898      00
 1899              	.LASF28:
 1900 052f 74687265 		.ascii	"thread_t\000"
 1900      61645F74 
 1900      00
 1901              	.LASF82:
 1902 0538 43434552 		.ascii	"CCER\000"
 1902      00
 1903              	.LASF27:
 1904 053d 73797374 		.ascii	"systime_t\000"
 1904      696D655F 
 1904      7400
 1905              	.LASF56:
 1906 0547 76746675 		.ascii	"vtfunc_t\000"
 1906      6E635F74 
 1906      00
 1907              	.LASF66:
 1908 0550 70616E69 		.ascii	"panic_msg\000"
 1908      635F6D73 
 1908      6700
 1909              	.LASF88:
 1910 055a 6F666673 		.ascii	"offset\000"
 1910      657400
 1911              	.LASF4:
 1912 0561 73686F72 		.ascii	"short unsigned int\000"
 1912      7420756E 
 1912      7369676E 
 1912      65642069 
 1912      6E7400
 1913              	.LASF17:
 1914 0574 7274636E 		.ascii	"rtcnt_t\000"
 1914      745F7400 
 1915              	.LASF50:
 1916 057c 74687265 		.ascii	"threads_queue_t\000"
 1916      6164735F 
 1916      71756575 
 1916      655F7400 
 1917              	.LASF109:
 1918 058c 63685F6D 		.ascii	"ch_mutex\000"
 1918      75746578 
 1918      00
 1919              	.LASF69:
 1920 0595 726C6973 		.ascii	"rlist\000"
 1920      7400
 1921              	.LASF13:
 1922 059b 75696E74 		.ascii	"uint8_t\000"
 1922      385F7400 
 1923              	.LASF36:
 1924 05a3 666C6167 		.ascii	"flags\000"
ARM GAS  /tmp/cc6FtsIA.s 			page 39


 1924      7300
 1925              	.LASF102:
 1926 05a9 77746F62 		.ascii	"wtobjp\000"
 1926      6A7000
 1927              	.LASF46:
 1928 05b0 74687265 		.ascii	"threads_list_t\000"
 1928      6164735F 
 1928      6C697374 
 1928      5F7400
 1929              	.LASF19:
 1930 05bf 746D6F64 		.ascii	"tmode_t\000"
 1930      655F7400 
 1931              	.LASF41:
 1932 05c7 6D74786C 		.ascii	"mtxlist\000"
 1932      69737400 
 1933              	.LASF112:
 1934 05cf 6D757465 		.ascii	"mutex_t\000"
 1934      785F7400 
 1935              	.LASF97:
 1936 05d7 6D5F6372 		.ascii	"m_crit_thd\000"
 1936      69745F74 
 1936      686400
 1937              		.ident	"GCC: (15:4.9.3+svn231177-1) 4.9.3 20150529 (prerelease)"
ARM GAS  /tmp/cc6FtsIA.s 			page 40


DEFINED SYMBOLS
                            *ABS*:0000000000000000 stm32_util.c
     /tmp/cc6FtsIA.s:21     .text.stm32_timer_set_input_filter:0000000000000000 $t
     /tmp/cc6FtsIA.s:26     .text.stm32_timer_set_input_filter:0000000000000000 stm32_timer_set_input_filter
     /tmp/cc6FtsIA.s:40     .text.stm32_timer_set_input_filter:0000000000000008 $d
     /tmp/cc6FtsIA.s:44     .text.stm32_timer_set_input_filter:000000000000000c $t
                     .debug_frame:0000000000000010 $d

NO UNDEFINED SYMBOLS
