ARM GAS  /tmp/ccfJQfzt.s 			page 1


   1              		.syntax unified
   2              		.cpu cortex-m4
   3              		.eabi_attribute 27, 1
   4              		.eabi_attribute 28, 1
   5              		.fpu fpv4-sp-d16
   6              		.eabi_attribute 20, 1
   7              		.eabi_attribute 21, 1
   8              		.eabi_attribute 23, 3
   9              		.eabi_attribute 24, 1
  10              		.eabi_attribute 25, 1
  11              		.eabi_attribute 26, 1
  12              		.eabi_attribute 30, 4
  13              		.eabi_attribute 34, 1
  14              		.eabi_attribute 18, 4
  15              		.thumb
  16              		.file	"hal_can_lld.c"
  17              		.text
  18              	.Ltext0:
  19              		.cfi_sections	.debug_frame
  20              	.Letext0:
  21              		.file 1 "/usr/include/newlib/machine/_default_types.h"
  22              		.file 2 "/usr/include/newlib/sys/_stdint.h"
  23              		.file 3 "../../modules/ChibiOS/os/common/ports/ARMCMx/compilers/GCC/chtypes.h"
  24              		.file 4 "../../modules/ChibiOS/os/rt/include/chsystypes.h"
  25              		.file 5 "../../modules/ChibiOS/os/rt/include/chschd.h"
  26              		.file 6 "../../modules/ChibiOS/os/rt/include/chtime.h"
  27              		.file 7 "../../modules/ChibiOS/os/common/ports/ARMCMx/chcore.h"
  28              		.file 8 "../../modules/ChibiOS/os/common/ports/ARMCMx/chcore_v7m.h"
  29              		.file 9 "../../modules/ChibiOS/os/rt/include/chtm.h"
  30              		.file 10 "../../modules/ChibiOS/os/rt/include/chstats.h"
  31              		.file 11 "../../modules/ChibiOS/os/rt/include/chsem.h"
  32              		.file 12 "../../modules/ChibiOS/os/rt/include/chmtx.h"
  33              		.file 13 "../../modules/ChibiOS/os/common/ext/ARM/CMSIS/Core/Include/core_cm4.h"
  34              		.section	.debug_info,"",%progbits
  35              	.Ldebug_info0:
  36 0000 A9070000 		.4byte	0x7a9
  37 0004 0400     		.2byte	0x4
  38 0006 00000000 		.4byte	.Ldebug_abbrev0
  39 000a 04       		.byte	0x4
  40 000b 01       		.uleb128 0x1
  41 000c D1010000 		.4byte	.LASF106
  42 0010 01       		.byte	0x1
  43 0011 3B010000 		.4byte	.LASF107
  44 0015 FE040000 		.4byte	.LASF108
  45 0019 00000000 		.4byte	.Ldebug_line0
  46 001d 02       		.uleb128 0x2
  47 001e 04       		.byte	0x4
  48 001f 05       		.byte	0x5
  49 0020 696E7400 		.ascii	"int\000"
  50 0024 03       		.uleb128 0x3
  51 0025 04       		.byte	0x4
  52 0026 07       		.byte	0x7
  53 0027 C4010000 		.4byte	.LASF0
  54 002b 03       		.uleb128 0x3
  55 002c 01       		.byte	0x1
  56 002d 06       		.byte	0x6
  57 002e FC000000 		.4byte	.LASF1
ARM GAS  /tmp/ccfJQfzt.s 			page 2


  58 0032 04       		.uleb128 0x4
  59 0033 36000000 		.4byte	.LASF5
  60 0037 01       		.byte	0x1
  61 0038 1D       		.byte	0x1d
  62 0039 3D000000 		.4byte	0x3d
  63 003d 03       		.uleb128 0x3
  64 003e 01       		.byte	0x1
  65 003f 08       		.byte	0x8
  66 0040 32040000 		.4byte	.LASF2
  67 0044 03       		.uleb128 0x3
  68 0045 02       		.byte	0x2
  69 0046 05       		.byte	0x5
  70 0047 40040000 		.4byte	.LASF3
  71 004b 03       		.uleb128 0x3
  72 004c 02       		.byte	0x2
  73 004d 07       		.byte	0x7
  74 004e D9020000 		.4byte	.LASF4
  75 0052 04       		.uleb128 0x4
  76 0053 5E030000 		.4byte	.LASF6
  77 0057 01       		.byte	0x1
  78 0058 3F       		.byte	0x3f
  79 0059 5D000000 		.4byte	0x5d
  80 005d 03       		.uleb128 0x3
  81 005e 04       		.byte	0x4
  82 005f 05       		.byte	0x5
  83 0060 1E010000 		.4byte	.LASF7
  84 0064 04       		.uleb128 0x4
  85 0065 7C010000 		.4byte	.LASF8
  86 0069 01       		.byte	0x1
  87 006a 41       		.byte	0x41
  88 006b 6F000000 		.4byte	0x6f
  89 006f 03       		.uleb128 0x3
  90 0070 04       		.byte	0x4
  91 0071 07       		.byte	0x7
  92 0072 A8040000 		.4byte	.LASF9
  93 0076 03       		.uleb128 0x3
  94 0077 08       		.byte	0x8
  95 0078 05       		.byte	0x5
  96 0079 EE000000 		.4byte	.LASF10
  97 007d 04       		.uleb128 0x4
  98 007e E0030000 		.4byte	.LASF11
  99 0082 01       		.byte	0x1
 100 0083 5B       		.byte	0x5b
 101 0084 88000000 		.4byte	0x88
 102 0088 03       		.uleb128 0x3
 103 0089 08       		.byte	0x8
 104 008a 07       		.byte	0x7
 105 008b 8A000000 		.4byte	.LASF12
 106 008f 04       		.uleb128 0x4
 107 0090 51050000 		.4byte	.LASF13
 108 0094 02       		.byte	0x2
 109 0095 14       		.byte	0x14
 110 0096 32000000 		.4byte	0x32
 111 009a 04       		.uleb128 0x4
 112 009b 2A040000 		.4byte	.LASF14
 113 009f 02       		.byte	0x2
 114 00a0 1F       		.byte	0x1f
ARM GAS  /tmp/ccfJQfzt.s 			page 3


 115 00a1 52000000 		.4byte	0x52
 116 00a5 04       		.uleb128 0x4
 117 00a6 82040000 		.4byte	.LASF15
 118 00aa 02       		.byte	0x2
 119 00ab 20       		.byte	0x20
 120 00ac 64000000 		.4byte	0x64
 121 00b0 04       		.uleb128 0x4
 122 00b1 20000000 		.4byte	.LASF16
 123 00b5 02       		.byte	0x2
 124 00b6 26       		.byte	0x26
 125 00b7 7D000000 		.4byte	0x7d
 126 00bb 04       		.uleb128 0x4
 127 00bc 2A050000 		.4byte	.LASF17
 128 00c0 03       		.byte	0x3
 129 00c1 27       		.byte	0x27
 130 00c2 A5000000 		.4byte	0xa5
 131 00c6 04       		.uleb128 0x4
 132 00c7 E5000000 		.4byte	.LASF18
 133 00cb 03       		.byte	0x3
 134 00cc 28       		.byte	0x28
 135 00cd B0000000 		.4byte	0xb0
 136 00d1 04       		.uleb128 0x4
 137 00d2 31030000 		.4byte	.LASF19
 138 00d6 03       		.byte	0x3
 139 00d7 2A       		.byte	0x2a
 140 00d8 8F000000 		.4byte	0x8f
 141 00dc 04       		.uleb128 0x4
 142 00dd 27010000 		.4byte	.LASF20
 143 00e1 03       		.byte	0x3
 144 00e2 2B       		.byte	0x2b
 145 00e3 8F000000 		.4byte	0x8f
 146 00e7 04       		.uleb128 0x4
 147 00e8 F6030000 		.4byte	.LASF21
 148 00ec 03       		.byte	0x3
 149 00ed 2C       		.byte	0x2c
 150 00ee 8F000000 		.4byte	0x8f
 151 00f2 04       		.uleb128 0x4
 152 00f3 13040000 		.4byte	.LASF22
 153 00f7 03       		.byte	0x3
 154 00f8 2E       		.byte	0x2e
 155 00f9 A5000000 		.4byte	0xa5
 156 00fd 04       		.uleb128 0x4
 157 00fe 0A030000 		.4byte	.LASF23
 158 0102 03       		.byte	0x3
 159 0103 2F       		.byte	0x2f
 160 0104 9A000000 		.4byte	0x9a
 161 0108 04       		.uleb128 0x4
 162 0109 52030000 		.4byte	.LASF24
 163 010d 03       		.byte	0x3
 164 010e 31       		.byte	0x31
 165 010f A5000000 		.4byte	0xa5
 166 0113 04       		.uleb128 0x4
 167 0114 BE010000 		.4byte	.LASF25
 168 0118 03       		.byte	0x3
 169 0119 33       		.byte	0x33
 170 011a 9A000000 		.4byte	0x9a
 171 011e 04       		.uleb128 0x4
ARM GAS  /tmp/ccfJQfzt.s 			page 4


 172 011f 15030000 		.4byte	.LASF26
 173 0123 03       		.byte	0x3
 174 0124 34       		.byte	0x34
 175 0125 A5000000 		.4byte	0xa5
 176 0129 04       		.uleb128 0x4
 177 012a CC040000 		.4byte	.LASF27
 178 012e 04       		.byte	0x4
 179 012f 34       		.byte	0x34
 180 0130 34010000 		.4byte	0x134
 181 0134 05       		.uleb128 0x5
 182 0135 00030000 		.4byte	.LASF46
 183 0139 60       		.byte	0x60
 184 013a 05       		.byte	0x5
 185 013b 8E       		.byte	0x8e
 186 013c 1F020000 		.4byte	0x21f
 187 0140 06       		.uleb128 0x6
 188 0141 CD020000 		.4byte	.LASF28
 189 0145 05       		.byte	0x5
 190 0146 8F       		.byte	0x8f
 191 0147 54020000 		.4byte	0x254
 192 014b 00       		.byte	0
 193 014c 06       		.uleb128 0x6
 194 014d D3030000 		.4byte	.LASF29
 195 0151 05       		.byte	0x5
 196 0152 90       		.byte	0x90
 197 0153 F2000000 		.4byte	0xf2
 198 0157 08       		.byte	0x8
 199 0158 07       		.uleb128 0x7
 200 0159 63747800 		.ascii	"ctx\000"
 201 015d 05       		.byte	0x5
 202 015e 91       		.byte	0x91
 203 015f 6F040000 		.4byte	0x46f
 204 0163 0C       		.byte	0xc
 205 0164 06       		.uleb128 0x6
 206 0165 73030000 		.4byte	.LASF30
 207 0169 05       		.byte	0x5
 208 016a 93       		.byte	0x93
 209 016b 2A020000 		.4byte	0x22a
 210 016f 10       		.byte	0x10
 211 0170 06       		.uleb128 0x6
 212 0171 C6040000 		.4byte	.LASF31
 213 0175 05       		.byte	0x5
 214 0176 94       		.byte	0x94
 215 0177 2A020000 		.4byte	0x22a
 216 017b 14       		.byte	0x14
 217 017c 06       		.uleb128 0x6
 218 017d FB020000 		.4byte	.LASF32
 219 0181 05       		.byte	0x5
 220 0182 9B       		.byte	0x9b
 221 0183 55070000 		.4byte	0x755
 222 0187 18       		.byte	0x18
 223 0188 06       		.uleb128 0x6
 224 0189 BA040000 		.4byte	.LASF33
 225 018d 05       		.byte	0x5
 226 018e A4       		.byte	0xa4
 227 018f 67070000 		.4byte	0x767
 228 0193 1C       		.byte	0x1c
ARM GAS  /tmp/ccfJQfzt.s 			page 5


 229 0194 06       		.uleb128 0x6
 230 0195 18010000 		.4byte	.LASF34
 231 0199 05       		.byte	0x5
 232 019a A9       		.byte	0xa9
 233 019b DC000000 		.4byte	0xdc
 234 019f 20       		.byte	0x20
 235 01a0 06       		.uleb128 0x6
 236 01a1 59050000 		.4byte	.LASF35
 237 01a5 05       		.byte	0x5
 238 01a6 AD       		.byte	0xad
 239 01a7 D1000000 		.4byte	0xd1
 240 01ab 21       		.byte	0x21
 241 01ac 06       		.uleb128 0x6
 242 01ad FE030000 		.4byte	.LASF36
 243 01b1 05       		.byte	0x5
 244 01b2 B2       		.byte	0xb2
 245 01b3 E7000000 		.4byte	0xe7
 246 01b7 22       		.byte	0x22
 247 01b8 08       		.uleb128 0x8
 248 01b9 7500     		.ascii	"u\000"
 249 01bb 05       		.byte	0x5
 250 01bc 0301     		.2byte	0x103
 251 01be 8B060000 		.4byte	0x68b
 252 01c2 24       		.byte	0x24
 253 01c3 09       		.uleb128 0x9
 254 01c4 A0010000 		.4byte	.LASF37
 255 01c8 05       		.byte	0x5
 256 01c9 0801     		.2byte	0x108
 257 01cb 30020000 		.4byte	0x230
 258 01cf 28       		.byte	0x28
 259 01d0 09       		.uleb128 0x9
 260 01d1 0F010000 		.4byte	.LASF38
 261 01d5 05       		.byte	0x5
 262 01d6 0E01     		.2byte	0x10e
 263 01d8 54020000 		.4byte	0x254
 264 01dc 2C       		.byte	0x2c
 265 01dd 09       		.uleb128 0x9
 266 01de 1C030000 		.4byte	.LASF39
 267 01e2 05       		.byte	0x5
 268 01e3 1401     		.2byte	0x114
 269 01e5 08010000 		.4byte	0x108
 270 01e9 34       		.byte	0x34
 271 01ea 09       		.uleb128 0x9
 272 01eb 75050000 		.4byte	.LASF40
 273 01ef 05       		.byte	0x5
 274 01f0 1B01     		.2byte	0x11b
 275 01f2 4F070000 		.4byte	0x74f
 276 01f6 38       		.byte	0x38
 277 01f7 09       		.uleb128 0x9
 278 01f8 79030000 		.4byte	.LASF41
 279 01fc 05       		.byte	0x5
 280 01fd 1F01     		.2byte	0x11f
 281 01ff F2000000 		.4byte	0xf2
 282 0203 3C       		.byte	0x3c
 283 0204 09       		.uleb128 0x9
 284 0205 D3020000 		.4byte	.LASF42
 285 0209 05       		.byte	0x5
ARM GAS  /tmp/ccfJQfzt.s 			page 6


 286 020a 2601     		.2byte	0x126
 287 020c 07030000 		.4byte	0x307
 288 0210 40       		.byte	0x40
 289 0211 09       		.uleb128 0x9
 290 0212 35010000 		.4byte	.LASF43
 291 0216 05       		.byte	0x5
 292 0217 2C01     		.2byte	0x12c
 293 0219 3C060000 		.4byte	0x63c
 294 021d 48       		.byte	0x48
 295 021e 00       		.byte	0
 296 021f 04       		.uleb128 0x4
 297 0220 8B030000 		.4byte	.LASF44
 298 0224 04       		.byte	0x4
 299 0225 39       		.byte	0x39
 300 0226 2A020000 		.4byte	0x22a
 301 022a 0A       		.uleb128 0xa
 302 022b 04       		.byte	0x4
 303 022c 29010000 		.4byte	0x129
 304 0230 04       		.uleb128 0x4
 305 0231 66050000 		.4byte	.LASF45
 306 0235 04       		.byte	0x4
 307 0236 3E       		.byte	0x3e
 308 0237 3B020000 		.4byte	0x23b
 309 023b 05       		.uleb128 0x5
 310 023c 92040000 		.4byte	.LASF47
 311 0240 04       		.byte	0x4
 312 0241 05       		.byte	0x5
 313 0242 7C       		.byte	0x7c
 314 0243 54020000 		.4byte	0x254
 315 0247 06       		.uleb128 0x6
 316 0248 E0000000 		.4byte	.LASF48
 317 024c 05       		.byte	0x5
 318 024d 7D       		.byte	0x7d
 319 024e 2A020000 		.4byte	0x22a
 320 0252 00       		.byte	0
 321 0253 00       		.byte	0
 322 0254 04       		.uleb128 0x4
 323 0255 32050000 		.4byte	.LASF49
 324 0259 04       		.byte	0x4
 325 025a 45       		.byte	0x45
 326 025b 5F020000 		.4byte	0x25f
 327 025f 05       		.uleb128 0x5
 328 0260 51000000 		.4byte	.LASF50
 329 0264 08       		.byte	0x8
 330 0265 05       		.byte	0x5
 331 0266 83       		.byte	0x83
 332 0267 84020000 		.4byte	0x284
 333 026b 06       		.uleb128 0x6
 334 026c E0000000 		.4byte	.LASF48
 335 0270 05       		.byte	0x5
 336 0271 84       		.byte	0x84
 337 0272 2A020000 		.4byte	0x22a
 338 0276 00       		.byte	0
 339 0277 06       		.uleb128 0x6
 340 0278 40000000 		.4byte	.LASF51
 341 027c 05       		.byte	0x5
 342 027d 85       		.byte	0x85
ARM GAS  /tmp/ccfJQfzt.s 			page 7


 343 027e 2A020000 		.4byte	0x22a
 344 0282 04       		.byte	0x4
 345 0283 00       		.byte	0
 346 0284 04       		.uleb128 0x4
 347 0285 00000000 		.4byte	.LASF52
 348 0289 04       		.byte	0x4
 349 028a 4C       		.byte	0x4c
 350 028b 8F020000 		.4byte	0x28f
 351 028f 0B       		.uleb128 0xb
 352 0290 44030000 		.4byte	.LASF53
 353 0294 1C       		.byte	0x1c
 354 0295 05       		.byte	0x5
 355 0296 5E01     		.2byte	0x15e
 356 0298 EB020000 		.4byte	0x2eb
 357 029c 09       		.uleb128 0x9
 358 029d CD020000 		.4byte	.LASF28
 359 02a1 05       		.byte	0x5
 360 02a2 5F01     		.2byte	0x15f
 361 02a4 54020000 		.4byte	0x254
 362 02a8 00       		.byte	0
 363 02a9 09       		.uleb128 0x9
 364 02aa D3030000 		.4byte	.LASF29
 365 02ae 05       		.byte	0x5
 366 02af 6001     		.2byte	0x160
 367 02b1 F2000000 		.4byte	0xf2
 368 02b5 08       		.byte	0x8
 369 02b6 08       		.uleb128 0x8
 370 02b7 63747800 		.ascii	"ctx\000"
 371 02bb 05       		.byte	0x5
 372 02bc 6201     		.2byte	0x162
 373 02be 6F040000 		.4byte	0x46f
 374 02c2 0C       		.byte	0xc
 375 02c3 09       		.uleb128 0x9
 376 02c4 73030000 		.4byte	.LASF30
 377 02c8 05       		.byte	0x5
 378 02c9 6501     		.2byte	0x165
 379 02cb 2A020000 		.4byte	0x22a
 380 02cf 10       		.byte	0x10
 381 02d0 09       		.uleb128 0x9
 382 02d1 C6040000 		.4byte	.LASF31
 383 02d5 05       		.byte	0x5
 384 02d6 6601     		.2byte	0x166
 385 02d8 2A020000 		.4byte	0x22a
 386 02dc 14       		.byte	0x14
 387 02dd 09       		.uleb128 0x9
 388 02de D8030000 		.4byte	.LASF54
 389 02e2 05       		.byte	0x5
 390 02e3 6901     		.2byte	0x169
 391 02e5 2A020000 		.4byte	0x22a
 392 02e9 18       		.byte	0x18
 393 02ea 00       		.byte	0
 394 02eb 04       		.uleb128 0x4
 395 02ec E4040000 		.4byte	.LASF55
 396 02f0 04       		.byte	0x4
 397 02f1 51       		.byte	0x51
 398 02f2 F6020000 		.4byte	0x2f6
 399 02f6 0A       		.uleb128 0xa
ARM GAS  /tmp/ccfJQfzt.s 			page 8


 400 02f7 04       		.byte	0x4
 401 02f8 FC020000 		.4byte	0x2fc
 402 02fc 0C       		.uleb128 0xc
 403 02fd 07030000 		.4byte	0x307
 404 0301 0D       		.uleb128 0xd
 405 0302 07030000 		.4byte	0x307
 406 0306 00       		.byte	0
 407 0307 0E       		.uleb128 0xe
 408 0308 04       		.byte	0x4
 409 0309 04       		.uleb128 0x4
 410 030a 03040000 		.4byte	.LASF56
 411 030e 04       		.byte	0x4
 412 030f 56       		.byte	0x56
 413 0310 14030000 		.4byte	0x314
 414 0314 0B       		.uleb128 0xb
 415 0315 64040000 		.4byte	.LASF57
 416 0319 14       		.byte	0x14
 417 031a 05       		.byte	0x5
 418 031b 3901     		.2byte	0x139
 419 031d 63030000 		.4byte	0x363
 420 0321 09       		.uleb128 0x9
 421 0322 E0000000 		.4byte	.LASF48
 422 0326 05       		.byte	0x5
 423 0327 3A01     		.2byte	0x13a
 424 0329 6D070000 		.4byte	0x76d
 425 032d 00       		.byte	0
 426 032e 09       		.uleb128 0x9
 427 032f 40000000 		.4byte	.LASF51
 428 0333 05       		.byte	0x5
 429 0334 3B01     		.2byte	0x13b
 430 0336 6D070000 		.4byte	0x76d
 431 033a 04       		.byte	0x4
 432 033b 09       		.uleb128 0x9
 433 033c 13000000 		.4byte	.LASF58
 434 0340 05       		.byte	0x5
 435 0341 3C01     		.2byte	0x13c
 436 0343 47040000 		.4byte	0x447
 437 0347 08       		.byte	0x8
 438 0348 09       		.uleb128 0x9
 439 0349 30010000 		.4byte	.LASF59
 440 034d 05       		.byte	0x5
 441 034e 3D01     		.2byte	0x13d
 442 0350 EB020000 		.4byte	0x2eb
 443 0354 0C       		.byte	0xc
 444 0355 08       		.uleb128 0x8
 445 0356 70617200 		.ascii	"par\000"
 446 035a 05       		.byte	0x5
 447 035b 3F01     		.2byte	0x13f
 448 035d 07030000 		.4byte	0x307
 449 0361 10       		.byte	0x10
 450 0362 00       		.byte	0
 451 0363 04       		.uleb128 0x4
 452 0364 BD000000 		.4byte	.LASF60
 453 0368 04       		.byte	0x4
 454 0369 5B       		.byte	0x5b
 455 036a 6E030000 		.4byte	0x36e
 456 036e 0B       		.uleb128 0xb
ARM GAS  /tmp/ccfJQfzt.s 			page 9


 457 036f 9E030000 		.4byte	.LASF61
 458 0373 10       		.byte	0x10
 459 0374 05       		.byte	0x5
 460 0375 4901     		.2byte	0x149
 461 0377 B0030000 		.4byte	0x3b0
 462 037b 09       		.uleb128 0x9
 463 037c E0000000 		.4byte	.LASF48
 464 0380 05       		.byte	0x5
 465 0381 4A01     		.2byte	0x14a
 466 0383 6D070000 		.4byte	0x76d
 467 0387 00       		.byte	0
 468 0388 09       		.uleb128 0x9
 469 0389 40000000 		.4byte	.LASF51
 470 038d 05       		.byte	0x5
 471 038e 4C01     		.2byte	0x14c
 472 0390 6D070000 		.4byte	0x76d
 473 0394 04       		.byte	0x4
 474 0395 09       		.uleb128 0x9
 475 0396 13000000 		.4byte	.LASF58
 476 039a 05       		.byte	0x5
 477 039b 4E01     		.2byte	0x14e
 478 039d 47040000 		.4byte	0x447
 479 03a1 08       		.byte	0x8
 480 03a2 09       		.uleb128 0x9
 481 03a3 4A040000 		.4byte	.LASF62
 482 03a7 05       		.byte	0x5
 483 03a8 5601     		.2byte	0x156
 484 03aa 3C040000 		.4byte	0x43c
 485 03ae 0C       		.byte	0xc
 486 03af 00       		.byte	0
 487 03b0 04       		.uleb128 0x4
 488 03b1 62000000 		.4byte	.LASF63
 489 03b5 04       		.byte	0x4
 490 03b6 60       		.byte	0x60
 491 03b7 BB030000 		.4byte	0x3bb
 492 03bb 0B       		.uleb128 0xb
 493 03bc 90010000 		.4byte	.LASF64
 494 03c0 04       		.byte	0x4
 495 03c1 05       		.byte	0x5
 496 03c2 7001     		.2byte	0x170
 497 03c4 D6030000 		.4byte	0x3d6
 498 03c8 09       		.uleb128 0x9
 499 03c9 ED040000 		.4byte	.LASF65
 500 03cd 05       		.byte	0x5
 501 03ce 7801     		.2byte	0x178
 502 03d0 73070000 		.4byte	0x773
 503 03d4 00       		.byte	0
 504 03d5 00       		.byte	0
 505 03d6 04       		.uleb128 0x4
 506 03d7 25030000 		.4byte	.LASF66
 507 03db 04       		.byte	0x4
 508 03dc 65       		.byte	0x65
 509 03dd E1030000 		.4byte	0x3e1
 510 03e1 0B       		.uleb128 0xb
 511 03e2 5A040000 		.4byte	.LASF67
 512 03e6 D0       		.byte	0xd0
 513 03e7 05       		.byte	0x5
ARM GAS  /tmp/ccfJQfzt.s 			page 10


 514 03e8 9001     		.2byte	0x190
 515 03ea 3C040000 		.4byte	0x43c
 516 03ee 09       		.uleb128 0x9
 517 03ef 4B050000 		.4byte	.LASF68
 518 03f3 05       		.byte	0x5
 519 03f4 9401     		.2byte	0x194
 520 03f6 84020000 		.4byte	0x284
 521 03fa 00       		.byte	0
 522 03fb 09       		.uleb128 0x9
 523 03fc 08010000 		.4byte	.LASF69
 524 0400 05       		.byte	0x5
 525 0401 9801     		.2byte	0x198
 526 0403 63030000 		.4byte	0x363
 527 0407 1C       		.byte	0x1c
 528 0408 08       		.uleb128 0x8
 529 0409 64626700 		.ascii	"dbg\000"
 530 040d 05       		.byte	0x5
 531 040e 9C01     		.2byte	0x19c
 532 0410 B0030000 		.4byte	0x3b0
 533 0414 2C       		.byte	0x2c
 534 0415 09       		.uleb128 0x9
 535 0416 AA000000 		.4byte	.LASF70
 536 041a 05       		.byte	0x5
 537 041b A001     		.2byte	0x1a0
 538 041d 29010000 		.4byte	0x129
 539 0421 30       		.byte	0x30
 540 0422 08       		.uleb128 0x8
 541 0423 746D00   		.ascii	"tm\000"
 542 0426 05       		.byte	0x5
 543 0427 A501     		.2byte	0x1a5
 544 0429 EE050000 		.4byte	0x5ee
 545 042d 90       		.byte	0x90
 546 042e 09       		.uleb128 0x9
 547 042f 29000000 		.4byte	.LASF71
 548 0433 05       		.byte	0x5
 549 0434 AB01     		.2byte	0x1ab
 550 0436 80060000 		.4byte	0x680
 551 043a 98       		.byte	0x98
 552 043b 00       		.byte	0
 553 043c 04       		.uleb128 0x4
 554 043d DA040000 		.4byte	.LASF72
 555 0441 06       		.byte	0x6
 556 0442 6D       		.byte	0x6d
 557 0443 A5000000 		.4byte	0xa5
 558 0447 04       		.uleb128 0x4
 559 0448 B0010000 		.4byte	.LASF73
 560 044c 06       		.byte	0x6
 561 044d 79       		.byte	0x79
 562 044e A5000000 		.4byte	0xa5
 563 0452 03       		.uleb128 0x3
 564 0453 04       		.byte	0x4
 565 0454 07       		.byte	0x7
 566 0455 82030000 		.4byte	.LASF74
 567 0459 04       		.uleb128 0x4
 568 045a 87010000 		.4byte	.LASF75
 569 045e 07       		.byte	0x7
 570 045f 65       		.byte	0x65
ARM GAS  /tmp/ccfJQfzt.s 			page 11


 571 0460 07030000 		.4byte	0x307
 572 0464 04       		.uleb128 0x4
 573 0465 68030000 		.4byte	.LASF76
 574 0469 07       		.byte	0x7
 575 046a 6D       		.byte	0x6d
 576 046b B0000000 		.4byte	0xb0
 577 046f 05       		.uleb128 0x5
 578 0470 B5030000 		.4byte	.LASF77
 579 0474 04       		.byte	0x4
 580 0475 07       		.byte	0x7
 581 0476 89       		.byte	0x89
 582 0477 87040000 		.4byte	0x487
 583 047b 07       		.uleb128 0x7
 584 047c 737000   		.ascii	"sp\000"
 585 047f 07       		.byte	0x7
 586 0480 8A       		.byte	0x8a
 587 0481 D3050000 		.4byte	0x5d3
 588 0485 00       		.byte	0
 589 0486 00       		.byte	0
 590 0487 0B       		.uleb128 0xb
 591 0488 45000000 		.4byte	.LASF78
 592 048c 64       		.byte	0x64
 593 048d 08       		.byte	0x8
 594 048e 5901     		.2byte	0x159
 595 0490 D3050000 		.4byte	0x5d3
 596 0494 08       		.uleb128 0x8
 597 0495 73313600 		.ascii	"s16\000"
 598 0499 08       		.byte	0x8
 599 049a 5B01     		.2byte	0x15b
 600 049c 59040000 		.4byte	0x459
 601 04a0 00       		.byte	0
 602 04a1 08       		.uleb128 0x8
 603 04a2 73313700 		.ascii	"s17\000"
 604 04a6 08       		.byte	0x8
 605 04a7 5C01     		.2byte	0x15c
 606 04a9 59040000 		.4byte	0x459
 607 04ad 04       		.byte	0x4
 608 04ae 08       		.uleb128 0x8
 609 04af 73313800 		.ascii	"s18\000"
 610 04b3 08       		.byte	0x8
 611 04b4 5D01     		.2byte	0x15d
 612 04b6 59040000 		.4byte	0x459
 613 04ba 08       		.byte	0x8
 614 04bb 08       		.uleb128 0x8
 615 04bc 73313900 		.ascii	"s19\000"
 616 04c0 08       		.byte	0x8
 617 04c1 5E01     		.2byte	0x15e
 618 04c3 59040000 		.4byte	0x459
 619 04c7 0C       		.byte	0xc
 620 04c8 08       		.uleb128 0x8
 621 04c9 73323000 		.ascii	"s20\000"
 622 04cd 08       		.byte	0x8
 623 04ce 5F01     		.2byte	0x15f
 624 04d0 59040000 		.4byte	0x459
 625 04d4 10       		.byte	0x10
 626 04d5 08       		.uleb128 0x8
 627 04d6 73323100 		.ascii	"s21\000"
ARM GAS  /tmp/ccfJQfzt.s 			page 12


 628 04da 08       		.byte	0x8
 629 04db 6001     		.2byte	0x160
 630 04dd 59040000 		.4byte	0x459
 631 04e1 14       		.byte	0x14
 632 04e2 08       		.uleb128 0x8
 633 04e3 73323200 		.ascii	"s22\000"
 634 04e7 08       		.byte	0x8
 635 04e8 6101     		.2byte	0x161
 636 04ea 59040000 		.4byte	0x459
 637 04ee 18       		.byte	0x18
 638 04ef 08       		.uleb128 0x8
 639 04f0 73323300 		.ascii	"s23\000"
 640 04f4 08       		.byte	0x8
 641 04f5 6201     		.2byte	0x162
 642 04f7 59040000 		.4byte	0x459
 643 04fb 1C       		.byte	0x1c
 644 04fc 08       		.uleb128 0x8
 645 04fd 73323400 		.ascii	"s24\000"
 646 0501 08       		.byte	0x8
 647 0502 6301     		.2byte	0x163
 648 0504 59040000 		.4byte	0x459
 649 0508 20       		.byte	0x20
 650 0509 08       		.uleb128 0x8
 651 050a 73323500 		.ascii	"s25\000"
 652 050e 08       		.byte	0x8
 653 050f 6401     		.2byte	0x164
 654 0511 59040000 		.4byte	0x459
 655 0515 24       		.byte	0x24
 656 0516 08       		.uleb128 0x8
 657 0517 73323600 		.ascii	"s26\000"
 658 051b 08       		.byte	0x8
 659 051c 6501     		.2byte	0x165
 660 051e 59040000 		.4byte	0x459
 661 0522 28       		.byte	0x28
 662 0523 08       		.uleb128 0x8
 663 0524 73323700 		.ascii	"s27\000"
 664 0528 08       		.byte	0x8
 665 0529 6601     		.2byte	0x166
 666 052b 59040000 		.4byte	0x459
 667 052f 2C       		.byte	0x2c
 668 0530 08       		.uleb128 0x8
 669 0531 73323800 		.ascii	"s28\000"
 670 0535 08       		.byte	0x8
 671 0536 6701     		.2byte	0x167
 672 0538 59040000 		.4byte	0x459
 673 053c 30       		.byte	0x30
 674 053d 08       		.uleb128 0x8
 675 053e 73323900 		.ascii	"s29\000"
 676 0542 08       		.byte	0x8
 677 0543 6801     		.2byte	0x168
 678 0545 59040000 		.4byte	0x459
 679 0549 34       		.byte	0x34
 680 054a 08       		.uleb128 0x8
 681 054b 73333000 		.ascii	"s30\000"
 682 054f 08       		.byte	0x8
 683 0550 6901     		.2byte	0x169
 684 0552 59040000 		.4byte	0x459
ARM GAS  /tmp/ccfJQfzt.s 			page 13


 685 0556 38       		.byte	0x38
 686 0557 08       		.uleb128 0x8
 687 0558 73333100 		.ascii	"s31\000"
 688 055c 08       		.byte	0x8
 689 055d 6A01     		.2byte	0x16a
 690 055f 59040000 		.4byte	0x459
 691 0563 3C       		.byte	0x3c
 692 0564 08       		.uleb128 0x8
 693 0565 723400   		.ascii	"r4\000"
 694 0568 08       		.byte	0x8
 695 0569 6C01     		.2byte	0x16c
 696 056b 59040000 		.4byte	0x459
 697 056f 40       		.byte	0x40
 698 0570 08       		.uleb128 0x8
 699 0571 723500   		.ascii	"r5\000"
 700 0574 08       		.byte	0x8
 701 0575 6D01     		.2byte	0x16d
 702 0577 59040000 		.4byte	0x459
 703 057b 44       		.byte	0x44
 704 057c 08       		.uleb128 0x8
 705 057d 723600   		.ascii	"r6\000"
 706 0580 08       		.byte	0x8
 707 0581 6E01     		.2byte	0x16e
 708 0583 59040000 		.4byte	0x459
 709 0587 48       		.byte	0x48
 710 0588 08       		.uleb128 0x8
 711 0589 723700   		.ascii	"r7\000"
 712 058c 08       		.byte	0x8
 713 058d 6F01     		.2byte	0x16f
 714 058f 59040000 		.4byte	0x459
 715 0593 4C       		.byte	0x4c
 716 0594 08       		.uleb128 0x8
 717 0595 723800   		.ascii	"r8\000"
 718 0598 08       		.byte	0x8
 719 0599 7001     		.2byte	0x170
 720 059b 59040000 		.4byte	0x459
 721 059f 50       		.byte	0x50
 722 05a0 08       		.uleb128 0x8
 723 05a1 723900   		.ascii	"r9\000"
 724 05a4 08       		.byte	0x8
 725 05a5 7101     		.2byte	0x171
 726 05a7 59040000 		.4byte	0x459
 727 05ab 54       		.byte	0x54
 728 05ac 08       		.uleb128 0x8
 729 05ad 72313000 		.ascii	"r10\000"
 730 05b1 08       		.byte	0x8
 731 05b2 7201     		.2byte	0x172
 732 05b4 59040000 		.4byte	0x459
 733 05b8 58       		.byte	0x58
 734 05b9 08       		.uleb128 0x8
 735 05ba 72313100 		.ascii	"r11\000"
 736 05be 08       		.byte	0x8
 737 05bf 7301     		.2byte	0x173
 738 05c1 59040000 		.4byte	0x459
 739 05c5 5C       		.byte	0x5c
 740 05c6 08       		.uleb128 0x8
 741 05c7 6C7200   		.ascii	"lr\000"
ARM GAS  /tmp/ccfJQfzt.s 			page 14


 742 05ca 08       		.byte	0x8
 743 05cb 7401     		.2byte	0x174
 744 05cd 59040000 		.4byte	0x459
 745 05d1 60       		.byte	0x60
 746 05d2 00       		.byte	0
 747 05d3 0A       		.uleb128 0xa
 748 05d4 04       		.byte	0x4
 749 05d5 87040000 		.4byte	0x487
 750 05d9 0F       		.uleb128 0xf
 751 05da 04       		.byte	0x4
 752 05db 09       		.byte	0x9
 753 05dc 38       		.byte	0x38
 754 05dd EE050000 		.4byte	0x5ee
 755 05e1 06       		.uleb128 0x6
 756 05e2 F7040000 		.4byte	.LASF79
 757 05e6 09       		.byte	0x9
 758 05e7 3C       		.byte	0x3c
 759 05e8 BB000000 		.4byte	0xbb
 760 05ec 00       		.byte	0
 761 05ed 00       		.byte	0
 762 05ee 04       		.uleb128 0x4
 763 05ef C2030000 		.4byte	.LASF80
 764 05f3 09       		.byte	0x9
 765 05f4 3D       		.byte	0x3d
 766 05f5 D9050000 		.4byte	0x5d9
 767 05f9 0F       		.uleb128 0xf
 768 05fa 18       		.byte	0x18
 769 05fb 09       		.byte	0x9
 770 05fc 48       		.byte	0x48
 771 05fd 3C060000 		.4byte	0x63c
 772 0601 06       		.uleb128 0x6
 773 0602 D5040000 		.4byte	.LASF81
 774 0606 09       		.byte	0x9
 775 0607 49       		.byte	0x49
 776 0608 BB000000 		.4byte	0xbb
 777 060c 00       		.byte	0
 778 060d 06       		.uleb128 0x6
 779 060e 71000000 		.4byte	.LASF82
 780 0612 09       		.byte	0x9
 781 0613 4A       		.byte	0x4a
 782 0614 BB000000 		.4byte	0xbb
 783 0618 04       		.byte	0x4
 784 0619 06       		.uleb128 0x6
 785 061a 10030000 		.4byte	.LASF83
 786 061e 09       		.byte	0x9
 787 061f 4B       		.byte	0x4b
 788 0620 BB000000 		.4byte	0xbb
 789 0624 08       		.byte	0x8
 790 0625 07       		.uleb128 0x7
 791 0626 6E00     		.ascii	"n\000"
 792 0628 09       		.byte	0x9
 793 0629 4C       		.byte	0x4c
 794 062a 1E010000 		.4byte	0x11e
 795 062e 0C       		.byte	0xc
 796 062f 06       		.uleb128 0x6
 797 0630 EB030000 		.4byte	.LASF84
 798 0634 09       		.byte	0x9
ARM GAS  /tmp/ccfJQfzt.s 			page 15


 799 0635 4D       		.byte	0x4d
 800 0636 C6000000 		.4byte	0xc6
 801 063a 10       		.byte	0x10
 802 063b 00       		.byte	0
 803 063c 04       		.uleb128 0x4
 804 063d 77000000 		.4byte	.LASF85
 805 0641 09       		.byte	0x9
 806 0642 4E       		.byte	0x4e
 807 0643 F9050000 		.4byte	0x5f9
 808 0647 0F       		.uleb128 0xf
 809 0648 38       		.byte	0x38
 810 0649 0A       		.byte	0xa
 811 064a 38       		.byte	0x38
 812 064b 80060000 		.4byte	0x680
 813 064f 06       		.uleb128 0x6
 814 0650 C7020000 		.4byte	.LASF86
 815 0654 0A       		.byte	0xa
 816 0655 39       		.byte	0x39
 817 0656 1E010000 		.4byte	0x11e
 818 065a 00       		.byte	0
 819 065b 06       		.uleb128 0x6
 820 065c 1B040000 		.4byte	.LASF87
 821 0660 0A       		.byte	0xa
 822 0661 3A       		.byte	0x3a
 823 0662 1E010000 		.4byte	0x11e
 824 0666 04       		.byte	0x4
 825 0667 06       		.uleb128 0x6
 826 0668 7D050000 		.4byte	.LASF88
 827 066c 0A       		.byte	0xa
 828 066d 3B       		.byte	0x3b
 829 066e 3C060000 		.4byte	0x63c
 830 0672 08       		.byte	0x8
 831 0673 06       		.uleb128 0x6
 832 0674 39030000 		.4byte	.LASF89
 833 0678 0A       		.byte	0xa
 834 0679 3D       		.byte	0x3d
 835 067a 3C060000 		.4byte	0x63c
 836 067e 20       		.byte	0x20
 837 067f 00       		.byte	0
 838 0680 04       		.uleb128 0x4
 839 0681 EC020000 		.4byte	.LASF90
 840 0685 0A       		.byte	0xa
 841 0686 3F       		.byte	0x3f
 842 0687 47060000 		.4byte	0x647
 843 068b 10       		.uleb128 0x10
 844 068c 04       		.byte	0x4
 845 068d 05       		.byte	0x5
 846 068e C6       		.byte	0xc6
 847 068f ED060000 		.4byte	0x6ed
 848 0693 11       		.uleb128 0x11
 849 0694 19000000 		.4byte	.LASF91
 850 0698 05       		.byte	0x5
 851 0699 CD       		.byte	0xcd
 852 069a FD000000 		.4byte	0xfd
 853 069e 11       		.uleb128 0x11
 854 069f A1000000 		.4byte	.LASF92
 855 06a3 05       		.byte	0x5
ARM GAS  /tmp/ccfJQfzt.s 			page 16


 856 06a4 D4       		.byte	0xd4
 857 06a5 FD000000 		.4byte	0xfd
 858 06a9 11       		.uleb128 0x11
 859 06aa 5F050000 		.4byte	.LASF93
 860 06ae 05       		.byte	0x5
 861 06af DB       		.byte	0xdb
 862 06b0 07030000 		.4byte	0x307
 863 06b4 11       		.uleb128 0x11
 864 06b5 0D000000 		.4byte	.LASF94
 865 06b9 05       		.byte	0x5
 866 06ba E2       		.byte	0xe2
 867 06bb ED060000 		.4byte	0x6ed
 868 06bf 11       		.uleb128 0x11
 869 06c0 B5000000 		.4byte	.LASF95
 870 06c4 05       		.byte	0x5
 871 06c5 E7       		.byte	0xe7
 872 06c6 FD000000 		.4byte	0xfd
 873 06ca 11       		.uleb128 0x11
 874 06cb C0020000 		.4byte	.LASF96
 875 06cf 05       		.byte	0x5
 876 06d0 F0       		.byte	0xf0
 877 06d1 18070000 		.4byte	0x718
 878 06d5 11       		.uleb128 0x11
 879 06d6 8B040000 		.4byte	.LASF97
 880 06da 05       		.byte	0x5
 881 06db F9       		.byte	0xf9
 882 06dc 4F070000 		.4byte	0x74f
 883 06e0 12       		.uleb128 0x12
 884 06e1 53040000 		.4byte	.LASF98
 885 06e5 05       		.byte	0x5
 886 06e6 0101     		.2byte	0x101
 887 06e8 08010000 		.4byte	0x108
 888 06ec 00       		.byte	0
 889 06ed 0A       		.uleb128 0xa
 890 06ee 04       		.byte	0x4
 891 06ef 1F020000 		.4byte	0x21f
 892 06f3 05       		.uleb128 0x5
 893 06f4 75040000 		.4byte	.LASF99
 894 06f8 0C       		.byte	0xc
 895 06f9 0B       		.byte	0xb
 896 06fa 34       		.byte	0x34
 897 06fb 18070000 		.4byte	0x718
 898 06ff 06       		.uleb128 0x6
 899 0700 CD020000 		.4byte	.LASF28
 900 0704 0B       		.byte	0xb
 901 0705 35       		.byte	0x35
 902 0706 54020000 		.4byte	0x254
 903 070a 00       		.byte	0
 904 070b 07       		.uleb128 0x7
 905 070c 636E7400 		.ascii	"cnt\000"
 906 0710 0B       		.byte	0xb
 907 0711 37       		.byte	0x37
 908 0712 13010000 		.4byte	0x113
 909 0716 08       		.byte	0x8
 910 0717 00       		.byte	0
 911 0718 0A       		.uleb128 0xa
 912 0719 04       		.byte	0x4
ARM GAS  /tmp/ccfJQfzt.s 			page 17


 913 071a F3060000 		.4byte	0x6f3
 914 071e 05       		.uleb128 0x5
 915 071f 42050000 		.4byte	.LASF100
 916 0723 10       		.byte	0x10
 917 0724 0C       		.byte	0xc
 918 0725 39       		.byte	0x39
 919 0726 4F070000 		.4byte	0x74f
 920 072a 06       		.uleb128 0x6
 921 072b CD020000 		.4byte	.LASF28
 922 072f 0C       		.byte	0xc
 923 0730 3A       		.byte	0x3a
 924 0731 54020000 		.4byte	0x254
 925 0735 00       		.byte	0
 926 0736 06       		.uleb128 0x6
 927 0737 A2040000 		.4byte	.LASF101
 928 073b 0C       		.byte	0xc
 929 073c 3C       		.byte	0x3c
 930 073d 2A020000 		.4byte	0x22a
 931 0741 08       		.byte	0x8
 932 0742 06       		.uleb128 0x6
 933 0743 E0000000 		.4byte	.LASF48
 934 0747 0C       		.byte	0xc
 935 0748 3E       		.byte	0x3e
 936 0749 83070000 		.4byte	0x783
 937 074d 0C       		.byte	0xc
 938 074e 00       		.byte	0
 939 074f 0A       		.uleb128 0xa
 940 0750 04       		.byte	0x4
 941 0751 1E070000 		.4byte	0x71e
 942 0755 0A       		.uleb128 0xa
 943 0756 04       		.byte	0x4
 944 0757 5B070000 		.4byte	0x75b
 945 075b 13       		.uleb128 0x13
 946 075c 60070000 		.4byte	0x760
 947 0760 03       		.uleb128 0x3
 948 0761 01       		.byte	0x1
 949 0762 08       		.byte	0x8
 950 0763 C1040000 		.4byte	.LASF102
 951 0767 0A       		.uleb128 0xa
 952 0768 04       		.byte	0x4
 953 0769 64040000 		.4byte	0x464
 954 076d 0A       		.uleb128 0xa
 955 076e 04       		.byte	0x4
 956 076f 09030000 		.4byte	0x309
 957 0773 14       		.uleb128 0x14
 958 0774 55070000 		.4byte	0x755
 959 0778 04       		.uleb128 0x4
 960 0779 A8010000 		.4byte	.LASF103
 961 077d 0C       		.byte	0xc
 962 077e 34       		.byte	0x34
 963 077f 1E070000 		.4byte	0x71e
 964 0783 0A       		.uleb128 0xa
 965 0784 04       		.byte	0x4
 966 0785 78070000 		.4byte	0x778
 967 0789 03       		.uleb128 0x3
 968 078a 01       		.byte	0x1
 969 078b 02       		.byte	0x2
ARM GAS  /tmp/ccfJQfzt.s 			page 18


 970 078c 24040000 		.4byte	.LASF104
 971 0790 15       		.uleb128 0x15
 972 0791 D3000000 		.4byte	.LASF105
 973 0795 0D       		.byte	0xd
 974 0796 0408     		.2byte	0x804
 975 0798 9C070000 		.4byte	0x79c
 976 079c 14       		.uleb128 0x14
 977 079d 9A000000 		.4byte	0x9a
 978 07a1 16       		.uleb128 0x16
 979 07a2 636800   		.ascii	"ch\000"
 980 07a5 05       		.byte	0x5
 981 07a6 C701     		.2byte	0x1c7
 982 07a8 D6030000 		.4byte	0x3d6
 983 07ac 00       		.byte	0
 984              		.section	.debug_abbrev,"",%progbits
 985              	.Ldebug_abbrev0:
 986 0000 01       		.uleb128 0x1
 987 0001 11       		.uleb128 0x11
 988 0002 01       		.byte	0x1
 989 0003 25       		.uleb128 0x25
 990 0004 0E       		.uleb128 0xe
 991 0005 13       		.uleb128 0x13
 992 0006 0B       		.uleb128 0xb
 993 0007 03       		.uleb128 0x3
 994 0008 0E       		.uleb128 0xe
 995 0009 1B       		.uleb128 0x1b
 996 000a 0E       		.uleb128 0xe
 997 000b 10       		.uleb128 0x10
 998 000c 17       		.uleb128 0x17
 999 000d 00       		.byte	0
 1000 000e 00       		.byte	0
 1001 000f 02       		.uleb128 0x2
 1002 0010 24       		.uleb128 0x24
 1003 0011 00       		.byte	0
 1004 0012 0B       		.uleb128 0xb
 1005 0013 0B       		.uleb128 0xb
 1006 0014 3E       		.uleb128 0x3e
 1007 0015 0B       		.uleb128 0xb
 1008 0016 03       		.uleb128 0x3
 1009 0017 08       		.uleb128 0x8
 1010 0018 00       		.byte	0
 1011 0019 00       		.byte	0
 1012 001a 03       		.uleb128 0x3
 1013 001b 24       		.uleb128 0x24
 1014 001c 00       		.byte	0
 1015 001d 0B       		.uleb128 0xb
 1016 001e 0B       		.uleb128 0xb
 1017 001f 3E       		.uleb128 0x3e
 1018 0020 0B       		.uleb128 0xb
 1019 0021 03       		.uleb128 0x3
 1020 0022 0E       		.uleb128 0xe
 1021 0023 00       		.byte	0
 1022 0024 00       		.byte	0
 1023 0025 04       		.uleb128 0x4
 1024 0026 16       		.uleb128 0x16
 1025 0027 00       		.byte	0
 1026 0028 03       		.uleb128 0x3
ARM GAS  /tmp/ccfJQfzt.s 			page 19


 1027 0029 0E       		.uleb128 0xe
 1028 002a 3A       		.uleb128 0x3a
 1029 002b 0B       		.uleb128 0xb
 1030 002c 3B       		.uleb128 0x3b
 1031 002d 0B       		.uleb128 0xb
 1032 002e 49       		.uleb128 0x49
 1033 002f 13       		.uleb128 0x13
 1034 0030 00       		.byte	0
 1035 0031 00       		.byte	0
 1036 0032 05       		.uleb128 0x5
 1037 0033 13       		.uleb128 0x13
 1038 0034 01       		.byte	0x1
 1039 0035 03       		.uleb128 0x3
 1040 0036 0E       		.uleb128 0xe
 1041 0037 0B       		.uleb128 0xb
 1042 0038 0B       		.uleb128 0xb
 1043 0039 3A       		.uleb128 0x3a
 1044 003a 0B       		.uleb128 0xb
 1045 003b 3B       		.uleb128 0x3b
 1046 003c 0B       		.uleb128 0xb
 1047 003d 01       		.uleb128 0x1
 1048 003e 13       		.uleb128 0x13
 1049 003f 00       		.byte	0
 1050 0040 00       		.byte	0
 1051 0041 06       		.uleb128 0x6
 1052 0042 0D       		.uleb128 0xd
 1053 0043 00       		.byte	0
 1054 0044 03       		.uleb128 0x3
 1055 0045 0E       		.uleb128 0xe
 1056 0046 3A       		.uleb128 0x3a
 1057 0047 0B       		.uleb128 0xb
 1058 0048 3B       		.uleb128 0x3b
 1059 0049 0B       		.uleb128 0xb
 1060 004a 49       		.uleb128 0x49
 1061 004b 13       		.uleb128 0x13
 1062 004c 38       		.uleb128 0x38
 1063 004d 0B       		.uleb128 0xb
 1064 004e 00       		.byte	0
 1065 004f 00       		.byte	0
 1066 0050 07       		.uleb128 0x7
 1067 0051 0D       		.uleb128 0xd
 1068 0052 00       		.byte	0
 1069 0053 03       		.uleb128 0x3
 1070 0054 08       		.uleb128 0x8
 1071 0055 3A       		.uleb128 0x3a
 1072 0056 0B       		.uleb128 0xb
 1073 0057 3B       		.uleb128 0x3b
 1074 0058 0B       		.uleb128 0xb
 1075 0059 49       		.uleb128 0x49
 1076 005a 13       		.uleb128 0x13
 1077 005b 38       		.uleb128 0x38
 1078 005c 0B       		.uleb128 0xb
 1079 005d 00       		.byte	0
 1080 005e 00       		.byte	0
 1081 005f 08       		.uleb128 0x8
 1082 0060 0D       		.uleb128 0xd
 1083 0061 00       		.byte	0
ARM GAS  /tmp/ccfJQfzt.s 			page 20


 1084 0062 03       		.uleb128 0x3
 1085 0063 08       		.uleb128 0x8
 1086 0064 3A       		.uleb128 0x3a
 1087 0065 0B       		.uleb128 0xb
 1088 0066 3B       		.uleb128 0x3b
 1089 0067 05       		.uleb128 0x5
 1090 0068 49       		.uleb128 0x49
 1091 0069 13       		.uleb128 0x13
 1092 006a 38       		.uleb128 0x38
 1093 006b 0B       		.uleb128 0xb
 1094 006c 00       		.byte	0
 1095 006d 00       		.byte	0
 1096 006e 09       		.uleb128 0x9
 1097 006f 0D       		.uleb128 0xd
 1098 0070 00       		.byte	0
 1099 0071 03       		.uleb128 0x3
 1100 0072 0E       		.uleb128 0xe
 1101 0073 3A       		.uleb128 0x3a
 1102 0074 0B       		.uleb128 0xb
 1103 0075 3B       		.uleb128 0x3b
 1104 0076 05       		.uleb128 0x5
 1105 0077 49       		.uleb128 0x49
 1106 0078 13       		.uleb128 0x13
 1107 0079 38       		.uleb128 0x38
 1108 007a 0B       		.uleb128 0xb
 1109 007b 00       		.byte	0
 1110 007c 00       		.byte	0
 1111 007d 0A       		.uleb128 0xa
 1112 007e 0F       		.uleb128 0xf
 1113 007f 00       		.byte	0
 1114 0080 0B       		.uleb128 0xb
 1115 0081 0B       		.uleb128 0xb
 1116 0082 49       		.uleb128 0x49
 1117 0083 13       		.uleb128 0x13
 1118 0084 00       		.byte	0
 1119 0085 00       		.byte	0
 1120 0086 0B       		.uleb128 0xb
 1121 0087 13       		.uleb128 0x13
 1122 0088 01       		.byte	0x1
 1123 0089 03       		.uleb128 0x3
 1124 008a 0E       		.uleb128 0xe
 1125 008b 0B       		.uleb128 0xb
 1126 008c 0B       		.uleb128 0xb
 1127 008d 3A       		.uleb128 0x3a
 1128 008e 0B       		.uleb128 0xb
 1129 008f 3B       		.uleb128 0x3b
 1130 0090 05       		.uleb128 0x5
 1131 0091 01       		.uleb128 0x1
 1132 0092 13       		.uleb128 0x13
 1133 0093 00       		.byte	0
 1134 0094 00       		.byte	0
 1135 0095 0C       		.uleb128 0xc
 1136 0096 15       		.uleb128 0x15
 1137 0097 01       		.byte	0x1
 1138 0098 27       		.uleb128 0x27
 1139 0099 19       		.uleb128 0x19
 1140 009a 01       		.uleb128 0x1
ARM GAS  /tmp/ccfJQfzt.s 			page 21


 1141 009b 13       		.uleb128 0x13
 1142 009c 00       		.byte	0
 1143 009d 00       		.byte	0
 1144 009e 0D       		.uleb128 0xd
 1145 009f 05       		.uleb128 0x5
 1146 00a0 00       		.byte	0
 1147 00a1 49       		.uleb128 0x49
 1148 00a2 13       		.uleb128 0x13
 1149 00a3 00       		.byte	0
 1150 00a4 00       		.byte	0
 1151 00a5 0E       		.uleb128 0xe
 1152 00a6 0F       		.uleb128 0xf
 1153 00a7 00       		.byte	0
 1154 00a8 0B       		.uleb128 0xb
 1155 00a9 0B       		.uleb128 0xb
 1156 00aa 00       		.byte	0
 1157 00ab 00       		.byte	0
 1158 00ac 0F       		.uleb128 0xf
 1159 00ad 13       		.uleb128 0x13
 1160 00ae 01       		.byte	0x1
 1161 00af 0B       		.uleb128 0xb
 1162 00b0 0B       		.uleb128 0xb
 1163 00b1 3A       		.uleb128 0x3a
 1164 00b2 0B       		.uleb128 0xb
 1165 00b3 3B       		.uleb128 0x3b
 1166 00b4 0B       		.uleb128 0xb
 1167 00b5 01       		.uleb128 0x1
 1168 00b6 13       		.uleb128 0x13
 1169 00b7 00       		.byte	0
 1170 00b8 00       		.byte	0
 1171 00b9 10       		.uleb128 0x10
 1172 00ba 17       		.uleb128 0x17
 1173 00bb 01       		.byte	0x1
 1174 00bc 0B       		.uleb128 0xb
 1175 00bd 0B       		.uleb128 0xb
 1176 00be 3A       		.uleb128 0x3a
 1177 00bf 0B       		.uleb128 0xb
 1178 00c0 3B       		.uleb128 0x3b
 1179 00c1 0B       		.uleb128 0xb
 1180 00c2 01       		.uleb128 0x1
 1181 00c3 13       		.uleb128 0x13
 1182 00c4 00       		.byte	0
 1183 00c5 00       		.byte	0
 1184 00c6 11       		.uleb128 0x11
 1185 00c7 0D       		.uleb128 0xd
 1186 00c8 00       		.byte	0
 1187 00c9 03       		.uleb128 0x3
 1188 00ca 0E       		.uleb128 0xe
 1189 00cb 3A       		.uleb128 0x3a
 1190 00cc 0B       		.uleb128 0xb
 1191 00cd 3B       		.uleb128 0x3b
 1192 00ce 0B       		.uleb128 0xb
 1193 00cf 49       		.uleb128 0x49
 1194 00d0 13       		.uleb128 0x13
 1195 00d1 00       		.byte	0
 1196 00d2 00       		.byte	0
 1197 00d3 12       		.uleb128 0x12
ARM GAS  /tmp/ccfJQfzt.s 			page 22


 1198 00d4 0D       		.uleb128 0xd
 1199 00d5 00       		.byte	0
 1200 00d6 03       		.uleb128 0x3
 1201 00d7 0E       		.uleb128 0xe
 1202 00d8 3A       		.uleb128 0x3a
 1203 00d9 0B       		.uleb128 0xb
 1204 00da 3B       		.uleb128 0x3b
 1205 00db 05       		.uleb128 0x5
 1206 00dc 49       		.uleb128 0x49
 1207 00dd 13       		.uleb128 0x13
 1208 00de 00       		.byte	0
 1209 00df 00       		.byte	0
 1210 00e0 13       		.uleb128 0x13
 1211 00e1 26       		.uleb128 0x26
 1212 00e2 00       		.byte	0
 1213 00e3 49       		.uleb128 0x49
 1214 00e4 13       		.uleb128 0x13
 1215 00e5 00       		.byte	0
 1216 00e6 00       		.byte	0
 1217 00e7 14       		.uleb128 0x14
 1218 00e8 35       		.uleb128 0x35
 1219 00e9 00       		.byte	0
 1220 00ea 49       		.uleb128 0x49
 1221 00eb 13       		.uleb128 0x13
 1222 00ec 00       		.byte	0
 1223 00ed 00       		.byte	0
 1224 00ee 15       		.uleb128 0x15
 1225 00ef 34       		.uleb128 0x34
 1226 00f0 00       		.byte	0
 1227 00f1 03       		.uleb128 0x3
 1228 00f2 0E       		.uleb128 0xe
 1229 00f3 3A       		.uleb128 0x3a
 1230 00f4 0B       		.uleb128 0xb
 1231 00f5 3B       		.uleb128 0x3b
 1232 00f6 05       		.uleb128 0x5
 1233 00f7 49       		.uleb128 0x49
 1234 00f8 13       		.uleb128 0x13
 1235 00f9 3F       		.uleb128 0x3f
 1236 00fa 19       		.uleb128 0x19
 1237 00fb 3C       		.uleb128 0x3c
 1238 00fc 19       		.uleb128 0x19
 1239 00fd 00       		.byte	0
 1240 00fe 00       		.byte	0
 1241 00ff 16       		.uleb128 0x16
 1242 0100 34       		.uleb128 0x34
 1243 0101 00       		.byte	0
 1244 0102 03       		.uleb128 0x3
 1245 0103 08       		.uleb128 0x8
 1246 0104 3A       		.uleb128 0x3a
 1247 0105 0B       		.uleb128 0xb
 1248 0106 3B       		.uleb128 0x3b
 1249 0107 05       		.uleb128 0x5
 1250 0108 49       		.uleb128 0x49
 1251 0109 13       		.uleb128 0x13
 1252 010a 3F       		.uleb128 0x3f
 1253 010b 19       		.uleb128 0x19
 1254 010c 3C       		.uleb128 0x3c
ARM GAS  /tmp/ccfJQfzt.s 			page 23


 1255 010d 19       		.uleb128 0x19
 1256 010e 00       		.byte	0
 1257 010f 00       		.byte	0
 1258 0110 00       		.byte	0
 1259              		.section	.debug_aranges,"",%progbits
 1260 0000 14000000 		.4byte	0x14
 1261 0004 0200     		.2byte	0x2
 1262 0006 00000000 		.4byte	.Ldebug_info0
 1263 000a 04       		.byte	0x4
 1264 000b 00       		.byte	0
 1265 000c 0000     		.2byte	0
 1266 000e 0000     		.2byte	0
 1267 0010 00000000 		.4byte	0
 1268 0014 00000000 		.4byte	0
 1269              		.section	.debug_line,"",%progbits
 1270              	.Ldebug_line0:
 1271 0000 C1010000 		.section	.debug_str,"MS",%progbits,1
 1271      0200BB01 
 1271      00000201 
 1271      FB0E0D00 
 1271      01010101 
 1272              	.LASF52:
 1273 0000 72656164 		.ascii	"ready_list_t\000"
 1273      795F6C69 
 1273      73745F74 
 1273      00
 1274              	.LASF94:
 1275 000d 77747472 		.ascii	"wttrp\000"
 1275      7000
 1276              	.LASF58:
 1277 0013 64656C74 		.ascii	"delta\000"
 1277      6100
 1278              	.LASF91:
 1279 0019 7264796D 		.ascii	"rdymsg\000"
 1279      736700
 1280              	.LASF16:
 1281 0020 75696E74 		.ascii	"uint64_t\000"
 1281      36345F74 
 1281      00
 1282              	.LASF71:
 1283 0029 6B65726E 		.ascii	"kernel_stats\000"
 1283      656C5F73 
 1283      74617473 
 1283      00
 1284              	.LASF5:
 1285 0036 5F5F7569 		.ascii	"__uint8_t\000"
 1285      6E74385F 
 1285      7400
 1286              	.LASF51:
 1287 0040 70726576 		.ascii	"prev\000"
 1287      00
 1288              	.LASF78:
 1289 0045 706F7274 		.ascii	"port_intctx\000"
 1289      5F696E74 
 1289      63747800 
 1290              	.LASF50:
 1291 0051 63685F74 		.ascii	"ch_threads_queue\000"
ARM GAS  /tmp/ccfJQfzt.s 			page 24


 1291      68726561 
 1291      64735F71 
 1291      75657565 
 1291      00
 1292              	.LASF63:
 1293 0062 73797374 		.ascii	"system_debug_t\000"
 1293      656D5F64 
 1293      65627567 
 1293      5F7400
 1294              	.LASF82:
 1295 0071 776F7273 		.ascii	"worst\000"
 1295      7400
 1296              	.LASF85:
 1297 0077 74696D65 		.ascii	"time_measurement_t\000"
 1297      5F6D6561 
 1297      73757265 
 1297      6D656E74 
 1297      5F7400
 1298              	.LASF12:
 1299 008a 6C6F6E67 		.ascii	"long long unsigned int\000"
 1299      206C6F6E 
 1299      6720756E 
 1299      7369676E 
 1299      65642069 
 1300              	.LASF92:
 1301 00a1 65786974 		.ascii	"exitcode\000"
 1301      636F6465 
 1301      00
 1302              	.LASF70:
 1303 00aa 6D61696E 		.ascii	"mainthread\000"
 1303      74687265 
 1303      616400
 1304              	.LASF95:
 1305 00b5 73656E74 		.ascii	"sentmsg\000"
 1305      6D736700 
 1306              	.LASF60:
 1307 00bd 76697274 		.ascii	"virtual_timers_list_t\000"
 1307      75616C5F 
 1307      74696D65 
 1307      72735F6C 
 1307      6973745F 
 1308              	.LASF105:
 1309 00d3 49544D5F 		.ascii	"ITM_RxBuffer\000"
 1309      52784275 
 1309      66666572 
 1309      00
 1310              	.LASF48:
 1311 00e0 6E657874 		.ascii	"next\000"
 1311      00
 1312              	.LASF18:
 1313 00e5 72747469 		.ascii	"rttime_t\000"
 1313      6D655F74 
 1313      00
 1314              	.LASF10:
 1315 00ee 6C6F6E67 		.ascii	"long long int\000"
 1315      206C6F6E 
 1315      6720696E 
ARM GAS  /tmp/ccfJQfzt.s 			page 25


 1315      7400
 1316              	.LASF1:
 1317 00fc 7369676E 		.ascii	"signed char\000"
 1317      65642063 
 1317      68617200 
 1318              	.LASF69:
 1319 0108 76746C69 		.ascii	"vtlist\000"
 1319      737400
 1320              	.LASF38:
 1321 010f 6D736771 		.ascii	"msgqueue\000"
 1321      75657565 
 1321      00
 1322              	.LASF34:
 1323 0118 73746174 		.ascii	"state\000"
 1323      6500
 1324              	.LASF7:
 1325 011e 6C6F6E67 		.ascii	"long int\000"
 1325      20696E74 
 1325      00
 1326              	.LASF20:
 1327 0127 74737461 		.ascii	"tstate_t\000"
 1327      74655F74 
 1327      00
 1328              	.LASF59:
 1329 0130 66756E63 		.ascii	"func\000"
 1329      00
 1330              	.LASF43:
 1331 0135 73746174 		.ascii	"stats\000"
 1331      7300
 1332              	.LASF107:
 1333 013b 2E2E2F2E 		.ascii	"../../modules/ChibiOS/os/hal/ports/STM32/LLD/CANv1/"
 1333      2E2F6D6F 
 1333      64756C65 
 1333      732F4368 
 1333      6962694F 
 1334 016e 68616C5F 		.ascii	"hal_can_lld.c\000"
 1334      63616E5F 
 1334      6C6C642E 
 1334      6300
 1335              	.LASF8:
 1336 017c 5F5F7569 		.ascii	"__uint32_t\000"
 1336      6E743332 
 1336      5F7400
 1337              	.LASF75:
 1338 0187 72656761 		.ascii	"regarm_t\000"
 1338      726D5F74 
 1338      00
 1339              	.LASF64:
 1340 0190 63685F73 		.ascii	"ch_system_debug\000"
 1340      79737465 
 1340      6D5F6465 
 1340      62756700 
 1341              	.LASF37:
 1342 01a0 77616974 		.ascii	"waiting\000"
 1342      696E6700 
 1343              	.LASF103:
 1344 01a8 6D757465 		.ascii	"mutex_t\000"
ARM GAS  /tmp/ccfJQfzt.s 			page 26


 1344      785F7400 
 1345              	.LASF73:
 1346 01b0 73797369 		.ascii	"sysinterval_t\000"
 1346      6E746572 
 1346      76616C5F 
 1346      7400
 1347              	.LASF25:
 1348 01be 636E745F 		.ascii	"cnt_t\000"
 1348      7400
 1349              	.LASF0:
 1350 01c4 756E7369 		.ascii	"unsigned int\000"
 1350      676E6564 
 1350      20696E74 
 1350      00
 1351              	.LASF106:
 1352 01d1 474E5520 		.ascii	"GNU C 4.9.3 20150529 (prerelease) -mcpu=cortex-m4 -"
 1352      4320342E 
 1352      392E3320 
 1352      32303135 
 1352      30353239 
 1353 0204 6D666C6F 		.ascii	"mfloat-abi=hard -mfpu=fpv4-sp-d16 -mno-thumb-interw"
 1353      61742D61 
 1353      62693D68 
 1353      61726420 
 1353      2D6D6670 
 1354 0237 6F726B20 		.ascii	"ork -mthumb -g -Os -fomit-frame-pointer -falign-fun"
 1354      2D6D7468 
 1354      756D6220 
 1354      2D67202D 
 1354      4F73202D 
 1355 026a 6374696F 		.ascii	"ctions=16 -ffunction-sections -fdata-sections -fno-"
 1355      6E733D31 
 1355      36202D66 
 1355      66756E63 
 1355      74696F6E 
 1356 029d 636F6D6D 		.ascii	"common -fsingle-precision-constant\000"
 1356      6F6E202D 
 1356      6673696E 
 1356      676C652D 
 1356      70726563 
 1357              	.LASF96:
 1358 02c0 77747365 		.ascii	"wtsemp\000"
 1358      6D7000
 1359              	.LASF86:
 1360 02c7 6E5F6972 		.ascii	"n_irq\000"
 1360      7100
 1361              	.LASF28:
 1362 02cd 71756575 		.ascii	"queue\000"
 1362      6500
 1363              	.LASF42:
 1364 02d3 6D706F6F 		.ascii	"mpool\000"
 1364      6C00
 1365              	.LASF4:
 1366 02d9 73686F72 		.ascii	"short unsigned int\000"
 1366      7420756E 
 1366      7369676E 
 1366      65642069 
ARM GAS  /tmp/ccfJQfzt.s 			page 27


 1366      6E7400
 1367              	.LASF90:
 1368 02ec 6B65726E 		.ascii	"kernel_stats_t\000"
 1368      656C5F73 
 1368      74617473 
 1368      5F7400
 1369              	.LASF32:
 1370 02fb 6E616D65 		.ascii	"name\000"
 1370      00
 1371              	.LASF46:
 1372 0300 63685F74 		.ascii	"ch_thread\000"
 1372      68726561 
 1372      6400
 1373              	.LASF23:
 1374 030a 6D73675F 		.ascii	"msg_t\000"
 1374      7400
 1375              	.LASF83:
 1376 0310 6C617374 		.ascii	"last\000"
 1376      00
 1377              	.LASF26:
 1378 0315 75636E74 		.ascii	"ucnt_t\000"
 1378      5F7400
 1379              	.LASF39:
 1380 031c 6570656E 		.ascii	"epending\000"
 1380      64696E67 
 1380      00
 1381              	.LASF66:
 1382 0325 63685F73 		.ascii	"ch_system_t\000"
 1382      79737465 
 1382      6D5F7400 
 1383              	.LASF19:
 1384 0331 746D6F64 		.ascii	"tmode_t\000"
 1384      655F7400 
 1385              	.LASF89:
 1386 0339 6D5F6372 		.ascii	"m_crit_isr\000"
 1386      69745F69 
 1386      737200
 1387              	.LASF53:
 1388 0344 63685F72 		.ascii	"ch_ready_list\000"
 1388      65616479 
 1388      5F6C6973 
 1388      7400
 1389              	.LASF24:
 1390 0352 6576656E 		.ascii	"eventmask_t\000"
 1390      746D6173 
 1390      6B5F7400 
 1391              	.LASF6:
 1392 035e 5F5F696E 		.ascii	"__int32_t\000"
 1392      7433325F 
 1392      7400
 1393              	.LASF76:
 1394 0368 73746B61 		.ascii	"stkalign_t\000"
 1394      6C69676E 
 1394      5F7400
 1395              	.LASF30:
 1396 0373 6E657765 		.ascii	"newer\000"
 1396      7200
ARM GAS  /tmp/ccfJQfzt.s 			page 28


 1397              	.LASF41:
 1398 0379 7265616C 		.ascii	"realprio\000"
 1398      7072696F 
 1398      00
 1399              	.LASF74:
 1400 0382 73697A65 		.ascii	"sizetype\000"
 1400      74797065 
 1400      00
 1401              	.LASF44:
 1402 038b 74687265 		.ascii	"thread_reference_t\000"
 1402      61645F72 
 1402      65666572 
 1402      656E6365 
 1402      5F7400
 1403              	.LASF61:
 1404 039e 63685F76 		.ascii	"ch_virtual_timers_list\000"
 1404      69727475 
 1404      616C5F74 
 1404      696D6572 
 1404      735F6C69 
 1405              	.LASF77:
 1406 03b5 706F7274 		.ascii	"port_context\000"
 1406      5F636F6E 
 1406      74657874 
 1406      00
 1407              	.LASF80:
 1408 03c2 746D5F63 		.ascii	"tm_calibration_t\000"
 1408      616C6962 
 1408      72617469 
 1408      6F6E5F74 
 1408      00
 1409              	.LASF29:
 1410 03d3 7072696F 		.ascii	"prio\000"
 1410      00
 1411              	.LASF54:
 1412 03d8 63757272 		.ascii	"current\000"
 1412      656E7400 
 1413              	.LASF11:
 1414 03e0 5F5F7569 		.ascii	"__uint64_t\000"
 1414      6E743634 
 1414      5F7400
 1415              	.LASF84:
 1416 03eb 63756D75 		.ascii	"cumulative\000"
 1416      6C617469 
 1416      766500
 1417              	.LASF21:
 1418 03f6 74726566 		.ascii	"trefs_t\000"
 1418      735F7400 
 1419              	.LASF36:
 1420 03fe 72656673 		.ascii	"refs\000"
 1420      00
 1421              	.LASF56:
 1422 0403 76697274 		.ascii	"virtual_timer_t\000"
 1422      75616C5F 
 1422      74696D65 
 1422      725F7400 
 1423              	.LASF22:
ARM GAS  /tmp/ccfJQfzt.s 			page 29


 1424 0413 74707269 		.ascii	"tprio_t\000"
 1424      6F5F7400 
 1425              	.LASF87:
 1426 041b 6E5F6374 		.ascii	"n_ctxswc\000"
 1426      78737763 
 1426      00
 1427              	.LASF104:
 1428 0424 5F426F6F 		.ascii	"_Bool\000"
 1428      6C00
 1429              	.LASF14:
 1430 042a 696E7433 		.ascii	"int32_t\000"
 1430      325F7400 
 1431              	.LASF2:
 1432 0432 756E7369 		.ascii	"unsigned char\000"
 1432      676E6564 
 1432      20636861 
 1432      7200
 1433              	.LASF3:
 1434 0440 73686F72 		.ascii	"short int\000"
 1434      7420696E 
 1434      7400
 1435              	.LASF62:
 1436 044a 6C617374 		.ascii	"lasttime\000"
 1436      74696D65 
 1436      00
 1437              	.LASF98:
 1438 0453 65776D61 		.ascii	"ewmask\000"
 1438      736B00
 1439              	.LASF67:
 1440 045a 63685F73 		.ascii	"ch_system\000"
 1440      79737465 
 1440      6D00
 1441              	.LASF57:
 1442 0464 63685F76 		.ascii	"ch_virtual_timer\000"
 1442      69727475 
 1442      616C5F74 
 1442      696D6572 
 1442      00
 1443              	.LASF99:
 1444 0475 63685F73 		.ascii	"ch_semaphore\000"
 1444      656D6170 
 1444      686F7265 
 1444      00
 1445              	.LASF15:
 1446 0482 75696E74 		.ascii	"uint32_t\000"
 1446      33325F74 
 1446      00
 1447              	.LASF97:
 1448 048b 77746D74 		.ascii	"wtmtxp\000"
 1448      787000
 1449              	.LASF47:
 1450 0492 63685F74 		.ascii	"ch_threads_list\000"
 1450      68726561 
 1450      64735F6C 
 1450      69737400 
 1451              	.LASF101:
 1452 04a2 6F776E65 		.ascii	"owner\000"
ARM GAS  /tmp/ccfJQfzt.s 			page 30


 1452      7200
 1453              	.LASF9:
 1454 04a8 6C6F6E67 		.ascii	"long unsigned int\000"
 1454      20756E73 
 1454      69676E65 
 1454      6420696E 
 1454      7400
 1455              	.LASF33:
 1456 04ba 77616261 		.ascii	"wabase\000"
 1456      736500
 1457              	.LASF102:
 1458 04c1 63686172 		.ascii	"char\000"
 1458      00
 1459              	.LASF31:
 1460 04c6 6F6C6465 		.ascii	"older\000"
 1460      7200
 1461              	.LASF27:
 1462 04cc 74687265 		.ascii	"thread_t\000"
 1462      61645F74 
 1462      00
 1463              	.LASF81:
 1464 04d5 62657374 		.ascii	"best\000"
 1464      00
 1465              	.LASF72:
 1466 04da 73797374 		.ascii	"systime_t\000"
 1466      696D655F 
 1466      7400
 1467              	.LASF55:
 1468 04e4 76746675 		.ascii	"vtfunc_t\000"
 1468      6E635F74 
 1468      00
 1469              	.LASF65:
 1470 04ed 70616E69 		.ascii	"panic_msg\000"
 1470      635F6D73 
 1470      6700
 1471              	.LASF79:
 1472 04f7 6F666673 		.ascii	"offset\000"
 1472      657400
 1473              	.LASF108:
 1474 04fe 2F686F6D 		.ascii	"/home/kozinalexey/f4by/ardupilot/build/F4BY\000"
 1474      652F6B6F 
 1474      7A696E61 
 1474      6C657865 
 1474      792F6634 
 1475              	.LASF17:
 1476 052a 7274636E 		.ascii	"rtcnt_t\000"
 1476      745F7400 
 1477              	.LASF49:
 1478 0532 74687265 		.ascii	"threads_queue_t\000"
 1478      6164735F 
 1478      71756575 
 1478      655F7400 
 1479              	.LASF100:
 1480 0542 63685F6D 		.ascii	"ch_mutex\000"
 1480      75746578 
 1480      00
 1481              	.LASF68:
ARM GAS  /tmp/ccfJQfzt.s 			page 31


 1482 054b 726C6973 		.ascii	"rlist\000"
 1482      7400
 1483              	.LASF13:
 1484 0551 75696E74 		.ascii	"uint8_t\000"
 1484      385F7400 
 1485              	.LASF35:
 1486 0559 666C6167 		.ascii	"flags\000"
 1486      7300
 1487              	.LASF93:
 1488 055f 77746F62 		.ascii	"wtobjp\000"
 1488      6A7000
 1489              	.LASF45:
 1490 0566 74687265 		.ascii	"threads_list_t\000"
 1490      6164735F 
 1490      6C697374 
 1490      5F7400
 1491              	.LASF40:
 1492 0575 6D74786C 		.ascii	"mtxlist\000"
 1492      69737400 
 1493              	.LASF88:
 1494 057d 6D5F6372 		.ascii	"m_crit_thd\000"
 1494      69745F74 
 1494      686400
 1495              		.ident	"GCC: (15:4.9.3+svn231177-1) 4.9.3 20150529 (prerelease)"
ARM GAS  /tmp/ccfJQfzt.s 			page 32


DEFINED SYMBOLS
                            *ABS*:0000000000000000 hal_can_lld.c

NO UNDEFINED SYMBOLS
