ARM GAS  /tmp/ccSzSxld.s 			page 1


   1              		.syntax unified
   2              		.cpu cortex-m4
   3              		.eabi_attribute 27, 1
   4              		.eabi_attribute 28, 1
   5              		.fpu fpv4-sp-d16
   6              		.eabi_attribute 20, 1
   7              		.eabi_attribute 21, 1
   8              		.eabi_attribute 23, 3
   9              		.eabi_attribute 24, 1
  10              		.eabi_attribute 25, 1
  11              		.eabi_attribute 26, 1
  12              		.eabi_attribute 30, 4
  13              		.eabi_attribute 34, 1
  14              		.eabi_attribute 18, 4
  15              		.thumb
  16              		.file	"nullstreams.c"
  17              		.text
  18              	.Ltext0:
  19              		.cfi_sections	.debug_frame
  20              		.section	.text.writes,"ax",%progbits
  21              		.align	1
  22              		.thumb
  23              		.thumb_func
  24              		.type	writes, %function
  25              	writes:
  26              	.LFB323:
  27              		.file 1 "../../modules/ChibiOS/os/hal/lib/streams/nullstreams.c"
  28              		.loc 1 45 0
  29              		.cfi_startproc
  30              		@ args = 0, pretend = 0, frame = 0
  31              		@ frame_needed = 0, uses_anonymous_args = 0
  32              		@ link register save eliminated.
  33              	.LVL0:
  34              		.loc 1 51 0
  35 0000 1046     		mov	r0, r2
  36              	.LVL1:
  37 0002 7047     		bx	lr
  38              		.cfi_endproc
  39              	.LFE323:
  40              		.size	writes, .-writes
  41              		.section	.text.reads,"ax",%progbits
  42              		.align	1
  43              		.thumb
  44              		.thumb_func
  45              		.type	reads, %function
  46              	reads:
  47              	.LFB324:
  48              		.loc 1 53 0
  49              		.cfi_startproc
  50              		@ args = 0, pretend = 0, frame = 0
  51              		@ frame_needed = 0, uses_anonymous_args = 0
  52              		@ link register save eliminated.
  53              	.LVL2:
  54              		.loc 1 60 0
  55 0000 0020     		movs	r0, #0
  56              	.LVL3:
  57 0002 7047     		bx	lr
ARM GAS  /tmp/ccSzSxld.s 			page 2


  58              		.cfi_endproc
  59              	.LFE324:
  60              		.size	reads, .-reads
  61              		.section	.text.put,"ax",%progbits
  62              		.align	1
  63              		.thumb
  64              		.thumb_func
  65              		.type	put, %function
  66              	put:
  67              	.LFB325:
  68              		.loc 1 62 0
  69              		.cfi_startproc
  70              		@ args = 0, pretend = 0, frame = 0
  71              		@ frame_needed = 0, uses_anonymous_args = 0
  72              		@ link register save eliminated.
  73              	.LVL4:
  74              		.loc 1 68 0
  75 0000 0020     		movs	r0, #0
  76              	.LVL5:
  77 0002 7047     		bx	lr
  78              		.cfi_endproc
  79              	.LFE325:
  80              		.size	put, .-put
  81              		.section	.text.get,"ax",%progbits
  82              		.align	1
  83              		.thumb
  84              		.thumb_func
  85              		.type	get, %function
  86              	get:
  87              	.LFB326:
  88              		.loc 1 70 0
  89              		.cfi_startproc
  90              		@ args = 0, pretend = 0, frame = 0
  91              		@ frame_needed = 0, uses_anonymous_args = 0
  92              		@ link register save eliminated.
  93              	.LVL6:
  94              		.loc 1 75 0
  95 0000 0420     		movs	r0, #4
  96              	.LVL7:
  97 0002 7047     		bx	lr
  98              		.cfi_endproc
  99              	.LFE326:
 100              		.size	get, .-get
 101              		.section	.text.nullObjectInit,"ax",%progbits
 102              		.align	1
 103              		.global	nullObjectInit
 104              		.thumb
 105              		.thumb_func
 106              		.type	nullObjectInit, %function
 107              	nullObjectInit:
 108              	.LFB327:
 109              		.loc 1 88 0
 110              		.cfi_startproc
 111              		@ args = 0, pretend = 0, frame = 0
 112              		@ frame_needed = 0, uses_anonymous_args = 0
 113              		@ link register save eliminated.
 114              	.LVL8:
ARM GAS  /tmp/ccSzSxld.s 			page 3


 115              		.loc 1 90 0
 116 0000 014B     		ldr	r3, .L6
 117 0002 0360     		str	r3, [r0]
 118 0004 7047     		bx	lr
 119              	.L7:
 120 0006 00BF     		.align	2
 121              	.L6:
 122 0008 00000000 		.word	.LANCHOR0
 123              		.cfi_endproc
 124              	.LFE327:
 125              		.size	nullObjectInit, .-nullObjectInit
 126              		.section	.rodata.vmt,"a",%progbits
 127              		.align	2
 128              		.set	.LANCHOR0,. + 0
 129              		.type	vmt, %object
 130              		.size	vmt, 20
 131              	vmt:
 132 0000 00000000 		.word	0
 133 0004 00000000 		.word	writes
 134 0008 00000000 		.word	reads
 135 000c 00000000 		.word	put
 136 0010 00000000 		.word	get
 137              		.text
 138              	.Letext0:
 139              		.file 2 "/usr/lib/gcc/arm-none-eabi/4.9.3/include/stddef.h"
 140              		.file 3 "/usr/include/newlib/machine/_default_types.h"
 141              		.file 4 "/usr/include/newlib/sys/_stdint.h"
 142              		.file 5 "../../modules/ChibiOS/os/common/ports/ARMCMx/compilers/GCC/chtypes.h"
 143              		.file 6 "../../modules/ChibiOS/os/rt/include/chsystypes.h"
 144              		.file 7 "../../modules/ChibiOS/os/rt/include/chschd.h"
 145              		.file 8 "../../modules/ChibiOS/os/rt/include/chtime.h"
 146              		.file 9 "../../modules/ChibiOS/os/common/ports/ARMCMx/chcore.h"
 147              		.file 10 "../../modules/ChibiOS/os/common/ports/ARMCMx/chcore_v7m.h"
 148              		.file 11 "../../modules/ChibiOS/os/rt/include/chtm.h"
 149              		.file 12 "../../modules/ChibiOS/os/rt/include/chstats.h"
 150              		.file 13 "../../modules/ChibiOS/os/rt/include/chsem.h"
 151              		.file 14 "../../modules/ChibiOS/os/rt/include/chmtx.h"
 152              		.file 15 "../../modules/ChibiOS/os/hal/lib/streams/nullstreams.h"
 153              		.file 16 "../../modules/ChibiOS/os/common/ext/ARM/CMSIS/Core/Include/core_cm4.h"
 154              		.section	.debug_info,"",%progbits
 155              	.Ldebug_info0:
 156 0000 C1090000 		.4byte	0x9c1
 157 0004 0400     		.2byte	0x4
 158 0006 00000000 		.4byte	.Ldebug_abbrev0
 159 000a 04       		.byte	0x4
 160 000b 01       		.uleb128 0x1
 161 000c B0010000 		.4byte	.LASF114
 162 0010 01       		.byte	0x1
 163 0011 CB030000 		.4byte	.LASF115
 164 0015 3B050000 		.4byte	.LASF116
 165 0019 00000000 		.4byte	.Ldebug_ranges0+0
 166 001d 00000000 		.4byte	0
 167 0021 00000000 		.4byte	.Ldebug_line0
 168 0025 02       		.uleb128 0x2
 169 0026 04       		.byte	0x4
 170 0027 05       		.byte	0x5
 171 0028 696E7400 		.ascii	"int\000"
ARM GAS  /tmp/ccSzSxld.s 			page 4


 172 002c 03       		.uleb128 0x3
 173 002d 0D000000 		.4byte	.LASF2
 174 0031 02       		.byte	0x2
 175 0032 D4       		.byte	0xd4
 176 0033 37000000 		.4byte	0x37
 177 0037 04       		.uleb128 0x4
 178 0038 04       		.byte	0x4
 179 0039 07       		.byte	0x7
 180 003a A3010000 		.4byte	.LASF0
 181 003e 04       		.uleb128 0x4
 182 003f 01       		.byte	0x1
 183 0040 06       		.byte	0x6
 184 0041 03010000 		.4byte	.LASF1
 185 0045 03       		.uleb128 0x3
 186 0046 37000000 		.4byte	.LASF3
 187 004a 03       		.byte	0x3
 188 004b 1D       		.byte	0x1d
 189 004c 50000000 		.4byte	0x50
 190 0050 04       		.uleb128 0x4
 191 0051 01       		.byte	0x1
 192 0052 08       		.byte	0x8
 193 0053 61040000 		.4byte	.LASF4
 194 0057 04       		.uleb128 0x4
 195 0058 02       		.byte	0x2
 196 0059 05       		.byte	0x5
 197 005a 6F040000 		.4byte	.LASF5
 198 005e 04       		.uleb128 0x4
 199 005f 02       		.byte	0x2
 200 0060 07       		.byte	0x7
 201 0061 BE020000 		.4byte	.LASF6
 202 0065 03       		.uleb128 0x3
 203 0066 59030000 		.4byte	.LASF7
 204 006a 03       		.byte	0x3
 205 006b 3F       		.byte	0x3f
 206 006c 70000000 		.4byte	0x70
 207 0070 04       		.uleb128 0x4
 208 0071 04       		.byte	0x4
 209 0072 05       		.byte	0x5
 210 0073 30010000 		.4byte	.LASF8
 211 0077 03       		.uleb128 0x3
 212 0078 5B010000 		.4byte	.LASF9
 213 007c 03       		.byte	0x3
 214 007d 41       		.byte	0x41
 215 007e 82000000 		.4byte	0x82
 216 0082 04       		.uleb128 0x4
 217 0083 04       		.byte	0x4
 218 0084 07       		.byte	0x7
 219 0085 E0040000 		.4byte	.LASF10
 220 0089 04       		.uleb128 0x4
 221 008a 08       		.byte	0x8
 222 008b 05       		.byte	0x5
 223 008c F5000000 		.4byte	.LASF11
 224 0090 03       		.uleb128 0x3
 225 0091 0F040000 		.4byte	.LASF12
 226 0095 03       		.byte	0x3
 227 0096 5B       		.byte	0x5b
 228 0097 9B000000 		.4byte	0x9b
ARM GAS  /tmp/ccSzSxld.s 			page 5


 229 009b 04       		.uleb128 0x4
 230 009c 08       		.byte	0x8
 231 009d 07       		.byte	0x7
 232 009e 8B000000 		.4byte	.LASF13
 233 00a2 03       		.uleb128 0x3
 234 00a3 8E050000 		.4byte	.LASF14
 235 00a7 04       		.byte	0x4
 236 00a8 14       		.byte	0x14
 237 00a9 45000000 		.4byte	0x45
 238 00ad 03       		.uleb128 0x3
 239 00ae 59040000 		.4byte	.LASF15
 240 00b2 04       		.byte	0x4
 241 00b3 1F       		.byte	0x1f
 242 00b4 65000000 		.4byte	0x65
 243 00b8 03       		.uleb128 0x3
 244 00b9 B1040000 		.4byte	.LASF16
 245 00bd 04       		.byte	0x4
 246 00be 20       		.byte	0x20
 247 00bf 77000000 		.4byte	0x77
 248 00c3 03       		.uleb128 0x3
 249 00c4 21000000 		.4byte	.LASF17
 250 00c8 04       		.byte	0x4
 251 00c9 26       		.byte	0x26
 252 00ca 90000000 		.4byte	0x90
 253 00ce 03       		.uleb128 0x3
 254 00cf 67050000 		.4byte	.LASF18
 255 00d3 05       		.byte	0x5
 256 00d4 27       		.byte	0x27
 257 00d5 B8000000 		.4byte	0xb8
 258 00d9 03       		.uleb128 0x3
 259 00da E6000000 		.4byte	.LASF19
 260 00de 05       		.byte	0x5
 261 00df 28       		.byte	0x28
 262 00e0 C3000000 		.4byte	0xc3
 263 00e4 03       		.uleb128 0x3
 264 00e5 2C030000 		.4byte	.LASF20
 265 00e9 05       		.byte	0x5
 266 00ea 2A       		.byte	0x2a
 267 00eb A2000000 		.4byte	0xa2
 268 00ef 03       		.uleb128 0x3
 269 00f0 39010000 		.4byte	.LASF21
 270 00f4 05       		.byte	0x5
 271 00f5 2B       		.byte	0x2b
 272 00f6 A2000000 		.4byte	0xa2
 273 00fa 03       		.uleb128 0x3
 274 00fb 25040000 		.4byte	.LASF22
 275 00ff 05       		.byte	0x5
 276 0100 2C       		.byte	0x2c
 277 0101 A2000000 		.4byte	0xa2
 278 0105 03       		.uleb128 0x3
 279 0106 42040000 		.4byte	.LASF23
 280 010a 05       		.byte	0x5
 281 010b 2E       		.byte	0x2e
 282 010c B8000000 		.4byte	0xb8
 283 0110 03       		.uleb128 0x3
 284 0111 EF020000 		.4byte	.LASF24
 285 0115 05       		.byte	0x5
ARM GAS  /tmp/ccSzSxld.s 			page 6


 286 0116 2F       		.byte	0x2f
 287 0117 AD000000 		.4byte	0xad
 288 011b 03       		.uleb128 0x3
 289 011c 4D030000 		.4byte	.LASF25
 290 0120 05       		.byte	0x5
 291 0121 31       		.byte	0x31
 292 0122 B8000000 		.4byte	0xb8
 293 0126 03       		.uleb128 0x3
 294 0127 9D010000 		.4byte	.LASF26
 295 012b 05       		.byte	0x5
 296 012c 33       		.byte	0x33
 297 012d AD000000 		.4byte	0xad
 298 0131 03       		.uleb128 0x3
 299 0132 FA020000 		.4byte	.LASF27
 300 0136 05       		.byte	0x5
 301 0137 34       		.byte	0x34
 302 0138 B8000000 		.4byte	0xb8
 303 013c 03       		.uleb128 0x3
 304 013d 09050000 		.4byte	.LASF28
 305 0141 06       		.byte	0x6
 306 0142 34       		.byte	0x34
 307 0143 47010000 		.4byte	0x147
 308 0147 05       		.uleb128 0x5
 309 0148 E5020000 		.4byte	.LASF47
 310 014c 60       		.byte	0x60
 311 014d 07       		.byte	0x7
 312 014e 8E       		.byte	0x8e
 313 014f 32020000 		.4byte	0x232
 314 0153 06       		.uleb128 0x6
 315 0154 B2020000 		.4byte	.LASF29
 316 0158 07       		.byte	0x7
 317 0159 8F       		.byte	0x8f
 318 015a 67020000 		.4byte	0x267
 319 015e 00       		.byte	0
 320 015f 06       		.uleb128 0x6
 321 0160 02040000 		.4byte	.LASF30
 322 0164 07       		.byte	0x7
 323 0165 90       		.byte	0x90
 324 0166 05010000 		.4byte	0x105
 325 016a 08       		.byte	0x8
 326 016b 07       		.uleb128 0x7
 327 016c 63747800 		.ascii	"ctx\000"
 328 0170 07       		.byte	0x7
 329 0171 91       		.byte	0x91
 330 0172 82040000 		.4byte	0x482
 331 0176 0C       		.byte	0xc
 332 0177 06       		.uleb128 0x6
 333 0178 6E030000 		.4byte	.LASF31
 334 017c 07       		.byte	0x7
 335 017d 93       		.byte	0x93
 336 017e 3D020000 		.4byte	0x23d
 337 0182 10       		.byte	0x10
 338 0183 06       		.uleb128 0x6
 339 0184 03050000 		.4byte	.LASF32
 340 0188 07       		.byte	0x7
 341 0189 94       		.byte	0x94
 342 018a 3D020000 		.4byte	0x23d
ARM GAS  /tmp/ccSzSxld.s 			page 7


 343 018e 14       		.byte	0x14
 344 018f 06       		.uleb128 0x6
 345 0190 E0020000 		.4byte	.LASF33
 346 0194 07       		.byte	0x7
 347 0195 9B       		.byte	0x9b
 348 0196 68070000 		.4byte	0x768
 349 019a 18       		.byte	0x18
 350 019b 06       		.uleb128 0x6
 351 019c F2040000 		.4byte	.LASF34
 352 01a0 07       		.byte	0x7
 353 01a1 A4       		.byte	0xa4
 354 01a2 7A070000 		.4byte	0x77a
 355 01a6 1C       		.byte	0x1c
 356 01a7 06       		.uleb128 0x6
 357 01a8 2A010000 		.4byte	.LASF35
 358 01ac 07       		.byte	0x7
 359 01ad A9       		.byte	0xa9
 360 01ae EF000000 		.4byte	0xef
 361 01b2 20       		.byte	0x20
 362 01b3 06       		.uleb128 0x6
 363 01b4 96050000 		.4byte	.LASF36
 364 01b8 07       		.byte	0x7
 365 01b9 AD       		.byte	0xad
 366 01ba E4000000 		.4byte	0xe4
 367 01be 21       		.byte	0x21
 368 01bf 06       		.uleb128 0x6
 369 01c0 2D040000 		.4byte	.LASF37
 370 01c4 07       		.byte	0x7
 371 01c5 B2       		.byte	0xb2
 372 01c6 FA000000 		.4byte	0xfa
 373 01ca 22       		.byte	0x22
 374 01cb 08       		.uleb128 0x8
 375 01cc 7500     		.ascii	"u\000"
 376 01ce 07       		.byte	0x7
 377 01cf 0301     		.2byte	0x103
 378 01d1 9E060000 		.4byte	0x69e
 379 01d5 24       		.byte	0x24
 380 01d6 09       		.uleb128 0x9
 381 01d7 7F010000 		.4byte	.LASF38
 382 01db 07       		.byte	0x7
 383 01dc 0801     		.2byte	0x108
 384 01de 43020000 		.4byte	0x243
 385 01e2 28       		.byte	0x28
 386 01e3 09       		.uleb128 0x9
 387 01e4 21010000 		.4byte	.LASF39
 388 01e8 07       		.byte	0x7
 389 01e9 0E01     		.2byte	0x10e
 390 01eb 67020000 		.4byte	0x267
 391 01ef 2C       		.byte	0x2c
 392 01f0 09       		.uleb128 0x9
 393 01f1 01030000 		.4byte	.LASF40
 394 01f5 07       		.byte	0x7
 395 01f6 1401     		.2byte	0x114
 396 01f8 1B010000 		.4byte	0x11b
 397 01fc 34       		.byte	0x34
 398 01fd 09       		.uleb128 0x9
 399 01fe C2050000 		.4byte	.LASF41
ARM GAS  /tmp/ccSzSxld.s 			page 8


 400 0202 07       		.byte	0x7
 401 0203 1B01     		.2byte	0x11b
 402 0205 62070000 		.4byte	0x762
 403 0209 38       		.byte	0x38
 404 020a 09       		.uleb128 0x9
 405 020b D7040000 		.4byte	.LASF42
 406 020f 07       		.byte	0x7
 407 0210 1F01     		.2byte	0x11f
 408 0212 05010000 		.4byte	0x105
 409 0216 3C       		.byte	0x3c
 410 0217 09       		.uleb128 0x9
 411 0218 B8020000 		.4byte	.LASF43
 412 021c 07       		.byte	0x7
 413 021d 2601     		.2byte	0x126
 414 021f 1A030000 		.4byte	0x31a
 415 0223 40       		.byte	0x40
 416 0224 09       		.uleb128 0x9
 417 0225 47010000 		.4byte	.LASF44
 418 0229 07       		.byte	0x7
 419 022a 2C01     		.2byte	0x12c
 420 022c 4F060000 		.4byte	0x64f
 421 0230 48       		.byte	0x48
 422 0231 00       		.byte	0
 423 0232 03       		.uleb128 0x3
 424 0233 83030000 		.4byte	.LASF45
 425 0237 06       		.byte	0x6
 426 0238 39       		.byte	0x39
 427 0239 3D020000 		.4byte	0x23d
 428 023d 0A       		.uleb128 0xa
 429 023e 04       		.byte	0x4
 430 023f 3C010000 		.4byte	0x13c
 431 0243 03       		.uleb128 0x3
 432 0244 A3050000 		.4byte	.LASF46
 433 0248 06       		.byte	0x6
 434 0249 3E       		.byte	0x3e
 435 024a 4E020000 		.4byte	0x24e
 436 024e 05       		.uleb128 0x5
 437 024f C1040000 		.4byte	.LASF48
 438 0253 04       		.byte	0x4
 439 0254 07       		.byte	0x7
 440 0255 7C       		.byte	0x7c
 441 0256 67020000 		.4byte	0x267
 442 025a 06       		.uleb128 0x6
 443 025b E1000000 		.4byte	.LASF49
 444 025f 07       		.byte	0x7
 445 0260 7D       		.byte	0x7d
 446 0261 3D020000 		.4byte	0x23d
 447 0265 00       		.byte	0
 448 0266 00       		.byte	0
 449 0267 03       		.uleb128 0x3
 450 0268 6F050000 		.4byte	.LASF50
 451 026c 06       		.byte	0x6
 452 026d 45       		.byte	0x45
 453 026e 72020000 		.4byte	0x272
 454 0272 05       		.uleb128 0x5
 455 0273 52000000 		.4byte	.LASF51
 456 0277 08       		.byte	0x8
ARM GAS  /tmp/ccSzSxld.s 			page 9


 457 0278 07       		.byte	0x7
 458 0279 83       		.byte	0x83
 459 027a 97020000 		.4byte	0x297
 460 027e 06       		.uleb128 0x6
 461 027f E1000000 		.4byte	.LASF49
 462 0283 07       		.byte	0x7
 463 0284 84       		.byte	0x84
 464 0285 3D020000 		.4byte	0x23d
 465 0289 00       		.byte	0
 466 028a 06       		.uleb128 0x6
 467 028b 41000000 		.4byte	.LASF52
 468 028f 07       		.byte	0x7
 469 0290 85       		.byte	0x85
 470 0291 3D020000 		.4byte	0x23d
 471 0295 04       		.byte	0x4
 472 0296 00       		.byte	0
 473 0297 03       		.uleb128 0x3
 474 0298 00000000 		.4byte	.LASF53
 475 029c 06       		.byte	0x6
 476 029d 4C       		.byte	0x4c
 477 029e A2020000 		.4byte	0x2a2
 478 02a2 0B       		.uleb128 0xb
 479 02a3 3F030000 		.4byte	.LASF54
 480 02a7 1C       		.byte	0x1c
 481 02a8 07       		.byte	0x7
 482 02a9 5E01     		.2byte	0x15e
 483 02ab FE020000 		.4byte	0x2fe
 484 02af 09       		.uleb128 0x9
 485 02b0 B2020000 		.4byte	.LASF29
 486 02b4 07       		.byte	0x7
 487 02b5 5F01     		.2byte	0x15f
 488 02b7 67020000 		.4byte	0x267
 489 02bb 00       		.byte	0
 490 02bc 09       		.uleb128 0x9
 491 02bd 02040000 		.4byte	.LASF30
 492 02c1 07       		.byte	0x7
 493 02c2 6001     		.2byte	0x160
 494 02c4 05010000 		.4byte	0x105
 495 02c8 08       		.byte	0x8
 496 02c9 08       		.uleb128 0x8
 497 02ca 63747800 		.ascii	"ctx\000"
 498 02ce 07       		.byte	0x7
 499 02cf 6201     		.2byte	0x162
 500 02d1 82040000 		.4byte	0x482
 501 02d5 0C       		.byte	0xc
 502 02d6 09       		.uleb128 0x9
 503 02d7 6E030000 		.4byte	.LASF31
 504 02db 07       		.byte	0x7
 505 02dc 6501     		.2byte	0x165
 506 02de 3D020000 		.4byte	0x23d
 507 02e2 10       		.byte	0x10
 508 02e3 09       		.uleb128 0x9
 509 02e4 03050000 		.4byte	.LASF32
 510 02e8 07       		.byte	0x7
 511 02e9 6601     		.2byte	0x166
 512 02eb 3D020000 		.4byte	0x23d
 513 02ef 14       		.byte	0x14
ARM GAS  /tmp/ccSzSxld.s 			page 10


 514 02f0 09       		.uleb128 0x9
 515 02f1 07040000 		.4byte	.LASF55
 516 02f5 07       		.byte	0x7
 517 02f6 6901     		.2byte	0x169
 518 02f8 3D020000 		.4byte	0x23d
 519 02fc 18       		.byte	0x18
 520 02fd 00       		.byte	0
 521 02fe 03       		.uleb128 0x3
 522 02ff 21050000 		.4byte	.LASF56
 523 0303 06       		.byte	0x6
 524 0304 51       		.byte	0x51
 525 0305 09030000 		.4byte	0x309
 526 0309 0A       		.uleb128 0xa
 527 030a 04       		.byte	0x4
 528 030b 0F030000 		.4byte	0x30f
 529 030f 0C       		.uleb128 0xc
 530 0310 1A030000 		.4byte	0x31a
 531 0314 0D       		.uleb128 0xd
 532 0315 1A030000 		.4byte	0x31a
 533 0319 00       		.byte	0
 534 031a 0E       		.uleb128 0xe
 535 031b 04       		.byte	0x4
 536 031c 03       		.uleb128 0x3
 537 031d 32040000 		.4byte	.LASF57
 538 0321 06       		.byte	0x6
 539 0322 56       		.byte	0x56
 540 0323 27030000 		.4byte	0x327
 541 0327 0B       		.uleb128 0xb
 542 0328 93040000 		.4byte	.LASF58
 543 032c 14       		.byte	0x14
 544 032d 07       		.byte	0x7
 545 032e 3901     		.2byte	0x139
 546 0330 76030000 		.4byte	0x376
 547 0334 09       		.uleb128 0x9
 548 0335 E1000000 		.4byte	.LASF49
 549 0339 07       		.byte	0x7
 550 033a 3A01     		.2byte	0x13a
 551 033c 80070000 		.4byte	0x780
 552 0340 00       		.byte	0
 553 0341 09       		.uleb128 0x9
 554 0342 41000000 		.4byte	.LASF52
 555 0346 07       		.byte	0x7
 556 0347 3B01     		.2byte	0x13b
 557 0349 80070000 		.4byte	0x780
 558 034d 04       		.byte	0x4
 559 034e 09       		.uleb128 0x9
 560 034f 14000000 		.4byte	.LASF59
 561 0353 07       		.byte	0x7
 562 0354 3C01     		.2byte	0x13c
 563 0356 5A040000 		.4byte	0x45a
 564 035a 08       		.byte	0x8
 565 035b 09       		.uleb128 0x9
 566 035c 42010000 		.4byte	.LASF60
 567 0360 07       		.byte	0x7
 568 0361 3D01     		.2byte	0x13d
 569 0363 FE020000 		.4byte	0x2fe
 570 0367 0C       		.byte	0xc
ARM GAS  /tmp/ccSzSxld.s 			page 11


 571 0368 08       		.uleb128 0x8
 572 0369 70617200 		.ascii	"par\000"
 573 036d 07       		.byte	0x7
 574 036e 3F01     		.2byte	0x13f
 575 0370 1A030000 		.4byte	0x31a
 576 0374 10       		.byte	0x10
 577 0375 00       		.byte	0
 578 0376 03       		.uleb128 0x3
 579 0377 BE000000 		.4byte	.LASF61
 580 037b 06       		.byte	0x6
 581 037c 5B       		.byte	0x5b
 582 037d 81030000 		.4byte	0x381
 583 0381 0B       		.uleb128 0xb
 584 0382 96030000 		.4byte	.LASF62
 585 0386 10       		.byte	0x10
 586 0387 07       		.byte	0x7
 587 0388 4901     		.2byte	0x149
 588 038a C3030000 		.4byte	0x3c3
 589 038e 09       		.uleb128 0x9
 590 038f E1000000 		.4byte	.LASF49
 591 0393 07       		.byte	0x7
 592 0394 4A01     		.2byte	0x14a
 593 0396 80070000 		.4byte	0x780
 594 039a 00       		.byte	0
 595 039b 09       		.uleb128 0x9
 596 039c 41000000 		.4byte	.LASF52
 597 03a0 07       		.byte	0x7
 598 03a1 4C01     		.2byte	0x14c
 599 03a3 80070000 		.4byte	0x780
 600 03a7 04       		.byte	0x4
 601 03a8 09       		.uleb128 0x9
 602 03a9 14000000 		.4byte	.LASF59
 603 03ad 07       		.byte	0x7
 604 03ae 4E01     		.2byte	0x14e
 605 03b0 5A040000 		.4byte	0x45a
 606 03b4 08       		.byte	0x8
 607 03b5 09       		.uleb128 0x9
 608 03b6 79040000 		.4byte	.LASF63
 609 03ba 07       		.byte	0x7
 610 03bb 5601     		.2byte	0x156
 611 03bd 4F040000 		.4byte	0x44f
 612 03c1 0C       		.byte	0xc
 613 03c2 00       		.byte	0
 614 03c3 03       		.uleb128 0x3
 615 03c4 63000000 		.4byte	.LASF64
 616 03c8 06       		.byte	0x6
 617 03c9 60       		.byte	0x60
 618 03ca CE030000 		.4byte	0x3ce
 619 03ce 0B       		.uleb128 0xb
 620 03cf 6F010000 		.4byte	.LASF65
 621 03d3 04       		.byte	0x4
 622 03d4 07       		.byte	0x7
 623 03d5 7001     		.2byte	0x170
 624 03d7 E9030000 		.4byte	0x3e9
 625 03db 09       		.uleb128 0x9
 626 03dc 2A050000 		.4byte	.LASF66
 627 03e0 07       		.byte	0x7
ARM GAS  /tmp/ccSzSxld.s 			page 12


 628 03e1 7801     		.2byte	0x178
 629 03e3 86070000 		.4byte	0x786
 630 03e7 00       		.byte	0
 631 03e8 00       		.byte	0
 632 03e9 03       		.uleb128 0x3
 633 03ea 0A030000 		.4byte	.LASF67
 634 03ee 06       		.byte	0x6
 635 03ef 65       		.byte	0x65
 636 03f0 F4030000 		.4byte	0x3f4
 637 03f4 0B       		.uleb128 0xb
 638 03f5 89040000 		.4byte	.LASF68
 639 03f9 D0       		.byte	0xd0
 640 03fa 07       		.byte	0x7
 641 03fb 9001     		.2byte	0x190
 642 03fd 4F040000 		.4byte	0x44f
 643 0401 09       		.uleb128 0x9
 644 0402 88050000 		.4byte	.LASF69
 645 0406 07       		.byte	0x7
 646 0407 9401     		.2byte	0x194
 647 0409 97020000 		.4byte	0x297
 648 040d 00       		.byte	0
 649 040e 09       		.uleb128 0x9
 650 040f 1A010000 		.4byte	.LASF70
 651 0413 07       		.byte	0x7
 652 0414 9801     		.2byte	0x198
 653 0416 76030000 		.4byte	0x376
 654 041a 1C       		.byte	0x1c
 655 041b 08       		.uleb128 0x8
 656 041c 64626700 		.ascii	"dbg\000"
 657 0420 07       		.byte	0x7
 658 0421 9C01     		.2byte	0x19c
 659 0423 C3030000 		.4byte	0x3c3
 660 0427 2C       		.byte	0x2c
 661 0428 09       		.uleb128 0x9
 662 0429 AB000000 		.4byte	.LASF71
 663 042d 07       		.byte	0x7
 664 042e A001     		.2byte	0x1a0
 665 0430 3C010000 		.4byte	0x13c
 666 0434 30       		.byte	0x30
 667 0435 08       		.uleb128 0x8
 668 0436 746D00   		.ascii	"tm\000"
 669 0439 07       		.byte	0x7
 670 043a A501     		.2byte	0x1a5
 671 043c 01060000 		.4byte	0x601
 672 0440 90       		.byte	0x90
 673 0441 09       		.uleb128 0x9
 674 0442 2A000000 		.4byte	.LASF72
 675 0446 07       		.byte	0x7
 676 0447 AB01     		.2byte	0x1ab
 677 0449 93060000 		.4byte	0x693
 678 044d 98       		.byte	0x98
 679 044e 00       		.byte	0
 680 044f 03       		.uleb128 0x3
 681 0450 17050000 		.4byte	.LASF73
 682 0454 08       		.byte	0x8
 683 0455 6D       		.byte	0x6d
 684 0456 B8000000 		.4byte	0xb8
ARM GAS  /tmp/ccSzSxld.s 			page 13


 685 045a 03       		.uleb128 0x3
 686 045b 8F010000 		.4byte	.LASF74
 687 045f 08       		.byte	0x8
 688 0460 79       		.byte	0x79
 689 0461 B8000000 		.4byte	0xb8
 690 0465 04       		.uleb128 0x4
 691 0466 04       		.byte	0x4
 692 0467 07       		.byte	0x7
 693 0468 7A030000 		.4byte	.LASF75
 694 046c 03       		.uleb128 0x3
 695 046d 66010000 		.4byte	.LASF76
 696 0471 09       		.byte	0x9
 697 0472 65       		.byte	0x65
 698 0473 1A030000 		.4byte	0x31a
 699 0477 03       		.uleb128 0x3
 700 0478 63030000 		.4byte	.LASF77
 701 047c 09       		.byte	0x9
 702 047d 6D       		.byte	0x6d
 703 047e C3000000 		.4byte	0xc3
 704 0482 05       		.uleb128 0x5
 705 0483 BE030000 		.4byte	.LASF78
 706 0487 04       		.byte	0x4
 707 0488 09       		.byte	0x9
 708 0489 89       		.byte	0x89
 709 048a 9A040000 		.4byte	0x49a
 710 048e 07       		.uleb128 0x7
 711 048f 737000   		.ascii	"sp\000"
 712 0492 09       		.byte	0x9
 713 0493 8A       		.byte	0x8a
 714 0494 E6050000 		.4byte	0x5e6
 715 0498 00       		.byte	0
 716 0499 00       		.byte	0
 717 049a 0B       		.uleb128 0xb
 718 049b 46000000 		.4byte	.LASF79
 719 049f 64       		.byte	0x64
 720 04a0 0A       		.byte	0xa
 721 04a1 5901     		.2byte	0x159
 722 04a3 E6050000 		.4byte	0x5e6
 723 04a7 08       		.uleb128 0x8
 724 04a8 73313600 		.ascii	"s16\000"
 725 04ac 0A       		.byte	0xa
 726 04ad 5B01     		.2byte	0x15b
 727 04af 6C040000 		.4byte	0x46c
 728 04b3 00       		.byte	0
 729 04b4 08       		.uleb128 0x8
 730 04b5 73313700 		.ascii	"s17\000"
 731 04b9 0A       		.byte	0xa
 732 04ba 5C01     		.2byte	0x15c
 733 04bc 6C040000 		.4byte	0x46c
 734 04c0 04       		.byte	0x4
 735 04c1 08       		.uleb128 0x8
 736 04c2 73313800 		.ascii	"s18\000"
 737 04c6 0A       		.byte	0xa
 738 04c7 5D01     		.2byte	0x15d
 739 04c9 6C040000 		.4byte	0x46c
 740 04cd 08       		.byte	0x8
 741 04ce 08       		.uleb128 0x8
ARM GAS  /tmp/ccSzSxld.s 			page 14


 742 04cf 73313900 		.ascii	"s19\000"
 743 04d3 0A       		.byte	0xa
 744 04d4 5E01     		.2byte	0x15e
 745 04d6 6C040000 		.4byte	0x46c
 746 04da 0C       		.byte	0xc
 747 04db 08       		.uleb128 0x8
 748 04dc 73323000 		.ascii	"s20\000"
 749 04e0 0A       		.byte	0xa
 750 04e1 5F01     		.2byte	0x15f
 751 04e3 6C040000 		.4byte	0x46c
 752 04e7 10       		.byte	0x10
 753 04e8 08       		.uleb128 0x8
 754 04e9 73323100 		.ascii	"s21\000"
 755 04ed 0A       		.byte	0xa
 756 04ee 6001     		.2byte	0x160
 757 04f0 6C040000 		.4byte	0x46c
 758 04f4 14       		.byte	0x14
 759 04f5 08       		.uleb128 0x8
 760 04f6 73323200 		.ascii	"s22\000"
 761 04fa 0A       		.byte	0xa
 762 04fb 6101     		.2byte	0x161
 763 04fd 6C040000 		.4byte	0x46c
 764 0501 18       		.byte	0x18
 765 0502 08       		.uleb128 0x8
 766 0503 73323300 		.ascii	"s23\000"
 767 0507 0A       		.byte	0xa
 768 0508 6201     		.2byte	0x162
 769 050a 6C040000 		.4byte	0x46c
 770 050e 1C       		.byte	0x1c
 771 050f 08       		.uleb128 0x8
 772 0510 73323400 		.ascii	"s24\000"
 773 0514 0A       		.byte	0xa
 774 0515 6301     		.2byte	0x163
 775 0517 6C040000 		.4byte	0x46c
 776 051b 20       		.byte	0x20
 777 051c 08       		.uleb128 0x8
 778 051d 73323500 		.ascii	"s25\000"
 779 0521 0A       		.byte	0xa
 780 0522 6401     		.2byte	0x164
 781 0524 6C040000 		.4byte	0x46c
 782 0528 24       		.byte	0x24
 783 0529 08       		.uleb128 0x8
 784 052a 73323600 		.ascii	"s26\000"
 785 052e 0A       		.byte	0xa
 786 052f 6501     		.2byte	0x165
 787 0531 6C040000 		.4byte	0x46c
 788 0535 28       		.byte	0x28
 789 0536 08       		.uleb128 0x8
 790 0537 73323700 		.ascii	"s27\000"
 791 053b 0A       		.byte	0xa
 792 053c 6601     		.2byte	0x166
 793 053e 6C040000 		.4byte	0x46c
 794 0542 2C       		.byte	0x2c
 795 0543 08       		.uleb128 0x8
 796 0544 73323800 		.ascii	"s28\000"
 797 0548 0A       		.byte	0xa
 798 0549 6701     		.2byte	0x167
ARM GAS  /tmp/ccSzSxld.s 			page 15


 799 054b 6C040000 		.4byte	0x46c
 800 054f 30       		.byte	0x30
 801 0550 08       		.uleb128 0x8
 802 0551 73323900 		.ascii	"s29\000"
 803 0555 0A       		.byte	0xa
 804 0556 6801     		.2byte	0x168
 805 0558 6C040000 		.4byte	0x46c
 806 055c 34       		.byte	0x34
 807 055d 08       		.uleb128 0x8
 808 055e 73333000 		.ascii	"s30\000"
 809 0562 0A       		.byte	0xa
 810 0563 6901     		.2byte	0x169
 811 0565 6C040000 		.4byte	0x46c
 812 0569 38       		.byte	0x38
 813 056a 08       		.uleb128 0x8
 814 056b 73333100 		.ascii	"s31\000"
 815 056f 0A       		.byte	0xa
 816 0570 6A01     		.2byte	0x16a
 817 0572 6C040000 		.4byte	0x46c
 818 0576 3C       		.byte	0x3c
 819 0577 08       		.uleb128 0x8
 820 0578 723400   		.ascii	"r4\000"
 821 057b 0A       		.byte	0xa
 822 057c 6C01     		.2byte	0x16c
 823 057e 6C040000 		.4byte	0x46c
 824 0582 40       		.byte	0x40
 825 0583 08       		.uleb128 0x8
 826 0584 723500   		.ascii	"r5\000"
 827 0587 0A       		.byte	0xa
 828 0588 6D01     		.2byte	0x16d
 829 058a 6C040000 		.4byte	0x46c
 830 058e 44       		.byte	0x44
 831 058f 08       		.uleb128 0x8
 832 0590 723600   		.ascii	"r6\000"
 833 0593 0A       		.byte	0xa
 834 0594 6E01     		.2byte	0x16e
 835 0596 6C040000 		.4byte	0x46c
 836 059a 48       		.byte	0x48
 837 059b 08       		.uleb128 0x8
 838 059c 723700   		.ascii	"r7\000"
 839 059f 0A       		.byte	0xa
 840 05a0 6F01     		.2byte	0x16f
 841 05a2 6C040000 		.4byte	0x46c
 842 05a6 4C       		.byte	0x4c
 843 05a7 08       		.uleb128 0x8
 844 05a8 723800   		.ascii	"r8\000"
 845 05ab 0A       		.byte	0xa
 846 05ac 7001     		.2byte	0x170
 847 05ae 6C040000 		.4byte	0x46c
 848 05b2 50       		.byte	0x50
 849 05b3 08       		.uleb128 0x8
 850 05b4 723900   		.ascii	"r9\000"
 851 05b7 0A       		.byte	0xa
 852 05b8 7101     		.2byte	0x171
 853 05ba 6C040000 		.4byte	0x46c
 854 05be 54       		.byte	0x54
 855 05bf 08       		.uleb128 0x8
ARM GAS  /tmp/ccSzSxld.s 			page 16


 856 05c0 72313000 		.ascii	"r10\000"
 857 05c4 0A       		.byte	0xa
 858 05c5 7201     		.2byte	0x172
 859 05c7 6C040000 		.4byte	0x46c
 860 05cb 58       		.byte	0x58
 861 05cc 08       		.uleb128 0x8
 862 05cd 72313100 		.ascii	"r11\000"
 863 05d1 0A       		.byte	0xa
 864 05d2 7301     		.2byte	0x173
 865 05d4 6C040000 		.4byte	0x46c
 866 05d8 5C       		.byte	0x5c
 867 05d9 08       		.uleb128 0x8
 868 05da 6C7200   		.ascii	"lr\000"
 869 05dd 0A       		.byte	0xa
 870 05de 7401     		.2byte	0x174
 871 05e0 6C040000 		.4byte	0x46c
 872 05e4 60       		.byte	0x60
 873 05e5 00       		.byte	0
 874 05e6 0A       		.uleb128 0xa
 875 05e7 04       		.byte	0x4
 876 05e8 9A040000 		.4byte	0x49a
 877 05ec 0F       		.uleb128 0xf
 878 05ed 04       		.byte	0x4
 879 05ee 0B       		.byte	0xb
 880 05ef 38       		.byte	0x38
 881 05f0 01060000 		.4byte	0x601
 882 05f4 06       		.uleb128 0x6
 883 05f5 34050000 		.4byte	.LASF80
 884 05f9 0B       		.byte	0xb
 885 05fa 3C       		.byte	0x3c
 886 05fb CE000000 		.4byte	0xce
 887 05ff 00       		.byte	0
 888 0600 00       		.byte	0
 889 0601 03       		.uleb128 0x3
 890 0602 AD030000 		.4byte	.LASF81
 891 0606 0B       		.byte	0xb
 892 0607 3D       		.byte	0x3d
 893 0608 EC050000 		.4byte	0x5ec
 894 060c 0F       		.uleb128 0xf
 895 060d 18       		.byte	0x18
 896 060e 0B       		.byte	0xb
 897 060f 48       		.byte	0x48
 898 0610 4F060000 		.4byte	0x64f
 899 0614 06       		.uleb128 0x6
 900 0615 12050000 		.4byte	.LASF82
 901 0619 0B       		.byte	0xb
 902 061a 49       		.byte	0x49
 903 061b CE000000 		.4byte	0xce
 904 061f 00       		.byte	0
 905 0620 06       		.uleb128 0x6
 906 0621 72000000 		.4byte	.LASF83
 907 0625 0B       		.byte	0xb
 908 0626 4A       		.byte	0x4a
 909 0627 CE000000 		.4byte	0xce
 910 062b 04       		.byte	0x4
 911 062c 06       		.uleb128 0x6
 912 062d F5020000 		.4byte	.LASF84
ARM GAS  /tmp/ccSzSxld.s 			page 17


 913 0631 0B       		.byte	0xb
 914 0632 4B       		.byte	0x4b
 915 0633 CE000000 		.4byte	0xce
 916 0637 08       		.byte	0x8
 917 0638 07       		.uleb128 0x7
 918 0639 6E00     		.ascii	"n\000"
 919 063b 0B       		.byte	0xb
 920 063c 4C       		.byte	0x4c
 921 063d 31010000 		.4byte	0x131
 922 0641 0C       		.byte	0xc
 923 0642 06       		.uleb128 0x6
 924 0643 1A040000 		.4byte	.LASF85
 925 0647 0B       		.byte	0xb
 926 0648 4D       		.byte	0x4d
 927 0649 D9000000 		.4byte	0xd9
 928 064d 10       		.byte	0x10
 929 064e 00       		.byte	0
 930 064f 03       		.uleb128 0x3
 931 0650 78000000 		.4byte	.LASF86
 932 0654 0B       		.byte	0xb
 933 0655 4E       		.byte	0x4e
 934 0656 0C060000 		.4byte	0x60c
 935 065a 0F       		.uleb128 0xf
 936 065b 38       		.byte	0x38
 937 065c 0C       		.byte	0xc
 938 065d 38       		.byte	0x38
 939 065e 93060000 		.4byte	0x693
 940 0662 06       		.uleb128 0x6
 941 0663 AC020000 		.4byte	.LASF87
 942 0667 0C       		.byte	0xc
 943 0668 39       		.byte	0x39
 944 0669 31010000 		.4byte	0x131
 945 066d 00       		.byte	0
 946 066e 06       		.uleb128 0x6
 947 066f 4A040000 		.4byte	.LASF88
 948 0673 0C       		.byte	0xc
 949 0674 3A       		.byte	0x3a
 950 0675 31010000 		.4byte	0x131
 951 0679 04       		.byte	0x4
 952 067a 06       		.uleb128 0x6
 953 067b CA050000 		.4byte	.LASF89
 954 067f 0C       		.byte	0xc
 955 0680 3B       		.byte	0x3b
 956 0681 4F060000 		.4byte	0x64f
 957 0685 08       		.byte	0x8
 958 0686 06       		.uleb128 0x6
 959 0687 34030000 		.4byte	.LASF90
 960 068b 0C       		.byte	0xc
 961 068c 3D       		.byte	0x3d
 962 068d 4F060000 		.4byte	0x64f
 963 0691 20       		.byte	0x20
 964 0692 00       		.byte	0
 965 0693 03       		.uleb128 0x3
 966 0694 D1020000 		.4byte	.LASF91
 967 0698 0C       		.byte	0xc
 968 0699 3F       		.byte	0x3f
 969 069a 5A060000 		.4byte	0x65a
ARM GAS  /tmp/ccSzSxld.s 			page 18


 970 069e 10       		.uleb128 0x10
 971 069f 04       		.byte	0x4
 972 06a0 07       		.byte	0x7
 973 06a1 C6       		.byte	0xc6
 974 06a2 00070000 		.4byte	0x700
 975 06a6 11       		.uleb128 0x11
 976 06a7 1A000000 		.4byte	.LASF92
 977 06ab 07       		.byte	0x7
 978 06ac CD       		.byte	0xcd
 979 06ad 10010000 		.4byte	0x110
 980 06b1 11       		.uleb128 0x11
 981 06b2 A2000000 		.4byte	.LASF93
 982 06b6 07       		.byte	0x7
 983 06b7 D4       		.byte	0xd4
 984 06b8 10010000 		.4byte	0x110
 985 06bc 11       		.uleb128 0x11
 986 06bd 9C050000 		.4byte	.LASF94
 987 06c1 07       		.byte	0x7
 988 06c2 DB       		.byte	0xdb
 989 06c3 1A030000 		.4byte	0x31a
 990 06c7 11       		.uleb128 0x11
 991 06c8 A6020000 		.4byte	.LASF95
 992 06cc 07       		.byte	0x7
 993 06cd E2       		.byte	0xe2
 994 06ce 00070000 		.4byte	0x700
 995 06d2 11       		.uleb128 0x11
 996 06d3 B6000000 		.4byte	.LASF96
 997 06d7 07       		.byte	0x7
 998 06d8 E7       		.byte	0xe7
 999 06d9 10010000 		.4byte	0x110
 1000 06dd 11       		.uleb128 0x11
 1001 06de 9F020000 		.4byte	.LASF97
 1002 06e2 07       		.byte	0x7
 1003 06e3 F0       		.byte	0xf0
 1004 06e4 2B070000 		.4byte	0x72b
 1005 06e8 11       		.uleb128 0x11
 1006 06e9 BA040000 		.4byte	.LASF98
 1007 06ed 07       		.byte	0x7
 1008 06ee F9       		.byte	0xf9
 1009 06ef 62070000 		.4byte	0x762
 1010 06f3 12       		.uleb128 0x12
 1011 06f4 82040000 		.4byte	.LASF99
 1012 06f8 07       		.byte	0x7
 1013 06f9 0101     		.2byte	0x101
 1014 06fb 1B010000 		.4byte	0x11b
 1015 06ff 00       		.byte	0
 1016 0700 0A       		.uleb128 0xa
 1017 0701 04       		.byte	0x4
 1018 0702 32020000 		.4byte	0x232
 1019 0706 05       		.uleb128 0x5
 1020 0707 A4040000 		.4byte	.LASF100
 1021 070b 0C       		.byte	0xc
 1022 070c 0D       		.byte	0xd
 1023 070d 34       		.byte	0x34
 1024 070e 2B070000 		.4byte	0x72b
 1025 0712 06       		.uleb128 0x6
 1026 0713 B2020000 		.4byte	.LASF29
ARM GAS  /tmp/ccSzSxld.s 			page 19


 1027 0717 0D       		.byte	0xd
 1028 0718 35       		.byte	0x35
 1029 0719 67020000 		.4byte	0x267
 1030 071d 00       		.byte	0
 1031 071e 07       		.uleb128 0x7
 1032 071f 636E7400 		.ascii	"cnt\000"
 1033 0723 0D       		.byte	0xd
 1034 0724 37       		.byte	0x37
 1035 0725 26010000 		.4byte	0x126
 1036 0729 08       		.byte	0x8
 1037 072a 00       		.byte	0
 1038 072b 0A       		.uleb128 0xa
 1039 072c 04       		.byte	0x4
 1040 072d 06070000 		.4byte	0x706
 1041 0731 05       		.uleb128 0x5
 1042 0732 7F050000 		.4byte	.LASF101
 1043 0736 10       		.byte	0x10
 1044 0737 0E       		.byte	0xe
 1045 0738 39       		.byte	0x39
 1046 0739 62070000 		.4byte	0x762
 1047 073d 06       		.uleb128 0x6
 1048 073e B2020000 		.4byte	.LASF29
 1049 0742 0E       		.byte	0xe
 1050 0743 3A       		.byte	0x3a
 1051 0744 67020000 		.4byte	0x267
 1052 0748 00       		.byte	0
 1053 0749 06       		.uleb128 0x6
 1054 074a D1040000 		.4byte	.LASF102
 1055 074e 0E       		.byte	0xe
 1056 074f 3C       		.byte	0x3c
 1057 0750 3D020000 		.4byte	0x23d
 1058 0754 08       		.byte	0x8
 1059 0755 06       		.uleb128 0x6
 1060 0756 E1000000 		.4byte	.LASF49
 1061 075a 0E       		.byte	0xe
 1062 075b 3E       		.byte	0x3e
 1063 075c 96070000 		.4byte	0x796
 1064 0760 0C       		.byte	0xc
 1065 0761 00       		.byte	0
 1066 0762 0A       		.uleb128 0xa
 1067 0763 04       		.byte	0x4
 1068 0764 31070000 		.4byte	0x731
 1069 0768 0A       		.uleb128 0xa
 1070 0769 04       		.byte	0x4
 1071 076a 6E070000 		.4byte	0x76e
 1072 076e 13       		.uleb128 0x13
 1073 076f 73070000 		.4byte	0x773
 1074 0773 04       		.uleb128 0x4
 1075 0774 01       		.byte	0x1
 1076 0775 08       		.byte	0x8
 1077 0776 FE040000 		.4byte	.LASF103
 1078 077a 0A       		.uleb128 0xa
 1079 077b 04       		.byte	0x4
 1080 077c 77040000 		.4byte	0x477
 1081 0780 0A       		.uleb128 0xa
 1082 0781 04       		.byte	0x4
 1083 0782 1C030000 		.4byte	0x31c
ARM GAS  /tmp/ccSzSxld.s 			page 20


 1084 0786 14       		.uleb128 0x14
 1085 0787 68070000 		.4byte	0x768
 1086 078b 03       		.uleb128 0x3
 1087 078c 87010000 		.4byte	.LASF104
 1088 0790 0E       		.byte	0xe
 1089 0791 34       		.byte	0x34
 1090 0792 31070000 		.4byte	0x731
 1091 0796 0A       		.uleb128 0xa
 1092 0797 04       		.byte	0x4
 1093 0798 8B070000 		.4byte	0x78b
 1094 079c 04       		.uleb128 0x4
 1095 079d 01       		.byte	0x1
 1096 079e 02       		.byte	0x2
 1097 079f 53040000 		.4byte	.LASF105
 1098 07a3 0A       		.uleb128 0xa
 1099 07a4 04       		.byte	0x4
 1100 07a5 A2000000 		.4byte	0xa2
 1101 07a9 15       		.uleb128 0x15
 1102 07aa 2C000000 		.4byte	0x2c
 1103 07ae C2070000 		.4byte	0x7c2
 1104 07b2 0D       		.uleb128 0xd
 1105 07b3 1A030000 		.4byte	0x31a
 1106 07b7 0D       		.uleb128 0xd
 1107 07b8 C2070000 		.4byte	0x7c2
 1108 07bc 0D       		.uleb128 0xd
 1109 07bd 2C000000 		.4byte	0x2c
 1110 07c1 00       		.byte	0
 1111 07c2 0A       		.uleb128 0xa
 1112 07c3 04       		.byte	0x4
 1113 07c4 C8070000 		.4byte	0x7c8
 1114 07c8 13       		.uleb128 0x13
 1115 07c9 A2000000 		.4byte	0xa2
 1116 07cd 0A       		.uleb128 0xa
 1117 07ce 04       		.byte	0x4
 1118 07cf A9070000 		.4byte	0x7a9
 1119 07d3 15       		.uleb128 0x15
 1120 07d4 2C000000 		.4byte	0x2c
 1121 07d8 EC070000 		.4byte	0x7ec
 1122 07dc 0D       		.uleb128 0xd
 1123 07dd 1A030000 		.4byte	0x31a
 1124 07e1 0D       		.uleb128 0xd
 1125 07e2 A3070000 		.4byte	0x7a3
 1126 07e6 0D       		.uleb128 0xd
 1127 07e7 2C000000 		.4byte	0x2c
 1128 07eb 00       		.byte	0
 1129 07ec 0A       		.uleb128 0xa
 1130 07ed 04       		.byte	0x4
 1131 07ee D3070000 		.4byte	0x7d3
 1132 07f2 15       		.uleb128 0x15
 1133 07f3 10010000 		.4byte	0x110
 1134 07f7 06080000 		.4byte	0x806
 1135 07fb 0D       		.uleb128 0xd
 1136 07fc 1A030000 		.4byte	0x31a
 1137 0800 0D       		.uleb128 0xd
 1138 0801 A2000000 		.4byte	0xa2
 1139 0805 00       		.byte	0
 1140 0806 0A       		.uleb128 0xa
ARM GAS  /tmp/ccSzSxld.s 			page 21


 1141 0807 04       		.byte	0x4
 1142 0808 F2070000 		.4byte	0x7f2
 1143 080c 15       		.uleb128 0x15
 1144 080d 10010000 		.4byte	0x110
 1145 0811 1B080000 		.4byte	0x81b
 1146 0815 0D       		.uleb128 0xd
 1147 0816 1A030000 		.4byte	0x31a
 1148 081a 00       		.byte	0
 1149 081b 0A       		.uleb128 0xa
 1150 081c 04       		.byte	0x4
 1151 081d 0C080000 		.4byte	0x80c
 1152 0821 05       		.uleb128 0x5
 1153 0822 4D010000 		.4byte	.LASF106
 1154 0826 14       		.byte	0x14
 1155 0827 0F       		.byte	0xf
 1156 0828 35       		.byte	0x35
 1157 0829 6A080000 		.4byte	0x86a
 1158 082d 06       		.uleb128 0x6
 1159 082e B2050000 		.4byte	.LASF107
 1160 0832 0F       		.byte	0xf
 1161 0833 36       		.byte	0x36
 1162 0834 2C000000 		.4byte	0x2c
 1163 0838 00       		.byte	0
 1164 0839 06       		.uleb128 0x6
 1165 083a 74030000 		.4byte	.LASF108
 1166 083e 0F       		.byte	0xf
 1167 083f 36       		.byte	0x36
 1168 0840 CD070000 		.4byte	0x7cd
 1169 0844 04       		.byte	0x4
 1170 0845 06       		.uleb128 0x6
 1171 0846 F9040000 		.4byte	.LASF109
 1172 084a 0F       		.byte	0xf
 1173 084b 36       		.byte	0x36
 1174 084c EC070000 		.4byte	0x7ec
 1175 0850 08       		.byte	0x8
 1176 0851 07       		.uleb128 0x7
 1177 0852 70757400 		.ascii	"put\000"
 1178 0856 0F       		.byte	0xf
 1179 0857 36       		.byte	0x36
 1180 0858 06080000 		.4byte	0x806
 1181 085c 0C       		.byte	0xc
 1182 085d 07       		.uleb128 0x7
 1183 085e 67657400 		.ascii	"get\000"
 1184 0862 0F       		.byte	0xf
 1185 0863 36       		.byte	0x36
 1186 0864 1B080000 		.4byte	0x81b
 1187 0868 10       		.byte	0x10
 1188 0869 00       		.byte	0
 1189 086a 0F       		.uleb128 0xf
 1190 086b 04       		.byte	0x4
 1191 086c 0F       		.byte	0xf
 1192 086d 3E       		.byte	0x3e
 1193 086e 7F080000 		.4byte	0x87f
 1194 0872 07       		.uleb128 0x7
 1195 0873 766D7400 		.ascii	"vmt\000"
 1196 0877 0F       		.byte	0xf
 1197 0878 40       		.byte	0x40
ARM GAS  /tmp/ccSzSxld.s 			page 22


 1198 0879 7F080000 		.4byte	0x87f
 1199 087d 00       		.byte	0
 1200 087e 00       		.byte	0
 1201 087f 0A       		.uleb128 0xa
 1202 0880 04       		.byte	0x4
 1203 0881 85080000 		.4byte	0x885
 1204 0885 13       		.uleb128 0x13
 1205 0886 21080000 		.4byte	0x821
 1206 088a 03       		.uleb128 0x3
 1207 088b 0F010000 		.4byte	.LASF110
 1208 088f 0F       		.byte	0xf
 1209 0890 42       		.byte	0x42
 1210 0891 6A080000 		.4byte	0x86a
 1211 0895 16       		.uleb128 0x16
 1212 0896 25030000 		.4byte	.LASF111
 1213 089a 01       		.byte	0x1
 1214 089b 2D       		.byte	0x2d
 1215 089c 2C000000 		.4byte	0x2c
 1216 08a0 00000000 		.4byte	.LFB323
 1217 08a4 04000000 		.4byte	.LFE323-.LFB323
 1218 08a8 01       		.uleb128 0x1
 1219 08a9 9C       		.byte	0x9c
 1220 08aa D4080000 		.4byte	0x8d4
 1221 08ae 17       		.uleb128 0x17
 1222 08af 697000   		.ascii	"ip\000"
 1223 08b2 01       		.byte	0x1
 1224 08b3 2D       		.byte	0x2d
 1225 08b4 1A030000 		.4byte	0x31a
 1226 08b8 00000000 		.4byte	.LLST0
 1227 08bc 18       		.uleb128 0x18
 1228 08bd 627000   		.ascii	"bp\000"
 1229 08c0 01       		.byte	0x1
 1230 08c1 2D       		.byte	0x2d
 1231 08c2 C2070000 		.4byte	0x7c2
 1232 08c6 01       		.uleb128 0x1
 1233 08c7 51       		.byte	0x51
 1234 08c8 18       		.uleb128 0x18
 1235 08c9 6E00     		.ascii	"n\000"
 1236 08cb 01       		.byte	0x1
 1237 08cc 2D       		.byte	0x2d
 1238 08cd 2C000000 		.4byte	0x2c
 1239 08d1 01       		.uleb128 0x1
 1240 08d2 52       		.byte	0x52
 1241 08d3 00       		.byte	0
 1242 08d4 16       		.uleb128 0x16
 1243 08d5 EF000000 		.4byte	.LASF112
 1244 08d9 01       		.byte	0x1
 1245 08da 35       		.byte	0x35
 1246 08db 2C000000 		.4byte	0x2c
 1247 08df 00000000 		.4byte	.LFB324
 1248 08e3 04000000 		.4byte	.LFE324-.LFB324
 1249 08e7 01       		.uleb128 0x1
 1250 08e8 9C       		.byte	0x9c
 1251 08e9 13090000 		.4byte	0x913
 1252 08ed 17       		.uleb128 0x17
 1253 08ee 697000   		.ascii	"ip\000"
 1254 08f1 01       		.byte	0x1
ARM GAS  /tmp/ccSzSxld.s 			page 23


 1255 08f2 35       		.byte	0x35
 1256 08f3 1A030000 		.4byte	0x31a
 1257 08f7 21000000 		.4byte	.LLST1
 1258 08fb 18       		.uleb128 0x18
 1259 08fc 627000   		.ascii	"bp\000"
 1260 08ff 01       		.byte	0x1
 1261 0900 35       		.byte	0x35
 1262 0901 A3070000 		.4byte	0x7a3
 1263 0905 01       		.uleb128 0x1
 1264 0906 51       		.byte	0x51
 1265 0907 18       		.uleb128 0x18
 1266 0908 6E00     		.ascii	"n\000"
 1267 090a 01       		.byte	0x1
 1268 090b 35       		.byte	0x35
 1269 090c 2C000000 		.4byte	0x2c
 1270 0910 01       		.uleb128 0x1
 1271 0911 52       		.byte	0x52
 1272 0912 00       		.byte	0
 1273 0913 19       		.uleb128 0x19
 1274 0914 70757400 		.ascii	"put\000"
 1275 0918 01       		.byte	0x1
 1276 0919 3E       		.byte	0x3e
 1277 091a 10010000 		.4byte	0x110
 1278 091e 00000000 		.4byte	.LFB325
 1279 0922 04000000 		.4byte	.LFE325-.LFB325
 1280 0926 01       		.uleb128 0x1
 1281 0927 9C       		.byte	0x9c
 1282 0928 46090000 		.4byte	0x946
 1283 092c 17       		.uleb128 0x17
 1284 092d 697000   		.ascii	"ip\000"
 1285 0930 01       		.byte	0x1
 1286 0931 3E       		.byte	0x3e
 1287 0932 1A030000 		.4byte	0x31a
 1288 0936 42000000 		.4byte	.LLST2
 1289 093a 18       		.uleb128 0x18
 1290 093b 6200     		.ascii	"b\000"
 1291 093d 01       		.byte	0x1
 1292 093e 3E       		.byte	0x3e
 1293 093f A2000000 		.4byte	0xa2
 1294 0943 01       		.uleb128 0x1
 1295 0944 51       		.byte	0x51
 1296 0945 00       		.byte	0
 1297 0946 19       		.uleb128 0x19
 1298 0947 67657400 		.ascii	"get\000"
 1299 094b 01       		.byte	0x1
 1300 094c 46       		.byte	0x46
 1301 094d 10010000 		.4byte	0x110
 1302 0951 00000000 		.4byte	.LFB326
 1303 0955 04000000 		.4byte	.LFE326-.LFB326
 1304 0959 01       		.uleb128 0x1
 1305 095a 9C       		.byte	0x9c
 1306 095b 6E090000 		.4byte	0x96e
 1307 095f 17       		.uleb128 0x17
 1308 0960 697000   		.ascii	"ip\000"
 1309 0963 01       		.byte	0x1
 1310 0964 46       		.byte	0x46
 1311 0965 1A030000 		.4byte	0x31a
ARM GAS  /tmp/ccSzSxld.s 			page 24


 1312 0969 63000000 		.4byte	.LLST3
 1313 096d 00       		.byte	0
 1314 096e 1A       		.uleb128 0x1a
 1315 096f 16030000 		.4byte	.LASF117
 1316 0973 01       		.byte	0x1
 1317 0974 58       		.byte	0x58
 1318 0975 00000000 		.4byte	.LFB327
 1319 0979 0C000000 		.4byte	.LFE327-.LFB327
 1320 097d 01       		.uleb128 0x1
 1321 097e 9C       		.byte	0x9c
 1322 097f 91090000 		.4byte	0x991
 1323 0983 18       		.uleb128 0x18
 1324 0984 6E737000 		.ascii	"nsp\000"
 1325 0988 01       		.byte	0x1
 1326 0989 58       		.byte	0x58
 1327 098a 91090000 		.4byte	0x991
 1328 098e 01       		.uleb128 0x1
 1329 098f 50       		.byte	0x50
 1330 0990 00       		.byte	0
 1331 0991 0A       		.uleb128 0xa
 1332 0992 04       		.byte	0x4
 1333 0993 8A080000 		.4byte	0x88a
 1334 0997 1B       		.uleb128 0x1b
 1335 0998 766D7400 		.ascii	"vmt\000"
 1336 099c 01       		.byte	0x1
 1337 099d 4D       		.byte	0x4d
 1338 099e 85080000 		.4byte	0x885
 1339 09a2 05       		.uleb128 0x5
 1340 09a3 03       		.byte	0x3
 1341 09a4 00000000 		.4byte	vmt
 1342 09a8 1C       		.uleb128 0x1c
 1343 09a9 D4000000 		.4byte	.LASF113
 1344 09ad 10       		.byte	0x10
 1345 09ae 0408     		.2byte	0x804
 1346 09b0 B4090000 		.4byte	0x9b4
 1347 09b4 14       		.uleb128 0x14
 1348 09b5 AD000000 		.4byte	0xad
 1349 09b9 1D       		.uleb128 0x1d
 1350 09ba 636800   		.ascii	"ch\000"
 1351 09bd 07       		.byte	0x7
 1352 09be C701     		.2byte	0x1c7
 1353 09c0 E9030000 		.4byte	0x3e9
 1354 09c4 00       		.byte	0
 1355              		.section	.debug_abbrev,"",%progbits
 1356              	.Ldebug_abbrev0:
 1357 0000 01       		.uleb128 0x1
 1358 0001 11       		.uleb128 0x11
 1359 0002 01       		.byte	0x1
 1360 0003 25       		.uleb128 0x25
 1361 0004 0E       		.uleb128 0xe
 1362 0005 13       		.uleb128 0x13
 1363 0006 0B       		.uleb128 0xb
 1364 0007 03       		.uleb128 0x3
 1365 0008 0E       		.uleb128 0xe
 1366 0009 1B       		.uleb128 0x1b
 1367 000a 0E       		.uleb128 0xe
 1368 000b 55       		.uleb128 0x55
ARM GAS  /tmp/ccSzSxld.s 			page 25


 1369 000c 17       		.uleb128 0x17
 1370 000d 11       		.uleb128 0x11
 1371 000e 01       		.uleb128 0x1
 1372 000f 10       		.uleb128 0x10
 1373 0010 17       		.uleb128 0x17
 1374 0011 00       		.byte	0
 1375 0012 00       		.byte	0
 1376 0013 02       		.uleb128 0x2
 1377 0014 24       		.uleb128 0x24
 1378 0015 00       		.byte	0
 1379 0016 0B       		.uleb128 0xb
 1380 0017 0B       		.uleb128 0xb
 1381 0018 3E       		.uleb128 0x3e
 1382 0019 0B       		.uleb128 0xb
 1383 001a 03       		.uleb128 0x3
 1384 001b 08       		.uleb128 0x8
 1385 001c 00       		.byte	0
 1386 001d 00       		.byte	0
 1387 001e 03       		.uleb128 0x3
 1388 001f 16       		.uleb128 0x16
 1389 0020 00       		.byte	0
 1390 0021 03       		.uleb128 0x3
 1391 0022 0E       		.uleb128 0xe
 1392 0023 3A       		.uleb128 0x3a
 1393 0024 0B       		.uleb128 0xb
 1394 0025 3B       		.uleb128 0x3b
 1395 0026 0B       		.uleb128 0xb
 1396 0027 49       		.uleb128 0x49
 1397 0028 13       		.uleb128 0x13
 1398 0029 00       		.byte	0
 1399 002a 00       		.byte	0
 1400 002b 04       		.uleb128 0x4
 1401 002c 24       		.uleb128 0x24
 1402 002d 00       		.byte	0
 1403 002e 0B       		.uleb128 0xb
 1404 002f 0B       		.uleb128 0xb
 1405 0030 3E       		.uleb128 0x3e
 1406 0031 0B       		.uleb128 0xb
 1407 0032 03       		.uleb128 0x3
 1408 0033 0E       		.uleb128 0xe
 1409 0034 00       		.byte	0
 1410 0035 00       		.byte	0
 1411 0036 05       		.uleb128 0x5
 1412 0037 13       		.uleb128 0x13
 1413 0038 01       		.byte	0x1
 1414 0039 03       		.uleb128 0x3
 1415 003a 0E       		.uleb128 0xe
 1416 003b 0B       		.uleb128 0xb
 1417 003c 0B       		.uleb128 0xb
 1418 003d 3A       		.uleb128 0x3a
 1419 003e 0B       		.uleb128 0xb
 1420 003f 3B       		.uleb128 0x3b
 1421 0040 0B       		.uleb128 0xb
 1422 0041 01       		.uleb128 0x1
 1423 0042 13       		.uleb128 0x13
 1424 0043 00       		.byte	0
 1425 0044 00       		.byte	0
ARM GAS  /tmp/ccSzSxld.s 			page 26


 1426 0045 06       		.uleb128 0x6
 1427 0046 0D       		.uleb128 0xd
 1428 0047 00       		.byte	0
 1429 0048 03       		.uleb128 0x3
 1430 0049 0E       		.uleb128 0xe
 1431 004a 3A       		.uleb128 0x3a
 1432 004b 0B       		.uleb128 0xb
 1433 004c 3B       		.uleb128 0x3b
 1434 004d 0B       		.uleb128 0xb
 1435 004e 49       		.uleb128 0x49
 1436 004f 13       		.uleb128 0x13
 1437 0050 38       		.uleb128 0x38
 1438 0051 0B       		.uleb128 0xb
 1439 0052 00       		.byte	0
 1440 0053 00       		.byte	0
 1441 0054 07       		.uleb128 0x7
 1442 0055 0D       		.uleb128 0xd
 1443 0056 00       		.byte	0
 1444 0057 03       		.uleb128 0x3
 1445 0058 08       		.uleb128 0x8
 1446 0059 3A       		.uleb128 0x3a
 1447 005a 0B       		.uleb128 0xb
 1448 005b 3B       		.uleb128 0x3b
 1449 005c 0B       		.uleb128 0xb
 1450 005d 49       		.uleb128 0x49
 1451 005e 13       		.uleb128 0x13
 1452 005f 38       		.uleb128 0x38
 1453 0060 0B       		.uleb128 0xb
 1454 0061 00       		.byte	0
 1455 0062 00       		.byte	0
 1456 0063 08       		.uleb128 0x8
 1457 0064 0D       		.uleb128 0xd
 1458 0065 00       		.byte	0
 1459 0066 03       		.uleb128 0x3
 1460 0067 08       		.uleb128 0x8
 1461 0068 3A       		.uleb128 0x3a
 1462 0069 0B       		.uleb128 0xb
 1463 006a 3B       		.uleb128 0x3b
 1464 006b 05       		.uleb128 0x5
 1465 006c 49       		.uleb128 0x49
 1466 006d 13       		.uleb128 0x13
 1467 006e 38       		.uleb128 0x38
 1468 006f 0B       		.uleb128 0xb
 1469 0070 00       		.byte	0
 1470 0071 00       		.byte	0
 1471 0072 09       		.uleb128 0x9
 1472 0073 0D       		.uleb128 0xd
 1473 0074 00       		.byte	0
 1474 0075 03       		.uleb128 0x3
 1475 0076 0E       		.uleb128 0xe
 1476 0077 3A       		.uleb128 0x3a
 1477 0078 0B       		.uleb128 0xb
 1478 0079 3B       		.uleb128 0x3b
 1479 007a 05       		.uleb128 0x5
 1480 007b 49       		.uleb128 0x49
 1481 007c 13       		.uleb128 0x13
 1482 007d 38       		.uleb128 0x38
ARM GAS  /tmp/ccSzSxld.s 			page 27


 1483 007e 0B       		.uleb128 0xb
 1484 007f 00       		.byte	0
 1485 0080 00       		.byte	0
 1486 0081 0A       		.uleb128 0xa
 1487 0082 0F       		.uleb128 0xf
 1488 0083 00       		.byte	0
 1489 0084 0B       		.uleb128 0xb
 1490 0085 0B       		.uleb128 0xb
 1491 0086 49       		.uleb128 0x49
 1492 0087 13       		.uleb128 0x13
 1493 0088 00       		.byte	0
 1494 0089 00       		.byte	0
 1495 008a 0B       		.uleb128 0xb
 1496 008b 13       		.uleb128 0x13
 1497 008c 01       		.byte	0x1
 1498 008d 03       		.uleb128 0x3
 1499 008e 0E       		.uleb128 0xe
 1500 008f 0B       		.uleb128 0xb
 1501 0090 0B       		.uleb128 0xb
 1502 0091 3A       		.uleb128 0x3a
 1503 0092 0B       		.uleb128 0xb
 1504 0093 3B       		.uleb128 0x3b
 1505 0094 05       		.uleb128 0x5
 1506 0095 01       		.uleb128 0x1
 1507 0096 13       		.uleb128 0x13
 1508 0097 00       		.byte	0
 1509 0098 00       		.byte	0
 1510 0099 0C       		.uleb128 0xc
 1511 009a 15       		.uleb128 0x15
 1512 009b 01       		.byte	0x1
 1513 009c 27       		.uleb128 0x27
 1514 009d 19       		.uleb128 0x19
 1515 009e 01       		.uleb128 0x1
 1516 009f 13       		.uleb128 0x13
 1517 00a0 00       		.byte	0
 1518 00a1 00       		.byte	0
 1519 00a2 0D       		.uleb128 0xd
 1520 00a3 05       		.uleb128 0x5
 1521 00a4 00       		.byte	0
 1522 00a5 49       		.uleb128 0x49
 1523 00a6 13       		.uleb128 0x13
 1524 00a7 00       		.byte	0
 1525 00a8 00       		.byte	0
 1526 00a9 0E       		.uleb128 0xe
 1527 00aa 0F       		.uleb128 0xf
 1528 00ab 00       		.byte	0
 1529 00ac 0B       		.uleb128 0xb
 1530 00ad 0B       		.uleb128 0xb
 1531 00ae 00       		.byte	0
 1532 00af 00       		.byte	0
 1533 00b0 0F       		.uleb128 0xf
 1534 00b1 13       		.uleb128 0x13
 1535 00b2 01       		.byte	0x1
 1536 00b3 0B       		.uleb128 0xb
 1537 00b4 0B       		.uleb128 0xb
 1538 00b5 3A       		.uleb128 0x3a
 1539 00b6 0B       		.uleb128 0xb
ARM GAS  /tmp/ccSzSxld.s 			page 28


 1540 00b7 3B       		.uleb128 0x3b
 1541 00b8 0B       		.uleb128 0xb
 1542 00b9 01       		.uleb128 0x1
 1543 00ba 13       		.uleb128 0x13
 1544 00bb 00       		.byte	0
 1545 00bc 00       		.byte	0
 1546 00bd 10       		.uleb128 0x10
 1547 00be 17       		.uleb128 0x17
 1548 00bf 01       		.byte	0x1
 1549 00c0 0B       		.uleb128 0xb
 1550 00c1 0B       		.uleb128 0xb
 1551 00c2 3A       		.uleb128 0x3a
 1552 00c3 0B       		.uleb128 0xb
 1553 00c4 3B       		.uleb128 0x3b
 1554 00c5 0B       		.uleb128 0xb
 1555 00c6 01       		.uleb128 0x1
 1556 00c7 13       		.uleb128 0x13
 1557 00c8 00       		.byte	0
 1558 00c9 00       		.byte	0
 1559 00ca 11       		.uleb128 0x11
 1560 00cb 0D       		.uleb128 0xd
 1561 00cc 00       		.byte	0
 1562 00cd 03       		.uleb128 0x3
 1563 00ce 0E       		.uleb128 0xe
 1564 00cf 3A       		.uleb128 0x3a
 1565 00d0 0B       		.uleb128 0xb
 1566 00d1 3B       		.uleb128 0x3b
 1567 00d2 0B       		.uleb128 0xb
 1568 00d3 49       		.uleb128 0x49
 1569 00d4 13       		.uleb128 0x13
 1570 00d5 00       		.byte	0
 1571 00d6 00       		.byte	0
 1572 00d7 12       		.uleb128 0x12
 1573 00d8 0D       		.uleb128 0xd
 1574 00d9 00       		.byte	0
 1575 00da 03       		.uleb128 0x3
 1576 00db 0E       		.uleb128 0xe
 1577 00dc 3A       		.uleb128 0x3a
 1578 00dd 0B       		.uleb128 0xb
 1579 00de 3B       		.uleb128 0x3b
 1580 00df 05       		.uleb128 0x5
 1581 00e0 49       		.uleb128 0x49
 1582 00e1 13       		.uleb128 0x13
 1583 00e2 00       		.byte	0
 1584 00e3 00       		.byte	0
 1585 00e4 13       		.uleb128 0x13
 1586 00e5 26       		.uleb128 0x26
 1587 00e6 00       		.byte	0
 1588 00e7 49       		.uleb128 0x49
 1589 00e8 13       		.uleb128 0x13
 1590 00e9 00       		.byte	0
 1591 00ea 00       		.byte	0
 1592 00eb 14       		.uleb128 0x14
 1593 00ec 35       		.uleb128 0x35
 1594 00ed 00       		.byte	0
 1595 00ee 49       		.uleb128 0x49
 1596 00ef 13       		.uleb128 0x13
ARM GAS  /tmp/ccSzSxld.s 			page 29


 1597 00f0 00       		.byte	0
 1598 00f1 00       		.byte	0
 1599 00f2 15       		.uleb128 0x15
 1600 00f3 15       		.uleb128 0x15
 1601 00f4 01       		.byte	0x1
 1602 00f5 27       		.uleb128 0x27
 1603 00f6 19       		.uleb128 0x19
 1604 00f7 49       		.uleb128 0x49
 1605 00f8 13       		.uleb128 0x13
 1606 00f9 01       		.uleb128 0x1
 1607 00fa 13       		.uleb128 0x13
 1608 00fb 00       		.byte	0
 1609 00fc 00       		.byte	0
 1610 00fd 16       		.uleb128 0x16
 1611 00fe 2E       		.uleb128 0x2e
 1612 00ff 01       		.byte	0x1
 1613 0100 03       		.uleb128 0x3
 1614 0101 0E       		.uleb128 0xe
 1615 0102 3A       		.uleb128 0x3a
 1616 0103 0B       		.uleb128 0xb
 1617 0104 3B       		.uleb128 0x3b
 1618 0105 0B       		.uleb128 0xb
 1619 0106 27       		.uleb128 0x27
 1620 0107 19       		.uleb128 0x19
 1621 0108 49       		.uleb128 0x49
 1622 0109 13       		.uleb128 0x13
 1623 010a 11       		.uleb128 0x11
 1624 010b 01       		.uleb128 0x1
 1625 010c 12       		.uleb128 0x12
 1626 010d 06       		.uleb128 0x6
 1627 010e 40       		.uleb128 0x40
 1628 010f 18       		.uleb128 0x18
 1629 0110 9742     		.uleb128 0x2117
 1630 0112 19       		.uleb128 0x19
 1631 0113 01       		.uleb128 0x1
 1632 0114 13       		.uleb128 0x13
 1633 0115 00       		.byte	0
 1634 0116 00       		.byte	0
 1635 0117 17       		.uleb128 0x17
 1636 0118 05       		.uleb128 0x5
 1637 0119 00       		.byte	0
 1638 011a 03       		.uleb128 0x3
 1639 011b 08       		.uleb128 0x8
 1640 011c 3A       		.uleb128 0x3a
 1641 011d 0B       		.uleb128 0xb
 1642 011e 3B       		.uleb128 0x3b
 1643 011f 0B       		.uleb128 0xb
 1644 0120 49       		.uleb128 0x49
 1645 0121 13       		.uleb128 0x13
 1646 0122 02       		.uleb128 0x2
 1647 0123 17       		.uleb128 0x17
 1648 0124 00       		.byte	0
 1649 0125 00       		.byte	0
 1650 0126 18       		.uleb128 0x18
 1651 0127 05       		.uleb128 0x5
 1652 0128 00       		.byte	0
 1653 0129 03       		.uleb128 0x3
ARM GAS  /tmp/ccSzSxld.s 			page 30


 1654 012a 08       		.uleb128 0x8
 1655 012b 3A       		.uleb128 0x3a
 1656 012c 0B       		.uleb128 0xb
 1657 012d 3B       		.uleb128 0x3b
 1658 012e 0B       		.uleb128 0xb
 1659 012f 49       		.uleb128 0x49
 1660 0130 13       		.uleb128 0x13
 1661 0131 02       		.uleb128 0x2
 1662 0132 18       		.uleb128 0x18
 1663 0133 00       		.byte	0
 1664 0134 00       		.byte	0
 1665 0135 19       		.uleb128 0x19
 1666 0136 2E       		.uleb128 0x2e
 1667 0137 01       		.byte	0x1
 1668 0138 03       		.uleb128 0x3
 1669 0139 08       		.uleb128 0x8
 1670 013a 3A       		.uleb128 0x3a
 1671 013b 0B       		.uleb128 0xb
 1672 013c 3B       		.uleb128 0x3b
 1673 013d 0B       		.uleb128 0xb
 1674 013e 27       		.uleb128 0x27
 1675 013f 19       		.uleb128 0x19
 1676 0140 49       		.uleb128 0x49
 1677 0141 13       		.uleb128 0x13
 1678 0142 11       		.uleb128 0x11
 1679 0143 01       		.uleb128 0x1
 1680 0144 12       		.uleb128 0x12
 1681 0145 06       		.uleb128 0x6
 1682 0146 40       		.uleb128 0x40
 1683 0147 18       		.uleb128 0x18
 1684 0148 9742     		.uleb128 0x2117
 1685 014a 19       		.uleb128 0x19
 1686 014b 01       		.uleb128 0x1
 1687 014c 13       		.uleb128 0x13
 1688 014d 00       		.byte	0
 1689 014e 00       		.byte	0
 1690 014f 1A       		.uleb128 0x1a
 1691 0150 2E       		.uleb128 0x2e
 1692 0151 01       		.byte	0x1
 1693 0152 3F       		.uleb128 0x3f
 1694 0153 19       		.uleb128 0x19
 1695 0154 03       		.uleb128 0x3
 1696 0155 0E       		.uleb128 0xe
 1697 0156 3A       		.uleb128 0x3a
 1698 0157 0B       		.uleb128 0xb
 1699 0158 3B       		.uleb128 0x3b
 1700 0159 0B       		.uleb128 0xb
 1701 015a 27       		.uleb128 0x27
 1702 015b 19       		.uleb128 0x19
 1703 015c 11       		.uleb128 0x11
 1704 015d 01       		.uleb128 0x1
 1705 015e 12       		.uleb128 0x12
 1706 015f 06       		.uleb128 0x6
 1707 0160 40       		.uleb128 0x40
 1708 0161 18       		.uleb128 0x18
 1709 0162 9742     		.uleb128 0x2117
 1710 0164 19       		.uleb128 0x19
ARM GAS  /tmp/ccSzSxld.s 			page 31


 1711 0165 01       		.uleb128 0x1
 1712 0166 13       		.uleb128 0x13
 1713 0167 00       		.byte	0
 1714 0168 00       		.byte	0
 1715 0169 1B       		.uleb128 0x1b
 1716 016a 34       		.uleb128 0x34
 1717 016b 00       		.byte	0
 1718 016c 03       		.uleb128 0x3
 1719 016d 08       		.uleb128 0x8
 1720 016e 3A       		.uleb128 0x3a
 1721 016f 0B       		.uleb128 0xb
 1722 0170 3B       		.uleb128 0x3b
 1723 0171 0B       		.uleb128 0xb
 1724 0172 49       		.uleb128 0x49
 1725 0173 13       		.uleb128 0x13
 1726 0174 02       		.uleb128 0x2
 1727 0175 18       		.uleb128 0x18
 1728 0176 00       		.byte	0
 1729 0177 00       		.byte	0
 1730 0178 1C       		.uleb128 0x1c
 1731 0179 34       		.uleb128 0x34
 1732 017a 00       		.byte	0
 1733 017b 03       		.uleb128 0x3
 1734 017c 0E       		.uleb128 0xe
 1735 017d 3A       		.uleb128 0x3a
 1736 017e 0B       		.uleb128 0xb
 1737 017f 3B       		.uleb128 0x3b
 1738 0180 05       		.uleb128 0x5
 1739 0181 49       		.uleb128 0x49
 1740 0182 13       		.uleb128 0x13
 1741 0183 3F       		.uleb128 0x3f
 1742 0184 19       		.uleb128 0x19
 1743 0185 3C       		.uleb128 0x3c
 1744 0186 19       		.uleb128 0x19
 1745 0187 00       		.byte	0
 1746 0188 00       		.byte	0
 1747 0189 1D       		.uleb128 0x1d
 1748 018a 34       		.uleb128 0x34
 1749 018b 00       		.byte	0
 1750 018c 03       		.uleb128 0x3
 1751 018d 08       		.uleb128 0x8
 1752 018e 3A       		.uleb128 0x3a
 1753 018f 0B       		.uleb128 0xb
 1754 0190 3B       		.uleb128 0x3b
 1755 0191 05       		.uleb128 0x5
 1756 0192 49       		.uleb128 0x49
 1757 0193 13       		.uleb128 0x13
 1758 0194 3F       		.uleb128 0x3f
 1759 0195 19       		.uleb128 0x19
 1760 0196 3C       		.uleb128 0x3c
 1761 0197 19       		.uleb128 0x19
 1762 0198 00       		.byte	0
 1763 0199 00       		.byte	0
 1764 019a 00       		.byte	0
 1765              		.section	.debug_loc,"",%progbits
 1766              	.Ldebug_loc0:
 1767              	.LLST0:
ARM GAS  /tmp/ccSzSxld.s 			page 32


 1768 0000 00000000 		.4byte	.LVL0
 1769 0004 02000000 		.4byte	.LVL1
 1770 0008 0100     		.2byte	0x1
 1771 000a 50       		.byte	0x50
 1772 000b 02000000 		.4byte	.LVL1
 1773 000f 04000000 		.4byte	.LFE323
 1774 0013 0400     		.2byte	0x4
 1775 0015 F3       		.byte	0xf3
 1776 0016 01       		.uleb128 0x1
 1777 0017 50       		.byte	0x50
 1778 0018 9F       		.byte	0x9f
 1779 0019 00000000 		.4byte	0
 1780 001d 00000000 		.4byte	0
 1781              	.LLST1:
 1782 0021 00000000 		.4byte	.LVL2
 1783 0025 02000000 		.4byte	.LVL3
 1784 0029 0100     		.2byte	0x1
 1785 002b 50       		.byte	0x50
 1786 002c 02000000 		.4byte	.LVL3
 1787 0030 04000000 		.4byte	.LFE324
 1788 0034 0400     		.2byte	0x4
 1789 0036 F3       		.byte	0xf3
 1790 0037 01       		.uleb128 0x1
 1791 0038 50       		.byte	0x50
 1792 0039 9F       		.byte	0x9f
 1793 003a 00000000 		.4byte	0
 1794 003e 00000000 		.4byte	0
 1795              	.LLST2:
 1796 0042 00000000 		.4byte	.LVL4
 1797 0046 02000000 		.4byte	.LVL5
 1798 004a 0100     		.2byte	0x1
 1799 004c 50       		.byte	0x50
 1800 004d 02000000 		.4byte	.LVL5
 1801 0051 04000000 		.4byte	.LFE325
 1802 0055 0400     		.2byte	0x4
 1803 0057 F3       		.byte	0xf3
 1804 0058 01       		.uleb128 0x1
 1805 0059 50       		.byte	0x50
 1806 005a 9F       		.byte	0x9f
 1807 005b 00000000 		.4byte	0
 1808 005f 00000000 		.4byte	0
 1809              	.LLST3:
 1810 0063 00000000 		.4byte	.LVL6
 1811 0067 02000000 		.4byte	.LVL7
 1812 006b 0100     		.2byte	0x1
 1813 006d 50       		.byte	0x50
 1814 006e 02000000 		.4byte	.LVL7
 1815 0072 04000000 		.4byte	.LFE326
 1816 0076 0400     		.2byte	0x4
 1817 0078 F3       		.byte	0xf3
 1818 0079 01       		.uleb128 0x1
 1819 007a 50       		.byte	0x50
 1820 007b 9F       		.byte	0x9f
 1821 007c 00000000 		.4byte	0
 1822 0080 00000000 		.4byte	0
 1823              		.section	.debug_aranges,"",%progbits
 1824 0000 3C000000 		.4byte	0x3c
ARM GAS  /tmp/ccSzSxld.s 			page 33


 1825 0004 0200     		.2byte	0x2
 1826 0006 00000000 		.4byte	.Ldebug_info0
 1827 000a 04       		.byte	0x4
 1828 000b 00       		.byte	0
 1829 000c 0000     		.2byte	0
 1830 000e 0000     		.2byte	0
 1831 0010 00000000 		.4byte	.LFB323
 1832 0014 04000000 		.4byte	.LFE323-.LFB323
 1833 0018 00000000 		.4byte	.LFB324
 1834 001c 04000000 		.4byte	.LFE324-.LFB324
 1835 0020 00000000 		.4byte	.LFB325
 1836 0024 04000000 		.4byte	.LFE325-.LFB325
 1837 0028 00000000 		.4byte	.LFB326
 1838 002c 04000000 		.4byte	.LFE326-.LFB326
 1839 0030 00000000 		.4byte	.LFB327
 1840 0034 0C000000 		.4byte	.LFE327-.LFB327
 1841 0038 00000000 		.4byte	0
 1842 003c 00000000 		.4byte	0
 1843              		.section	.debug_ranges,"",%progbits
 1844              	.Ldebug_ranges0:
 1845 0000 00000000 		.4byte	.LFB323
 1846 0004 04000000 		.4byte	.LFE323
 1847 0008 00000000 		.4byte	.LFB324
 1848 000c 04000000 		.4byte	.LFE324
 1849 0010 00000000 		.4byte	.LFB325
 1850 0014 04000000 		.4byte	.LFE325
 1851 0018 00000000 		.4byte	.LFB326
 1852 001c 04000000 		.4byte	.LFE326
 1853 0020 00000000 		.4byte	.LFB327
 1854 0024 0C000000 		.4byte	.LFE327
 1855 0028 00000000 		.4byte	0
 1856 002c 00000000 		.4byte	0
 1857              		.section	.debug_line,"",%progbits
 1858              	.Ldebug_line0:
 1859 0000 93020000 		.section	.debug_str,"MS",%progbits,1
 1859      02003B02 
 1859      00000201 
 1859      FB0E0D00 
 1859      01010101 
 1860              	.LASF53:
 1861 0000 72656164 		.ascii	"ready_list_t\000"
 1861      795F6C69 
 1861      73745F74 
 1861      00
 1862              	.LASF2:
 1863 000d 73697A65 		.ascii	"size_t\000"
 1863      5F7400
 1864              	.LASF59:
 1865 0014 64656C74 		.ascii	"delta\000"
 1865      6100
 1866              	.LASF92:
 1867 001a 7264796D 		.ascii	"rdymsg\000"
 1867      736700
 1868              	.LASF17:
 1869 0021 75696E74 		.ascii	"uint64_t\000"
 1869      36345F74 
 1869      00
ARM GAS  /tmp/ccSzSxld.s 			page 34


 1870              	.LASF72:
 1871 002a 6B65726E 		.ascii	"kernel_stats\000"
 1871      656C5F73 
 1871      74617473 
 1871      00
 1872              	.LASF3:
 1873 0037 5F5F7569 		.ascii	"__uint8_t\000"
 1873      6E74385F 
 1873      7400
 1874              	.LASF52:
 1875 0041 70726576 		.ascii	"prev\000"
 1875      00
 1876              	.LASF79:
 1877 0046 706F7274 		.ascii	"port_intctx\000"
 1877      5F696E74 
 1877      63747800 
 1878              	.LASF51:
 1879 0052 63685F74 		.ascii	"ch_threads_queue\000"
 1879      68726561 
 1879      64735F71 
 1879      75657565 
 1879      00
 1880              	.LASF64:
 1881 0063 73797374 		.ascii	"system_debug_t\000"
 1881      656D5F64 
 1881      65627567 
 1881      5F7400
 1882              	.LASF83:
 1883 0072 776F7273 		.ascii	"worst\000"
 1883      7400
 1884              	.LASF86:
 1885 0078 74696D65 		.ascii	"time_measurement_t\000"
 1885      5F6D6561 
 1885      73757265 
 1885      6D656E74 
 1885      5F7400
 1886              	.LASF13:
 1887 008b 6C6F6E67 		.ascii	"long long unsigned int\000"
 1887      206C6F6E 
 1887      6720756E 
 1887      7369676E 
 1887      65642069 
 1888              	.LASF93:
 1889 00a2 65786974 		.ascii	"exitcode\000"
 1889      636F6465 
 1889      00
 1890              	.LASF71:
 1891 00ab 6D61696E 		.ascii	"mainthread\000"
 1891      74687265 
 1891      616400
 1892              	.LASF96:
 1893 00b6 73656E74 		.ascii	"sentmsg\000"
 1893      6D736700 
 1894              	.LASF61:
 1895 00be 76697274 		.ascii	"virtual_timers_list_t\000"
 1895      75616C5F 
 1895      74696D65 
ARM GAS  /tmp/ccSzSxld.s 			page 35


 1895      72735F6C 
 1895      6973745F 
 1896              	.LASF113:
 1897 00d4 49544D5F 		.ascii	"ITM_RxBuffer\000"
 1897      52784275 
 1897      66666572 
 1897      00
 1898              	.LASF49:
 1899 00e1 6E657874 		.ascii	"next\000"
 1899      00
 1900              	.LASF19:
 1901 00e6 72747469 		.ascii	"rttime_t\000"
 1901      6D655F74 
 1901      00
 1902              	.LASF112:
 1903 00ef 72656164 		.ascii	"reads\000"
 1903      7300
 1904              	.LASF11:
 1905 00f5 6C6F6E67 		.ascii	"long long int\000"
 1905      206C6F6E 
 1905      6720696E 
 1905      7400
 1906              	.LASF1:
 1907 0103 7369676E 		.ascii	"signed char\000"
 1907      65642063 
 1907      68617200 
 1908              	.LASF110:
 1909 010f 4E756C6C 		.ascii	"NullStream\000"
 1909      53747265 
 1909      616D00
 1910              	.LASF70:
 1911 011a 76746C69 		.ascii	"vtlist\000"
 1911      737400
 1912              	.LASF39:
 1913 0121 6D736771 		.ascii	"msgqueue\000"
 1913      75657565 
 1913      00
 1914              	.LASF35:
 1915 012a 73746174 		.ascii	"state\000"
 1915      6500
 1916              	.LASF8:
 1917 0130 6C6F6E67 		.ascii	"long int\000"
 1917      20696E74 
 1917      00
 1918              	.LASF21:
 1919 0139 74737461 		.ascii	"tstate_t\000"
 1919      74655F74 
 1919      00
 1920              	.LASF60:
 1921 0142 66756E63 		.ascii	"func\000"
 1921      00
 1922              	.LASF44:
 1923 0147 73746174 		.ascii	"stats\000"
 1923      7300
 1924              	.LASF106:
 1925 014d 4E756C6C 		.ascii	"NullStreamVMT\000"
 1925      53747265 
ARM GAS  /tmp/ccSzSxld.s 			page 36


 1925      616D564D 
 1925      5400
 1926              	.LASF9:
 1927 015b 5F5F7569 		.ascii	"__uint32_t\000"
 1927      6E743332 
 1927      5F7400
 1928              	.LASF76:
 1929 0166 72656761 		.ascii	"regarm_t\000"
 1929      726D5F74 
 1929      00
 1930              	.LASF65:
 1931 016f 63685F73 		.ascii	"ch_system_debug\000"
 1931      79737465 
 1931      6D5F6465 
 1931      62756700 
 1932              	.LASF38:
 1933 017f 77616974 		.ascii	"waiting\000"
 1933      696E6700 
 1934              	.LASF104:
 1935 0187 6D757465 		.ascii	"mutex_t\000"
 1935      785F7400 
 1936              	.LASF74:
 1937 018f 73797369 		.ascii	"sysinterval_t\000"
 1937      6E746572 
 1937      76616C5F 
 1937      7400
 1938              	.LASF26:
 1939 019d 636E745F 		.ascii	"cnt_t\000"
 1939      7400
 1940              	.LASF0:
 1941 01a3 756E7369 		.ascii	"unsigned int\000"
 1941      676E6564 
 1941      20696E74 
 1941      00
 1942              	.LASF114:
 1943 01b0 474E5520 		.ascii	"GNU C 4.9.3 20150529 (prerelease) -mcpu=cortex-m4 -"
 1943      4320342E 
 1943      392E3320 
 1943      32303135 
 1943      30353239 
 1944 01e3 6D666C6F 		.ascii	"mfloat-abi=hard -mfpu=fpv4-sp-d16 -mno-thumb-interw"
 1944      61742D61 
 1944      62693D68 
 1944      61726420 
 1944      2D6D6670 
 1945 0216 6F726B20 		.ascii	"ork -mthumb -g -Os -fomit-frame-pointer -falign-fun"
 1945      2D6D7468 
 1945      756D6220 
 1945      2D67202D 
 1945      4F73202D 
 1946 0249 6374696F 		.ascii	"ctions=16 -ffunction-sections -fdata-sections -fno-"
 1946      6E733D31 
 1946      36202D66 
 1946      66756E63 
 1946      74696F6E 
 1947 027c 636F6D6D 		.ascii	"common -fsingle-precision-constant\000"
 1947      6F6E202D 
ARM GAS  /tmp/ccSzSxld.s 			page 37


 1947      6673696E 
 1947      676C652D 
 1947      70726563 
 1948              	.LASF97:
 1949 029f 77747365 		.ascii	"wtsemp\000"
 1949      6D7000
 1950              	.LASF95:
 1951 02a6 77747472 		.ascii	"wttrp\000"
 1951      7000
 1952              	.LASF87:
 1953 02ac 6E5F6972 		.ascii	"n_irq\000"
 1953      7100
 1954              	.LASF29:
 1955 02b2 71756575 		.ascii	"queue\000"
 1955      6500
 1956              	.LASF43:
 1957 02b8 6D706F6F 		.ascii	"mpool\000"
 1957      6C00
 1958              	.LASF6:
 1959 02be 73686F72 		.ascii	"short unsigned int\000"
 1959      7420756E 
 1959      7369676E 
 1959      65642069 
 1959      6E7400
 1960              	.LASF91:
 1961 02d1 6B65726E 		.ascii	"kernel_stats_t\000"
 1961      656C5F73 
 1961      74617473 
 1961      5F7400
 1962              	.LASF33:
 1963 02e0 6E616D65 		.ascii	"name\000"
 1963      00
 1964              	.LASF47:
 1965 02e5 63685F74 		.ascii	"ch_thread\000"
 1965      68726561 
 1965      6400
 1966              	.LASF24:
 1967 02ef 6D73675F 		.ascii	"msg_t\000"
 1967      7400
 1968              	.LASF84:
 1969 02f5 6C617374 		.ascii	"last\000"
 1969      00
 1970              	.LASF27:
 1971 02fa 75636E74 		.ascii	"ucnt_t\000"
 1971      5F7400
 1972              	.LASF40:
 1973 0301 6570656E 		.ascii	"epending\000"
 1973      64696E67 
 1973      00
 1974              	.LASF67:
 1975 030a 63685F73 		.ascii	"ch_system_t\000"
 1975      79737465 
 1975      6D5F7400 
 1976              	.LASF117:
 1977 0316 6E756C6C 		.ascii	"nullObjectInit\000"
 1977      4F626A65 
 1977      6374496E 
ARM GAS  /tmp/ccSzSxld.s 			page 38


 1977      697400
 1978              	.LASF111:
 1979 0325 77726974 		.ascii	"writes\000"
 1979      657300
 1980              	.LASF20:
 1981 032c 746D6F64 		.ascii	"tmode_t\000"
 1981      655F7400 
 1982              	.LASF90:
 1983 0334 6D5F6372 		.ascii	"m_crit_isr\000"
 1983      69745F69 
 1983      737200
 1984              	.LASF54:
 1985 033f 63685F72 		.ascii	"ch_ready_list\000"
 1985      65616479 
 1985      5F6C6973 
 1985      7400
 1986              	.LASF25:
 1987 034d 6576656E 		.ascii	"eventmask_t\000"
 1987      746D6173 
 1987      6B5F7400 
 1988              	.LASF7:
 1989 0359 5F5F696E 		.ascii	"__int32_t\000"
 1989      7433325F 
 1989      7400
 1990              	.LASF77:
 1991 0363 73746B61 		.ascii	"stkalign_t\000"
 1991      6C69676E 
 1991      5F7400
 1992              	.LASF31:
 1993 036e 6E657765 		.ascii	"newer\000"
 1993      7200
 1994              	.LASF108:
 1995 0374 77726974 		.ascii	"write\000"
 1995      6500
 1996              	.LASF75:
 1997 037a 73697A65 		.ascii	"sizetype\000"
 1997      74797065 
 1997      00
 1998              	.LASF45:
 1999 0383 74687265 		.ascii	"thread_reference_t\000"
 1999      61645F72 
 1999      65666572 
 1999      656E6365 
 1999      5F7400
 2000              	.LASF62:
 2001 0396 63685F76 		.ascii	"ch_virtual_timers_list\000"
 2001      69727475 
 2001      616C5F74 
 2001      696D6572 
 2001      735F6C69 
 2002              	.LASF81:
 2003 03ad 746D5F63 		.ascii	"tm_calibration_t\000"
 2003      616C6962 
 2003      72617469 
 2003      6F6E5F74 
 2003      00
 2004              	.LASF78:
ARM GAS  /tmp/ccSzSxld.s 			page 39


 2005 03be 706F7274 		.ascii	"port_context\000"
 2005      5F636F6E 
 2005      74657874 
 2005      00
 2006              	.LASF115:
 2007 03cb 2E2E2F2E 		.ascii	"../../modules/ChibiOS/os/hal/lib/streams/nullstream"
 2007      2E2F6D6F 
 2007      64756C65 
 2007      732F4368 
 2007      6962694F 
 2008 03fe 732E6300 		.ascii	"s.c\000"
 2009              	.LASF30:
 2010 0402 7072696F 		.ascii	"prio\000"
 2010      00
 2011              	.LASF55:
 2012 0407 63757272 		.ascii	"current\000"
 2012      656E7400 
 2013              	.LASF12:
 2014 040f 5F5F7569 		.ascii	"__uint64_t\000"
 2014      6E743634 
 2014      5F7400
 2015              	.LASF85:
 2016 041a 63756D75 		.ascii	"cumulative\000"
 2016      6C617469 
 2016      766500
 2017              	.LASF22:
 2018 0425 74726566 		.ascii	"trefs_t\000"
 2018      735F7400 
 2019              	.LASF37:
 2020 042d 72656673 		.ascii	"refs\000"
 2020      00
 2021              	.LASF57:
 2022 0432 76697274 		.ascii	"virtual_timer_t\000"
 2022      75616C5F 
 2022      74696D65 
 2022      725F7400 
 2023              	.LASF23:
 2024 0442 74707269 		.ascii	"tprio_t\000"
 2024      6F5F7400 
 2025              	.LASF88:
 2026 044a 6E5F6374 		.ascii	"n_ctxswc\000"
 2026      78737763 
 2026      00
 2027              	.LASF105:
 2028 0453 5F426F6F 		.ascii	"_Bool\000"
 2028      6C00
 2029              	.LASF15:
 2030 0459 696E7433 		.ascii	"int32_t\000"
 2030      325F7400 
 2031              	.LASF4:
 2032 0461 756E7369 		.ascii	"unsigned char\000"
 2032      676E6564 
 2032      20636861 
 2032      7200
 2033              	.LASF5:
 2034 046f 73686F72 		.ascii	"short int\000"
 2034      7420696E 
ARM GAS  /tmp/ccSzSxld.s 			page 40


 2034      7400
 2035              	.LASF63:
 2036 0479 6C617374 		.ascii	"lasttime\000"
 2036      74696D65 
 2036      00
 2037              	.LASF99:
 2038 0482 65776D61 		.ascii	"ewmask\000"
 2038      736B00
 2039              	.LASF68:
 2040 0489 63685F73 		.ascii	"ch_system\000"
 2040      79737465 
 2040      6D00
 2041              	.LASF58:
 2042 0493 63685F76 		.ascii	"ch_virtual_timer\000"
 2042      69727475 
 2042      616C5F74 
 2042      696D6572 
 2042      00
 2043              	.LASF100:
 2044 04a4 63685F73 		.ascii	"ch_semaphore\000"
 2044      656D6170 
 2044      686F7265 
 2044      00
 2045              	.LASF16:
 2046 04b1 75696E74 		.ascii	"uint32_t\000"
 2046      33325F74 
 2046      00
 2047              	.LASF98:
 2048 04ba 77746D74 		.ascii	"wtmtxp\000"
 2048      787000
 2049              	.LASF48:
 2050 04c1 63685F74 		.ascii	"ch_threads_list\000"
 2050      68726561 
 2050      64735F6C 
 2050      69737400 
 2051              	.LASF102:
 2052 04d1 6F776E65 		.ascii	"owner\000"
 2052      7200
 2053              	.LASF42:
 2054 04d7 7265616C 		.ascii	"realprio\000"
 2054      7072696F 
 2054      00
 2055              	.LASF10:
 2056 04e0 6C6F6E67 		.ascii	"long unsigned int\000"
 2056      20756E73 
 2056      69676E65 
 2056      6420696E 
 2056      7400
 2057              	.LASF34:
 2058 04f2 77616261 		.ascii	"wabase\000"
 2058      736500
 2059              	.LASF109:
 2060 04f9 72656164 		.ascii	"read\000"
 2060      00
 2061              	.LASF103:
 2062 04fe 63686172 		.ascii	"char\000"
 2062      00
ARM GAS  /tmp/ccSzSxld.s 			page 41


 2063              	.LASF32:
 2064 0503 6F6C6465 		.ascii	"older\000"
 2064      7200
 2065              	.LASF28:
 2066 0509 74687265 		.ascii	"thread_t\000"
 2066      61645F74 
 2066      00
 2067              	.LASF82:
 2068 0512 62657374 		.ascii	"best\000"
 2068      00
 2069              	.LASF73:
 2070 0517 73797374 		.ascii	"systime_t\000"
 2070      696D655F 
 2070      7400
 2071              	.LASF56:
 2072 0521 76746675 		.ascii	"vtfunc_t\000"
 2072      6E635F74 
 2072      00
 2073              	.LASF66:
 2074 052a 70616E69 		.ascii	"panic_msg\000"
 2074      635F6D73 
 2074      6700
 2075              	.LASF80:
 2076 0534 6F666673 		.ascii	"offset\000"
 2076      657400
 2077              	.LASF116:
 2078 053b 2F686F6D 		.ascii	"/home/kozinalexey/f4by/ardupilot/build/F4BY\000"
 2078      652F6B6F 
 2078      7A696E61 
 2078      6C657865 
 2078      792F6634 
 2079              	.LASF18:
 2080 0567 7274636E 		.ascii	"rtcnt_t\000"
 2080      745F7400 
 2081              	.LASF50:
 2082 056f 74687265 		.ascii	"threads_queue_t\000"
 2082      6164735F 
 2082      71756575 
 2082      655F7400 
 2083              	.LASF101:
 2084 057f 63685F6D 		.ascii	"ch_mutex\000"
 2084      75746578 
 2084      00
 2085              	.LASF69:
 2086 0588 726C6973 		.ascii	"rlist\000"
 2086      7400
 2087              	.LASF14:
 2088 058e 75696E74 		.ascii	"uint8_t\000"
 2088      385F7400 
 2089              	.LASF36:
 2090 0596 666C6167 		.ascii	"flags\000"
 2090      7300
 2091              	.LASF94:
 2092 059c 77746F62 		.ascii	"wtobjp\000"
 2092      6A7000
 2093              	.LASF46:
 2094 05a3 74687265 		.ascii	"threads_list_t\000"
ARM GAS  /tmp/ccSzSxld.s 			page 42


 2094      6164735F 
 2094      6C697374 
 2094      5F7400
 2095              	.LASF107:
 2096 05b2 696E7374 		.ascii	"instance_offset\000"
 2096      616E6365 
 2096      5F6F6666 
 2096      73657400 
 2097              	.LASF41:
 2098 05c2 6D74786C 		.ascii	"mtxlist\000"
 2098      69737400 
 2099              	.LASF89:
 2100 05ca 6D5F6372 		.ascii	"m_crit_thd\000"
 2100      69745F74 
 2100      686400
 2101              		.ident	"GCC: (15:4.9.3+svn231177-1) 4.9.3 20150529 (prerelease)"
ARM GAS  /tmp/ccSzSxld.s 			page 43


DEFINED SYMBOLS
                            *ABS*:0000000000000000 nullstreams.c
     /tmp/ccSzSxld.s:21     .text.writes:0000000000000000 $t
     /tmp/ccSzSxld.s:25     .text.writes:0000000000000000 writes
     /tmp/ccSzSxld.s:42     .text.reads:0000000000000000 $t
     /tmp/ccSzSxld.s:46     .text.reads:0000000000000000 reads
     /tmp/ccSzSxld.s:62     .text.put:0000000000000000 $t
     /tmp/ccSzSxld.s:66     .text.put:0000000000000000 put
     /tmp/ccSzSxld.s:82     .text.get:0000000000000000 $t
     /tmp/ccSzSxld.s:86     .text.get:0000000000000000 get
     /tmp/ccSzSxld.s:102    .text.nullObjectInit:0000000000000000 $t
     /tmp/ccSzSxld.s:107    .text.nullObjectInit:0000000000000000 nullObjectInit
     /tmp/ccSzSxld.s:122    .text.nullObjectInit:0000000000000008 $d
     /tmp/ccSzSxld.s:127    .rodata.vmt:0000000000000000 $d
     /tmp/ccSzSxld.s:131    .rodata.vmt:0000000000000000 vmt
                     .debug_frame:0000000000000010 $d

NO UNDEFINED SYMBOLS
